[0.804s] Invoking command in '/home/sti/Documents/Planning-and-Control-based-on-Carla-and-ROS2/build/pnc_msgs': CMAKE_PREFIX_PATH=${CMAKE_PREFIX_PATH}:/home/sti/Documents/Planning-and-Control-based-on-Carla-and-ROS2/install/carla_waypoint_publisher:/home/sti/Documents/Planning-and-Control-based-on-Carla-and-ROS2/install/carla_ros_bridge:/home/sti/Documents/Planning-and-Control-based-on-Carla-and-ROS2/install/carla_spawn_objects:/home/sti/Documents/Planning-and-Control-based-on-Carla-and-ROS2/install/carla_manual_control:/home/sti/Documents/Planning-and-Control-based-on-Carla-and-ROS2/install/carla_ad_agent:/home/sti/Documents/Planning-and-Control-based-on-Carla-and-ROS2/install/ros_compatibility:/home/sti/Documents/Planning-and-Control-based-on-Carla-and-ROS2/install/carla_walker_agent:/home/sti/Documents/Planning-and-Control-based-on-Carla-and-ROS2/install/carla_twist_to_control:/home/sti/Documents/Planning-and-Control-based-on-Carla-and-ROS2/install/carla_ros_scenario_runner:/home/sti/Documents/Planning-and-Control-based-on-Carla-and-ROS2/install/carla_common:/opt/ros/foxy /usr/local/bin/cmake --build /home/sti/Documents/Planning-and-Control-based-on-Carla-and-ROS2/build/pnc_msgs -- -j16 -l16
[0.825s] [  7%] Built target pnc_msgs__cpp
[0.825s] [ 12%] Built target pnc_msgs__rosidl_generator_c
[0.826s] [ 23%] Built target pnc_msgs__rosidl_typesupport_cpp
[0.826s] [ 33%] Built target pnc_msgs__rosidl_typesupport_fastrtps_cpp
[0.826s] [ 43%] Built target pnc_msgs__rosidl_typesupport_introspection_cpp
[0.829s] [ 53%] Built target pnc_msgs__rosidl_typesupport_c
[0.830s] [ 64%] Built target pnc_msgs__rosidl_typesupport_introspection_c
[0.835s] [ 74%] Built target pnc_msgs__rosidl_typesupport_fastrtps_c
[0.841s] [ 74%] Built target pnc_msgs
[0.848s] [ 76%] Built target pnc_msgs__py
[0.855s] [ 84%] Built target pnc_msgs__python
[0.862s] [ 89%] Built target pnc_msgs__rosidl_typesupport_fastrtps_c__pyext
[0.862s] [ 94%] Built target pnc_msgs__rosidl_typesupport_introspection_c__pyext
[0.863s] [100%] Built target pnc_msgs__rosidl_typesupport_c__pyext
[0.878s] Invoked command in '/home/sti/Documents/Planning-and-Control-based-on-Carla-and-ROS2/build/pnc_msgs' returned '0': CMAKE_PREFIX_PATH=${CMAKE_PREFIX_PATH}:/home/sti/Documents/Planning-and-Control-based-on-Carla-and-ROS2/install/carla_waypoint_publisher:/home/sti/Documents/Planning-and-Control-based-on-Carla-and-ROS2/install/carla_ros_bridge:/home/sti/Documents/Planning-and-Control-based-on-Carla-and-ROS2/install/carla_spawn_objects:/home/sti/Documents/Planning-and-Control-based-on-Carla-and-ROS2/install/carla_manual_control:/home/sti/Documents/Planning-and-Control-based-on-Carla-and-ROS2/install/carla_ad_agent:/home/sti/Documents/Planning-and-Control-based-on-Carla-and-ROS2/install/ros_compatibility:/home/sti/Documents/Planning-and-Control-based-on-Carla-and-ROS2/install/carla_walker_agent:/home/sti/Documents/Planning-and-Control-based-on-Carla-and-ROS2/install/carla_twist_to_control:/home/sti/Documents/Planning-and-Control-based-on-Carla-and-ROS2/install/carla_ros_scenario_runner:/home/sti/Documents/Planning-and-Control-based-on-Carla-and-ROS2/install/carla_common:/opt/ros/foxy /usr/local/bin/cmake --build /home/sti/Documents/Planning-and-Control-based-on-Carla-and-ROS2/build/pnc_msgs -- -j16 -l16
[0.945s] Invoking command in '/home/sti/Documents/Planning-and-Control-based-on-Carla-and-ROS2/build/pnc_msgs': CMAKE_PREFIX_PATH=${CMAKE_PREFIX_PATH}:/home/sti/Documents/Planning-and-Control-based-on-Carla-and-ROS2/install/carla_waypoint_publisher:/home/sti/Documents/Planning-and-Control-based-on-Carla-and-ROS2/install/carla_ros_bridge:/home/sti/Documents/Planning-and-Control-based-on-Carla-and-ROS2/install/carla_spawn_objects:/home/sti/Documents/Planning-and-Control-based-on-Carla-and-ROS2/install/carla_manual_control:/home/sti/Documents/Planning-and-Control-based-on-Carla-and-ROS2/install/carla_ad_agent:/home/sti/Documents/Planning-and-Control-based-on-Carla-and-ROS2/install/ros_compatibility:/home/sti/Documents/Planning-and-Control-based-on-Carla-and-ROS2/install/carla_walker_agent:/home/sti/Documents/Planning-and-Control-based-on-Carla-and-ROS2/install/carla_twist_to_control:/home/sti/Documents/Planning-and-Control-based-on-Carla-and-ROS2/install/carla_ros_scenario_runner:/home/sti/Documents/Planning-and-Control-based-on-Carla-and-ROS2/install/carla_common:/opt/ros/foxy /usr/local/bin/cmake --install /home/sti/Documents/Planning-and-Control-based-on-Carla-and-ROS2/build/pnc_msgs
[0.977s] -- Install configuration: ""
[0.977s] -- Up-to-date: /home/sti/Documents/Planning-and-Control-based-on-Carla-and-ROS2/install/pnc_msgs/share/ament_index/resource_index/rosidl_interfaces/pnc_msgs
[0.977s] -- Up-to-date: /home/sti/Documents/Planning-and-Control-based-on-Carla-and-ROS2/install/pnc_msgs/include/pnc_msgs
[0.977s] -- Up-to-date: /home/sti/Documents/Planning-and-Control-based-on-Carla-and-ROS2/install/pnc_msgs/include/pnc_msgs/msg
[0.977s] -- Up-to-date: /home/sti/Documents/Planning-and-Control-based-on-Carla-and-ROS2/install/pnc_msgs/include/pnc_msgs/msg/trajectory_point.h
[0.977s] -- Up-to-date: /home/sti/Documents/Planning-and-Control-based-on-Carla-and-ROS2/install/pnc_msgs/include/pnc_msgs/msg/rosidl_generator_c__visibility_control.h
[0.977s] -- Up-to-date: /home/sti/Documents/Planning-and-Control-based-on-Carla-and-ROS2/install/pnc_msgs/include/pnc_msgs/msg/trajectory.h
[0.977s] -- Up-to-date: /home/sti/Documents/Planning-and-Control-based-on-Carla-and-ROS2/install/pnc_msgs/include/pnc_msgs/msg/detail
[0.978s] -- Up-to-date: /home/sti/Documents/Planning-and-Control-based-on-Carla-and-ROS2/install/pnc_msgs/include/pnc_msgs/msg/detail/trajectory_point__type_support.h
[0.978s] -- Up-to-date: /home/sti/Documents/Planning-and-Control-based-on-Carla-and-ROS2/install/pnc_msgs/include/pnc_msgs/msg/detail/trajectory_point__functions.c
[0.978s] -- Up-to-date: /home/sti/Documents/Planning-and-Control-based-on-Carla-and-ROS2/install/pnc_msgs/include/pnc_msgs/msg/detail/trajectory__type_support.h
[0.978s] -- Up-to-date: /home/sti/Documents/Planning-and-Control-based-on-Carla-and-ROS2/install/pnc_msgs/include/pnc_msgs/msg/detail/trajectory_point__functions.h
[0.978s] -- Up-to-date: /home/sti/Documents/Planning-and-Control-based-on-Carla-and-ROS2/install/pnc_msgs/include/pnc_msgs/msg/detail/trajectory__functions.h
[0.978s] -- Up-to-date: /home/sti/Documents/Planning-and-Control-based-on-Carla-and-ROS2/install/pnc_msgs/include/pnc_msgs/msg/detail/trajectory_point__struct.h
[0.978s] -- Up-to-date: /home/sti/Documents/Planning-and-Control-based-on-Carla-and-ROS2/install/pnc_msgs/include/pnc_msgs/msg/detail/trajectory__struct.h
[0.978s] -- Up-to-date: /home/sti/Documents/Planning-and-Control-based-on-Carla-and-ROS2/install/pnc_msgs/include/pnc_msgs/msg/detail/trajectory__functions.c
[0.978s] -- Up-to-date: /home/sti/Documents/Planning-and-Control-based-on-Carla-and-ROS2/install/pnc_msgs/share/pnc_msgs/environment/library_path.sh
[0.978s] -- Up-to-date: /home/sti/Documents/Planning-and-Control-based-on-Carla-and-ROS2/install/pnc_msgs/share/pnc_msgs/environment/library_path.dsv
[0.978s] -- Up-to-date: /home/sti/Documents/Planning-and-Control-based-on-Carla-and-ROS2/install/pnc_msgs/lib/libpnc_msgs__rosidl_generator_c.so
[0.978s] -- Up-to-date: /home/sti/Documents/Planning-and-Control-based-on-Carla-and-ROS2/install/pnc_msgs/include/pnc_msgs
[0.978s] -- Up-to-date: /home/sti/Documents/Planning-and-Control-based-on-Carla-and-ROS2/install/pnc_msgs/include/pnc_msgs/msg
[0.978s] -- Up-to-date: /home/sti/Documents/Planning-and-Control-based-on-Carla-and-ROS2/install/pnc_msgs/include/pnc_msgs/msg/rosidl_typesupport_fastrtps_c__visibility_control.h
[0.978s] -- Up-to-date: /home/sti/Documents/Planning-and-Control-based-on-Carla-and-ROS2/install/pnc_msgs/include/pnc_msgs/msg/detail
[0.979s] -- Up-to-date: /home/sti/Documents/Planning-and-Control-based-on-Carla-and-ROS2/install/pnc_msgs/include/pnc_msgs/msg/detail/trajectory__rosidl_typesupport_fastrtps_c.h
[0.979s] -- Up-to-date: /home/sti/Documents/Planning-and-Control-based-on-Carla-and-ROS2/install/pnc_msgs/include/pnc_msgs/msg/detail/trajectory_point__rosidl_typesupport_fastrtps_c.h
[0.979s] -- Up-to-date: /home/sti/Documents/Planning-and-Control-based-on-Carla-and-ROS2/install/pnc_msgs/lib/libpnc_msgs__rosidl_typesupport_fastrtps_c.so
[0.979s] -- Up-to-date: /home/sti/Documents/Planning-and-Control-based-on-Carla-and-ROS2/install/pnc_msgs/include/pnc_msgs
[0.979s] -- Up-to-date: /home/sti/Documents/Planning-and-Control-based-on-Carla-and-ROS2/install/pnc_msgs/include/pnc_msgs/msg
[0.980s] -- Up-to-date: /home/sti/Documents/Planning-and-Control-based-on-Carla-and-ROS2/install/pnc_msgs/include/pnc_msgs/msg/rosidl_typesupport_fastrtps_cpp__visibility_control.h
[0.980s] -- Up-to-date: /home/sti/Documents/Planning-and-Control-based-on-Carla-and-ROS2/install/pnc_msgs/include/pnc_msgs/msg/detail
[0.980s] -- Up-to-date: /home/sti/Documents/Planning-and-Control-based-on-Carla-and-ROS2/install/pnc_msgs/include/pnc_msgs/msg/detail/dds_fastrtps
[0.980s] -- Up-to-date: /home/sti/Documents/Planning-and-Control-based-on-Carla-and-ROS2/install/pnc_msgs/include/pnc_msgs/msg/detail/trajectory_point__rosidl_typesupport_fastrtps_cpp.hpp
[0.980s] -- Up-to-date: /home/sti/Documents/Planning-and-Control-based-on-Carla-and-ROS2/install/pnc_msgs/include/pnc_msgs/msg/detail/trajectory__rosidl_typesupport_fastrtps_cpp.hpp
[0.980s] -- Up-to-date: /home/sti/Documents/Planning-and-Control-based-on-Carla-and-ROS2/install/pnc_msgs/lib/libpnc_msgs__rosidl_typesupport_fastrtps_cpp.so
[0.980s] -- Up-to-date: /home/sti/Documents/Planning-and-Control-based-on-Carla-and-ROS2/install/pnc_msgs/include/pnc_msgs
[0.980s] -- Up-to-date: /home/sti/Documents/Planning-and-Control-based-on-Carla-and-ROS2/install/pnc_msgs/include/pnc_msgs/msg
[0.981s] -- Up-to-date: /home/sti/Documents/Planning-and-Control-based-on-Carla-and-ROS2/install/pnc_msgs/include/pnc_msgs/msg/rosidl_typesupport_introspection_c__visibility_control.h
[0.981s] -- Up-to-date: /home/sti/Documents/Planning-and-Control-based-on-Carla-and-ROS2/install/pnc_msgs/include/pnc_msgs/msg/detail
[0.981s] -- Up-to-date: /home/sti/Documents/Planning-and-Control-based-on-Carla-and-ROS2/install/pnc_msgs/include/pnc_msgs/msg/detail/trajectory__type_support.c
[0.982s] -- Up-to-date: /home/sti/Documents/Planning-and-Control-based-on-Carla-and-ROS2/install/pnc_msgs/include/pnc_msgs/msg/detail/trajectory_point__rosidl_typesupport_introspection_c.h
[0.982s] -- Up-to-date: /home/sti/Documents/Planning-and-Control-based-on-Carla-and-ROS2/install/pnc_msgs/include/pnc_msgs/msg/detail/trajectory__rosidl_typesupport_introspection_c.h
[0.983s] -- Up-to-date: /home/sti/Documents/Planning-and-Control-based-on-Carla-and-ROS2/install/pnc_msgs/include/pnc_msgs/msg/detail/trajectory_point__type_support.c
[0.983s] -- Up-to-date: /home/sti/Documents/Planning-and-Control-based-on-Carla-and-ROS2/install/pnc_msgs/lib/libpnc_msgs__rosidl_typesupport_introspection_c.so
[0.983s] -- Up-to-date: /home/sti/Documents/Planning-and-Control-based-on-Carla-and-ROS2/install/pnc_msgs/lib/libpnc_msgs__rosidl_typesupport_c.so
[0.983s] -- Up-to-date: /home/sti/Documents/Planning-and-Control-based-on-Carla-and-ROS2/install/pnc_msgs/include/pnc_msgs
[0.984s] -- Up-to-date: /home/sti/Documents/Planning-and-Control-based-on-Carla-and-ROS2/install/pnc_msgs/include/pnc_msgs/msg
[0.985s] -- Up-to-date: /home/sti/Documents/Planning-and-Control-based-on-Carla-and-ROS2/install/pnc_msgs/include/pnc_msgs/msg/trajectory_point.hpp
[0.985s] -- Up-to-date: /home/sti/Documents/Planning-and-Control-based-on-Carla-and-ROS2/install/pnc_msgs/include/pnc_msgs/msg/rosidl_generator_cpp__visibility_control.hpp
[0.985s] -- Up-to-date: /home/sti/Documents/Planning-and-Control-based-on-Carla-and-ROS2/install/pnc_msgs/include/pnc_msgs/msg/trajectory.hpp
[0.986s] -- Up-to-date: /home/sti/Documents/Planning-and-Control-based-on-Carla-and-ROS2/install/pnc_msgs/include/pnc_msgs/msg/detail
[0.986s] -- Up-to-date: /home/sti/Documents/Planning-and-Control-based-on-Carla-and-ROS2/install/pnc_msgs/include/pnc_msgs/msg/detail/trajectory_point__type_support.hpp
[0.987s] -- Up-to-date: /home/sti/Documents/Planning-and-Control-based-on-Carla-and-ROS2/install/pnc_msgs/include/pnc_msgs/msg/detail/trajectory__type_support.hpp
[0.987s] -- Up-to-date: /home/sti/Documents/Planning-and-Control-based-on-Carla-and-ROS2/install/pnc_msgs/include/pnc_msgs/msg/detail/trajectory__builder.hpp
[0.988s] -- Up-to-date: /home/sti/Documents/Planning-and-Control-based-on-Carla-and-ROS2/install/pnc_msgs/include/pnc_msgs/msg/detail/trajectory__traits.hpp
[0.988s] -- Up-to-date: /home/sti/Documents/Planning-and-Control-based-on-Carla-and-ROS2/install/pnc_msgs/include/pnc_msgs/msg/detail/trajectory_point__builder.hpp
[0.988s] -- Up-to-date: /home/sti/Documents/Planning-and-Control-based-on-Carla-and-ROS2/install/pnc_msgs/include/pnc_msgs/msg/detail/trajectory_point__struct.hpp
[0.988s] -- Up-to-date: /home/sti/Documents/Planning-and-Control-based-on-Carla-and-ROS2/install/pnc_msgs/include/pnc_msgs/msg/detail/trajectory_point__traits.hpp
[0.989s] -- Up-to-date: /home/sti/Documents/Planning-and-Control-based-on-Carla-and-ROS2/install/pnc_msgs/include/pnc_msgs/msg/detail/trajectory__struct.hpp
[0.989s] -- Up-to-date: /home/sti/Documents/Planning-and-Control-based-on-Carla-and-ROS2/install/pnc_msgs/include/pnc_msgs
[0.989s] -- Up-to-date: /home/sti/Documents/Planning-and-Control-based-on-Carla-and-ROS2/install/pnc_msgs/include/pnc_msgs/msg
[0.989s] -- Up-to-date: /home/sti/Documents/Planning-and-Control-based-on-Carla-and-ROS2/install/pnc_msgs/include/pnc_msgs/msg/detail
[0.989s] -- Up-to-date: /home/sti/Documents/Planning-and-Control-based-on-Carla-and-ROS2/install/pnc_msgs/include/pnc_msgs/msg/detail/trajectory__rosidl_typesupport_introspection_cpp.hpp
[0.989s] -- Up-to-date: /home/sti/Documents/Planning-and-Control-based-on-Carla-and-ROS2/install/pnc_msgs/include/pnc_msgs/msg/detail/trajectory_point__rosidl_typesupport_introspection_cpp.hpp
[0.989s] -- Up-to-date: /home/sti/Documents/Planning-and-Control-based-on-Carla-and-ROS2/install/pnc_msgs/include/pnc_msgs/msg/detail/trajectory_point__type_support.cpp
[0.990s] -- Up-to-date: /home/sti/Documents/Planning-and-Control-based-on-Carla-and-ROS2/install/pnc_msgs/include/pnc_msgs/msg/detail/trajectory__type_support.cpp
[0.990s] -- Up-to-date: /home/sti/Documents/Planning-and-Control-based-on-Carla-and-ROS2/install/pnc_msgs/lib/libpnc_msgs__rosidl_typesupport_introspection_cpp.so
[0.990s] -- Up-to-date: /home/sti/Documents/Planning-and-Control-based-on-Carla-and-ROS2/install/pnc_msgs/lib/libpnc_msgs__rosidl_typesupport_cpp.so
[0.990s] -- Up-to-date: /home/sti/Documents/Planning-and-Control-based-on-Carla-and-ROS2/install/pnc_msgs/share/pnc_msgs/environment/pythonpath.sh
[0.990s] -- Up-to-date: /home/sti/Documents/Planning-and-Control-based-on-Carla-and-ROS2/install/pnc_msgs/share/pnc_msgs/environment/pythonpath.dsv
[0.990s] -- Up-to-date: /home/sti/Documents/Planning-and-Control-based-on-Carla-and-ROS2/install/pnc_msgs/lib/python3.8/site-packages/pnc_msgs/__init__.py
[0.998s] -- Up-to-date: /home/sti/Documents/Planning-and-Control-based-on-Carla-and-ROS2/install/pnc_msgs/lib/python3.8/site-packages/pnc_msgs/msg
[0.998s] -- Up-to-date: /home/sti/Documents/Planning-and-Control-based-on-Carla-and-ROS2/install/pnc_msgs/lib/python3.8/site-packages/pnc_msgs/msg/_trajectory.py
[0.998s] -- Up-to-date: /home/sti/Documents/Planning-and-Control-based-on-Carla-and-ROS2/install/pnc_msgs/lib/python3.8/site-packages/pnc_msgs/msg/_trajectory_point_s.c
[0.999s] -- Up-to-date: /home/sti/Documents/Planning-and-Control-based-on-Carla-and-ROS2/install/pnc_msgs/lib/python3.8/site-packages/pnc_msgs/msg/_trajectory_s.c
[0.999s] -- Up-to-date: /home/sti/Documents/Planning-and-Control-based-on-Carla-and-ROS2/install/pnc_msgs/lib/python3.8/site-packages/pnc_msgs/msg/_trajectory_point.py
[0.999s] -- Up-to-date: /home/sti/Documents/Planning-and-Control-based-on-Carla-and-ROS2/install/pnc_msgs/lib/python3.8/site-packages/pnc_msgs/msg/__init__.py
[1.000s] -- Up-to-date: /home/sti/Documents/Planning-and-Control-based-on-Carla-and-ROS2/install/pnc_msgs/lib/python3.8/site-packages/pnc_msgs/pnc_msgs_s__rosidl_typesupport_fastrtps_c.cpython-38-x86_64-linux-gnu.so
[1.000s] -- Up-to-date: /home/sti/Documents/Planning-and-Control-based-on-Carla-and-ROS2/install/pnc_msgs/lib/python3.8/site-packages/pnc_msgs/pnc_msgs_s__rosidl_typesupport_introspection_c.cpython-38-x86_64-linux-gnu.so
[1.000s] -- Up-to-date: /home/sti/Documents/Planning-and-Control-based-on-Carla-and-ROS2/install/pnc_msgs/lib/python3.8/site-packages/pnc_msgs/pnc_msgs_s__rosidl_typesupport_c.cpython-38-x86_64-linux-gnu.so
[1.000s] -- Up-to-date: /home/sti/Documents/Planning-and-Control-based-on-Carla-and-ROS2/install/pnc_msgs/lib/libpnc_msgs__python.so
[1.000s] -- Up-to-date: /home/sti/Documents/Planning-and-Control-based-on-Carla-and-ROS2/install/pnc_msgs/share/pnc_msgs/msg/TrajectoryPoint.idl
[1.000s] -- Up-to-date: /home/sti/Documents/Planning-and-Control-based-on-Carla-and-ROS2/install/pnc_msgs/share/pnc_msgs/msg/Trajectory.idl
[1.000s] -- Up-to-date: /home/sti/Documents/Planning-and-Control-based-on-Carla-and-ROS2/install/pnc_msgs/share/pnc_msgs/msg/TrajectoryPoint.msg
[1.000s] -- Up-to-date: /home/sti/Documents/Planning-and-Control-based-on-Carla-and-ROS2/install/pnc_msgs/share/pnc_msgs/msg/Trajectory.msg
[1.001s] -- Up-to-date: /home/sti/Documents/Planning-and-Control-based-on-Carla-and-ROS2/install/pnc_msgs/share/ament_index/resource_index/package_run_dependencies/pnc_msgs
[1.001s] -- Up-to-date: /home/sti/Documents/Planning-and-Control-based-on-Carla-and-ROS2/install/pnc_msgs/share/ament_index/resource_index/parent_prefix_path/pnc_msgs
[1.001s] -- Up-to-date: /home/sti/Documents/Planning-and-Control-based-on-Carla-and-ROS2/install/pnc_msgs/share/pnc_msgs/environment/ament_prefix_path.sh
[1.001s] -- Up-to-date: /home/sti/Documents/Planning-and-Control-based-on-Carla-and-ROS2/install/pnc_msgs/share/pnc_msgs/environment/ament_prefix_path.dsv
[1.001s] -- Up-to-date: /home/sti/Documents/Planning-and-Control-based-on-Carla-and-ROS2/install/pnc_msgs/share/pnc_msgs/environment/path.sh
[1.001s] -- Up-to-date: /home/sti/Documents/Planning-and-Control-based-on-Carla-and-ROS2/install/pnc_msgs/share/pnc_msgs/environment/path.dsv
[1.001s] -- Up-to-date: /home/sti/Documents/Planning-and-Control-based-on-Carla-and-ROS2/install/pnc_msgs/share/pnc_msgs/local_setup.bash
[1.001s] -- Up-to-date: /home/sti/Documents/Planning-and-Control-based-on-Carla-and-ROS2/install/pnc_msgs/share/pnc_msgs/local_setup.sh
[1.001s] -- Up-to-date: /home/sti/Documents/Planning-and-Control-based-on-Carla-and-ROS2/install/pnc_msgs/share/pnc_msgs/local_setup.zsh
[1.002s] -- Up-to-date: /home/sti/Documents/Planning-and-Control-based-on-Carla-and-ROS2/install/pnc_msgs/share/pnc_msgs/local_setup.dsv
[1.002s] -- Installing: /home/sti/Documents/Planning-and-Control-based-on-Carla-and-ROS2/install/pnc_msgs/share/pnc_msgs/package.dsv
[1.002s] -- Up-to-date: /home/sti/Documents/Planning-and-Control-based-on-Carla-and-ROS2/install/pnc_msgs/share/ament_index/resource_index/packages/pnc_msgs
[1.002s] -- Up-to-date: /home/sti/Documents/Planning-and-Control-based-on-Carla-and-ROS2/install/pnc_msgs/share/pnc_msgs/cmake/pnc_msgs__rosidl_generator_cExport.cmake
[1.002s] -- Up-to-date: /home/sti/Documents/Planning-and-Control-based-on-Carla-and-ROS2/install/pnc_msgs/share/pnc_msgs/cmake/pnc_msgs__rosidl_generator_cExport-noconfig.cmake
[1.002s] -- Up-to-date: /home/sti/Documents/Planning-and-Control-based-on-Carla-and-ROS2/install/pnc_msgs/share/pnc_msgs/cmake/pnc_msgs__rosidl_typesupport_introspection_cExport.cmake
[1.002s] -- Up-to-date: /home/sti/Documents/Planning-and-Control-based-on-Carla-and-ROS2/install/pnc_msgs/share/pnc_msgs/cmake/pnc_msgs__rosidl_typesupport_introspection_cExport-noconfig.cmake
[1.003s] -- Up-to-date: /home/sti/Documents/Planning-and-Control-based-on-Carla-and-ROS2/install/pnc_msgs/share/pnc_msgs/cmake/pnc_msgs__rosidl_typesupport_cExport.cmake
[1.003s] -- Up-to-date: /home/sti/Documents/Planning-and-Control-based-on-Carla-and-ROS2/install/pnc_msgs/share/pnc_msgs/cmake/pnc_msgs__rosidl_typesupport_cExport-noconfig.cmake
[1.003s] -- Up-to-date: /home/sti/Documents/Planning-and-Control-based-on-Carla-and-ROS2/install/pnc_msgs/share/pnc_msgs/cmake/pnc_msgs__rosidl_generator_cppExport.cmake
[1.003s] -- Up-to-date: /home/sti/Documents/Planning-and-Control-based-on-Carla-and-ROS2/install/pnc_msgs/share/pnc_msgs/cmake/pnc_msgs__rosidl_typesupport_introspection_cppExport.cmake
[1.003s] -- Up-to-date: /home/sti/Documents/Planning-and-Control-based-on-Carla-and-ROS2/install/pnc_msgs/share/pnc_msgs/cmake/pnc_msgs__rosidl_typesupport_introspection_cppExport-noconfig.cmake
[1.004s] -- Up-to-date: /home/sti/Documents/Planning-and-Control-based-on-Carla-and-ROS2/install/pnc_msgs/share/pnc_msgs/cmake/pnc_msgs__rosidl_typesupport_cppExport.cmake
[1.004s] -- Up-to-date: /home/sti/Documents/Planning-and-Control-based-on-Carla-and-ROS2/install/pnc_msgs/share/pnc_msgs/cmake/pnc_msgs__rosidl_typesupport_cppExport-noconfig.cmake
[1.004s] -- Up-to-date: /home/sti/Documents/Planning-and-Control-based-on-Carla-and-ROS2/install/pnc_msgs/share/pnc_msgs/cmake/rosidl_cmake-extras.cmake
[1.004s] -- Up-to-date: /home/sti/Documents/Planning-and-Control-based-on-Carla-and-ROS2/install/pnc_msgs/share/pnc_msgs/cmake/ament_cmake_export_dependencies-extras.cmake
[1.004s] -- Up-to-date: /home/sti/Documents/Planning-and-Control-based-on-Carla-and-ROS2/install/pnc_msgs/share/pnc_msgs/cmake/ament_cmake_export_libraries-extras.cmake
[1.004s] -- Up-to-date: /home/sti/Documents/Planning-and-Control-based-on-Carla-and-ROS2/install/pnc_msgs/share/pnc_msgs/cmake/ament_cmake_export_targets-extras.cmake
[1.004s] -- Up-to-date: /home/sti/Documents/Planning-and-Control-based-on-Carla-and-ROS2/install/pnc_msgs/share/pnc_msgs/cmake/ament_cmake_export_include_directories-extras.cmake
[1.004s] -- Up-to-date: /home/sti/Documents/Planning-and-Control-based-on-Carla-and-ROS2/install/pnc_msgs/share/pnc_msgs/cmake/rosidl_cmake_export_typesupport_libraries-extras.cmake
[1.004s] -- Up-to-date: /home/sti/Documents/Planning-and-Control-based-on-Carla-and-ROS2/install/pnc_msgs/share/pnc_msgs/cmake/rosidl_cmake_export_typesupport_targets-extras.cmake
[1.004s] -- Up-to-date: /home/sti/Documents/Planning-and-Control-based-on-Carla-and-ROS2/install/pnc_msgs/share/pnc_msgs/cmake/pnc_msgsConfig.cmake
[1.005s] -- Up-to-date: /home/sti/Documents/Planning-and-Control-based-on-Carla-and-ROS2/install/pnc_msgs/share/pnc_msgs/cmake/pnc_msgsConfig-version.cmake
[1.005s] -- Up-to-date: /home/sti/Documents/Planning-and-Control-based-on-Carla-and-ROS2/install/pnc_msgs/share/pnc_msgs/package.xml
[1.026s] Invoked command in '/home/sti/Documents/Planning-and-Control-based-on-Carla-and-ROS2/build/pnc_msgs' returned '0': CMAKE_PREFIX_PATH=${CMAKE_PREFIX_PATH}:/home/sti/Documents/Planning-and-Control-based-on-Carla-and-ROS2/install/carla_waypoint_publisher:/home/sti/Documents/Planning-and-Control-based-on-Carla-and-ROS2/install/carla_ros_bridge:/home/sti/Documents/Planning-and-Control-based-on-Carla-and-ROS2/install/carla_spawn_objects:/home/sti/Documents/Planning-and-Control-based-on-Carla-and-ROS2/install/carla_manual_control:/home/sti/Documents/Planning-and-Control-based-on-Carla-and-ROS2/install/carla_ad_agent:/home/sti/Documents/Planning-and-Control-based-on-Carla-and-ROS2/install/ros_compatibility:/home/sti/Documents/Planning-and-Control-based-on-Carla-and-ROS2/install/carla_walker_agent:/home/sti/Documents/Planning-and-Control-based-on-Carla-and-ROS2/install/carla_twist_to_control:/home/sti/Documents/Planning-and-Control-based-on-Carla-and-ROS2/install/carla_ros_scenario_runner:/home/sti/Documents/Planning-and-Control-based-on-Carla-and-ROS2/install/carla_common:/opt/ros/foxy /usr/local/bin/cmake --install /home/sti/Documents/Planning-and-Control-based-on-Carla-and-ROS2/build/pnc_msgs
