[1.691s] Invoking command in '/home/sti/Documents/Planning-and-Control-based-on-Carla-and-ROS2/plus_version/carla_ros_scenario_runner': AMENT_PREFIX_PATH=/home/sti/Documents/Planning-and-Control-based-on-Carla-and-ROS2/install/carla_ros_scenario_runner_types:/home/sti/Documents/Planning-and-Control-based-on-Carla-and-ROS2/install/carla_msgs:/home/sti/Documents/Planning-and-Control-based-on-Carla-and-ROS2/install/carla_common:${AMENT_PREFIX_PATH} CMAKE_PREFIX_PATH=/home/sti/Documents/Planning-and-Control-based-on-Carla-and-ROS2/install/carla_ros_scenario_runner_types:/home/sti/Documents/Planning-and-Control-based-on-Carla-and-ROS2/install/carla_msgs LD_LIBRARY_PATH=/home/sti/Documents/Planning-and-Control-based-on-Carla-and-ROS2/install/carla_ros_scenario_runner_types/lib:/home/sti/Documents/Planning-and-Control-based-on-Carla-and-ROS2/install/carla_msgs/lib:${LD_LIBRARY_PATH} PYTHONPATH=/home/sti/Documents/Planning-and-Control-based-on-Carla-and-ROS2/build/carla_ros_scenario_runner/prefix_override:/home/sti/Documents/Planning-and-Control-based-on-Carla-and-ROS2/install/carla_ros_scenario_runner/lib/python3.8/site-packages:/home/sti/Documents/Planning-and-Control-based-on-Carla-and-ROS2/install/carla_ros_scenario_runner_types/lib/python3.8/site-packages:/home/sti/Documents/Planning-and-Control-based-on-Carla-and-ROS2/install/carla_msgs/lib/python3.8/site-packages:/home/sti/Documents/Planning-and-Control-based-on-Carla-and-ROS2/install/carla_common/lib/python3.8/site-packages:/opt/ros/foxy/lib/python3.8/site-packages:/home/sti/Documents/CARLA_0913/PythonAPI/carla/dist/carla-0.9.13-py3.7-linux-x86_64.egg:/home/sti/Documents/CARLA_0913/PythonAPI/carla:/home/sti/Documents/CARLA_0913/PythonAPI/carla/dist/carla-0.9.13-py3.7-linux-x86_64.egg:/home/sti/Documents/CARLA_0913/PythonAPI/carla/agents /usr/bin/python3 -W ignore:setup.py install is deprecated setup.py egg_info --egg-base ../../build/carla_ros_scenario_runner build --build-base /home/sti/Documents/Planning-and-Control-based-on-Carla-and-ROS2/build/carla_ros_scenario_runner/build install --record /home/sti/Documents/Planning-and-Control-based-on-Carla-and-ROS2/build/carla_ros_scenario_runner/install.log --single-version-externally-managed install_data
[1.978s] running egg_info
[1.979s] creating ../../build/carla_ros_scenario_runner/carla_ros_scenario_runner.egg-info
[1.979s] writing ../../build/carla_ros_scenario_runner/carla_ros_scenario_runner.egg-info/PKG-INFO
[1.979s] writing dependency_links to ../../build/carla_ros_scenario_runner/carla_ros_scenario_runner.egg-info/dependency_links.txt
[1.979s] writing entry points to ../../build/carla_ros_scenario_runner/carla_ros_scenario_runner.egg-info/entry_points.txt
[1.979s] writing requirements to ../../build/carla_ros_scenario_runner/carla_ros_scenario_runner.egg-info/requires.txt
[1.979s] writing top-level names to ../../build/carla_ros_scenario_runner/carla_ros_scenario_runner.egg-info/top_level.txt
[1.981s] writing manifest file '../../build/carla_ros_scenario_runner/carla_ros_scenario_runner.egg-info/SOURCES.txt'
[2.023s] reading manifest file '../../build/carla_ros_scenario_runner/carla_ros_scenario_runner.egg-info/SOURCES.txt'
[2.024s] writing manifest file '../../build/carla_ros_scenario_runner/carla_ros_scenario_runner.egg-info/SOURCES.txt'
[2.024s] running build
[2.024s] running build_py
[2.024s] creating /home/sti/Documents/Planning-and-Control-based-on-Carla-and-ROS2/build/carla_ros_scenario_runner/build
[2.024s] creating /home/sti/Documents/Planning-and-Control-based-on-Carla-and-ROS2/build/carla_ros_scenario_runner/build/lib
[2.024s] creating /home/sti/Documents/Planning-and-Control-based-on-Carla-and-ROS2/build/carla_ros_scenario_runner/build/lib/carla_ros_scenario_runner
[2.024s] copying src/carla_ros_scenario_runner/scenario_runner_runner.py -> /home/sti/Documents/Planning-and-Control-based-on-Carla-and-ROS2/build/carla_ros_scenario_runner/build/lib/carla_ros_scenario_runner
[2.025s] copying src/carla_ros_scenario_runner/ros_vehicle_control.py -> /home/sti/Documents/Planning-and-Control-based-on-Carla-and-ROS2/build/carla_ros_scenario_runner/build/lib/carla_ros_scenario_runner
[2.025s] copying src/carla_ros_scenario_runner/application_runner.py -> /home/sti/Documents/Planning-and-Control-based-on-Carla-and-ROS2/build/carla_ros_scenario_runner/build/lib/carla_ros_scenario_runner
[2.025s] copying src/carla_ros_scenario_runner/__init__.py -> /home/sti/Documents/Planning-and-Control-based-on-Carla-and-ROS2/build/carla_ros_scenario_runner/build/lib/carla_ros_scenario_runner
[2.025s] copying src/carla_ros_scenario_runner/carla_ros_scenario_runner_node.py -> /home/sti/Documents/Planning-and-Control-based-on-Carla-and-ROS2/build/carla_ros_scenario_runner/build/lib/carla_ros_scenario_runner
[2.025s] running install
[2.026s] running install_lib
[2.027s] creating /home/sti/Documents/Planning-and-Control-based-on-Carla-and-ROS2/install/carla_ros_scenario_runner/lib/python3.8/site-packages/carla_ros_scenario_runner
[2.027s] copying /home/sti/Documents/Planning-and-Control-based-on-Carla-and-ROS2/build/carla_ros_scenario_runner/build/lib/carla_ros_scenario_runner/scenario_runner_runner.py -> /home/sti/Documents/Planning-and-Control-based-on-Carla-and-ROS2/install/carla_ros_scenario_runner/lib/python3.8/site-packages/carla_ros_scenario_runner
[2.027s] copying /home/sti/Documents/Planning-and-Control-based-on-Carla-and-ROS2/build/carla_ros_scenario_runner/build/lib/carla_ros_scenario_runner/ros_vehicle_control.py -> /home/sti/Documents/Planning-and-Control-based-on-Carla-and-ROS2/install/carla_ros_scenario_runner/lib/python3.8/site-packages/carla_ros_scenario_runner
[2.027s] copying /home/sti/Documents/Planning-and-Control-based-on-Carla-and-ROS2/build/carla_ros_scenario_runner/build/lib/carla_ros_scenario_runner/application_runner.py -> /home/sti/Documents/Planning-and-Control-based-on-Carla-and-ROS2/install/carla_ros_scenario_runner/lib/python3.8/site-packages/carla_ros_scenario_runner
[2.027s] copying /home/sti/Documents/Planning-and-Control-based-on-Carla-and-ROS2/build/carla_ros_scenario_runner/build/lib/carla_ros_scenario_runner/__init__.py -> /home/sti/Documents/Planning-and-Control-based-on-Carla-and-ROS2/install/carla_ros_scenario_runner/lib/python3.8/site-packages/carla_ros_scenario_runner
[2.027s] copying /home/sti/Documents/Planning-and-Control-based-on-Carla-and-ROS2/build/carla_ros_scenario_runner/build/lib/carla_ros_scenario_runner/carla_ros_scenario_runner_node.py -> /home/sti/Documents/Planning-and-Control-based-on-Carla-and-ROS2/install/carla_ros_scenario_runner/lib/python3.8/site-packages/carla_ros_scenario_runner
[2.028s] byte-compiling /home/sti/Documents/Planning-and-Control-based-on-Carla-and-ROS2/install/carla_ros_scenario_runner/lib/python3.8/site-packages/carla_ros_scenario_runner/scenario_runner_runner.py to scenario_runner_runner.cpython-38.pyc
[2.028s] byte-compiling /home/sti/Documents/Planning-and-Control-based-on-Carla-and-ROS2/install/carla_ros_scenario_runner/lib/python3.8/site-packages/carla_ros_scenario_runner/ros_vehicle_control.py to ros_vehicle_control.cpython-38.pyc
[2.029s] byte-compiling /home/sti/Documents/Planning-and-Control-based-on-Carla-and-ROS2/install/carla_ros_scenario_runner/lib/python3.8/site-packages/carla_ros_scenario_runner/application_runner.py to application_runner.cpython-38.pyc
[2.030s] byte-compiling /home/sti/Documents/Planning-and-Control-based-on-Carla-and-ROS2/install/carla_ros_scenario_runner/lib/python3.8/site-packages/carla_ros_scenario_runner/__init__.py to __init__.cpython-38.pyc
[2.030s] byte-compiling /home/sti/Documents/Planning-and-Control-based-on-Carla-and-ROS2/install/carla_ros_scenario_runner/lib/python3.8/site-packages/carla_ros_scenario_runner/carla_ros_scenario_runner_node.py to carla_ros_scenario_runner_node.cpython-38.pyc
[2.031s] running install_data
[2.032s] creating /home/sti/Documents/Planning-and-Control-based-on-Carla-and-ROS2/install/carla_ros_scenario_runner/share/ament_index
[2.032s] creating /home/sti/Documents/Planning-and-Control-based-on-Carla-and-ROS2/install/carla_ros_scenario_runner/share/ament_index/resource_index
[2.032s] creating /home/sti/Documents/Planning-and-Control-based-on-Carla-and-ROS2/install/carla_ros_scenario_runner/share/ament_index/resource_index/packages
[2.032s] copying resource/carla_ros_scenario_runner -> /home/sti/Documents/Planning-and-Control-based-on-Carla-and-ROS2/install/carla_ros_scenario_runner/share/ament_index/resource_index/packages
[2.032s] copying package.xml -> /home/sti/Documents/Planning-and-Control-based-on-Carla-and-ROS2/install/carla_ros_scenario_runner/share/carla_ros_scenario_runner
[2.032s] copying launch/carla_ros_scenario_runner.launch.py -> /home/sti/Documents/Planning-and-Control-based-on-Carla-and-ROS2/install/carla_ros_scenario_runner/share/carla_ros_scenario_runner
[2.032s] running install_egg_info
[2.034s] Copying ../../build/carla_ros_scenario_runner/carla_ros_scenario_runner.egg-info to /home/sti/Documents/Planning-and-Control-based-on-Carla-and-ROS2/install/carla_ros_scenario_runner/lib/python3.8/site-packages/carla_ros_scenario_runner-0.0.0-py3.8.egg-info
[2.034s] running install_scripts
[2.054s] Installing carla_ros_scenario_runner script to /home/sti/Documents/Planning-and-Control-based-on-Carla-and-ROS2/install/carla_ros_scenario_runner/lib/carla_ros_scenario_runner
[2.055s] writing list of installed files to '/home/sti/Documents/Planning-and-Control-based-on-Carla-and-ROS2/build/carla_ros_scenario_runner/install.log'
[2.223s] Invoked command in '/home/sti/Documents/Planning-and-Control-based-on-Carla-and-ROS2/plus_version/carla_ros_scenario_runner' returned '0': AMENT_PREFIX_PATH=/home/sti/Documents/Planning-and-Control-based-on-Carla-and-ROS2/install/carla_ros_scenario_runner_types:/home/sti/Documents/Planning-and-Control-based-on-Carla-and-ROS2/install/carla_msgs:/home/sti/Documents/Planning-and-Control-based-on-Carla-and-ROS2/install/carla_common:${AMENT_PREFIX_PATH} CMAKE_PREFIX_PATH=/home/sti/Documents/Planning-and-Control-based-on-Carla-and-ROS2/install/carla_ros_scenario_runner_types:/home/sti/Documents/Planning-and-Control-based-on-Carla-and-ROS2/install/carla_msgs LD_LIBRARY_PATH=/home/sti/Documents/Planning-and-Control-based-on-Carla-and-ROS2/install/carla_ros_scenario_runner_types/lib:/home/sti/Documents/Planning-and-Control-based-on-Carla-and-ROS2/install/carla_msgs/lib:${LD_LIBRARY_PATH} PYTHONPATH=/home/sti/Documents/Planning-and-Control-based-on-Carla-and-ROS2/build/carla_ros_scenario_runner/prefix_override:/home/sti/Documents/Planning-and-Control-based-on-Carla-and-ROS2/install/carla_ros_scenario_runner/lib/python3.8/site-packages:/home/sti/Documents/Planning-and-Control-based-on-Carla-and-ROS2/install/carla_ros_scenario_runner_types/lib/python3.8/site-packages:/home/sti/Documents/Planning-and-Control-based-on-Carla-and-ROS2/install/carla_msgs/lib/python3.8/site-packages:/home/sti/Documents/Planning-and-Control-based-on-Carla-and-ROS2/install/carla_common/lib/python3.8/site-packages:/opt/ros/foxy/lib/python3.8/site-packages:/home/sti/Documents/CARLA_0913/PythonAPI/carla/dist/carla-0.9.13-py3.7-linux-x86_64.egg:/home/sti/Documents/CARLA_0913/PythonAPI/carla:/home/sti/Documents/CARLA_0913/PythonAPI/carla/dist/carla-0.9.13-py3.7-linux-x86_64.egg:/home/sti/Documents/CARLA_0913/PythonAPI/carla/agents /usr/bin/python3 -W ignore:setup.py install is deprecated setup.py egg_info --egg-base ../../build/carla_ros_scenario_runner build --build-base /home/sti/Documents/Planning-and-Control-based-on-Carla-and-ROS2/build/carla_ros_scenario_runner/build install --record /home/sti/Documents/Planning-and-Control-based-on-Carla-and-ROS2/build/carla_ros_scenario_runner/install.log --single-version-externally-managed install_data
