[0.455s] Invoking command in '/home/sti/Documents/Planning-and-Control-based-on-Carla-and-ROS2/build/carla_ros_scenario_runner_types': CMAKE_PREFIX_PATH=/opt/ros/foxy /usr/local/bin/cmake --build /home/sti/Documents/Planning-and-Control-based-on-Carla-and-ROS2/build/carla_ros_scenario_runner_types -- -j16 -l16
[0.679s] [  1%] Built target carla_ros_scenario_runner_types__cpp
[0.679s] [ 12%] Built target carla_ros_scenario_runner_types__rosidl_generator_c
[0.679s] [ 23%] Built target carla_ros_scenario_runner_types__rosidl_typesupport_cpp
[0.679s] [ 34%] Built target carla_ros_scenario_runner_types__rosidl_typesupport_introspection_cpp
[0.679s] [ 47%] Built target carla_ros_scenario_runner_types__rosidl_typesupport_c
[0.679s] [ 61%] Built target carla_ros_scenario_runner_types__rosidl_typesupport_fastrtps_cpp
[0.680s] [ 67%] Built target carla_ros_scenario_runner_types__rosidl_typesupport_introspection_c
[0.680s] [ 78%] Built target carla_ros_scenario_runner_types__rosidl_typesupport_fastrtps_c
[0.680s] [ 78%] Built target carla_ros_scenario_runner_types
[0.680s] [ 80%] Built target carla_ros_scenario_runner_types__py
[0.680s] [ 89%] Built target carla_ros_scenario_runner_types__python
[0.680s] [ 92%] Built target carla_ros_scenario_runner_types__rosidl_typesupport_c__pyext
[0.680s] [ 96%] Built target carla_ros_scenario_runner_types__rosidl_typesupport_fastrtps_c__pyext
[0.680s] [100%] Built target carla_ros_scenario_runner_types__rosidl_typesupport_introspection_c__pyext
[0.683s] Invoked command in '/home/sti/Documents/Planning-and-Control-based-on-Carla-and-ROS2/build/carla_ros_scenario_runner_types' returned '0': CMAKE_PREFIX_PATH=/opt/ros/foxy /usr/local/bin/cmake --build /home/sti/Documents/Planning-and-Control-based-on-Carla-and-ROS2/build/carla_ros_scenario_runner_types -- -j16 -l16
[0.755s] Invoking command in '/home/sti/Documents/Planning-and-Control-based-on-Carla-and-ROS2/build/carla_ros_scenario_runner_types': CMAKE_PREFIX_PATH=/opt/ros/foxy /usr/local/bin/cmake --install /home/sti/Documents/Planning-and-Control-based-on-Carla-and-ROS2/build/carla_ros_scenario_runner_types
[0.778s] -- Install configuration: ""
[0.780s] -- Up-to-date: /home/sti/Documents/Planning-and-Control-based-on-Carla-and-ROS2/install/carla_ros_scenario_runner_types/share/ament_index/resource_index/rosidl_interfaces/carla_ros_scenario_runner_types
[0.781s] -- Up-to-date: /home/sti/Documents/Planning-and-Control-based-on-Carla-and-ROS2/install/carla_ros_scenario_runner_types/include/carla_ros_scenario_runner_types
[0.781s] -- Up-to-date: /home/sti/Documents/Planning-and-Control-based-on-Carla-and-ROS2/install/carla_ros_scenario_runner_types/include/carla_ros_scenario_runner_types/srv
[0.781s] -- Up-to-date: /home/sti/Documents/Planning-and-Control-based-on-Carla-and-ROS2/install/carla_ros_scenario_runner_types/include/carla_ros_scenario_runner_types/srv/execute_scenario.h
[0.781s] -- Up-to-date: /home/sti/Documents/Planning-and-Control-based-on-Carla-and-ROS2/install/carla_ros_scenario_runner_types/include/carla_ros_scenario_runner_types/srv/detail
[0.781s] -- Up-to-date: /home/sti/Documents/Planning-and-Control-based-on-Carla-and-ROS2/install/carla_ros_scenario_runner_types/include/carla_ros_scenario_runner_types/srv/detail/execute_scenario__struct.h
[0.782s] -- Up-to-date: /home/sti/Documents/Planning-and-Control-based-on-Carla-and-ROS2/install/carla_ros_scenario_runner_types/include/carla_ros_scenario_runner_types/srv/detail/execute_scenario__functions.h
[0.782s] -- Up-to-date: /home/sti/Documents/Planning-and-Control-based-on-Carla-and-ROS2/install/carla_ros_scenario_runner_types/include/carla_ros_scenario_runner_types/srv/detail/execute_scenario__functions.c
[0.782s] -- Up-to-date: /home/sti/Documents/Planning-and-Control-based-on-Carla-and-ROS2/install/carla_ros_scenario_runner_types/include/carla_ros_scenario_runner_types/srv/detail/execute_scenario__type_support.h
[0.782s] -- Up-to-date: /home/sti/Documents/Planning-and-Control-based-on-Carla-and-ROS2/install/carla_ros_scenario_runner_types/include/carla_ros_scenario_runner_types/msg
[0.782s] -- Up-to-date: /home/sti/Documents/Planning-and-Control-based-on-Carla-and-ROS2/install/carla_ros_scenario_runner_types/include/carla_ros_scenario_runner_types/msg/carla_scenario_runner_status.h
[0.782s] -- Up-to-date: /home/sti/Documents/Planning-and-Control-based-on-Carla-and-ROS2/install/carla_ros_scenario_runner_types/include/carla_ros_scenario_runner_types/msg/carla_scenario.h
[0.782s] -- Up-to-date: /home/sti/Documents/Planning-and-Control-based-on-Carla-and-ROS2/install/carla_ros_scenario_runner_types/include/carla_ros_scenario_runner_types/msg/carla_scenario_list.h
[0.783s] -- Up-to-date: /home/sti/Documents/Planning-and-Control-based-on-Carla-and-ROS2/install/carla_ros_scenario_runner_types/include/carla_ros_scenario_runner_types/msg/rosidl_generator_c__visibility_control.h
[0.783s] -- Up-to-date: /home/sti/Documents/Planning-and-Control-based-on-Carla-and-ROS2/install/carla_ros_scenario_runner_types/include/carla_ros_scenario_runner_types/msg/detail
[0.783s] -- Up-to-date: /home/sti/Documents/Planning-and-Control-based-on-Carla-and-ROS2/install/carla_ros_scenario_runner_types/include/carla_ros_scenario_runner_types/msg/detail/carla_scenario_list__struct.h
[0.783s] -- Up-to-date: /home/sti/Documents/Planning-and-Control-based-on-Carla-and-ROS2/install/carla_ros_scenario_runner_types/include/carla_ros_scenario_runner_types/msg/detail/carla_scenario__type_support.h
[0.783s] -- Up-to-date: /home/sti/Documents/Planning-and-Control-based-on-Carla-and-ROS2/install/carla_ros_scenario_runner_types/include/carla_ros_scenario_runner_types/msg/detail/carla_scenario__struct.h
[0.784s] -- Up-to-date: /home/sti/Documents/Planning-and-Control-based-on-Carla-and-ROS2/install/carla_ros_scenario_runner_types/include/carla_ros_scenario_runner_types/msg/detail/carla_scenario_list__type_support.h
[0.784s] -- Up-to-date: /home/sti/Documents/Planning-and-Control-based-on-Carla-and-ROS2/install/carla_ros_scenario_runner_types/include/carla_ros_scenario_runner_types/msg/detail/carla_scenario_runner_status__functions.h
[0.784s] -- Up-to-date: /home/sti/Documents/Planning-and-Control-based-on-Carla-and-ROS2/install/carla_ros_scenario_runner_types/include/carla_ros_scenario_runner_types/msg/detail/carla_scenario__functions.h
[0.786s] -- Up-to-date: /home/sti/Documents/Planning-and-Control-based-on-Carla-and-ROS2/install/carla_ros_scenario_runner_types/include/carla_ros_scenario_runner_types/msg/detail/carla_scenario_runner_status__struct.h
[0.787s] -- Up-to-date: /home/sti/Documents/Planning-and-Control-based-on-Carla-and-ROS2/install/carla_ros_scenario_runner_types/include/carla_ros_scenario_runner_types/msg/detail/carla_scenario__functions.c
[0.787s] -- Up-to-date: /home/sti/Documents/Planning-and-Control-based-on-Carla-and-ROS2/install/carla_ros_scenario_runner_types/include/carla_ros_scenario_runner_types/msg/detail/carla_scenario_runner_status__functions.c
[0.788s] -- Up-to-date: /home/sti/Documents/Planning-and-Control-based-on-Carla-and-ROS2/install/carla_ros_scenario_runner_types/include/carla_ros_scenario_runner_types/msg/detail/carla_scenario_list__functions.c
[0.788s] -- Up-to-date: /home/sti/Documents/Planning-and-Control-based-on-Carla-and-ROS2/install/carla_ros_scenario_runner_types/include/carla_ros_scenario_runner_types/msg/detail/carla_scenario_runner_status__type_support.h
[0.789s] -- Up-to-date: /home/sti/Documents/Planning-and-Control-based-on-Carla-and-ROS2/install/carla_ros_scenario_runner_types/include/carla_ros_scenario_runner_types/msg/detail/carla_scenario_list__functions.h
[0.789s] -- Up-to-date: /home/sti/Documents/Planning-and-Control-based-on-Carla-and-ROS2/install/carla_ros_scenario_runner_types/share/carla_ros_scenario_runner_types/environment/library_path.sh
[0.789s] -- Up-to-date: /home/sti/Documents/Planning-and-Control-based-on-Carla-and-ROS2/install/carla_ros_scenario_runner_types/share/carla_ros_scenario_runner_types/environment/library_path.dsv
[0.789s] -- Up-to-date: /home/sti/Documents/Planning-and-Control-based-on-Carla-and-ROS2/install/carla_ros_scenario_runner_types/lib/libcarla_ros_scenario_runner_types__rosidl_generator_c.so
[0.790s] -- Up-to-date: /home/sti/Documents/Planning-and-Control-based-on-Carla-and-ROS2/install/carla_ros_scenario_runner_types/include/carla_ros_scenario_runner_types
[0.790s] -- Up-to-date: /home/sti/Documents/Planning-and-Control-based-on-Carla-and-ROS2/install/carla_ros_scenario_runner_types/include/carla_ros_scenario_runner_types/srv
[0.790s] -- Up-to-date: /home/sti/Documents/Planning-and-Control-based-on-Carla-and-ROS2/install/carla_ros_scenario_runner_types/include/carla_ros_scenario_runner_types/srv/detail
[0.790s] -- Up-to-date: /home/sti/Documents/Planning-and-Control-based-on-Carla-and-ROS2/install/carla_ros_scenario_runner_types/include/carla_ros_scenario_runner_types/srv/detail/execute_scenario__rosidl_typesupport_fastrtps_c.h
[0.791s] -- Up-to-date: /home/sti/Documents/Planning-and-Control-based-on-Carla-and-ROS2/install/carla_ros_scenario_runner_types/include/carla_ros_scenario_runner_types/msg
[0.791s] -- Up-to-date: /home/sti/Documents/Planning-and-Control-based-on-Carla-and-ROS2/install/carla_ros_scenario_runner_types/include/carla_ros_scenario_runner_types/msg/rosidl_typesupport_fastrtps_c__visibility_control.h
[0.791s] -- Up-to-date: /home/sti/Documents/Planning-and-Control-based-on-Carla-and-ROS2/install/carla_ros_scenario_runner_types/include/carla_ros_scenario_runner_types/msg/detail
[0.792s] -- Up-to-date: /home/sti/Documents/Planning-and-Control-based-on-Carla-and-ROS2/install/carla_ros_scenario_runner_types/include/carla_ros_scenario_runner_types/msg/detail/carla_scenario_runner_status__rosidl_typesupport_fastrtps_c.h
[0.792s] -- Up-to-date: /home/sti/Documents/Planning-and-Control-based-on-Carla-and-ROS2/install/carla_ros_scenario_runner_types/include/carla_ros_scenario_runner_types/msg/detail/carla_scenario__rosidl_typesupport_fastrtps_c.h
[0.792s] -- Up-to-date: /home/sti/Documents/Planning-and-Control-based-on-Carla-and-ROS2/install/carla_ros_scenario_runner_types/include/carla_ros_scenario_runner_types/msg/detail/carla_scenario_list__rosidl_typesupport_fastrtps_c.h
[0.792s] -- Up-to-date: /home/sti/Documents/Planning-and-Control-based-on-Carla-and-ROS2/install/carla_ros_scenario_runner_types/lib/libcarla_ros_scenario_runner_types__rosidl_typesupport_fastrtps_c.so
[0.792s] -- Up-to-date: /home/sti/Documents/Planning-and-Control-based-on-Carla-and-ROS2/install/carla_ros_scenario_runner_types/include/carla_ros_scenario_runner_types
[0.793s] -- Up-to-date: /home/sti/Documents/Planning-and-Control-based-on-Carla-and-ROS2/install/carla_ros_scenario_runner_types/include/carla_ros_scenario_runner_types/srv
[0.793s] -- Up-to-date: /home/sti/Documents/Planning-and-Control-based-on-Carla-and-ROS2/install/carla_ros_scenario_runner_types/include/carla_ros_scenario_runner_types/srv/detail
[0.793s] -- Up-to-date: /home/sti/Documents/Planning-and-Control-based-on-Carla-and-ROS2/install/carla_ros_scenario_runner_types/include/carla_ros_scenario_runner_types/srv/detail/dds_fastrtps
[0.793s] -- Up-to-date: /home/sti/Documents/Planning-and-Control-based-on-Carla-and-ROS2/install/carla_ros_scenario_runner_types/include/carla_ros_scenario_runner_types/srv/detail/execute_scenario__rosidl_typesupport_fastrtps_cpp.hpp
[0.793s] -- Up-to-date: /home/sti/Documents/Planning-and-Control-based-on-Carla-and-ROS2/install/carla_ros_scenario_runner_types/include/carla_ros_scenario_runner_types/msg
[0.793s] -- Up-to-date: /home/sti/Documents/Planning-and-Control-based-on-Carla-and-ROS2/install/carla_ros_scenario_runner_types/include/carla_ros_scenario_runner_types/msg/rosidl_typesupport_fastrtps_cpp__visibility_control.h
[0.794s] -- Up-to-date: /home/sti/Documents/Planning-and-Control-based-on-Carla-and-ROS2/install/carla_ros_scenario_runner_types/include/carla_ros_scenario_runner_types/msg/detail
[0.794s] -- Up-to-date: /home/sti/Documents/Planning-and-Control-based-on-Carla-and-ROS2/install/carla_ros_scenario_runner_types/include/carla_ros_scenario_runner_types/msg/detail/dds_fastrtps
[0.794s] -- Up-to-date: /home/sti/Documents/Planning-and-Control-based-on-Carla-and-ROS2/install/carla_ros_scenario_runner_types/include/carla_ros_scenario_runner_types/msg/detail/carla_scenario__rosidl_typesupport_fastrtps_cpp.hpp
[0.794s] -- Up-to-date: /home/sti/Documents/Planning-and-Control-based-on-Carla-and-ROS2/install/carla_ros_scenario_runner_types/include/carla_ros_scenario_runner_types/msg/detail/carla_scenario_runner_status__rosidl_typesupport_fastrtps_cpp.hpp
[0.794s] -- Up-to-date: /home/sti/Documents/Planning-and-Control-based-on-Carla-and-ROS2/install/carla_ros_scenario_runner_types/include/carla_ros_scenario_runner_types/msg/detail/carla_scenario_list__rosidl_typesupport_fastrtps_cpp.hpp
[0.794s] -- Up-to-date: /home/sti/Documents/Planning-and-Control-based-on-Carla-and-ROS2/install/carla_ros_scenario_runner_types/lib/libcarla_ros_scenario_runner_types__rosidl_typesupport_fastrtps_cpp.so
[0.794s] -- Up-to-date: /home/sti/Documents/Planning-and-Control-based-on-Carla-and-ROS2/install/carla_ros_scenario_runner_types/include/carla_ros_scenario_runner_types
[0.795s] -- Up-to-date: /home/sti/Documents/Planning-and-Control-based-on-Carla-and-ROS2/install/carla_ros_scenario_runner_types/include/carla_ros_scenario_runner_types/srv
[0.795s] -- Up-to-date: /home/sti/Documents/Planning-and-Control-based-on-Carla-and-ROS2/install/carla_ros_scenario_runner_types/include/carla_ros_scenario_runner_types/srv/detail
[0.795s] -- Up-to-date: /home/sti/Documents/Planning-and-Control-based-on-Carla-and-ROS2/install/carla_ros_scenario_runner_types/include/carla_ros_scenario_runner_types/srv/detail/execute_scenario__rosidl_typesupport_introspection_c.h
[0.795s] -- Up-to-date: /home/sti/Documents/Planning-and-Control-based-on-Carla-and-ROS2/install/carla_ros_scenario_runner_types/include/carla_ros_scenario_runner_types/srv/detail/execute_scenario__type_support.c
[0.795s] -- Up-to-date: /home/sti/Documents/Planning-and-Control-based-on-Carla-and-ROS2/install/carla_ros_scenario_runner_types/include/carla_ros_scenario_runner_types/msg
[0.795s] -- Up-to-date: /home/sti/Documents/Planning-and-Control-based-on-Carla-and-ROS2/install/carla_ros_scenario_runner_types/include/carla_ros_scenario_runner_types/msg/rosidl_typesupport_introspection_c__visibility_control.h
[0.795s] -- Up-to-date: /home/sti/Documents/Planning-and-Control-based-on-Carla-and-ROS2/install/carla_ros_scenario_runner_types/include/carla_ros_scenario_runner_types/msg/detail
[0.795s] -- Up-to-date: /home/sti/Documents/Planning-and-Control-based-on-Carla-and-ROS2/install/carla_ros_scenario_runner_types/include/carla_ros_scenario_runner_types/msg/detail/carla_scenario_runner_status__rosidl_typesupport_introspection_c.h
[0.796s] -- Up-to-date: /home/sti/Documents/Planning-and-Control-based-on-Carla-and-ROS2/install/carla_ros_scenario_runner_types/include/carla_ros_scenario_runner_types/msg/detail/carla_scenario__rosidl_typesupport_introspection_c.h
[0.796s] -- Up-to-date: /home/sti/Documents/Planning-and-Control-based-on-Carla-and-ROS2/install/carla_ros_scenario_runner_types/include/carla_ros_scenario_runner_types/msg/detail/carla_scenario__type_support.c
[0.796s] -- Up-to-date: /home/sti/Documents/Planning-and-Control-based-on-Carla-and-ROS2/install/carla_ros_scenario_runner_types/include/carla_ros_scenario_runner_types/msg/detail/carla_scenario_list__type_support.c
[0.797s] -- Up-to-date: /home/sti/Documents/Planning-and-Control-based-on-Carla-and-ROS2/install/carla_ros_scenario_runner_types/include/carla_ros_scenario_runner_types/msg/detail/carla_scenario_runner_status__type_support.c
[0.797s] -- Up-to-date: /home/sti/Documents/Planning-and-Control-based-on-Carla-and-ROS2/install/carla_ros_scenario_runner_types/include/carla_ros_scenario_runner_types/msg/detail/carla_scenario_list__rosidl_typesupport_introspection_c.h
[0.797s] -- Up-to-date: /home/sti/Documents/Planning-and-Control-based-on-Carla-and-ROS2/install/carla_ros_scenario_runner_types/lib/libcarla_ros_scenario_runner_types__rosidl_typesupport_introspection_c.so
[0.797s] -- Up-to-date: /home/sti/Documents/Planning-and-Control-based-on-Carla-and-ROS2/install/carla_ros_scenario_runner_types/lib/libcarla_ros_scenario_runner_types__rosidl_typesupport_c.so
[0.797s] -- Up-to-date: /home/sti/Documents/Planning-and-Control-based-on-Carla-and-ROS2/install/carla_ros_scenario_runner_types/include/carla_ros_scenario_runner_types
[0.797s] -- Up-to-date: /home/sti/Documents/Planning-and-Control-based-on-Carla-and-ROS2/install/carla_ros_scenario_runner_types/include/carla_ros_scenario_runner_types/srv
[0.798s] -- Up-to-date: /home/sti/Documents/Planning-and-Control-based-on-Carla-and-ROS2/install/carla_ros_scenario_runner_types/include/carla_ros_scenario_runner_types/srv/execute_scenario.hpp
[0.798s] -- Up-to-date: /home/sti/Documents/Planning-and-Control-based-on-Carla-and-ROS2/install/carla_ros_scenario_runner_types/include/carla_ros_scenario_runner_types/srv/detail
[0.798s] -- Up-to-date: /home/sti/Documents/Planning-and-Control-based-on-Carla-and-ROS2/install/carla_ros_scenario_runner_types/include/carla_ros_scenario_runner_types/srv/detail/execute_scenario__type_support.hpp
[0.798s] -- Up-to-date: /home/sti/Documents/Planning-and-Control-based-on-Carla-and-ROS2/install/carla_ros_scenario_runner_types/include/carla_ros_scenario_runner_types/srv/detail/execute_scenario__builder.hpp
[0.799s] -- Up-to-date: /home/sti/Documents/Planning-and-Control-based-on-Carla-and-ROS2/install/carla_ros_scenario_runner_types/include/carla_ros_scenario_runner_types/srv/detail/execute_scenario__traits.hpp
[0.799s] -- Up-to-date: /home/sti/Documents/Planning-and-Control-based-on-Carla-and-ROS2/install/carla_ros_scenario_runner_types/include/carla_ros_scenario_runner_types/srv/detail/execute_scenario__struct.hpp
[0.799s] -- Up-to-date: /home/sti/Documents/Planning-and-Control-based-on-Carla-and-ROS2/install/carla_ros_scenario_runner_types/include/carla_ros_scenario_runner_types/msg
[0.799s] -- Up-to-date: /home/sti/Documents/Planning-and-Control-based-on-Carla-and-ROS2/install/carla_ros_scenario_runner_types/include/carla_ros_scenario_runner_types/msg/rosidl_generator_cpp__visibility_control.hpp
[0.799s] -- Up-to-date: /home/sti/Documents/Planning-and-Control-based-on-Carla-and-ROS2/install/carla_ros_scenario_runner_types/include/carla_ros_scenario_runner_types/msg/carla_scenario_list.hpp
[0.799s] -- Up-to-date: /home/sti/Documents/Planning-and-Control-based-on-Carla-and-ROS2/install/carla_ros_scenario_runner_types/include/carla_ros_scenario_runner_types/msg/carla_scenario.hpp
[0.799s] -- Up-to-date: /home/sti/Documents/Planning-and-Control-based-on-Carla-and-ROS2/install/carla_ros_scenario_runner_types/include/carla_ros_scenario_runner_types/msg/carla_scenario_runner_status.hpp
[0.800s] -- Up-to-date: /home/sti/Documents/Planning-and-Control-based-on-Carla-and-ROS2/install/carla_ros_scenario_runner_types/include/carla_ros_scenario_runner_types/msg/detail
[0.800s] -- Up-to-date: /home/sti/Documents/Planning-and-Control-based-on-Carla-and-ROS2/install/carla_ros_scenario_runner_types/include/carla_ros_scenario_runner_types/msg/detail/carla_scenario_list__builder.hpp
[0.800s] -- Up-to-date: /home/sti/Documents/Planning-and-Control-based-on-Carla-and-ROS2/install/carla_ros_scenario_runner_types/include/carla_ros_scenario_runner_types/msg/detail/carla_scenario_list__traits.hpp
[0.800s] -- Up-to-date: /home/sti/Documents/Planning-and-Control-based-on-Carla-and-ROS2/install/carla_ros_scenario_runner_types/include/carla_ros_scenario_runner_types/msg/detail/carla_scenario_runner_status__struct.hpp
[0.801s] -- Up-to-date: /home/sti/Documents/Planning-and-Control-based-on-Carla-and-ROS2/install/carla_ros_scenario_runner_types/include/carla_ros_scenario_runner_types/msg/detail/carla_scenario_runner_status__traits.hpp
[0.801s] -- Up-to-date: /home/sti/Documents/Planning-and-Control-based-on-Carla-and-ROS2/install/carla_ros_scenario_runner_types/include/carla_ros_scenario_runner_types/msg/detail/carla_scenario_runner_status__builder.hpp
[0.801s] -- Up-to-date: /home/sti/Documents/Planning-and-Control-based-on-Carla-and-ROS2/install/carla_ros_scenario_runner_types/include/carla_ros_scenario_runner_types/msg/detail/carla_scenario__type_support.hpp
[0.802s] -- Up-to-date: /home/sti/Documents/Planning-and-Control-based-on-Carla-and-ROS2/install/carla_ros_scenario_runner_types/include/carla_ros_scenario_runner_types/msg/detail/carla_scenario__struct.hpp
[0.802s] -- Up-to-date: /home/sti/Documents/Planning-and-Control-based-on-Carla-and-ROS2/install/carla_ros_scenario_runner_types/include/carla_ros_scenario_runner_types/msg/detail/carla_scenario__builder.hpp
[0.802s] -- Up-to-date: /home/sti/Documents/Planning-and-Control-based-on-Carla-and-ROS2/install/carla_ros_scenario_runner_types/include/carla_ros_scenario_runner_types/msg/detail/carla_scenario_list__type_support.hpp
[0.803s] -- Up-to-date: /home/sti/Documents/Planning-and-Control-based-on-Carla-and-ROS2/install/carla_ros_scenario_runner_types/include/carla_ros_scenario_runner_types/msg/detail/carla_scenario__traits.hpp
[0.803s] -- Up-to-date: /home/sti/Documents/Planning-and-Control-based-on-Carla-and-ROS2/install/carla_ros_scenario_runner_types/include/carla_ros_scenario_runner_types/msg/detail/carla_scenario_runner_status__type_support.hpp
[0.804s] -- Up-to-date: /home/sti/Documents/Planning-and-Control-based-on-Carla-and-ROS2/install/carla_ros_scenario_runner_types/include/carla_ros_scenario_runner_types/msg/detail/carla_scenario_list__struct.hpp
[0.804s] -- Up-to-date: /home/sti/Documents/Planning-and-Control-based-on-Carla-and-ROS2/install/carla_ros_scenario_runner_types/include/carla_ros_scenario_runner_types
[0.804s] -- Up-to-date: /home/sti/Documents/Planning-and-Control-based-on-Carla-and-ROS2/install/carla_ros_scenario_runner_types/include/carla_ros_scenario_runner_types/srv
[0.804s] -- Up-to-date: /home/sti/Documents/Planning-and-Control-based-on-Carla-and-ROS2/install/carla_ros_scenario_runner_types/include/carla_ros_scenario_runner_types/srv/detail
[0.804s] -- Up-to-date: /home/sti/Documents/Planning-and-Control-based-on-Carla-and-ROS2/install/carla_ros_scenario_runner_types/include/carla_ros_scenario_runner_types/srv/detail/execute_scenario__rosidl_typesupport_introspection_cpp.hpp
[0.805s] -- Up-to-date: /home/sti/Documents/Planning-and-Control-based-on-Carla-and-ROS2/install/carla_ros_scenario_runner_types/include/carla_ros_scenario_runner_types/srv/detail/execute_scenario__type_support.cpp
[0.805s] -- Up-to-date: /home/sti/Documents/Planning-and-Control-based-on-Carla-and-ROS2/install/carla_ros_scenario_runner_types/include/carla_ros_scenario_runner_types/msg
[0.805s] -- Up-to-date: /home/sti/Documents/Planning-and-Control-based-on-Carla-and-ROS2/install/carla_ros_scenario_runner_types/include/carla_ros_scenario_runner_types/msg/detail
[0.805s] -- Up-to-date: /home/sti/Documents/Planning-and-Control-based-on-Carla-and-ROS2/install/carla_ros_scenario_runner_types/include/carla_ros_scenario_runner_types/msg/detail/carla_scenario_runner_status__type_support.cpp
[0.805s] -- Up-to-date: /home/sti/Documents/Planning-and-Control-based-on-Carla-and-ROS2/install/carla_ros_scenario_runner_types/include/carla_ros_scenario_runner_types/msg/detail/carla_scenario__type_support.cpp
[0.806s] -- Up-to-date: /home/sti/Documents/Planning-and-Control-based-on-Carla-and-ROS2/install/carla_ros_scenario_runner_types/include/carla_ros_scenario_runner_types/msg/detail/carla_scenario_list__rosidl_typesupport_introspection_cpp.hpp
[0.806s] -- Up-to-date: /home/sti/Documents/Planning-and-Control-based-on-Carla-and-ROS2/install/carla_ros_scenario_runner_types/include/carla_ros_scenario_runner_types/msg/detail/carla_scenario__rosidl_typesupport_introspection_cpp.hpp
[0.807s] -- Up-to-date: /home/sti/Documents/Planning-and-Control-based-on-Carla-and-ROS2/install/carla_ros_scenario_runner_types/include/carla_ros_scenario_runner_types/msg/detail/carla_scenario_list__type_support.cpp
[0.807s] -- Up-to-date: /home/sti/Documents/Planning-and-Control-based-on-Carla-and-ROS2/install/carla_ros_scenario_runner_types/include/carla_ros_scenario_runner_types/msg/detail/carla_scenario_runner_status__rosidl_typesupport_introspection_cpp.hpp
[0.807s] -- Up-to-date: /home/sti/Documents/Planning-and-Control-based-on-Carla-and-ROS2/install/carla_ros_scenario_runner_types/lib/libcarla_ros_scenario_runner_types__rosidl_typesupport_introspection_cpp.so
[0.807s] -- Up-to-date: /home/sti/Documents/Planning-and-Control-based-on-Carla-and-ROS2/install/carla_ros_scenario_runner_types/lib/libcarla_ros_scenario_runner_types__rosidl_typesupport_cpp.so
[0.808s] -- Up-to-date: /home/sti/Documents/Planning-and-Control-based-on-Carla-and-ROS2/install/carla_ros_scenario_runner_types/share/carla_ros_scenario_runner_types/environment/pythonpath.sh
[0.809s] -- Up-to-date: /home/sti/Documents/Planning-and-Control-based-on-Carla-and-ROS2/install/carla_ros_scenario_runner_types/share/carla_ros_scenario_runner_types/environment/pythonpath.dsv
[0.809s] -- Up-to-date: /home/sti/Documents/Planning-and-Control-based-on-Carla-and-ROS2/install/carla_ros_scenario_runner_types/lib/python3.8/site-packages/carla_ros_scenario_runner_types/__init__.py
[0.823s] -- Up-to-date: /home/sti/Documents/Planning-and-Control-based-on-Carla-and-ROS2/install/carla_ros_scenario_runner_types/lib/python3.8/site-packages/carla_ros_scenario_runner_types/msg
[0.823s] -- Up-to-date: /home/sti/Documents/Planning-and-Control-based-on-Carla-and-ROS2/install/carla_ros_scenario_runner_types/lib/python3.8/site-packages/carla_ros_scenario_runner_types/msg/_carla_scenario_runner_status_s.c
[0.823s] -- Up-to-date: /home/sti/Documents/Planning-and-Control-based-on-Carla-and-ROS2/install/carla_ros_scenario_runner_types/lib/python3.8/site-packages/carla_ros_scenario_runner_types/msg/_carla_scenario_list.py
[0.823s] -- Up-to-date: /home/sti/Documents/Planning-and-Control-based-on-Carla-and-ROS2/install/carla_ros_scenario_runner_types/lib/python3.8/site-packages/carla_ros_scenario_runner_types/msg/_carla_scenario_list_s.c
[0.823s] -- Up-to-date: /home/sti/Documents/Planning-and-Control-based-on-Carla-and-ROS2/install/carla_ros_scenario_runner_types/lib/python3.8/site-packages/carla_ros_scenario_runner_types/msg/_carla_scenario_runner_status.py
[0.823s] -- Up-to-date: /home/sti/Documents/Planning-and-Control-based-on-Carla-and-ROS2/install/carla_ros_scenario_runner_types/lib/python3.8/site-packages/carla_ros_scenario_runner_types/msg/_carla_scenario.py
[0.823s] -- Up-to-date: /home/sti/Documents/Planning-and-Control-based-on-Carla-and-ROS2/install/carla_ros_scenario_runner_types/lib/python3.8/site-packages/carla_ros_scenario_runner_types/msg/__init__.py
[0.823s] -- Up-to-date: /home/sti/Documents/Planning-and-Control-based-on-Carla-and-ROS2/install/carla_ros_scenario_runner_types/lib/python3.8/site-packages/carla_ros_scenario_runner_types/msg/_carla_scenario_s.c
[0.823s] -- Up-to-date: /home/sti/Documents/Planning-and-Control-based-on-Carla-and-ROS2/install/carla_ros_scenario_runner_types/lib/python3.8/site-packages/carla_ros_scenario_runner_types/srv
[0.823s] -- Up-to-date: /home/sti/Documents/Planning-and-Control-based-on-Carla-and-ROS2/install/carla_ros_scenario_runner_types/lib/python3.8/site-packages/carla_ros_scenario_runner_types/srv/_execute_scenario.py
[0.823s] -- Up-to-date: /home/sti/Documents/Planning-and-Control-based-on-Carla-and-ROS2/install/carla_ros_scenario_runner_types/lib/python3.8/site-packages/carla_ros_scenario_runner_types/srv/_execute_scenario_s.c
[0.824s] -- Up-to-date: /home/sti/Documents/Planning-and-Control-based-on-Carla-and-ROS2/install/carla_ros_scenario_runner_types/lib/python3.8/site-packages/carla_ros_scenario_runner_types/srv/__init__.py
[0.824s] -- Up-to-date: /home/sti/Documents/Planning-and-Control-based-on-Carla-and-ROS2/install/carla_ros_scenario_runner_types/lib/python3.8/site-packages/carla_ros_scenario_runner_types/carla_ros_scenario_runner_types_s__rosidl_typesupport_fastrtps_c.cpython-38-x86_64-linux-gnu.so
[0.824s] -- Up-to-date: /home/sti/Documents/Planning-and-Control-based-on-Carla-and-ROS2/install/carla_ros_scenario_runner_types/lib/python3.8/site-packages/carla_ros_scenario_runner_types/carla_ros_scenario_runner_types_s__rosidl_typesupport_introspection_c.cpython-38-x86_64-linux-gnu.so
[0.824s] -- Up-to-date: /home/sti/Documents/Planning-and-Control-based-on-Carla-and-ROS2/install/carla_ros_scenario_runner_types/lib/python3.8/site-packages/carla_ros_scenario_runner_types/carla_ros_scenario_runner_types_s__rosidl_typesupport_c.cpython-38-x86_64-linux-gnu.so
[0.825s] -- Up-to-date: /home/sti/Documents/Planning-and-Control-based-on-Carla-and-ROS2/install/carla_ros_scenario_runner_types/lib/libcarla_ros_scenario_runner_types__python.so
[0.825s] -- Up-to-date: /home/sti/Documents/Planning-and-Control-based-on-Carla-and-ROS2/install/carla_ros_scenario_runner_types/share/carla_ros_scenario_runner_types/msg/CarlaScenario.idl
[0.825s] -- Up-to-date: /home/sti/Documents/Planning-and-Control-based-on-Carla-and-ROS2/install/carla_ros_scenario_runner_types/share/carla_ros_scenario_runner_types/msg/CarlaScenarioList.idl
[0.825s] -- Up-to-date: /home/sti/Documents/Planning-and-Control-based-on-Carla-and-ROS2/install/carla_ros_scenario_runner_types/share/carla_ros_scenario_runner_types/msg/CarlaScenarioRunnerStatus.idl
[0.825s] -- Up-to-date: /home/sti/Documents/Planning-and-Control-based-on-Carla-and-ROS2/install/carla_ros_scenario_runner_types/share/carla_ros_scenario_runner_types/srv/ExecuteScenario.idl
[0.825s] -- Up-to-date: /home/sti/Documents/Planning-and-Control-based-on-Carla-and-ROS2/install/carla_ros_scenario_runner_types/share/carla_ros_scenario_runner_types/msg/CarlaScenario.msg
[0.825s] -- Up-to-date: /home/sti/Documents/Planning-and-Control-based-on-Carla-and-ROS2/install/carla_ros_scenario_runner_types/share/carla_ros_scenario_runner_types/msg/CarlaScenarioList.msg
[0.825s] -- Up-to-date: /home/sti/Documents/Planning-and-Control-based-on-Carla-and-ROS2/install/carla_ros_scenario_runner_types/share/carla_ros_scenario_runner_types/msg/CarlaScenarioRunnerStatus.msg
[0.825s] -- Up-to-date: /home/sti/Documents/Planning-and-Control-based-on-Carla-and-ROS2/install/carla_ros_scenario_runner_types/share/carla_ros_scenario_runner_types/srv/ExecuteScenario.srv
[0.826s] -- Up-to-date: /home/sti/Documents/Planning-and-Control-based-on-Carla-and-ROS2/install/carla_ros_scenario_runner_types/share/carla_ros_scenario_runner_types/srv/ExecuteScenario_Request.msg
[0.826s] -- Up-to-date: /home/sti/Documents/Planning-and-Control-based-on-Carla-and-ROS2/install/carla_ros_scenario_runner_types/share/carla_ros_scenario_runner_types/srv/ExecuteScenario_Response.msg
[0.826s] -- Up-to-date: /home/sti/Documents/Planning-and-Control-based-on-Carla-and-ROS2/install/carla_ros_scenario_runner_types/share/ament_index/resource_index/package_run_dependencies/carla_ros_scenario_runner_types
[0.826s] -- Up-to-date: /home/sti/Documents/Planning-and-Control-based-on-Carla-and-ROS2/install/carla_ros_scenario_runner_types/share/ament_index/resource_index/parent_prefix_path/carla_ros_scenario_runner_types
[0.826s] -- Up-to-date: /home/sti/Documents/Planning-and-Control-based-on-Carla-and-ROS2/install/carla_ros_scenario_runner_types/share/carla_ros_scenario_runner_types/environment/ament_prefix_path.sh
[0.826s] -- Up-to-date: /home/sti/Documents/Planning-and-Control-based-on-Carla-and-ROS2/install/carla_ros_scenario_runner_types/share/carla_ros_scenario_runner_types/environment/ament_prefix_path.dsv
[0.826s] -- Up-to-date: /home/sti/Documents/Planning-and-Control-based-on-Carla-and-ROS2/install/carla_ros_scenario_runner_types/share/carla_ros_scenario_runner_types/environment/path.sh
[0.826s] -- Up-to-date: /home/sti/Documents/Planning-and-Control-based-on-Carla-and-ROS2/install/carla_ros_scenario_runner_types/share/carla_ros_scenario_runner_types/environment/path.dsv
[0.826s] -- Up-to-date: /home/sti/Documents/Planning-and-Control-based-on-Carla-and-ROS2/install/carla_ros_scenario_runner_types/share/carla_ros_scenario_runner_types/local_setup.bash
[0.826s] -- Up-to-date: /home/sti/Documents/Planning-and-Control-based-on-Carla-and-ROS2/install/carla_ros_scenario_runner_types/share/carla_ros_scenario_runner_types/local_setup.sh
[0.827s] -- Up-to-date: /home/sti/Documents/Planning-and-Control-based-on-Carla-and-ROS2/install/carla_ros_scenario_runner_types/share/carla_ros_scenario_runner_types/local_setup.zsh
[0.827s] -- Up-to-date: /home/sti/Documents/Planning-and-Control-based-on-Carla-and-ROS2/install/carla_ros_scenario_runner_types/share/carla_ros_scenario_runner_types/local_setup.dsv
[0.828s] -- Installing: /home/sti/Documents/Planning-and-Control-based-on-Carla-and-ROS2/install/carla_ros_scenario_runner_types/share/carla_ros_scenario_runner_types/package.dsv
[0.828s] -- Up-to-date: /home/sti/Documents/Planning-and-Control-based-on-Carla-and-ROS2/install/carla_ros_scenario_runner_types/share/ament_index/resource_index/packages/carla_ros_scenario_runner_types
[0.828s] -- Up-to-date: /home/sti/Documents/Planning-and-Control-based-on-Carla-and-ROS2/install/carla_ros_scenario_runner_types/share/carla_ros_scenario_runner_types/cmake/carla_ros_scenario_runner_types__rosidl_generator_cExport.cmake
[0.829s] -- Up-to-date: /home/sti/Documents/Planning-and-Control-based-on-Carla-and-ROS2/install/carla_ros_scenario_runner_types/share/carla_ros_scenario_runner_types/cmake/carla_ros_scenario_runner_types__rosidl_generator_cExport-noconfig.cmake
[0.829s] -- Up-to-date: /home/sti/Documents/Planning-and-Control-based-on-Carla-and-ROS2/install/carla_ros_scenario_runner_types/share/carla_ros_scenario_runner_types/cmake/carla_ros_scenario_runner_types__rosidl_typesupport_introspection_cExport.cmake
[0.829s] -- Up-to-date: /home/sti/Documents/Planning-and-Control-based-on-Carla-and-ROS2/install/carla_ros_scenario_runner_types/share/carla_ros_scenario_runner_types/cmake/carla_ros_scenario_runner_types__rosidl_typesupport_introspection_cExport-noconfig.cmake
[0.829s] -- Up-to-date: /home/sti/Documents/Planning-and-Control-based-on-Carla-and-ROS2/install/carla_ros_scenario_runner_types/share/carla_ros_scenario_runner_types/cmake/carla_ros_scenario_runner_types__rosidl_typesupport_cExport.cmake
[0.829s] -- Up-to-date: /home/sti/Documents/Planning-and-Control-based-on-Carla-and-ROS2/install/carla_ros_scenario_runner_types/share/carla_ros_scenario_runner_types/cmake/carla_ros_scenario_runner_types__rosidl_typesupport_cExport-noconfig.cmake
[0.829s] -- Up-to-date: /home/sti/Documents/Planning-and-Control-based-on-Carla-and-ROS2/install/carla_ros_scenario_runner_types/share/carla_ros_scenario_runner_types/cmake/carla_ros_scenario_runner_types__rosidl_generator_cppExport.cmake
[0.830s] -- Up-to-date: /home/sti/Documents/Planning-and-Control-based-on-Carla-and-ROS2/install/carla_ros_scenario_runner_types/share/carla_ros_scenario_runner_types/cmake/carla_ros_scenario_runner_types__rosidl_typesupport_introspection_cppExport.cmake
[0.830s] -- Up-to-date: /home/sti/Documents/Planning-and-Control-based-on-Carla-and-ROS2/install/carla_ros_scenario_runner_types/share/carla_ros_scenario_runner_types/cmake/carla_ros_scenario_runner_types__rosidl_typesupport_introspection_cppExport-noconfig.cmake
[0.830s] -- Up-to-date: /home/sti/Documents/Planning-and-Control-based-on-Carla-and-ROS2/install/carla_ros_scenario_runner_types/share/carla_ros_scenario_runner_types/cmake/carla_ros_scenario_runner_types__rosidl_typesupport_cppExport.cmake
[0.830s] -- Up-to-date: /home/sti/Documents/Planning-and-Control-based-on-Carla-and-ROS2/install/carla_ros_scenario_runner_types/share/carla_ros_scenario_runner_types/cmake/carla_ros_scenario_runner_types__rosidl_typesupport_cppExport-noconfig.cmake
[0.830s] -- Up-to-date: /home/sti/Documents/Planning-and-Control-based-on-Carla-and-ROS2/install/carla_ros_scenario_runner_types/share/carla_ros_scenario_runner_types/cmake/rosidl_cmake-extras.cmake
[0.830s] -- Up-to-date: /home/sti/Documents/Planning-and-Control-based-on-Carla-and-ROS2/install/carla_ros_scenario_runner_types/share/carla_ros_scenario_runner_types/cmake/ament_cmake_export_dependencies-extras.cmake
[0.830s] -- Up-to-date: /home/sti/Documents/Planning-and-Control-based-on-Carla-and-ROS2/install/carla_ros_scenario_runner_types/share/carla_ros_scenario_runner_types/cmake/ament_cmake_export_libraries-extras.cmake
[0.831s] -- Up-to-date: /home/sti/Documents/Planning-and-Control-based-on-Carla-and-ROS2/install/carla_ros_scenario_runner_types/share/carla_ros_scenario_runner_types/cmake/ament_cmake_export_targets-extras.cmake
[0.831s] -- Up-to-date: /home/sti/Documents/Planning-and-Control-based-on-Carla-and-ROS2/install/carla_ros_scenario_runner_types/share/carla_ros_scenario_runner_types/cmake/ament_cmake_export_include_directories-extras.cmake
[0.832s] -- Up-to-date: /home/sti/Documents/Planning-and-Control-based-on-Carla-and-ROS2/install/carla_ros_scenario_runner_types/share/carla_ros_scenario_runner_types/cmake/rosidl_cmake_export_typesupport_libraries-extras.cmake
[0.832s] -- Up-to-date: /home/sti/Documents/Planning-and-Control-based-on-Carla-and-ROS2/install/carla_ros_scenario_runner_types/share/carla_ros_scenario_runner_types/cmake/rosidl_cmake_export_typesupport_targets-extras.cmake
[0.833s] -- Up-to-date: /home/sti/Documents/Planning-and-Control-based-on-Carla-and-ROS2/install/carla_ros_scenario_runner_types/share/carla_ros_scenario_runner_types/cmake/carla_ros_scenario_runner_typesConfig.cmake
[0.833s] -- Up-to-date: /home/sti/Documents/Planning-and-Control-based-on-Carla-and-ROS2/install/carla_ros_scenario_runner_types/share/carla_ros_scenario_runner_types/cmake/carla_ros_scenario_runner_typesConfig-version.cmake
[0.833s] -- Up-to-date: /home/sti/Documents/Planning-and-Control-based-on-Carla-and-ROS2/install/carla_ros_scenario_runner_types/share/carla_ros_scenario_runner_types/package.xml
[0.847s] Invoked command in '/home/sti/Documents/Planning-and-Control-based-on-Carla-and-ROS2/build/carla_ros_scenario_runner_types' returned '0': CMAKE_PREFIX_PATH=/opt/ros/foxy /usr/local/bin/cmake --install /home/sti/Documents/Planning-and-Control-based-on-Carla-and-ROS2/build/carla_ros_scenario_runner_types
