[0.083s] Invoking command in '/home/sti/Documents/Planning-and-Control-based-on-Carla-and-ROS2/build/carla_msgs': CMAKE_PREFIX_PATH=${CMAKE_PREFIX_PATH}:/home/sti/Documents/Planning-and-Control-based-on-Carla-and-ROS2/install/carla_waypoint_publisher:/home/sti/Documents/Planning-and-Control-based-on-Carla-and-ROS2/install/carla_ros_bridge:/home/sti/Documents/Planning-and-Control-based-on-Carla-and-ROS2/install/carla_spawn_objects:/home/sti/Documents/Planning-and-Control-based-on-Carla-and-ROS2/install/carla_manual_control:/home/sti/Documents/Planning-and-Control-based-on-Carla-and-ROS2/install/carla_ad_agent:/home/sti/Documents/Planning-and-Control-based-on-Carla-and-ROS2/install/ros_compatibility:/home/sti/Documents/Planning-and-Control-based-on-Carla-and-ROS2/install/carla_walker_agent:/home/sti/Documents/Planning-and-Control-based-on-Carla-and-ROS2/install/carla_twist_to_control:/home/sti/Documents/Planning-and-Control-based-on-Carla-and-ROS2/install/carla_ros_scenario_runner:/home/sti/Documents/Planning-and-Control-based-on-Carla-and-ROS2/install/carla_common:/opt/ros/foxy /usr/local/bin/cmake --build /home/sti/Documents/Planning-and-Control-based-on-Carla-and-ROS2/build/carla_msgs -- -j16 -l16
[0.865s] [  0%] Built target carla_msgs__cpp
[0.866s] [ 12%] Built target carla_msgs__rosidl_generator_c
[0.866s] [ 24%] Built target carla_msgs__rosidl_typesupport_cpp
[0.867s] [ 36%] Built target carla_msgs__rosidl_typesupport_c
[0.867s] [ 48%] Built target carla_msgs__rosidl_typesupport_fastrtps_cpp
[0.869s] [ 61%] Built target carla_msgs__rosidl_typesupport_introspection_cpp
[0.869s] [ 73%] Built target carla_msgs__rosidl_typesupport_introspection_c
[0.869s] [ 85%] Built target carla_msgs__rosidl_typesupport_fastrtps_c
[0.869s] [ 85%] Built target carla_msgs
[0.869s] [ 86%] Built target carla_msgs__py
[0.870s] [ 97%] Built target carla_msgs__python
[0.870s] [100%] Built target carla_msgs__rosidl_typesupport_introspection_c__pyext
[0.870s] [100%] Built target carla_msgs__rosidl_typesupport_c__pyext
[0.870s] [100%] Built target carla_msgs__rosidl_typesupport_fastrtps_c__pyext
[0.876s] Invoked command in '/home/sti/Documents/Planning-and-Control-based-on-Carla-and-ROS2/build/carla_msgs' returned '0': CMAKE_PREFIX_PATH=${CMAKE_PREFIX_PATH}:/home/sti/Documents/Planning-and-Control-based-on-Carla-and-ROS2/install/carla_waypoint_publisher:/home/sti/Documents/Planning-and-Control-based-on-Carla-and-ROS2/install/carla_ros_bridge:/home/sti/Documents/Planning-and-Control-based-on-Carla-and-ROS2/install/carla_spawn_objects:/home/sti/Documents/Planning-and-Control-based-on-Carla-and-ROS2/install/carla_manual_control:/home/sti/Documents/Planning-and-Control-based-on-Carla-and-ROS2/install/carla_ad_agent:/home/sti/Documents/Planning-and-Control-based-on-Carla-and-ROS2/install/ros_compatibility:/home/sti/Documents/Planning-and-Control-based-on-Carla-and-ROS2/install/carla_walker_agent:/home/sti/Documents/Planning-and-Control-based-on-Carla-and-ROS2/install/carla_twist_to_control:/home/sti/Documents/Planning-and-Control-based-on-Carla-and-ROS2/install/carla_ros_scenario_runner:/home/sti/Documents/Planning-and-Control-based-on-Carla-and-ROS2/install/carla_common:/opt/ros/foxy /usr/local/bin/cmake --build /home/sti/Documents/Planning-and-Control-based-on-Carla-and-ROS2/build/carla_msgs -- -j16 -l16
[1.188s] Invoking command in '/home/sti/Documents/Planning-and-Control-based-on-Carla-and-ROS2/build/carla_msgs': CMAKE_PREFIX_PATH=${CMAKE_PREFIX_PATH}:/home/sti/Documents/Planning-and-Control-based-on-Carla-and-ROS2/install/carla_waypoint_publisher:/home/sti/Documents/Planning-and-Control-based-on-Carla-and-ROS2/install/carla_ros_bridge:/home/sti/Documents/Planning-and-Control-based-on-Carla-and-ROS2/install/carla_spawn_objects:/home/sti/Documents/Planning-and-Control-based-on-Carla-and-ROS2/install/carla_manual_control:/home/sti/Documents/Planning-and-Control-based-on-Carla-and-ROS2/install/carla_ad_agent:/home/sti/Documents/Planning-and-Control-based-on-Carla-and-ROS2/install/ros_compatibility:/home/sti/Documents/Planning-and-Control-based-on-Carla-and-ROS2/install/carla_walker_agent:/home/sti/Documents/Planning-and-Control-based-on-Carla-and-ROS2/install/carla_twist_to_control:/home/sti/Documents/Planning-and-Control-based-on-Carla-and-ROS2/install/carla_ros_scenario_runner:/home/sti/Documents/Planning-and-Control-based-on-Carla-and-ROS2/install/carla_common:/opt/ros/foxy /usr/local/bin/cmake --install /home/sti/Documents/Planning-and-Control-based-on-Carla-and-ROS2/build/carla_msgs
[1.191s] -- Install configuration: ""
[1.191s] -- Up-to-date: /home/sti/Documents/Planning-and-Control-based-on-Carla-and-ROS2/install/carla_msgs/share/ament_index/resource_index/rosidl_interfaces/carla_msgs
[1.192s] -- Up-to-date: /home/sti/Documents/Planning-and-Control-based-on-Carla-and-ROS2/install/carla_msgs/include/carla_msgs
[1.192s] -- Up-to-date: /home/sti/Documents/Planning-and-Control-based-on-Carla-and-ROS2/install/carla_msgs/include/carla_msgs/srv
[1.192s] -- Up-to-date: /home/sti/Documents/Planning-and-Control-based-on-Carla-and-ROS2/install/carla_msgs/include/carla_msgs/srv/destroy_object.h
[1.192s] -- Up-to-date: /home/sti/Documents/Planning-and-Control-based-on-Carla-and-ROS2/install/carla_msgs/include/carla_msgs/srv/spawn_object.h
[1.192s] -- Up-to-date: /home/sti/Documents/Planning-and-Control-based-on-Carla-and-ROS2/install/carla_msgs/include/carla_msgs/srv/get_blueprints.h
[1.192s] -- Up-to-date: /home/sti/Documents/Planning-and-Control-based-on-Carla-and-ROS2/install/carla_msgs/include/carla_msgs/srv/detail
[1.193s] -- Up-to-date: /home/sti/Documents/Planning-and-Control-based-on-Carla-and-ROS2/install/carla_msgs/include/carla_msgs/srv/detail/spawn_object__struct.h
[1.193s] -- Up-to-date: /home/sti/Documents/Planning-and-Control-based-on-Carla-and-ROS2/install/carla_msgs/include/carla_msgs/srv/detail/spawn_object__type_support.h
[1.193s] -- Up-to-date: /home/sti/Documents/Planning-and-Control-based-on-Carla-and-ROS2/install/carla_msgs/include/carla_msgs/srv/detail/spawn_object__functions.c
[1.193s] -- Up-to-date: /home/sti/Documents/Planning-and-Control-based-on-Carla-and-ROS2/install/carla_msgs/include/carla_msgs/srv/detail/destroy_object__struct.h
[1.193s] -- Up-to-date: /home/sti/Documents/Planning-and-Control-based-on-Carla-and-ROS2/install/carla_msgs/include/carla_msgs/srv/detail/destroy_object__functions.h
[1.193s] -- Up-to-date: /home/sti/Documents/Planning-and-Control-based-on-Carla-and-ROS2/install/carla_msgs/include/carla_msgs/srv/detail/get_blueprints__type_support.h
[1.193s] -- Up-to-date: /home/sti/Documents/Planning-and-Control-based-on-Carla-and-ROS2/install/carla_msgs/include/carla_msgs/srv/detail/destroy_object__type_support.h
[1.193s] -- Up-to-date: /home/sti/Documents/Planning-and-Control-based-on-Carla-and-ROS2/install/carla_msgs/include/carla_msgs/srv/detail/get_blueprints__functions.h
[1.193s] -- Up-to-date: /home/sti/Documents/Planning-and-Control-based-on-Carla-and-ROS2/install/carla_msgs/include/carla_msgs/srv/detail/spawn_object__functions.h
[1.194s] -- Up-to-date: /home/sti/Documents/Planning-and-Control-based-on-Carla-and-ROS2/install/carla_msgs/include/carla_msgs/srv/detail/get_blueprints__functions.c
[1.195s] -- Up-to-date: /home/sti/Documents/Planning-and-Control-based-on-Carla-and-ROS2/install/carla_msgs/include/carla_msgs/srv/detail/get_blueprints__struct.h
[1.195s] -- Up-to-date: /home/sti/Documents/Planning-and-Control-based-on-Carla-and-ROS2/install/carla_msgs/include/carla_msgs/srv/detail/destroy_object__functions.c
[1.195s] -- Up-to-date: /home/sti/Documents/Planning-and-Control-based-on-Carla-and-ROS2/install/carla_msgs/include/carla_msgs/msg
[1.197s] -- Up-to-date: /home/sti/Documents/Planning-and-Control-based-on-Carla-and-ROS2/install/carla_msgs/include/carla_msgs/msg/carla_bounding_box.h
[1.197s] -- Up-to-date: /home/sti/Documents/Planning-and-Control-based-on-Carla-and-ROS2/install/carla_msgs/include/carla_msgs/msg/carla_traffic_light_status.h
[1.197s] -- Up-to-date: /home/sti/Documents/Planning-and-Control-based-on-Carla-and-ROS2/install/carla_msgs/include/carla_msgs/msg/carla_walker_control.h
[1.198s] -- Up-to-date: /home/sti/Documents/Planning-and-Control-based-on-Carla-and-ROS2/install/carla_msgs/include/carla_msgs/msg/carla_traffic_light_info_list.h
[1.198s] -- Up-to-date: /home/sti/Documents/Planning-and-Control-based-on-Carla-and-ROS2/install/carla_msgs/include/carla_msgs/msg/carla_control.h
[1.198s] -- Up-to-date: /home/sti/Documents/Planning-and-Control-based-on-Carla-and-ROS2/install/carla_msgs/include/carla_msgs/msg/carla_status.h
[1.199s] -- Up-to-date: /home/sti/Documents/Planning-and-Control-based-on-Carla-and-ROS2/install/carla_msgs/include/carla_msgs/msg/carla_ego_vehicle_info_wheel.h
[1.199s] -- Up-to-date: /home/sti/Documents/Planning-and-Control-based-on-Carla-and-ROS2/install/carla_msgs/include/carla_msgs/msg/carla_world_info.h
[1.200s] -- Up-to-date: /home/sti/Documents/Planning-and-Control-based-on-Carla-and-ROS2/install/carla_msgs/include/carla_msgs/msg/carla_ego_vehicle_status.h
[1.200s] -- Up-to-date: /home/sti/Documents/Planning-and-Control-based-on-Carla-and-ROS2/install/carla_msgs/include/carla_msgs/msg/rosidl_generator_c__visibility_control.h
[1.201s] -- Up-to-date: /home/sti/Documents/Planning-and-Control-based-on-Carla-and-ROS2/install/carla_msgs/include/carla_msgs/msg/carla_lane_invasion_event.h
[1.202s] -- Up-to-date: /home/sti/Documents/Planning-and-Control-based-on-Carla-and-ROS2/install/carla_msgs/include/carla_msgs/msg/carla_ego_vehicle_control.h
[1.202s] -- Up-to-date: /home/sti/Documents/Planning-and-Control-based-on-Carla-and-ROS2/install/carla_msgs/include/carla_msgs/msg/carla_collision_event.h
[1.202s] -- Up-to-date: /home/sti/Documents/Planning-and-Control-based-on-Carla-and-ROS2/install/carla_msgs/include/carla_msgs/msg/carla_ego_vehicle_info.h
[1.202s] -- Up-to-date: /home/sti/Documents/Planning-and-Control-based-on-Carla-and-ROS2/install/carla_msgs/include/carla_msgs/msg/carla_traffic_light_status_list.h
[1.202s] -- Up-to-date: /home/sti/Documents/Planning-and-Control-based-on-Carla-and-ROS2/install/carla_msgs/include/carla_msgs/msg/carla_actor_info.h
[1.202s] -- Up-to-date: /home/sti/Documents/Planning-and-Control-based-on-Carla-and-ROS2/install/carla_msgs/include/carla_msgs/msg/carla_weather_parameters.h
[1.203s] -- Up-to-date: /home/sti/Documents/Planning-and-Control-based-on-Carla-and-ROS2/install/carla_msgs/include/carla_msgs/msg/carla_traffic_light_info.h
[1.203s] -- Up-to-date: /home/sti/Documents/Planning-and-Control-based-on-Carla-and-ROS2/install/carla_msgs/include/carla_msgs/msg/carla_actor_list.h
[1.203s] -- Up-to-date: /home/sti/Documents/Planning-and-Control-based-on-Carla-and-ROS2/install/carla_msgs/include/carla_msgs/msg/detail
[1.203s] -- Up-to-date: /home/sti/Documents/Planning-and-Control-based-on-Carla-and-ROS2/install/carla_msgs/include/carla_msgs/msg/detail/carla_ego_vehicle_info_wheel__functions.h
[1.203s] -- Up-to-date: /home/sti/Documents/Planning-and-Control-based-on-Carla-and-ROS2/install/carla_msgs/include/carla_msgs/msg/detail/carla_traffic_light_info__functions.c
[1.203s] -- Up-to-date: /home/sti/Documents/Planning-and-Control-based-on-Carla-and-ROS2/install/carla_msgs/include/carla_msgs/msg/detail/carla_status__struct.h
[1.203s] -- Up-to-date: /home/sti/Documents/Planning-and-Control-based-on-Carla-and-ROS2/install/carla_msgs/include/carla_msgs/msg/detail/carla_ego_vehicle_status__type_support.h
[1.203s] -- Up-to-date: /home/sti/Documents/Planning-and-Control-based-on-Carla-and-ROS2/install/carla_msgs/include/carla_msgs/msg/detail/carla_control__type_support.h
[1.203s] -- Up-to-date: /home/sti/Documents/Planning-and-Control-based-on-Carla-and-ROS2/install/carla_msgs/include/carla_msgs/msg/detail/carla_walker_control__struct.h
[1.203s] -- Up-to-date: /home/sti/Documents/Planning-and-Control-based-on-Carla-and-ROS2/install/carla_msgs/include/carla_msgs/msg/detail/carla_lane_invasion_event__struct.h
[1.203s] -- Up-to-date: /home/sti/Documents/Planning-and-Control-based-on-Carla-and-ROS2/install/carla_msgs/include/carla_msgs/msg/detail/carla_bounding_box__type_support.h
[1.204s] -- Up-to-date: /home/sti/Documents/Planning-and-Control-based-on-Carla-and-ROS2/install/carla_msgs/include/carla_msgs/msg/detail/carla_traffic_light_info__functions.h
[1.204s] -- Up-to-date: /home/sti/Documents/Planning-and-Control-based-on-Carla-and-ROS2/install/carla_msgs/include/carla_msgs/msg/detail/carla_traffic_light_info__struct.h
[1.204s] -- Up-to-date: /home/sti/Documents/Planning-and-Control-based-on-Carla-and-ROS2/install/carla_msgs/include/carla_msgs/msg/detail/carla_ego_vehicle_info_wheel__type_support.h
[1.204s] -- Up-to-date: /home/sti/Documents/Planning-and-Control-based-on-Carla-and-ROS2/install/carla_msgs/include/carla_msgs/msg/detail/carla_ego_vehicle_control__functions.c
[1.204s] -- Up-to-date: /home/sti/Documents/Planning-and-Control-based-on-Carla-and-ROS2/install/carla_msgs/include/carla_msgs/msg/detail/carla_walker_control__type_support.h
[1.204s] -- Up-to-date: /home/sti/Documents/Planning-and-Control-based-on-Carla-and-ROS2/install/carla_msgs/include/carla_msgs/msg/detail/carla_traffic_light_status_list__functions.c
[1.204s] -- Up-to-date: /home/sti/Documents/Planning-and-Control-based-on-Carla-and-ROS2/install/carla_msgs/include/carla_msgs/msg/detail/carla_actor_list__functions.h
[1.204s] -- Up-to-date: /home/sti/Documents/Planning-and-Control-based-on-Carla-and-ROS2/install/carla_msgs/include/carla_msgs/msg/detail/carla_actor_info__functions.h
[1.204s] -- Up-to-date: /home/sti/Documents/Planning-and-Control-based-on-Carla-and-ROS2/install/carla_msgs/include/carla_msgs/msg/detail/carla_actor_list__functions.c
[1.204s] -- Up-to-date: /home/sti/Documents/Planning-and-Control-based-on-Carla-and-ROS2/install/carla_msgs/include/carla_msgs/msg/detail/carla_status__functions.c
[1.204s] -- Up-to-date: /home/sti/Documents/Planning-and-Control-based-on-Carla-and-ROS2/install/carla_msgs/include/carla_msgs/msg/detail/carla_traffic_light_status_list__type_support.h
[1.204s] -- Up-to-date: /home/sti/Documents/Planning-and-Control-based-on-Carla-and-ROS2/install/carla_msgs/include/carla_msgs/msg/detail/carla_traffic_light_status_list__functions.h
[1.204s] -- Up-to-date: /home/sti/Documents/Planning-and-Control-based-on-Carla-and-ROS2/install/carla_msgs/include/carla_msgs/msg/detail/carla_ego_vehicle_control__functions.h
[1.204s] -- Up-to-date: /home/sti/Documents/Planning-and-Control-based-on-Carla-and-ROS2/install/carla_msgs/include/carla_msgs/msg/detail/carla_world_info__functions.c
[1.204s] -- Up-to-date: /home/sti/Documents/Planning-and-Control-based-on-Carla-and-ROS2/install/carla_msgs/include/carla_msgs/msg/detail/carla_collision_event__struct.h
[1.204s] -- Up-to-date: /home/sti/Documents/Planning-and-Control-based-on-Carla-and-ROS2/install/carla_msgs/include/carla_msgs/msg/detail/carla_ego_vehicle_info__functions.c
[1.205s] -- Up-to-date: /home/sti/Documents/Planning-and-Control-based-on-Carla-and-ROS2/install/carla_msgs/include/carla_msgs/msg/detail/carla_collision_event__functions.h
[1.205s] -- Up-to-date: /home/sti/Documents/Planning-and-Control-based-on-Carla-and-ROS2/install/carla_msgs/include/carla_msgs/msg/detail/carla_ego_vehicle_info__type_support.h
[1.205s] -- Up-to-date: /home/sti/Documents/Planning-and-Control-based-on-Carla-and-ROS2/install/carla_msgs/include/carla_msgs/msg/detail/carla_traffic_light_info_list__functions.h
[1.205s] -- Up-to-date: /home/sti/Documents/Planning-and-Control-based-on-Carla-and-ROS2/install/carla_msgs/include/carla_msgs/msg/detail/carla_status__functions.h
[1.205s] -- Up-to-date: /home/sti/Documents/Planning-and-Control-based-on-Carla-and-ROS2/install/carla_msgs/include/carla_msgs/msg/detail/carla_lane_invasion_event__functions.c
[1.205s] -- Up-to-date: /home/sti/Documents/Planning-and-Control-based-on-Carla-and-ROS2/install/carla_msgs/include/carla_msgs/msg/detail/carla_traffic_light_info_list__functions.c
[1.205s] -- Up-to-date: /home/sti/Documents/Planning-and-Control-based-on-Carla-and-ROS2/install/carla_msgs/include/carla_msgs/msg/detail/carla_traffic_light_info_list__type_support.h
[1.205s] -- Up-to-date: /home/sti/Documents/Planning-and-Control-based-on-Carla-and-ROS2/install/carla_msgs/include/carla_msgs/msg/detail/carla_ego_vehicle_info__struct.h
[1.205s] -- Up-to-date: /home/sti/Documents/Planning-and-Control-based-on-Carla-and-ROS2/install/carla_msgs/include/carla_msgs/msg/detail/carla_traffic_light_status__functions.h
[1.205s] -- Up-to-date: /home/sti/Documents/Planning-and-Control-based-on-Carla-and-ROS2/install/carla_msgs/include/carla_msgs/msg/detail/carla_control__functions.h
[1.205s] -- Up-to-date: /home/sti/Documents/Planning-and-Control-based-on-Carla-and-ROS2/install/carla_msgs/include/carla_msgs/msg/detail/carla_control__struct.h
[1.205s] -- Up-to-date: /home/sti/Documents/Planning-and-Control-based-on-Carla-and-ROS2/install/carla_msgs/include/carla_msgs/msg/detail/carla_ego_vehicle_info__functions.h
[1.206s] -- Up-to-date: /home/sti/Documents/Planning-and-Control-based-on-Carla-and-ROS2/install/carla_msgs/include/carla_msgs/msg/detail/carla_walker_control__functions.h
[1.206s] -- Up-to-date: /home/sti/Documents/Planning-and-Control-based-on-Carla-and-ROS2/install/carla_msgs/include/carla_msgs/msg/detail/carla_traffic_light_status__struct.h
[1.206s] -- Up-to-date: /home/sti/Documents/Planning-and-Control-based-on-Carla-and-ROS2/install/carla_msgs/include/carla_msgs/msg/detail/carla_ego_vehicle_control__type_support.h
[1.206s] -- Up-to-date: /home/sti/Documents/Planning-and-Control-based-on-Carla-and-ROS2/install/carla_msgs/include/carla_msgs/msg/detail/carla_ego_vehicle_info_wheel__struct.h
[1.206s] -- Up-to-date: /home/sti/Documents/Planning-and-Control-based-on-Carla-and-ROS2/install/carla_msgs/include/carla_msgs/msg/detail/carla_weather_parameters__functions.h
[1.206s] -- Up-to-date: /home/sti/Documents/Planning-and-Control-based-on-Carla-and-ROS2/install/carla_msgs/include/carla_msgs/msg/detail/carla_status__type_support.h
[1.206s] -- Up-to-date: /home/sti/Documents/Planning-and-Control-based-on-Carla-and-ROS2/install/carla_msgs/include/carla_msgs/msg/detail/carla_world_info__functions.h
[1.206s] -- Up-to-date: /home/sti/Documents/Planning-and-Control-based-on-Carla-and-ROS2/install/carla_msgs/include/carla_msgs/msg/detail/carla_ego_vehicle_status__struct.h
[1.206s] -- Up-to-date: /home/sti/Documents/Planning-and-Control-based-on-Carla-and-ROS2/install/carla_msgs/include/carla_msgs/msg/detail/carla_traffic_light_status_list__struct.h
[1.206s] -- Up-to-date: /home/sti/Documents/Planning-and-Control-based-on-Carla-and-ROS2/install/carla_msgs/include/carla_msgs/msg/detail/carla_collision_event__functions.c
[1.206s] -- Up-to-date: /home/sti/Documents/Planning-and-Control-based-on-Carla-and-ROS2/install/carla_msgs/include/carla_msgs/msg/detail/carla_ego_vehicle_status__functions.h
[1.206s] -- Up-to-date: /home/sti/Documents/Planning-and-Control-based-on-Carla-and-ROS2/install/carla_msgs/include/carla_msgs/msg/detail/carla_ego_vehicle_info_wheel__functions.c
[1.206s] -- Up-to-date: /home/sti/Documents/Planning-and-Control-based-on-Carla-and-ROS2/install/carla_msgs/include/carla_msgs/msg/detail/carla_actor_list__struct.h
[1.206s] -- Up-to-date: /home/sti/Documents/Planning-and-Control-based-on-Carla-and-ROS2/install/carla_msgs/include/carla_msgs/msg/detail/carla_walker_control__functions.c
[1.206s] -- Up-to-date: /home/sti/Documents/Planning-and-Control-based-on-Carla-and-ROS2/install/carla_msgs/include/carla_msgs/msg/detail/carla_traffic_light_status__type_support.h
[1.206s] -- Up-to-date: /home/sti/Documents/Planning-and-Control-based-on-Carla-and-ROS2/install/carla_msgs/include/carla_msgs/msg/detail/carla_weather_parameters__struct.h
[1.207s] -- Up-to-date: /home/sti/Documents/Planning-and-Control-based-on-Carla-and-ROS2/install/carla_msgs/include/carla_msgs/msg/detail/carla_control__functions.c
[1.207s] -- Up-to-date: /home/sti/Documents/Planning-and-Control-based-on-Carla-and-ROS2/install/carla_msgs/include/carla_msgs/msg/detail/carla_traffic_light_info__type_support.h
[1.207s] -- Up-to-date: /home/sti/Documents/Planning-and-Control-based-on-Carla-and-ROS2/install/carla_msgs/include/carla_msgs/msg/detail/carla_traffic_light_status__functions.c
[1.207s] -- Up-to-date: /home/sti/Documents/Planning-and-Control-based-on-Carla-and-ROS2/install/carla_msgs/include/carla_msgs/msg/detail/carla_bounding_box__functions.h
[1.207s] -- Up-to-date: /home/sti/Documents/Planning-and-Control-based-on-Carla-and-ROS2/install/carla_msgs/include/carla_msgs/msg/detail/carla_world_info__struct.h
[1.207s] -- Up-to-date: /home/sti/Documents/Planning-and-Control-based-on-Carla-and-ROS2/install/carla_msgs/include/carla_msgs/msg/detail/carla_traffic_light_info_list__struct.h
[1.207s] -- Up-to-date: /home/sti/Documents/Planning-and-Control-based-on-Carla-and-ROS2/install/carla_msgs/include/carla_msgs/msg/detail/carla_actor_list__type_support.h
[1.207s] -- Up-to-date: /home/sti/Documents/Planning-and-Control-based-on-Carla-and-ROS2/install/carla_msgs/include/carla_msgs/msg/detail/carla_collision_event__type_support.h
[1.207s] -- Up-to-date: /home/sti/Documents/Planning-and-Control-based-on-Carla-and-ROS2/install/carla_msgs/include/carla_msgs/msg/detail/carla_actor_info__functions.c
[1.207s] -- Up-to-date: /home/sti/Documents/Planning-and-Control-based-on-Carla-and-ROS2/install/carla_msgs/include/carla_msgs/msg/detail/carla_weather_parameters__type_support.h
[1.207s] -- Up-to-date: /home/sti/Documents/Planning-and-Control-based-on-Carla-and-ROS2/install/carla_msgs/include/carla_msgs/msg/detail/carla_bounding_box__struct.h
[1.207s] -- Up-to-date: /home/sti/Documents/Planning-and-Control-based-on-Carla-and-ROS2/install/carla_msgs/include/carla_msgs/msg/detail/carla_actor_info__struct.h
[1.207s] -- Up-to-date: /home/sti/Documents/Planning-and-Control-based-on-Carla-and-ROS2/install/carla_msgs/include/carla_msgs/msg/detail/carla_ego_vehicle_control__struct.h
[1.207s] -- Up-to-date: /home/sti/Documents/Planning-and-Control-based-on-Carla-and-ROS2/install/carla_msgs/include/carla_msgs/msg/detail/carla_bounding_box__functions.c
[1.207s] -- Up-to-date: /home/sti/Documents/Planning-and-Control-based-on-Carla-and-ROS2/install/carla_msgs/include/carla_msgs/msg/detail/carla_world_info__type_support.h
[1.207s] -- Up-to-date: /home/sti/Documents/Planning-and-Control-based-on-Carla-and-ROS2/install/carla_msgs/include/carla_msgs/msg/detail/carla_lane_invasion_event__functions.h
[1.208s] -- Up-to-date: /home/sti/Documents/Planning-and-Control-based-on-Carla-and-ROS2/install/carla_msgs/include/carla_msgs/msg/detail/carla_actor_info__type_support.h
[1.208s] -- Up-to-date: /home/sti/Documents/Planning-and-Control-based-on-Carla-and-ROS2/install/carla_msgs/include/carla_msgs/msg/detail/carla_ego_vehicle_status__functions.c
[1.208s] -- Up-to-date: /home/sti/Documents/Planning-and-Control-based-on-Carla-and-ROS2/install/carla_msgs/include/carla_msgs/msg/detail/carla_weather_parameters__functions.c
[1.208s] -- Up-to-date: /home/sti/Documents/Planning-and-Control-based-on-Carla-and-ROS2/install/carla_msgs/include/carla_msgs/msg/detail/carla_lane_invasion_event__type_support.h
[1.208s] -- Up-to-date: /home/sti/Documents/Planning-and-Control-based-on-Carla-and-ROS2/install/carla_msgs/share/carla_msgs/environment/library_path.sh
[1.208s] -- Up-to-date: /home/sti/Documents/Planning-and-Control-based-on-Carla-and-ROS2/install/carla_msgs/share/carla_msgs/environment/library_path.dsv
[1.208s] -- Up-to-date: /home/sti/Documents/Planning-and-Control-based-on-Carla-and-ROS2/install/carla_msgs/lib/libcarla_msgs__rosidl_generator_c.so
[1.208s] -- Up-to-date: /home/sti/Documents/Planning-and-Control-based-on-Carla-and-ROS2/install/carla_msgs/include/carla_msgs
[1.208s] -- Up-to-date: /home/sti/Documents/Planning-and-Control-based-on-Carla-and-ROS2/install/carla_msgs/include/carla_msgs/srv
[1.208s] -- Up-to-date: /home/sti/Documents/Planning-and-Control-based-on-Carla-and-ROS2/install/carla_msgs/include/carla_msgs/srv/detail
[1.208s] -- Up-to-date: /home/sti/Documents/Planning-and-Control-based-on-Carla-and-ROS2/install/carla_msgs/include/carla_msgs/srv/detail/get_blueprints__rosidl_typesupport_fastrtps_c.h
[1.208s] -- Up-to-date: /home/sti/Documents/Planning-and-Control-based-on-Carla-and-ROS2/install/carla_msgs/include/carla_msgs/srv/detail/spawn_object__rosidl_typesupport_fastrtps_c.h
[1.208s] -- Up-to-date: /home/sti/Documents/Planning-and-Control-based-on-Carla-and-ROS2/install/carla_msgs/include/carla_msgs/srv/detail/destroy_object__rosidl_typesupport_fastrtps_c.h
[1.208s] -- Up-to-date: /home/sti/Documents/Planning-and-Control-based-on-Carla-and-ROS2/install/carla_msgs/include/carla_msgs/msg
[1.208s] -- Up-to-date: /home/sti/Documents/Planning-and-Control-based-on-Carla-and-ROS2/install/carla_msgs/include/carla_msgs/msg/rosidl_typesupport_fastrtps_c__visibility_control.h
[1.209s] -- Up-to-date: /home/sti/Documents/Planning-and-Control-based-on-Carla-and-ROS2/install/carla_msgs/include/carla_msgs/msg/detail
[1.209s] -- Up-to-date: /home/sti/Documents/Planning-and-Control-based-on-Carla-and-ROS2/install/carla_msgs/include/carla_msgs/msg/detail/carla_traffic_light_status__rosidl_typesupport_fastrtps_c.h
[1.209s] -- Up-to-date: /home/sti/Documents/Planning-and-Control-based-on-Carla-and-ROS2/install/carla_msgs/include/carla_msgs/msg/detail/carla_walker_control__rosidl_typesupport_fastrtps_c.h
[1.209s] -- Up-to-date: /home/sti/Documents/Planning-and-Control-based-on-Carla-and-ROS2/install/carla_msgs/include/carla_msgs/msg/detail/carla_collision_event__rosidl_typesupport_fastrtps_c.h
[1.209s] -- Up-to-date: /home/sti/Documents/Planning-and-Control-based-on-Carla-and-ROS2/install/carla_msgs/include/carla_msgs/msg/detail/carla_world_info__rosidl_typesupport_fastrtps_c.h
[1.209s] -- Up-to-date: /home/sti/Documents/Planning-and-Control-based-on-Carla-and-ROS2/install/carla_msgs/include/carla_msgs/msg/detail/carla_lane_invasion_event__rosidl_typesupport_fastrtps_c.h
[1.209s] -- Up-to-date: /home/sti/Documents/Planning-and-Control-based-on-Carla-and-ROS2/install/carla_msgs/include/carla_msgs/msg/detail/carla_ego_vehicle_control__rosidl_typesupport_fastrtps_c.h
[1.209s] -- Up-to-date: /home/sti/Documents/Planning-and-Control-based-on-Carla-and-ROS2/install/carla_msgs/include/carla_msgs/msg/detail/carla_control__rosidl_typesupport_fastrtps_c.h
[1.209s] -- Up-to-date: /home/sti/Documents/Planning-and-Control-based-on-Carla-and-ROS2/install/carla_msgs/include/carla_msgs/msg/detail/carla_weather_parameters__rosidl_typesupport_fastrtps_c.h
[1.209s] -- Up-to-date: /home/sti/Documents/Planning-and-Control-based-on-Carla-and-ROS2/install/carla_msgs/include/carla_msgs/msg/detail/carla_ego_vehicle_status__rosidl_typesupport_fastrtps_c.h
[1.209s] -- Up-to-date: /home/sti/Documents/Planning-and-Control-based-on-Carla-and-ROS2/install/carla_msgs/include/carla_msgs/msg/detail/carla_traffic_light_info_list__rosidl_typesupport_fastrtps_c.h
[1.210s] -- Up-to-date: /home/sti/Documents/Planning-and-Control-based-on-Carla-and-ROS2/install/carla_msgs/include/carla_msgs/msg/detail/carla_ego_vehicle_info_wheel__rosidl_typesupport_fastrtps_c.h
[1.210s] -- Up-to-date: /home/sti/Documents/Planning-and-Control-based-on-Carla-and-ROS2/install/carla_msgs/include/carla_msgs/msg/detail/carla_status__rosidl_typesupport_fastrtps_c.h
[1.210s] -- Up-to-date: /home/sti/Documents/Planning-and-Control-based-on-Carla-and-ROS2/install/carla_msgs/include/carla_msgs/msg/detail/carla_bounding_box__rosidl_typesupport_fastrtps_c.h
[1.210s] -- Up-to-date: /home/sti/Documents/Planning-and-Control-based-on-Carla-and-ROS2/install/carla_msgs/include/carla_msgs/msg/detail/carla_ego_vehicle_info__rosidl_typesupport_fastrtps_c.h
[1.210s] -- Up-to-date: /home/sti/Documents/Planning-and-Control-based-on-Carla-and-ROS2/install/carla_msgs/include/carla_msgs/msg/detail/carla_traffic_light_status_list__rosidl_typesupport_fastrtps_c.h
[1.210s] -- Up-to-date: /home/sti/Documents/Planning-and-Control-based-on-Carla-and-ROS2/install/carla_msgs/include/carla_msgs/msg/detail/carla_actor_list__rosidl_typesupport_fastrtps_c.h
[1.210s] -- Up-to-date: /home/sti/Documents/Planning-and-Control-based-on-Carla-and-ROS2/install/carla_msgs/include/carla_msgs/msg/detail/carla_traffic_light_info__rosidl_typesupport_fastrtps_c.h
[1.210s] -- Up-to-date: /home/sti/Documents/Planning-and-Control-based-on-Carla-and-ROS2/install/carla_msgs/include/carla_msgs/msg/detail/carla_actor_info__rosidl_typesupport_fastrtps_c.h
[1.210s] -- Up-to-date: /home/sti/Documents/Planning-and-Control-based-on-Carla-and-ROS2/install/carla_msgs/lib/libcarla_msgs__rosidl_typesupport_fastrtps_c.so
[1.210s] -- Up-to-date: /home/sti/Documents/Planning-and-Control-based-on-Carla-and-ROS2/install/carla_msgs/include/carla_msgs
[1.210s] -- Up-to-date: /home/sti/Documents/Planning-and-Control-based-on-Carla-and-ROS2/install/carla_msgs/include/carla_msgs/srv
[1.210s] -- Up-to-date: /home/sti/Documents/Planning-and-Control-based-on-Carla-and-ROS2/install/carla_msgs/include/carla_msgs/srv/detail
[1.210s] -- Up-to-date: /home/sti/Documents/Planning-and-Control-based-on-Carla-and-ROS2/install/carla_msgs/include/carla_msgs/srv/detail/get_blueprints__rosidl_typesupport_fastrtps_cpp.hpp
[1.211s] -- Up-to-date: /home/sti/Documents/Planning-and-Control-based-on-Carla-and-ROS2/install/carla_msgs/include/carla_msgs/srv/detail/dds_fastrtps
[1.211s] -- Up-to-date: /home/sti/Documents/Planning-and-Control-based-on-Carla-and-ROS2/install/carla_msgs/include/carla_msgs/srv/detail/spawn_object__rosidl_typesupport_fastrtps_cpp.hpp
[1.211s] -- Up-to-date: /home/sti/Documents/Planning-and-Control-based-on-Carla-and-ROS2/install/carla_msgs/include/carla_msgs/srv/detail/destroy_object__rosidl_typesupport_fastrtps_cpp.hpp
[1.211s] -- Up-to-date: /home/sti/Documents/Planning-and-Control-based-on-Carla-and-ROS2/install/carla_msgs/include/carla_msgs/msg
[1.211s] -- Up-to-date: /home/sti/Documents/Planning-and-Control-based-on-Carla-and-ROS2/install/carla_msgs/include/carla_msgs/msg/rosidl_typesupport_fastrtps_cpp__visibility_control.h
[1.211s] -- Up-to-date: /home/sti/Documents/Planning-and-Control-based-on-Carla-and-ROS2/install/carla_msgs/include/carla_msgs/msg/detail
[1.211s] -- Up-to-date: /home/sti/Documents/Planning-and-Control-based-on-Carla-and-ROS2/install/carla_msgs/include/carla_msgs/msg/detail/carla_traffic_light_status__rosidl_typesupport_fastrtps_cpp.hpp
[1.211s] -- Up-to-date: /home/sti/Documents/Planning-and-Control-based-on-Carla-and-ROS2/install/carla_msgs/include/carla_msgs/msg/detail/carla_lane_invasion_event__rosidl_typesupport_fastrtps_cpp.hpp
[1.211s] -- Up-to-date: /home/sti/Documents/Planning-and-Control-based-on-Carla-and-ROS2/install/carla_msgs/include/carla_msgs/msg/detail/carla_weather_parameters__rosidl_typesupport_fastrtps_cpp.hpp
[1.212s] -- Up-to-date: /home/sti/Documents/Planning-and-Control-based-on-Carla-and-ROS2/install/carla_msgs/include/carla_msgs/msg/detail/carla_traffic_light_status_list__rosidl_typesupport_fastrtps_cpp.hpp
[1.212s] -- Up-to-date: /home/sti/Documents/Planning-and-Control-based-on-Carla-and-ROS2/install/carla_msgs/include/carla_msgs/msg/detail/carla_world_info__rosidl_typesupport_fastrtps_cpp.hpp
[1.212s] -- Up-to-date: /home/sti/Documents/Planning-and-Control-based-on-Carla-and-ROS2/install/carla_msgs/include/carla_msgs/msg/detail/carla_actor_list__rosidl_typesupport_fastrtps_cpp.hpp
[1.212s] -- Up-to-date: /home/sti/Documents/Planning-and-Control-based-on-Carla-and-ROS2/install/carla_msgs/include/carla_msgs/msg/detail/carla_status__rosidl_typesupport_fastrtps_cpp.hpp
[1.212s] -- Up-to-date: /home/sti/Documents/Planning-and-Control-based-on-Carla-and-ROS2/install/carla_msgs/include/carla_msgs/msg/detail/dds_fastrtps
[1.212s] -- Up-to-date: /home/sti/Documents/Planning-and-Control-based-on-Carla-and-ROS2/install/carla_msgs/include/carla_msgs/msg/detail/carla_control__rosidl_typesupport_fastrtps_cpp.hpp
[1.212s] -- Up-to-date: /home/sti/Documents/Planning-and-Control-based-on-Carla-and-ROS2/install/carla_msgs/include/carla_msgs/msg/detail/carla_ego_vehicle_status__rosidl_typesupport_fastrtps_cpp.hpp
[1.212s] -- Up-to-date: /home/sti/Documents/Planning-and-Control-based-on-Carla-and-ROS2/install/carla_msgs/include/carla_msgs/msg/detail/carla_traffic_light_info__rosidl_typesupport_fastrtps_cpp.hpp
[1.212s] -- Up-to-date: /home/sti/Documents/Planning-and-Control-based-on-Carla-and-ROS2/install/carla_msgs/include/carla_msgs/msg/detail/carla_ego_vehicle_info__rosidl_typesupport_fastrtps_cpp.hpp
[1.212s] -- Up-to-date: /home/sti/Documents/Planning-and-Control-based-on-Carla-and-ROS2/install/carla_msgs/include/carla_msgs/msg/detail/carla_ego_vehicle_control__rosidl_typesupport_fastrtps_cpp.hpp
[1.212s] -- Up-to-date: /home/sti/Documents/Planning-and-Control-based-on-Carla-and-ROS2/install/carla_msgs/include/carla_msgs/msg/detail/carla_walker_control__rosidl_typesupport_fastrtps_cpp.hpp
[1.212s] -- Up-to-date: /home/sti/Documents/Planning-and-Control-based-on-Carla-and-ROS2/install/carla_msgs/include/carla_msgs/msg/detail/carla_actor_info__rosidl_typesupport_fastrtps_cpp.hpp
[1.212s] -- Up-to-date: /home/sti/Documents/Planning-and-Control-based-on-Carla-and-ROS2/install/carla_msgs/include/carla_msgs/msg/detail/carla_collision_event__rosidl_typesupport_fastrtps_cpp.hpp
[1.212s] -- Up-to-date: /home/sti/Documents/Planning-and-Control-based-on-Carla-and-ROS2/install/carla_msgs/include/carla_msgs/msg/detail/carla_traffic_light_info_list__rosidl_typesupport_fastrtps_cpp.hpp
[1.213s] -- Up-to-date: /home/sti/Documents/Planning-and-Control-based-on-Carla-and-ROS2/install/carla_msgs/include/carla_msgs/msg/detail/carla_bounding_box__rosidl_typesupport_fastrtps_cpp.hpp
[1.213s] -- Up-to-date: /home/sti/Documents/Planning-and-Control-based-on-Carla-and-ROS2/install/carla_msgs/include/carla_msgs/msg/detail/carla_ego_vehicle_info_wheel__rosidl_typesupport_fastrtps_cpp.hpp
[1.213s] -- Up-to-date: /home/sti/Documents/Planning-and-Control-based-on-Carla-and-ROS2/install/carla_msgs/lib/libcarla_msgs__rosidl_typesupport_fastrtps_cpp.so
[1.213s] -- Up-to-date: /home/sti/Documents/Planning-and-Control-based-on-Carla-and-ROS2/install/carla_msgs/include/carla_msgs
[1.213s] -- Up-to-date: /home/sti/Documents/Planning-and-Control-based-on-Carla-and-ROS2/install/carla_msgs/include/carla_msgs/srv
[1.213s] -- Up-to-date: /home/sti/Documents/Planning-and-Control-based-on-Carla-and-ROS2/install/carla_msgs/include/carla_msgs/srv/detail
[1.213s] -- Up-to-date: /home/sti/Documents/Planning-and-Control-based-on-Carla-and-ROS2/install/carla_msgs/include/carla_msgs/srv/detail/get_blueprints__rosidl_typesupport_introspection_c.h
[1.213s] -- Up-to-date: /home/sti/Documents/Planning-and-Control-based-on-Carla-and-ROS2/install/carla_msgs/include/carla_msgs/srv/detail/destroy_object__type_support.c
[1.213s] -- Up-to-date: /home/sti/Documents/Planning-and-Control-based-on-Carla-and-ROS2/install/carla_msgs/include/carla_msgs/srv/detail/spawn_object__rosidl_typesupport_introspection_c.h
[1.213s] -- Up-to-date: /home/sti/Documents/Planning-and-Control-based-on-Carla-and-ROS2/install/carla_msgs/include/carla_msgs/srv/detail/spawn_object__type_support.c
[1.213s] -- Up-to-date: /home/sti/Documents/Planning-and-Control-based-on-Carla-and-ROS2/install/carla_msgs/include/carla_msgs/srv/detail/destroy_object__rosidl_typesupport_introspection_c.h
[1.213s] -- Up-to-date: /home/sti/Documents/Planning-and-Control-based-on-Carla-and-ROS2/install/carla_msgs/include/carla_msgs/srv/detail/get_blueprints__type_support.c
[1.213s] -- Up-to-date: /home/sti/Documents/Planning-and-Control-based-on-Carla-and-ROS2/install/carla_msgs/include/carla_msgs/msg
[1.213s] -- Up-to-date: /home/sti/Documents/Planning-and-Control-based-on-Carla-and-ROS2/install/carla_msgs/include/carla_msgs/msg/rosidl_typesupport_introspection_c__visibility_control.h
[1.213s] -- Up-to-date: /home/sti/Documents/Planning-and-Control-based-on-Carla-and-ROS2/install/carla_msgs/include/carla_msgs/msg/detail
[1.214s] -- Up-to-date: /home/sti/Documents/Planning-and-Control-based-on-Carla-and-ROS2/install/carla_msgs/include/carla_msgs/msg/detail/carla_weather_parameters__type_support.c
[1.214s] -- Up-to-date: /home/sti/Documents/Planning-and-Control-based-on-Carla-and-ROS2/install/carla_msgs/include/carla_msgs/msg/detail/carla_traffic_light_status__type_support.c
[1.214s] -- Up-to-date: /home/sti/Documents/Planning-and-Control-based-on-Carla-and-ROS2/install/carla_msgs/include/carla_msgs/msg/detail/carla_ego_vehicle_status__rosidl_typesupport_introspection_c.h
[1.214s] -- Up-to-date: /home/sti/Documents/Planning-and-Control-based-on-Carla-and-ROS2/install/carla_msgs/include/carla_msgs/msg/detail/carla_ego_vehicle_info_wheel__rosidl_typesupport_introspection_c.h
[1.214s] -- Up-to-date: /home/sti/Documents/Planning-and-Control-based-on-Carla-and-ROS2/install/carla_msgs/include/carla_msgs/msg/detail/carla_status__type_support.c
[1.214s] -- Up-to-date: /home/sti/Documents/Planning-and-Control-based-on-Carla-and-ROS2/install/carla_msgs/include/carla_msgs/msg/detail/carla_walker_control__type_support.c
[1.214s] -- Up-to-date: /home/sti/Documents/Planning-and-Control-based-on-Carla-and-ROS2/install/carla_msgs/include/carla_msgs/msg/detail/carla_traffic_light_status_list__type_support.c
[1.214s] -- Up-to-date: /home/sti/Documents/Planning-and-Control-based-on-Carla-and-ROS2/install/carla_msgs/include/carla_msgs/msg/detail/carla_lane_invasion_event__rosidl_typesupport_introspection_c.h
[1.214s] -- Up-to-date: /home/sti/Documents/Planning-and-Control-based-on-Carla-and-ROS2/install/carla_msgs/include/carla_msgs/msg/detail/carla_walker_control__rosidl_typesupport_introspection_c.h
[1.214s] -- Up-to-date: /home/sti/Documents/Planning-and-Control-based-on-Carla-and-ROS2/install/carla_msgs/include/carla_msgs/msg/detail/carla_ego_vehicle_control__type_support.c
[1.215s] -- Up-to-date: /home/sti/Documents/Planning-and-Control-based-on-Carla-and-ROS2/install/carla_msgs/include/carla_msgs/msg/detail/carla_actor_list__type_support.c
[1.215s] -- Up-to-date: /home/sti/Documents/Planning-and-Control-based-on-Carla-and-ROS2/install/carla_msgs/include/carla_msgs/msg/detail/carla_bounding_box__rosidl_typesupport_introspection_c.h
[1.215s] -- Up-to-date: /home/sti/Documents/Planning-and-Control-based-on-Carla-and-ROS2/install/carla_msgs/include/carla_msgs/msg/detail/carla_control__rosidl_typesupport_introspection_c.h
[1.216s] -- Up-to-date: /home/sti/Documents/Planning-and-Control-based-on-Carla-and-ROS2/install/carla_msgs/include/carla_msgs/msg/detail/carla_ego_vehicle_info_wheel__type_support.c
[1.216s] -- Up-to-date: /home/sti/Documents/Planning-and-Control-based-on-Carla-and-ROS2/install/carla_msgs/include/carla_msgs/msg/detail/carla_collision_event__type_support.c
[1.216s] -- Up-to-date: /home/sti/Documents/Planning-and-Control-based-on-Carla-and-ROS2/install/carla_msgs/include/carla_msgs/msg/detail/carla_ego_vehicle_info__type_support.c
[1.216s] -- Up-to-date: /home/sti/Documents/Planning-and-Control-based-on-Carla-and-ROS2/install/carla_msgs/include/carla_msgs/msg/detail/carla_traffic_light_status__rosidl_typesupport_introspection_c.h
[1.216s] -- Up-to-date: /home/sti/Documents/Planning-and-Control-based-on-Carla-and-ROS2/install/carla_msgs/include/carla_msgs/msg/detail/carla_actor_info__rosidl_typesupport_introspection_c.h
[1.216s] -- Up-to-date: /home/sti/Documents/Planning-and-Control-based-on-Carla-and-ROS2/install/carla_msgs/include/carla_msgs/msg/detail/carla_collision_event__rosidl_typesupport_introspection_c.h
[1.216s] -- Up-to-date: /home/sti/Documents/Planning-and-Control-based-on-Carla-and-ROS2/install/carla_msgs/include/carla_msgs/msg/detail/carla_traffic_light_info_list__rosidl_typesupport_introspection_c.h
[1.216s] -- Up-to-date: /home/sti/Documents/Planning-and-Control-based-on-Carla-and-ROS2/install/carla_msgs/include/carla_msgs/msg/detail/carla_world_info__type_support.c
[1.216s] -- Up-to-date: /home/sti/Documents/Planning-and-Control-based-on-Carla-and-ROS2/install/carla_msgs/include/carla_msgs/msg/detail/carla_actor_list__rosidl_typesupport_introspection_c.h
[1.216s] -- Up-to-date: /home/sti/Documents/Planning-and-Control-based-on-Carla-and-ROS2/install/carla_msgs/include/carla_msgs/msg/detail/carla_ego_vehicle_info__rosidl_typesupport_introspection_c.h
[1.216s] -- Up-to-date: /home/sti/Documents/Planning-and-Control-based-on-Carla-and-ROS2/install/carla_msgs/include/carla_msgs/msg/detail/carla_traffic_light_status_list__rosidl_typesupport_introspection_c.h
[1.216s] -- Up-to-date: /home/sti/Documents/Planning-and-Control-based-on-Carla-and-ROS2/install/carla_msgs/include/carla_msgs/msg/detail/carla_actor_info__type_support.c
[1.216s] -- Up-to-date: /home/sti/Documents/Planning-and-Control-based-on-Carla-and-ROS2/install/carla_msgs/include/carla_msgs/msg/detail/carla_world_info__rosidl_typesupport_introspection_c.h
[1.217s] -- Up-to-date: /home/sti/Documents/Planning-and-Control-based-on-Carla-and-ROS2/install/carla_msgs/include/carla_msgs/msg/detail/carla_control__type_support.c
[1.217s] -- Up-to-date: /home/sti/Documents/Planning-and-Control-based-on-Carla-and-ROS2/install/carla_msgs/include/carla_msgs/msg/detail/carla_bounding_box__type_support.c
[1.217s] -- Up-to-date: /home/sti/Documents/Planning-and-Control-based-on-Carla-and-ROS2/install/carla_msgs/include/carla_msgs/msg/detail/carla_traffic_light_info__rosidl_typesupport_introspection_c.h
[1.217s] -- Up-to-date: /home/sti/Documents/Planning-and-Control-based-on-Carla-and-ROS2/install/carla_msgs/include/carla_msgs/msg/detail/carla_ego_vehicle_status__type_support.c
[1.217s] -- Up-to-date: /home/sti/Documents/Planning-and-Control-based-on-Carla-and-ROS2/install/carla_msgs/include/carla_msgs/msg/detail/carla_weather_parameters__rosidl_typesupport_introspection_c.h
[1.217s] -- Up-to-date: /home/sti/Documents/Planning-and-Control-based-on-Carla-and-ROS2/install/carla_msgs/include/carla_msgs/msg/detail/carla_ego_vehicle_control__rosidl_typesupport_introspection_c.h
[1.217s] -- Up-to-date: /home/sti/Documents/Planning-and-Control-based-on-Carla-and-ROS2/install/carla_msgs/include/carla_msgs/msg/detail/carla_lane_invasion_event__type_support.c
[1.217s] -- Up-to-date: /home/sti/Documents/Planning-and-Control-based-on-Carla-and-ROS2/install/carla_msgs/include/carla_msgs/msg/detail/carla_status__rosidl_typesupport_introspection_c.h
[1.218s] -- Up-to-date: /home/sti/Documents/Planning-and-Control-based-on-Carla-and-ROS2/install/carla_msgs/include/carla_msgs/msg/detail/carla_traffic_light_info__type_support.c
[1.218s] -- Up-to-date: /home/sti/Documents/Planning-and-Control-based-on-Carla-and-ROS2/install/carla_msgs/include/carla_msgs/msg/detail/carla_traffic_light_info_list__type_support.c
[1.218s] -- Up-to-date: /home/sti/Documents/Planning-and-Control-based-on-Carla-and-ROS2/install/carla_msgs/lib/libcarla_msgs__rosidl_typesupport_introspection_c.so
[1.218s] -- Up-to-date: /home/sti/Documents/Planning-and-Control-based-on-Carla-and-ROS2/install/carla_msgs/lib/libcarla_msgs__rosidl_typesupport_c.so
[1.218s] -- Up-to-date: /home/sti/Documents/Planning-and-Control-based-on-Carla-and-ROS2/install/carla_msgs/include/carla_msgs
[1.218s] -- Up-to-date: /home/sti/Documents/Planning-and-Control-based-on-Carla-and-ROS2/install/carla_msgs/include/carla_msgs/srv
[1.218s] -- Up-to-date: /home/sti/Documents/Planning-and-Control-based-on-Carla-and-ROS2/install/carla_msgs/include/carla_msgs/srv/destroy_object.hpp
[1.219s] -- Up-to-date: /home/sti/Documents/Planning-and-Control-based-on-Carla-and-ROS2/install/carla_msgs/include/carla_msgs/srv/spawn_object.hpp
[1.219s] -- Up-to-date: /home/sti/Documents/Planning-and-Control-based-on-Carla-and-ROS2/install/carla_msgs/include/carla_msgs/srv/get_blueprints.hpp
[1.219s] -- Up-to-date: /home/sti/Documents/Planning-and-Control-based-on-Carla-and-ROS2/install/carla_msgs/include/carla_msgs/srv/detail
[1.219s] -- Up-to-date: /home/sti/Documents/Planning-and-Control-based-on-Carla-and-ROS2/install/carla_msgs/include/carla_msgs/srv/detail/get_blueprints__type_support.hpp
[1.219s] -- Up-to-date: /home/sti/Documents/Planning-and-Control-based-on-Carla-and-ROS2/install/carla_msgs/include/carla_msgs/srv/detail/destroy_object__struct.hpp
[1.219s] -- Up-to-date: /home/sti/Documents/Planning-and-Control-based-on-Carla-and-ROS2/install/carla_msgs/include/carla_msgs/srv/detail/get_blueprints__struct.hpp
[1.219s] -- Up-to-date: /home/sti/Documents/Planning-and-Control-based-on-Carla-and-ROS2/install/carla_msgs/include/carla_msgs/srv/detail/get_blueprints__traits.hpp
[1.219s] -- Up-to-date: /home/sti/Documents/Planning-and-Control-based-on-Carla-and-ROS2/install/carla_msgs/include/carla_msgs/srv/detail/destroy_object__traits.hpp
[1.219s] -- Up-to-date: /home/sti/Documents/Planning-and-Control-based-on-Carla-and-ROS2/install/carla_msgs/include/carla_msgs/srv/detail/spawn_object__type_support.hpp
[1.219s] -- Up-to-date: /home/sti/Documents/Planning-and-Control-based-on-Carla-and-ROS2/install/carla_msgs/include/carla_msgs/srv/detail/spawn_object__struct.hpp
[1.219s] -- Up-to-date: /home/sti/Documents/Planning-and-Control-based-on-Carla-and-ROS2/install/carla_msgs/include/carla_msgs/srv/detail/spawn_object__builder.hpp
[1.219s] -- Up-to-date: /home/sti/Documents/Planning-and-Control-based-on-Carla-and-ROS2/install/carla_msgs/include/carla_msgs/srv/detail/destroy_object__builder.hpp
[1.220s] -- Up-to-date: /home/sti/Documents/Planning-and-Control-based-on-Carla-and-ROS2/install/carla_msgs/include/carla_msgs/srv/detail/spawn_object__traits.hpp
[1.220s] -- Up-to-date: /home/sti/Documents/Planning-and-Control-based-on-Carla-and-ROS2/install/carla_msgs/include/carla_msgs/srv/detail/destroy_object__type_support.hpp
[1.220s] -- Up-to-date: /home/sti/Documents/Planning-and-Control-based-on-Carla-and-ROS2/install/carla_msgs/include/carla_msgs/srv/detail/get_blueprints__builder.hpp
[1.220s] -- Up-to-date: /home/sti/Documents/Planning-and-Control-based-on-Carla-and-ROS2/install/carla_msgs/include/carla_msgs/msg
[1.221s] -- Up-to-date: /home/sti/Documents/Planning-and-Control-based-on-Carla-and-ROS2/install/carla_msgs/include/carla_msgs/msg/carla_traffic_light_status.hpp
[1.225s] -- Up-to-date: /home/sti/Documents/Planning-and-Control-based-on-Carla-and-ROS2/install/carla_msgs/include/carla_msgs/msg/carla_bounding_box.hpp
[1.225s] -- Up-to-date: /home/sti/Documents/Planning-and-Control-based-on-Carla-and-ROS2/install/carla_msgs/include/carla_msgs/msg/carla_world_info.hpp
[1.225s] -- Up-to-date: /home/sti/Documents/Planning-and-Control-based-on-Carla-and-ROS2/install/carla_msgs/include/carla_msgs/msg/carla_traffic_light_status_list.hpp
[1.226s] -- Up-to-date: /home/sti/Documents/Planning-and-Control-based-on-Carla-and-ROS2/install/carla_msgs/include/carla_msgs/msg/carla_control.hpp
[1.226s] -- Up-to-date: /home/sti/Documents/Planning-and-Control-based-on-Carla-and-ROS2/install/carla_msgs/include/carla_msgs/msg/rosidl_generator_cpp__visibility_control.hpp
[1.226s] -- Up-to-date: /home/sti/Documents/Planning-and-Control-based-on-Carla-and-ROS2/install/carla_msgs/include/carla_msgs/msg/carla_ego_vehicle_status.hpp
[1.226s] -- Up-to-date: /home/sti/Documents/Planning-and-Control-based-on-Carla-and-ROS2/install/carla_msgs/include/carla_msgs/msg/carla_actor_list.hpp
[1.226s] -- Up-to-date: /home/sti/Documents/Planning-and-Control-based-on-Carla-and-ROS2/install/carla_msgs/include/carla_msgs/msg/carla_ego_vehicle_control.hpp
[1.227s] -- Up-to-date: /home/sti/Documents/Planning-and-Control-based-on-Carla-and-ROS2/install/carla_msgs/include/carla_msgs/msg/carla_collision_event.hpp
[1.227s] -- Up-to-date: /home/sti/Documents/Planning-and-Control-based-on-Carla-and-ROS2/install/carla_msgs/include/carla_msgs/msg/carla_ego_vehicle_info_wheel.hpp
[1.227s] -- Up-to-date: /home/sti/Documents/Planning-and-Control-based-on-Carla-and-ROS2/install/carla_msgs/include/carla_msgs/msg/carla_lane_invasion_event.hpp
[1.227s] -- Up-to-date: /home/sti/Documents/Planning-and-Control-based-on-Carla-and-ROS2/install/carla_msgs/include/carla_msgs/msg/carla_weather_parameters.hpp
[1.227s] -- Up-to-date: /home/sti/Documents/Planning-and-Control-based-on-Carla-and-ROS2/install/carla_msgs/include/carla_msgs/msg/carla_traffic_light_info.hpp
[1.227s] -- Up-to-date: /home/sti/Documents/Planning-and-Control-based-on-Carla-and-ROS2/install/carla_msgs/include/carla_msgs/msg/carla_traffic_light_info_list.hpp
[1.227s] -- Up-to-date: /home/sti/Documents/Planning-and-Control-based-on-Carla-and-ROS2/install/carla_msgs/include/carla_msgs/msg/carla_ego_vehicle_info.hpp
[1.228s] -- Up-to-date: /home/sti/Documents/Planning-and-Control-based-on-Carla-and-ROS2/install/carla_msgs/include/carla_msgs/msg/carla_walker_control.hpp
[1.228s] -- Up-to-date: /home/sti/Documents/Planning-and-Control-based-on-Carla-and-ROS2/install/carla_msgs/include/carla_msgs/msg/carla_actor_info.hpp
[1.228s] -- Up-to-date: /home/sti/Documents/Planning-and-Control-based-on-Carla-and-ROS2/install/carla_msgs/include/carla_msgs/msg/carla_status.hpp
[1.228s] -- Up-to-date: /home/sti/Documents/Planning-and-Control-based-on-Carla-and-ROS2/install/carla_msgs/include/carla_msgs/msg/detail
[1.228s] -- Up-to-date: /home/sti/Documents/Planning-and-Control-based-on-Carla-and-ROS2/install/carla_msgs/include/carla_msgs/msg/detail/carla_control__type_support.hpp
[1.228s] -- Up-to-date: /home/sti/Documents/Planning-and-Control-based-on-Carla-and-ROS2/install/carla_msgs/include/carla_msgs/msg/detail/carla_status__traits.hpp
[1.228s] -- Up-to-date: /home/sti/Documents/Planning-and-Control-based-on-Carla-and-ROS2/install/carla_msgs/include/carla_msgs/msg/detail/carla_actor_list__struct.hpp
[1.228s] -- Up-to-date: /home/sti/Documents/Planning-and-Control-based-on-Carla-and-ROS2/install/carla_msgs/include/carla_msgs/msg/detail/carla_ego_vehicle_control__traits.hpp
[1.228s] -- Up-to-date: /home/sti/Documents/Planning-and-Control-based-on-Carla-and-ROS2/install/carla_msgs/include/carla_msgs/msg/detail/carla_traffic_light_info__struct.hpp
[1.228s] -- Up-to-date: /home/sti/Documents/Planning-and-Control-based-on-Carla-and-ROS2/install/carla_msgs/include/carla_msgs/msg/detail/carla_traffic_light_status__builder.hpp
[1.229s] -- Up-to-date: /home/sti/Documents/Planning-and-Control-based-on-Carla-and-ROS2/install/carla_msgs/include/carla_msgs/msg/detail/carla_status__builder.hpp
[1.229s] -- Up-to-date: /home/sti/Documents/Planning-and-Control-based-on-Carla-and-ROS2/install/carla_msgs/include/carla_msgs/msg/detail/carla_ego_vehicle_control__builder.hpp
[1.229s] -- Up-to-date: /home/sti/Documents/Planning-and-Control-based-on-Carla-and-ROS2/install/carla_msgs/include/carla_msgs/msg/detail/carla_world_info__traits.hpp
[1.229s] -- Up-to-date: /home/sti/Documents/Planning-and-Control-based-on-Carla-and-ROS2/install/carla_msgs/include/carla_msgs/msg/detail/carla_ego_vehicle_status__type_support.hpp
[1.229s] -- Up-to-date: /home/sti/Documents/Planning-and-Control-based-on-Carla-and-ROS2/install/carla_msgs/include/carla_msgs/msg/detail/carla_walker_control__type_support.hpp
[1.229s] -- Up-to-date: /home/sti/Documents/Planning-and-Control-based-on-Carla-and-ROS2/install/carla_msgs/include/carla_msgs/msg/detail/carla_actor_list__type_support.hpp
[1.229s] -- Up-to-date: /home/sti/Documents/Planning-and-Control-based-on-Carla-and-ROS2/install/carla_msgs/include/carla_msgs/msg/detail/carla_bounding_box__traits.hpp
[1.230s] -- Up-to-date: /home/sti/Documents/Planning-and-Control-based-on-Carla-and-ROS2/install/carla_msgs/include/carla_msgs/msg/detail/carla_traffic_light_status_list__struct.hpp
[1.230s] -- Up-to-date: /home/sti/Documents/Planning-and-Control-based-on-Carla-and-ROS2/install/carla_msgs/include/carla_msgs/msg/detail/carla_ego_vehicle_control__struct.hpp
[1.230s] -- Up-to-date: /home/sti/Documents/Planning-and-Control-based-on-Carla-and-ROS2/install/carla_msgs/include/carla_msgs/msg/detail/carla_walker_control__builder.hpp
[1.230s] -- Up-to-date: /home/sti/Documents/Planning-and-Control-based-on-Carla-and-ROS2/install/carla_msgs/include/carla_msgs/msg/detail/carla_ego_vehicle_status__struct.hpp
[1.230s] -- Up-to-date: /home/sti/Documents/Planning-and-Control-based-on-Carla-and-ROS2/install/carla_msgs/include/carla_msgs/msg/detail/carla_lane_invasion_event__traits.hpp
[1.230s] -- Up-to-date: /home/sti/Documents/Planning-and-Control-based-on-Carla-and-ROS2/install/carla_msgs/include/carla_msgs/msg/detail/carla_status__type_support.hpp
[1.230s] -- Up-to-date: /home/sti/Documents/Planning-and-Control-based-on-Carla-and-ROS2/install/carla_msgs/include/carla_msgs/msg/detail/carla_traffic_light_status_list__type_support.hpp
[1.230s] -- Up-to-date: /home/sti/Documents/Planning-and-Control-based-on-Carla-and-ROS2/install/carla_msgs/include/carla_msgs/msg/detail/carla_lane_invasion_event__struct.hpp
[1.230s] -- Up-to-date: /home/sti/Documents/Planning-and-Control-based-on-Carla-and-ROS2/install/carla_msgs/include/carla_msgs/msg/detail/carla_ego_vehicle_info__builder.hpp
[1.230s] -- Up-to-date: /home/sti/Documents/Planning-and-Control-based-on-Carla-and-ROS2/install/carla_msgs/include/carla_msgs/msg/detail/carla_collision_event__struct.hpp
[1.231s] -- Up-to-date: /home/sti/Documents/Planning-and-Control-based-on-Carla-and-ROS2/install/carla_msgs/include/carla_msgs/msg/detail/carla_weather_parameters__struct.hpp
[1.231s] -- Up-to-date: /home/sti/Documents/Planning-and-Control-based-on-Carla-and-ROS2/install/carla_msgs/include/carla_msgs/msg/detail/carla_ego_vehicle_info_wheel__builder.hpp
[1.231s] -- Up-to-date: /home/sti/Documents/Planning-and-Control-based-on-Carla-and-ROS2/install/carla_msgs/include/carla_msgs/msg/detail/carla_ego_vehicle_info_wheel__type_support.hpp
[1.231s] -- Up-to-date: /home/sti/Documents/Planning-and-Control-based-on-Carla-and-ROS2/install/carla_msgs/include/carla_msgs/msg/detail/carla_bounding_box__type_support.hpp
[1.231s] -- Up-to-date: /home/sti/Documents/Planning-and-Control-based-on-Carla-and-ROS2/install/carla_msgs/include/carla_msgs/msg/detail/carla_weather_parameters__builder.hpp
[1.231s] -- Up-to-date: /home/sti/Documents/Planning-and-Control-based-on-Carla-and-ROS2/install/carla_msgs/include/carla_msgs/msg/detail/carla_actor_list__traits.hpp
[1.231s] -- Up-to-date: /home/sti/Documents/Planning-and-Control-based-on-Carla-and-ROS2/install/carla_msgs/include/carla_msgs/msg/detail/carla_ego_vehicle_info_wheel__traits.hpp
[1.231s] -- Up-to-date: /home/sti/Documents/Planning-and-Control-based-on-Carla-and-ROS2/install/carla_msgs/include/carla_msgs/msg/detail/carla_traffic_light_info_list__builder.hpp
[1.232s] -- Up-to-date: /home/sti/Documents/Planning-and-Control-based-on-Carla-and-ROS2/install/carla_msgs/include/carla_msgs/msg/detail/carla_ego_vehicle_info__struct.hpp
[1.232s] -- Up-to-date: /home/sti/Documents/Planning-and-Control-based-on-Carla-and-ROS2/install/carla_msgs/include/carla_msgs/msg/detail/carla_traffic_light_status__type_support.hpp
[1.232s] -- Up-to-date: /home/sti/Documents/Planning-and-Control-based-on-Carla-and-ROS2/install/carla_msgs/include/carla_msgs/msg/detail/carla_ego_vehicle_control__type_support.hpp
[1.232s] -- Up-to-date: /home/sti/Documents/Planning-and-Control-based-on-Carla-and-ROS2/install/carla_msgs/include/carla_msgs/msg/detail/carla_actor_info__type_support.hpp
[1.232s] -- Up-to-date: /home/sti/Documents/Planning-and-Control-based-on-Carla-and-ROS2/install/carla_msgs/include/carla_msgs/msg/detail/carla_control__builder.hpp
[1.232s] -- Up-to-date: /home/sti/Documents/Planning-and-Control-based-on-Carla-and-ROS2/install/carla_msgs/include/carla_msgs/msg/detail/carla_collision_event__type_support.hpp
[1.232s] -- Up-to-date: /home/sti/Documents/Planning-and-Control-based-on-Carla-and-ROS2/install/carla_msgs/include/carla_msgs/msg/detail/carla_lane_invasion_event__builder.hpp
[1.233s] -- Up-to-date: /home/sti/Documents/Planning-and-Control-based-on-Carla-and-ROS2/install/carla_msgs/include/carla_msgs/msg/detail/carla_actor_info__traits.hpp
[1.233s] -- Up-to-date: /home/sti/Documents/Planning-and-Control-based-on-Carla-and-ROS2/install/carla_msgs/include/carla_msgs/msg/detail/carla_actor_info__struct.hpp
[1.233s] -- Up-to-date: /home/sti/Documents/Planning-and-Control-based-on-Carla-and-ROS2/install/carla_msgs/include/carla_msgs/msg/detail/carla_traffic_light_status_list__traits.hpp
[1.233s] -- Up-to-date: /home/sti/Documents/Planning-and-Control-based-on-Carla-and-ROS2/install/carla_msgs/include/carla_msgs/msg/detail/carla_traffic_light_info_list__struct.hpp
[1.233s] -- Up-to-date: /home/sti/Documents/Planning-and-Control-based-on-Carla-and-ROS2/install/carla_msgs/include/carla_msgs/msg/detail/carla_traffic_light_info_list__traits.hpp
[1.233s] -- Up-to-date: /home/sti/Documents/Planning-and-Control-based-on-Carla-and-ROS2/install/carla_msgs/include/carla_msgs/msg/detail/carla_world_info__type_support.hpp
[1.233s] -- Up-to-date: /home/sti/Documents/Planning-and-Control-based-on-Carla-and-ROS2/install/carla_msgs/include/carla_msgs/msg/detail/carla_ego_vehicle_status__builder.hpp
[1.233s] -- Up-to-date: /home/sti/Documents/Planning-and-Control-based-on-Carla-and-ROS2/install/carla_msgs/include/carla_msgs/msg/detail/carla_bounding_box__builder.hpp
[1.234s] -- Up-to-date: /home/sti/Documents/Planning-and-Control-based-on-Carla-and-ROS2/install/carla_msgs/include/carla_msgs/msg/detail/carla_actor_info__builder.hpp
[1.234s] -- Up-to-date: /home/sti/Documents/Planning-and-Control-based-on-Carla-and-ROS2/install/carla_msgs/include/carla_msgs/msg/detail/carla_weather_parameters__traits.hpp
[1.234s] -- Up-to-date: /home/sti/Documents/Planning-and-Control-based-on-Carla-and-ROS2/install/carla_msgs/include/carla_msgs/msg/detail/carla_weather_parameters__type_support.hpp
[1.234s] -- Up-to-date: /home/sti/Documents/Planning-and-Control-based-on-Carla-and-ROS2/install/carla_msgs/include/carla_msgs/msg/detail/carla_traffic_light_status__traits.hpp
[1.234s] -- Up-to-date: /home/sti/Documents/Planning-and-Control-based-on-Carla-and-ROS2/install/carla_msgs/include/carla_msgs/msg/detail/carla_bounding_box__struct.hpp
[1.234s] -- Up-to-date: /home/sti/Documents/Planning-and-Control-based-on-Carla-and-ROS2/install/carla_msgs/include/carla_msgs/msg/detail/carla_traffic_light_info__type_support.hpp
[1.235s] -- Up-to-date: /home/sti/Documents/Planning-and-Control-based-on-Carla-and-ROS2/install/carla_msgs/include/carla_msgs/msg/detail/carla_control__struct.hpp
[1.235s] -- Up-to-date: /home/sti/Documents/Planning-and-Control-based-on-Carla-and-ROS2/install/carla_msgs/include/carla_msgs/msg/detail/carla_ego_vehicle_info__type_support.hpp
[1.235s] -- Up-to-date: /home/sti/Documents/Planning-and-Control-based-on-Carla-and-ROS2/install/carla_msgs/include/carla_msgs/msg/detail/carla_traffic_light_info__traits.hpp
[1.235s] -- Up-to-date: /home/sti/Documents/Planning-and-Control-based-on-Carla-and-ROS2/install/carla_msgs/include/carla_msgs/msg/detail/carla_traffic_light_info_list__type_support.hpp
[1.235s] -- Up-to-date: /home/sti/Documents/Planning-and-Control-based-on-Carla-and-ROS2/install/carla_msgs/include/carla_msgs/msg/detail/carla_world_info__builder.hpp
[1.235s] -- Up-to-date: /home/sti/Documents/Planning-and-Control-based-on-Carla-and-ROS2/install/carla_msgs/include/carla_msgs/msg/detail/carla_walker_control__struct.hpp
[1.235s] -- Up-to-date: /home/sti/Documents/Planning-and-Control-based-on-Carla-and-ROS2/install/carla_msgs/include/carla_msgs/msg/detail/carla_collision_event__traits.hpp
[1.235s] -- Up-to-date: /home/sti/Documents/Planning-and-Control-based-on-Carla-and-ROS2/install/carla_msgs/include/carla_msgs/msg/detail/carla_ego_vehicle_info_wheel__struct.hpp
[1.235s] -- Up-to-date: /home/sti/Documents/Planning-and-Control-based-on-Carla-and-ROS2/install/carla_msgs/include/carla_msgs/msg/detail/carla_ego_vehicle_status__traits.hpp
[1.235s] -- Up-to-date: /home/sti/Documents/Planning-and-Control-based-on-Carla-and-ROS2/install/carla_msgs/include/carla_msgs/msg/detail/carla_control__traits.hpp
[1.235s] -- Up-to-date: /home/sti/Documents/Planning-and-Control-based-on-Carla-and-ROS2/install/carla_msgs/include/carla_msgs/msg/detail/carla_ego_vehicle_info__traits.hpp
[1.236s] -- Up-to-date: /home/sti/Documents/Planning-and-Control-based-on-Carla-and-ROS2/install/carla_msgs/include/carla_msgs/msg/detail/carla_collision_event__builder.hpp
[1.236s] -- Up-to-date: /home/sti/Documents/Planning-and-Control-based-on-Carla-and-ROS2/install/carla_msgs/include/carla_msgs/msg/detail/carla_status__struct.hpp
[1.236s] -- Up-to-date: /home/sti/Documents/Planning-and-Control-based-on-Carla-and-ROS2/install/carla_msgs/include/carla_msgs/msg/detail/carla_traffic_light_status_list__builder.hpp
[1.236s] -- Up-to-date: /home/sti/Documents/Planning-and-Control-based-on-Carla-and-ROS2/install/carla_msgs/include/carla_msgs/msg/detail/carla_traffic_light_status__struct.hpp
[1.236s] -- Up-to-date: /home/sti/Documents/Planning-and-Control-based-on-Carla-and-ROS2/install/carla_msgs/include/carla_msgs/msg/detail/carla_lane_invasion_event__type_support.hpp
[1.236s] -- Up-to-date: /home/sti/Documents/Planning-and-Control-based-on-Carla-and-ROS2/install/carla_msgs/include/carla_msgs/msg/detail/carla_world_info__struct.hpp
[1.236s] -- Up-to-date: /home/sti/Documents/Planning-and-Control-based-on-Carla-and-ROS2/install/carla_msgs/include/carla_msgs/msg/detail/carla_actor_list__builder.hpp
[1.236s] -- Up-to-date: /home/sti/Documents/Planning-and-Control-based-on-Carla-and-ROS2/install/carla_msgs/include/carla_msgs/msg/detail/carla_traffic_light_info__builder.hpp
[1.236s] -- Up-to-date: /home/sti/Documents/Planning-and-Control-based-on-Carla-and-ROS2/install/carla_msgs/include/carla_msgs/msg/detail/carla_walker_control__traits.hpp
[1.236s] -- Up-to-date: /home/sti/Documents/Planning-and-Control-based-on-Carla-and-ROS2/install/carla_msgs/include/carla_msgs
[1.237s] -- Up-to-date: /home/sti/Documents/Planning-and-Control-based-on-Carla-and-ROS2/install/carla_msgs/include/carla_msgs/srv
[1.237s] -- Up-to-date: /home/sti/Documents/Planning-and-Control-based-on-Carla-and-ROS2/install/carla_msgs/include/carla_msgs/srv/detail
[1.237s] -- Up-to-date: /home/sti/Documents/Planning-and-Control-based-on-Carla-and-ROS2/install/carla_msgs/include/carla_msgs/srv/detail/get_blueprints__type_support.cpp
[1.237s] -- Up-to-date: /home/sti/Documents/Planning-and-Control-based-on-Carla-and-ROS2/install/carla_msgs/include/carla_msgs/srv/detail/get_blueprints__rosidl_typesupport_introspection_cpp.hpp
[1.237s] -- Up-to-date: /home/sti/Documents/Planning-and-Control-based-on-Carla-and-ROS2/install/carla_msgs/include/carla_msgs/srv/detail/destroy_object__type_support.cpp
[1.237s] -- Up-to-date: /home/sti/Documents/Planning-and-Control-based-on-Carla-and-ROS2/install/carla_msgs/include/carla_msgs/srv/detail/destroy_object__rosidl_typesupport_introspection_cpp.hpp
[1.237s] -- Up-to-date: /home/sti/Documents/Planning-and-Control-based-on-Carla-and-ROS2/install/carla_msgs/include/carla_msgs/srv/detail/spawn_object__rosidl_typesupport_introspection_cpp.hpp
[1.237s] -- Up-to-date: /home/sti/Documents/Planning-and-Control-based-on-Carla-and-ROS2/install/carla_msgs/include/carla_msgs/srv/detail/spawn_object__type_support.cpp
[1.237s] -- Up-to-date: /home/sti/Documents/Planning-and-Control-based-on-Carla-and-ROS2/install/carla_msgs/include/carla_msgs/msg
[1.237s] -- Up-to-date: /home/sti/Documents/Planning-and-Control-based-on-Carla-and-ROS2/install/carla_msgs/include/carla_msgs/msg/detail
[1.237s] -- Up-to-date: /home/sti/Documents/Planning-and-Control-based-on-Carla-and-ROS2/install/carla_msgs/include/carla_msgs/msg/detail/carla_weather_parameters__type_support.cpp
[1.238s] -- Up-to-date: /home/sti/Documents/Planning-and-Control-based-on-Carla-and-ROS2/install/carla_msgs/include/carla_msgs/msg/detail/carla_traffic_light_info_list__type_support.cpp
[1.238s] -- Up-to-date: /home/sti/Documents/Planning-and-Control-based-on-Carla-and-ROS2/install/carla_msgs/include/carla_msgs/msg/detail/carla_lane_invasion_event__rosidl_typesupport_introspection_cpp.hpp
[1.238s] -- Up-to-date: /home/sti/Documents/Planning-and-Control-based-on-Carla-and-ROS2/install/carla_msgs/include/carla_msgs/msg/detail/carla_ego_vehicle_status__type_support.cpp
[1.238s] -- Up-to-date: /home/sti/Documents/Planning-and-Control-based-on-Carla-and-ROS2/install/carla_msgs/include/carla_msgs/msg/detail/carla_weather_parameters__rosidl_typesupport_introspection_cpp.hpp
[1.238s] -- Up-to-date: /home/sti/Documents/Planning-and-Control-based-on-Carla-and-ROS2/install/carla_msgs/include/carla_msgs/msg/detail/carla_ego_vehicle_control__rosidl_typesupport_introspection_cpp.hpp
[1.238s] -- Up-to-date: /home/sti/Documents/Planning-and-Control-based-on-Carla-and-ROS2/install/carla_msgs/include/carla_msgs/msg/detail/carla_actor_list__type_support.cpp
[1.238s] -- Up-to-date: /home/sti/Documents/Planning-and-Control-based-on-Carla-and-ROS2/install/carla_msgs/include/carla_msgs/msg/detail/carla_bounding_box__rosidl_typesupport_introspection_cpp.hpp
[1.238s] -- Up-to-date: /home/sti/Documents/Planning-and-Control-based-on-Carla-and-ROS2/install/carla_msgs/include/carla_msgs/msg/detail/carla_actor_info__rosidl_typesupport_introspection_cpp.hpp
[1.239s] -- Up-to-date: /home/sti/Documents/Planning-and-Control-based-on-Carla-and-ROS2/install/carla_msgs/include/carla_msgs/msg/detail/carla_ego_vehicle_status__rosidl_typesupport_introspection_cpp.hpp
[1.239s] -- Up-to-date: /home/sti/Documents/Planning-and-Control-based-on-Carla-and-ROS2/install/carla_msgs/include/carla_msgs/msg/detail/carla_ego_vehicle_info__rosidl_typesupport_introspection_cpp.hpp
[1.239s] -- Up-to-date: /home/sti/Documents/Planning-and-Control-based-on-Carla-and-ROS2/install/carla_msgs/include/carla_msgs/msg/detail/carla_traffic_light_status__type_support.cpp
[1.240s] -- Up-to-date: /home/sti/Documents/Planning-and-Control-based-on-Carla-and-ROS2/install/carla_msgs/include/carla_msgs/msg/detail/carla_collision_event__type_support.cpp
[1.240s] -- Up-to-date: /home/sti/Documents/Planning-and-Control-based-on-Carla-and-ROS2/install/carla_msgs/include/carla_msgs/msg/detail/carla_control__type_support.cpp
[1.240s] -- Up-to-date: /home/sti/Documents/Planning-and-Control-based-on-Carla-and-ROS2/install/carla_msgs/include/carla_msgs/msg/detail/carla_ego_vehicle_info_wheel__rosidl_typesupport_introspection_cpp.hpp
[1.240s] -- Up-to-date: /home/sti/Documents/Planning-and-Control-based-on-Carla-and-ROS2/install/carla_msgs/include/carla_msgs/msg/detail/carla_traffic_light_status__rosidl_typesupport_introspection_cpp.hpp
[1.240s] -- Up-to-date: /home/sti/Documents/Planning-and-Control-based-on-Carla-and-ROS2/install/carla_msgs/include/carla_msgs/msg/detail/carla_world_info__type_support.cpp
[1.240s] -- Up-to-date: /home/sti/Documents/Planning-and-Control-based-on-Carla-and-ROS2/install/carla_msgs/include/carla_msgs/msg/detail/carla_status__rosidl_typesupport_introspection_cpp.hpp
[1.240s] -- Up-to-date: /home/sti/Documents/Planning-and-Control-based-on-Carla-and-ROS2/install/carla_msgs/include/carla_msgs/msg/detail/carla_world_info__rosidl_typesupport_introspection_cpp.hpp
[1.240s] -- Up-to-date: /home/sti/Documents/Planning-and-Control-based-on-Carla-and-ROS2/install/carla_msgs/include/carla_msgs/msg/detail/carla_lane_invasion_event__type_support.cpp
[1.240s] -- Up-to-date: /home/sti/Documents/Planning-and-Control-based-on-Carla-and-ROS2/install/carla_msgs/include/carla_msgs/msg/detail/carla_ego_vehicle_control__type_support.cpp
[1.240s] -- Up-to-date: /home/sti/Documents/Planning-and-Control-based-on-Carla-and-ROS2/install/carla_msgs/include/carla_msgs/msg/detail/carla_bounding_box__type_support.cpp
[1.240s] -- Up-to-date: /home/sti/Documents/Planning-and-Control-based-on-Carla-and-ROS2/install/carla_msgs/include/carla_msgs/msg/detail/carla_ego_vehicle_info_wheel__type_support.cpp
[1.241s] -- Up-to-date: /home/sti/Documents/Planning-and-Control-based-on-Carla-and-ROS2/install/carla_msgs/include/carla_msgs/msg/detail/carla_traffic_light_status_list__rosidl_typesupport_introspection_cpp.hpp
[1.241s] -- Up-to-date: /home/sti/Documents/Planning-and-Control-based-on-Carla-and-ROS2/install/carla_msgs/include/carla_msgs/msg/detail/carla_traffic_light_info_list__rosidl_typesupport_introspection_cpp.hpp
[1.241s] -- Up-to-date: /home/sti/Documents/Planning-and-Control-based-on-Carla-and-ROS2/install/carla_msgs/include/carla_msgs/msg/detail/carla_ego_vehicle_info__type_support.cpp
[1.241s] -- Up-to-date: /home/sti/Documents/Planning-and-Control-based-on-Carla-and-ROS2/install/carla_msgs/include/carla_msgs/msg/detail/carla_collision_event__rosidl_typesupport_introspection_cpp.hpp
[1.241s] -- Up-to-date: /home/sti/Documents/Planning-and-Control-based-on-Carla-and-ROS2/install/carla_msgs/include/carla_msgs/msg/detail/carla_status__type_support.cpp
[1.241s] -- Up-to-date: /home/sti/Documents/Planning-and-Control-based-on-Carla-and-ROS2/install/carla_msgs/include/carla_msgs/msg/detail/carla_traffic_light_status_list__type_support.cpp
[1.241s] -- Up-to-date: /home/sti/Documents/Planning-and-Control-based-on-Carla-and-ROS2/install/carla_msgs/include/carla_msgs/msg/detail/carla_walker_control__type_support.cpp
[1.241s] -- Up-to-date: /home/sti/Documents/Planning-and-Control-based-on-Carla-and-ROS2/install/carla_msgs/include/carla_msgs/msg/detail/carla_traffic_light_info__type_support.cpp
[1.241s] -- Up-to-date: /home/sti/Documents/Planning-and-Control-based-on-Carla-and-ROS2/install/carla_msgs/include/carla_msgs/msg/detail/carla_actor_info__type_support.cpp
[1.241s] -- Up-to-date: /home/sti/Documents/Planning-and-Control-based-on-Carla-and-ROS2/install/carla_msgs/include/carla_msgs/msg/detail/carla_control__rosidl_typesupport_introspection_cpp.hpp
[1.241s] -- Up-to-date: /home/sti/Documents/Planning-and-Control-based-on-Carla-and-ROS2/install/carla_msgs/include/carla_msgs/msg/detail/carla_actor_list__rosidl_typesupport_introspection_cpp.hpp
[1.242s] -- Up-to-date: /home/sti/Documents/Planning-and-Control-based-on-Carla-and-ROS2/install/carla_msgs/include/carla_msgs/msg/detail/carla_traffic_light_info__rosidl_typesupport_introspection_cpp.hpp
[1.242s] -- Up-to-date: /home/sti/Documents/Planning-and-Control-based-on-Carla-and-ROS2/install/carla_msgs/include/carla_msgs/msg/detail/carla_walker_control__rosidl_typesupport_introspection_cpp.hpp
[1.242s] -- Up-to-date: /home/sti/Documents/Planning-and-Control-based-on-Carla-and-ROS2/install/carla_msgs/lib/libcarla_msgs__rosidl_typesupport_introspection_cpp.so
[1.242s] -- Up-to-date: /home/sti/Documents/Planning-and-Control-based-on-Carla-and-ROS2/install/carla_msgs/lib/libcarla_msgs__rosidl_typesupport_cpp.so
[1.242s] -- Up-to-date: /home/sti/Documents/Planning-and-Control-based-on-Carla-and-ROS2/install/carla_msgs/share/carla_msgs/environment/pythonpath.sh
[1.242s] -- Up-to-date: /home/sti/Documents/Planning-and-Control-based-on-Carla-and-ROS2/install/carla_msgs/share/carla_msgs/environment/pythonpath.dsv
[1.242s] -- Up-to-date: /home/sti/Documents/Planning-and-Control-based-on-Carla-and-ROS2/install/carla_msgs/lib/python3.8/site-packages/carla_msgs/__init__.py
[1.248s] -- Up-to-date: /home/sti/Documents/Planning-and-Control-based-on-Carla-and-ROS2/install/carla_msgs/lib/python3.8/site-packages/carla_msgs/msg
[1.248s] -- Up-to-date: /home/sti/Documents/Planning-and-Control-based-on-Carla-and-ROS2/install/carla_msgs/lib/python3.8/site-packages/carla_msgs/msg/_carla_traffic_light_status_list.py
[1.248s] -- Up-to-date: /home/sti/Documents/Planning-and-Control-based-on-Carla-and-ROS2/install/carla_msgs/lib/python3.8/site-packages/carla_msgs/msg/_carla_walker_control.py
[1.249s] -- Up-to-date: /home/sti/Documents/Planning-and-Control-based-on-Carla-and-ROS2/install/carla_msgs/lib/python3.8/site-packages/carla_msgs/msg/_carla_traffic_light_status_s.c
[1.249s] -- Up-to-date: /home/sti/Documents/Planning-and-Control-based-on-Carla-and-ROS2/install/carla_msgs/lib/python3.8/site-packages/carla_msgs/msg/_carla_ego_vehicle_control.py
[1.249s] -- Up-to-date: /home/sti/Documents/Planning-and-Control-based-on-Carla-and-ROS2/install/carla_msgs/lib/python3.8/site-packages/carla_msgs/msg/_carla_traffic_light_info.py
[1.249s] -- Up-to-date: /home/sti/Documents/Planning-and-Control-based-on-Carla-and-ROS2/install/carla_msgs/lib/python3.8/site-packages/carla_msgs/msg/_carla_ego_vehicle_info_wheel.py
[1.249s] -- Up-to-date: /home/sti/Documents/Planning-and-Control-based-on-Carla-and-ROS2/install/carla_msgs/lib/python3.8/site-packages/carla_msgs/msg/_carla_actor_list.py
[1.251s] -- Up-to-date: /home/sti/Documents/Planning-and-Control-based-on-Carla-and-ROS2/install/carla_msgs/lib/python3.8/site-packages/carla_msgs/msg/_carla_traffic_light_info_list.py
[1.251s] -- Up-to-date: /home/sti/Documents/Planning-and-Control-based-on-Carla-and-ROS2/install/carla_msgs/lib/python3.8/site-packages/carla_msgs/msg/_carla_world_info_s.c
[1.251s] -- Up-to-date: /home/sti/Documents/Planning-and-Control-based-on-Carla-and-ROS2/install/carla_msgs/lib/python3.8/site-packages/carla_msgs/msg/_carla_lane_invasion_event_s.c
[1.251s] -- Up-to-date: /home/sti/Documents/Planning-and-Control-based-on-Carla-and-ROS2/install/carla_msgs/lib/python3.8/site-packages/carla_msgs/msg/_carla_traffic_light_info_s.c
[1.252s] -- Up-to-date: /home/sti/Documents/Planning-and-Control-based-on-Carla-and-ROS2/install/carla_msgs/lib/python3.8/site-packages/carla_msgs/msg/_carla_status.py
[1.252s] -- Up-to-date: /home/sti/Documents/Planning-and-Control-based-on-Carla-and-ROS2/install/carla_msgs/lib/python3.8/site-packages/carla_msgs/msg/_carla_ego_vehicle_control_s.c
[1.252s] -- Up-to-date: /home/sti/Documents/Planning-and-Control-based-on-Carla-and-ROS2/install/carla_msgs/lib/python3.8/site-packages/carla_msgs/msg/_carla_ego_vehicle_info_s.c
[1.252s] -- Up-to-date: /home/sti/Documents/Planning-and-Control-based-on-Carla-and-ROS2/install/carla_msgs/lib/python3.8/site-packages/carla_msgs/msg/_carla_ego_vehicle_status_s.c
[1.253s] -- Up-to-date: /home/sti/Documents/Planning-and-Control-based-on-Carla-and-ROS2/install/carla_msgs/lib/python3.8/site-packages/carla_msgs/msg/_carla_world_info.py
[1.253s] -- Up-to-date: /home/sti/Documents/Planning-and-Control-based-on-Carla-and-ROS2/install/carla_msgs/lib/python3.8/site-packages/carla_msgs/msg/_carla_traffic_light_info_list_s.c
[1.253s] -- Up-to-date: /home/sti/Documents/Planning-and-Control-based-on-Carla-and-ROS2/install/carla_msgs/lib/python3.8/site-packages/carla_msgs/msg/_carla_bounding_box_s.c
[1.253s] -- Up-to-date: /home/sti/Documents/Planning-and-Control-based-on-Carla-and-ROS2/install/carla_msgs/lib/python3.8/site-packages/carla_msgs/msg/_carla_weather_parameters.py
[1.253s] -- Up-to-date: /home/sti/Documents/Planning-and-Control-based-on-Carla-and-ROS2/install/carla_msgs/lib/python3.8/site-packages/carla_msgs/msg/_carla_walker_control_s.c
[1.253s] -- Up-to-date: /home/sti/Documents/Planning-and-Control-based-on-Carla-and-ROS2/install/carla_msgs/lib/python3.8/site-packages/carla_msgs/msg/_carla_traffic_light_status_list_s.c
[1.253s] -- Up-to-date: /home/sti/Documents/Planning-and-Control-based-on-Carla-and-ROS2/install/carla_msgs/lib/python3.8/site-packages/carla_msgs/msg/_carla_ego_vehicle_status.py
[1.253s] -- Up-to-date: /home/sti/Documents/Planning-and-Control-based-on-Carla-and-ROS2/install/carla_msgs/lib/python3.8/site-packages/carla_msgs/msg/_carla_actor_info.py
[1.253s] -- Up-to-date: /home/sti/Documents/Planning-and-Control-based-on-Carla-and-ROS2/install/carla_msgs/lib/python3.8/site-packages/carla_msgs/msg/_carla_ego_vehicle_info_wheel_s.c
[1.254s] -- Up-to-date: /home/sti/Documents/Planning-and-Control-based-on-Carla-and-ROS2/install/carla_msgs/lib/python3.8/site-packages/carla_msgs/msg/_carla_weather_parameters_s.c
[1.254s] -- Up-to-date: /home/sti/Documents/Planning-and-Control-based-on-Carla-and-ROS2/install/carla_msgs/lib/python3.8/site-packages/carla_msgs/msg/_carla_lane_invasion_event.py
[1.254s] -- Up-to-date: /home/sti/Documents/Planning-and-Control-based-on-Carla-and-ROS2/install/carla_msgs/lib/python3.8/site-packages/carla_msgs/msg/_carla_ego_vehicle_info.py
[1.255s] -- Up-to-date: /home/sti/Documents/Planning-and-Control-based-on-Carla-and-ROS2/install/carla_msgs/lib/python3.8/site-packages/carla_msgs/msg/_carla_actor_info_s.c
[1.255s] -- Up-to-date: /home/sti/Documents/Planning-and-Control-based-on-Carla-and-ROS2/install/carla_msgs/lib/python3.8/site-packages/carla_msgs/msg/_carla_bounding_box.py
[1.255s] -- Up-to-date: /home/sti/Documents/Planning-and-Control-based-on-Carla-and-ROS2/install/carla_msgs/lib/python3.8/site-packages/carla_msgs/msg/_carla_collision_event_s.c
[1.256s] -- Up-to-date: /home/sti/Documents/Planning-and-Control-based-on-Carla-and-ROS2/install/carla_msgs/lib/python3.8/site-packages/carla_msgs/msg/_carla_actor_list_s.c
[1.256s] -- Up-to-date: /home/sti/Documents/Planning-and-Control-based-on-Carla-and-ROS2/install/carla_msgs/lib/python3.8/site-packages/carla_msgs/msg/_carla_status_s.c
[1.256s] -- Up-to-date: /home/sti/Documents/Planning-and-Control-based-on-Carla-and-ROS2/install/carla_msgs/lib/python3.8/site-packages/carla_msgs/msg/_carla_collision_event.py
[1.256s] -- Up-to-date: /home/sti/Documents/Planning-and-Control-based-on-Carla-and-ROS2/install/carla_msgs/lib/python3.8/site-packages/carla_msgs/msg/__init__.py
[1.256s] -- Up-to-date: /home/sti/Documents/Planning-and-Control-based-on-Carla-and-ROS2/install/carla_msgs/lib/python3.8/site-packages/carla_msgs/msg/_carla_control.py
[1.257s] -- Up-to-date: /home/sti/Documents/Planning-and-Control-based-on-Carla-and-ROS2/install/carla_msgs/lib/python3.8/site-packages/carla_msgs/msg/_carla_control_s.c
[1.257s] -- Up-to-date: /home/sti/Documents/Planning-and-Control-based-on-Carla-and-ROS2/install/carla_msgs/lib/python3.8/site-packages/carla_msgs/msg/_carla_traffic_light_status.py
[1.258s] -- Up-to-date: /home/sti/Documents/Planning-and-Control-based-on-Carla-and-ROS2/install/carla_msgs/lib/python3.8/site-packages/carla_msgs/srv
[1.259s] -- Up-to-date: /home/sti/Documents/Planning-and-Control-based-on-Carla-and-ROS2/install/carla_msgs/lib/python3.8/site-packages/carla_msgs/srv/_destroy_object.py
[1.259s] -- Up-to-date: /home/sti/Documents/Planning-and-Control-based-on-Carla-and-ROS2/install/carla_msgs/lib/python3.8/site-packages/carla_msgs/srv/_destroy_object_s.c
[1.259s] -- Up-to-date: /home/sti/Documents/Planning-and-Control-based-on-Carla-and-ROS2/install/carla_msgs/lib/python3.8/site-packages/carla_msgs/srv/_spawn_object.py
[1.260s] -- Up-to-date: /home/sti/Documents/Planning-and-Control-based-on-Carla-and-ROS2/install/carla_msgs/lib/python3.8/site-packages/carla_msgs/srv/_get_blueprints_s.c
[1.260s] -- Up-to-date: /home/sti/Documents/Planning-and-Control-based-on-Carla-and-ROS2/install/carla_msgs/lib/python3.8/site-packages/carla_msgs/srv/_get_blueprints.py
[1.260s] -- Up-to-date: /home/sti/Documents/Planning-and-Control-based-on-Carla-and-ROS2/install/carla_msgs/lib/python3.8/site-packages/carla_msgs/srv/_spawn_object_s.c
[1.260s] -- Up-to-date: /home/sti/Documents/Planning-and-Control-based-on-Carla-and-ROS2/install/carla_msgs/lib/python3.8/site-packages/carla_msgs/srv/__init__.py
[1.261s] -- Up-to-date: /home/sti/Documents/Planning-and-Control-based-on-Carla-and-ROS2/install/carla_msgs/lib/python3.8/site-packages/carla_msgs/carla_msgs_s__rosidl_typesupport_fastrtps_c.cpython-38-x86_64-linux-gnu.so
[1.261s] -- Up-to-date: /home/sti/Documents/Planning-and-Control-based-on-Carla-and-ROS2/install/carla_msgs/lib/python3.8/site-packages/carla_msgs/carla_msgs_s__rosidl_typesupport_introspection_c.cpython-38-x86_64-linux-gnu.so
[1.261s] -- Up-to-date: /home/sti/Documents/Planning-and-Control-based-on-Carla-and-ROS2/install/carla_msgs/lib/python3.8/site-packages/carla_msgs/carla_msgs_s__rosidl_typesupport_c.cpython-38-x86_64-linux-gnu.so
[1.261s] -- Up-to-date: /home/sti/Documents/Planning-and-Control-based-on-Carla-and-ROS2/install/carla_msgs/lib/libcarla_msgs__python.so
[1.262s] -- Up-to-date: /home/sti/Documents/Planning-and-Control-based-on-Carla-and-ROS2/install/carla_msgs/share/carla_msgs/msg/CarlaBoundingBox.idl
[1.262s] -- Up-to-date: /home/sti/Documents/Planning-and-Control-based-on-Carla-and-ROS2/install/carla_msgs/share/carla_msgs/msg/CarlaEgoVehicleControl.idl
[1.263s] -- Up-to-date: /home/sti/Documents/Planning-and-Control-based-on-Carla-and-ROS2/install/carla_msgs/share/carla_msgs/msg/CarlaEgoVehicleStatus.idl
[1.263s] -- Up-to-date: /home/sti/Documents/Planning-and-Control-based-on-Carla-and-ROS2/install/carla_msgs/share/carla_msgs/msg/CarlaEgoVehicleInfoWheel.idl
[1.263s] -- Up-to-date: /home/sti/Documents/Planning-and-Control-based-on-Carla-and-ROS2/install/carla_msgs/share/carla_msgs/msg/CarlaEgoVehicleInfo.idl
[1.263s] -- Up-to-date: /home/sti/Documents/Planning-and-Control-based-on-Carla-and-ROS2/install/carla_msgs/share/carla_msgs/msg/CarlaCollisionEvent.idl
[1.264s] -- Up-to-date: /home/sti/Documents/Planning-and-Control-based-on-Carla-and-ROS2/install/carla_msgs/share/carla_msgs/msg/CarlaLaneInvasionEvent.idl
[1.264s] -- Up-to-date: /home/sti/Documents/Planning-and-Control-based-on-Carla-and-ROS2/install/carla_msgs/share/carla_msgs/msg/CarlaWorldInfo.idl
[1.264s] -- Up-to-date: /home/sti/Documents/Planning-and-Control-based-on-Carla-and-ROS2/install/carla_msgs/share/carla_msgs/msg/CarlaActorInfo.idl
[1.264s] -- Up-to-date: /home/sti/Documents/Planning-and-Control-based-on-Carla-and-ROS2/install/carla_msgs/share/carla_msgs/msg/CarlaActorList.idl
[1.264s] -- Up-to-date: /home/sti/Documents/Planning-and-Control-based-on-Carla-and-ROS2/install/carla_msgs/share/carla_msgs/msg/CarlaControl.idl
[1.264s] -- Up-to-date: /home/sti/Documents/Planning-and-Control-based-on-Carla-and-ROS2/install/carla_msgs/share/carla_msgs/msg/CarlaStatus.idl
[1.264s] -- Up-to-date: /home/sti/Documents/Planning-and-Control-based-on-Carla-and-ROS2/install/carla_msgs/share/carla_msgs/msg/CarlaTrafficLightInfo.idl
[1.264s] -- Up-to-date: /home/sti/Documents/Planning-and-Control-based-on-Carla-and-ROS2/install/carla_msgs/share/carla_msgs/msg/CarlaTrafficLightInfoList.idl
[1.265s] -- Up-to-date: /home/sti/Documents/Planning-and-Control-based-on-Carla-and-ROS2/install/carla_msgs/share/carla_msgs/msg/CarlaTrafficLightStatus.idl
[1.265s] -- Up-to-date: /home/sti/Documents/Planning-and-Control-based-on-Carla-and-ROS2/install/carla_msgs/share/carla_msgs/msg/CarlaTrafficLightStatusList.idl
[1.265s] -- Up-to-date: /home/sti/Documents/Planning-and-Control-based-on-Carla-and-ROS2/install/carla_msgs/share/carla_msgs/msg/CarlaWalkerControl.idl
[1.265s] -- Up-to-date: /home/sti/Documents/Planning-and-Control-based-on-Carla-and-ROS2/install/carla_msgs/share/carla_msgs/msg/CarlaWeatherParameters.idl
[1.265s] -- Up-to-date: /home/sti/Documents/Planning-and-Control-based-on-Carla-and-ROS2/install/carla_msgs/share/carla_msgs/srv/SpawnObject.idl
[1.265s] -- Up-to-date: /home/sti/Documents/Planning-and-Control-based-on-Carla-and-ROS2/install/carla_msgs/share/carla_msgs/srv/DestroyObject.idl
[1.266s] -- Up-to-date: /home/sti/Documents/Planning-and-Control-based-on-Carla-and-ROS2/install/carla_msgs/share/carla_msgs/srv/GetBlueprints.idl
[1.266s] -- Up-to-date: /home/sti/Documents/Planning-and-Control-based-on-Carla-and-ROS2/install/carla_msgs/share/carla_msgs/msg/CarlaBoundingBox.msg
[1.266s] -- Up-to-date: /home/sti/Documents/Planning-and-Control-based-on-Carla-and-ROS2/install/carla_msgs/share/carla_msgs/msg/CarlaEgoVehicleControl.msg
[1.266s] -- Up-to-date: /home/sti/Documents/Planning-and-Control-based-on-Carla-and-ROS2/install/carla_msgs/share/carla_msgs/msg/CarlaEgoVehicleStatus.msg
[1.267s] -- Up-to-date: /home/sti/Documents/Planning-and-Control-based-on-Carla-and-ROS2/install/carla_msgs/share/carla_msgs/msg/CarlaEgoVehicleInfoWheel.msg
[1.267s] -- Up-to-date: /home/sti/Documents/Planning-and-Control-based-on-Carla-and-ROS2/install/carla_msgs/share/carla_msgs/msg/CarlaEgoVehicleInfo.msg
[1.267s] -- Up-to-date: /home/sti/Documents/Planning-and-Control-based-on-Carla-and-ROS2/install/carla_msgs/share/carla_msgs/msg/CarlaCollisionEvent.msg
[1.267s] -- Up-to-date: /home/sti/Documents/Planning-and-Control-based-on-Carla-and-ROS2/install/carla_msgs/share/carla_msgs/msg/CarlaLaneInvasionEvent.msg
[1.268s] -- Up-to-date: /home/sti/Documents/Planning-and-Control-based-on-Carla-and-ROS2/install/carla_msgs/share/carla_msgs/msg/CarlaWorldInfo.msg
[1.268s] -- Up-to-date: /home/sti/Documents/Planning-and-Control-based-on-Carla-and-ROS2/install/carla_msgs/share/carla_msgs/msg/CarlaActorInfo.msg
[1.268s] -- Up-to-date: /home/sti/Documents/Planning-and-Control-based-on-Carla-and-ROS2/install/carla_msgs/share/carla_msgs/msg/CarlaActorList.msg
[1.269s] -- Up-to-date: /home/sti/Documents/Planning-and-Control-based-on-Carla-and-ROS2/install/carla_msgs/share/carla_msgs/msg/CarlaControl.msg
[1.269s] -- Up-to-date: /home/sti/Documents/Planning-and-Control-based-on-Carla-and-ROS2/install/carla_msgs/share/carla_msgs/msg/CarlaStatus.msg
[1.269s] -- Up-to-date: /home/sti/Documents/Planning-and-Control-based-on-Carla-and-ROS2/install/carla_msgs/share/carla_msgs/msg/CarlaTrafficLightInfo.msg
[1.269s] -- Up-to-date: /home/sti/Documents/Planning-and-Control-based-on-Carla-and-ROS2/install/carla_msgs/share/carla_msgs/msg/CarlaTrafficLightInfoList.msg
[1.270s] -- Up-to-date: /home/sti/Documents/Planning-and-Control-based-on-Carla-and-ROS2/install/carla_msgs/share/carla_msgs/msg/CarlaTrafficLightStatus.msg
[1.270s] -- Up-to-date: /home/sti/Documents/Planning-and-Control-based-on-Carla-and-ROS2/install/carla_msgs/share/carla_msgs/msg/CarlaTrafficLightStatusList.msg
[1.270s] -- Up-to-date: /home/sti/Documents/Planning-and-Control-based-on-Carla-and-ROS2/install/carla_msgs/share/carla_msgs/msg/CarlaWalkerControl.msg
[1.271s] -- Up-to-date: /home/sti/Documents/Planning-and-Control-based-on-Carla-and-ROS2/install/carla_msgs/share/carla_msgs/msg/CarlaWeatherParameters.msg
[1.271s] -- Up-to-date: /home/sti/Documents/Planning-and-Control-based-on-Carla-and-ROS2/install/carla_msgs/share/carla_msgs/srv/SpawnObject.srv
[1.271s] -- Up-to-date: /home/sti/Documents/Planning-and-Control-based-on-Carla-and-ROS2/install/carla_msgs/share/carla_msgs/srv/SpawnObject_Request.msg
[1.271s] -- Up-to-date: /home/sti/Documents/Planning-and-Control-based-on-Carla-and-ROS2/install/carla_msgs/share/carla_msgs/srv/SpawnObject_Response.msg
[1.271s] -- Up-to-date: /home/sti/Documents/Planning-and-Control-based-on-Carla-and-ROS2/install/carla_msgs/share/carla_msgs/srv/DestroyObject.srv
[1.272s] -- Up-to-date: /home/sti/Documents/Planning-and-Control-based-on-Carla-and-ROS2/install/carla_msgs/share/carla_msgs/srv/DestroyObject_Request.msg
[1.272s] -- Up-to-date: /home/sti/Documents/Planning-and-Control-based-on-Carla-and-ROS2/install/carla_msgs/share/carla_msgs/srv/DestroyObject_Response.msg
[1.272s] -- Up-to-date: /home/sti/Documents/Planning-and-Control-based-on-Carla-and-ROS2/install/carla_msgs/share/carla_msgs/srv/GetBlueprints.srv
[1.272s] -- Up-to-date: /home/sti/Documents/Planning-and-Control-based-on-Carla-and-ROS2/install/carla_msgs/share/carla_msgs/srv/GetBlueprints_Request.msg
[1.272s] -- Up-to-date: /home/sti/Documents/Planning-and-Control-based-on-Carla-and-ROS2/install/carla_msgs/share/carla_msgs/srv/GetBlueprints_Response.msg
[1.272s] -- Up-to-date: /home/sti/Documents/Planning-and-Control-based-on-Carla-and-ROS2/install/carla_msgs/share/ament_index/resource_index/package_run_dependencies/carla_msgs
[1.272s] -- Up-to-date: /home/sti/Documents/Planning-and-Control-based-on-Carla-and-ROS2/install/carla_msgs/share/ament_index/resource_index/parent_prefix_path/carla_msgs
[1.272s] -- Up-to-date: /home/sti/Documents/Planning-and-Control-based-on-Carla-and-ROS2/install/carla_msgs/share/carla_msgs/environment/ament_prefix_path.sh
[1.272s] -- Up-to-date: /home/sti/Documents/Planning-and-Control-based-on-Carla-and-ROS2/install/carla_msgs/share/carla_msgs/environment/ament_prefix_path.dsv
[1.272s] -- Up-to-date: /home/sti/Documents/Planning-and-Control-based-on-Carla-and-ROS2/install/carla_msgs/share/carla_msgs/environment/path.sh
[1.273s] -- Up-to-date: /home/sti/Documents/Planning-and-Control-based-on-Carla-and-ROS2/install/carla_msgs/share/carla_msgs/environment/path.dsv
[1.273s] -- Up-to-date: /home/sti/Documents/Planning-and-Control-based-on-Carla-and-ROS2/install/carla_msgs/share/carla_msgs/local_setup.bash
[1.273s] -- Up-to-date: /home/sti/Documents/Planning-and-Control-based-on-Carla-and-ROS2/install/carla_msgs/share/carla_msgs/local_setup.sh
[1.273s] -- Up-to-date: /home/sti/Documents/Planning-and-Control-based-on-Carla-and-ROS2/install/carla_msgs/share/carla_msgs/local_setup.zsh
[1.273s] -- Up-to-date: /home/sti/Documents/Planning-and-Control-based-on-Carla-and-ROS2/install/carla_msgs/share/carla_msgs/local_setup.dsv
[1.274s] -- Installing: /home/sti/Documents/Planning-and-Control-based-on-Carla-and-ROS2/install/carla_msgs/share/carla_msgs/package.dsv
[1.274s] -- Up-to-date: /home/sti/Documents/Planning-and-Control-based-on-Carla-and-ROS2/install/carla_msgs/share/ament_index/resource_index/packages/carla_msgs
[1.274s] -- Up-to-date: /home/sti/Documents/Planning-and-Control-based-on-Carla-and-ROS2/install/carla_msgs/share/carla_msgs/cmake/carla_msgs__rosidl_generator_cExport.cmake
[1.274s] -- Up-to-date: /home/sti/Documents/Planning-and-Control-based-on-Carla-and-ROS2/install/carla_msgs/share/carla_msgs/cmake/carla_msgs__rosidl_generator_cExport-noconfig.cmake
[1.274s] -- Up-to-date: /home/sti/Documents/Planning-and-Control-based-on-Carla-and-ROS2/install/carla_msgs/share/carla_msgs/cmake/carla_msgs__rosidl_typesupport_introspection_cExport.cmake
[1.274s] -- Up-to-date: /home/sti/Documents/Planning-and-Control-based-on-Carla-and-ROS2/install/carla_msgs/share/carla_msgs/cmake/carla_msgs__rosidl_typesupport_introspection_cExport-noconfig.cmake
[1.274s] -- Up-to-date: /home/sti/Documents/Planning-and-Control-based-on-Carla-and-ROS2/install/carla_msgs/share/carla_msgs/cmake/carla_msgs__rosidl_typesupport_cExport.cmake
[1.274s] -- Up-to-date: /home/sti/Documents/Planning-and-Control-based-on-Carla-and-ROS2/install/carla_msgs/share/carla_msgs/cmake/carla_msgs__rosidl_typesupport_cExport-noconfig.cmake
[1.274s] -- Up-to-date: /home/sti/Documents/Planning-and-Control-based-on-Carla-and-ROS2/install/carla_msgs/share/carla_msgs/cmake/carla_msgs__rosidl_generator_cppExport.cmake
[1.275s] -- Up-to-date: /home/sti/Documents/Planning-and-Control-based-on-Carla-and-ROS2/install/carla_msgs/share/carla_msgs/cmake/carla_msgs__rosidl_typesupport_introspection_cppExport.cmake
[1.275s] -- Up-to-date: /home/sti/Documents/Planning-and-Control-based-on-Carla-and-ROS2/install/carla_msgs/share/carla_msgs/cmake/carla_msgs__rosidl_typesupport_introspection_cppExport-noconfig.cmake
[1.275s] -- Up-to-date: /home/sti/Documents/Planning-and-Control-based-on-Carla-and-ROS2/install/carla_msgs/share/carla_msgs/cmake/carla_msgs__rosidl_typesupport_cppExport.cmake
[1.275s] -- Up-to-date: /home/sti/Documents/Planning-and-Control-based-on-Carla-and-ROS2/install/carla_msgs/share/carla_msgs/cmake/carla_msgs__rosidl_typesupport_cppExport-noconfig.cmake
[1.275s] -- Up-to-date: /home/sti/Documents/Planning-and-Control-based-on-Carla-and-ROS2/install/carla_msgs/share/carla_msgs/cmake/rosidl_cmake-extras.cmake
[1.275s] -- Up-to-date: /home/sti/Documents/Planning-and-Control-based-on-Carla-and-ROS2/install/carla_msgs/share/carla_msgs/cmake/ament_cmake_export_dependencies-extras.cmake
[1.275s] -- Up-to-date: /home/sti/Documents/Planning-and-Control-based-on-Carla-and-ROS2/install/carla_msgs/share/carla_msgs/cmake/ament_cmake_export_libraries-extras.cmake
[1.275s] -- Up-to-date: /home/sti/Documents/Planning-and-Control-based-on-Carla-and-ROS2/install/carla_msgs/share/carla_msgs/cmake/ament_cmake_export_targets-extras.cmake
[1.275s] -- Up-to-date: /home/sti/Documents/Planning-and-Control-based-on-Carla-and-ROS2/install/carla_msgs/share/carla_msgs/cmake/ament_cmake_export_include_directories-extras.cmake
[1.275s] -- Up-to-date: /home/sti/Documents/Planning-and-Control-based-on-Carla-and-ROS2/install/carla_msgs/share/carla_msgs/cmake/rosidl_cmake_export_typesupport_libraries-extras.cmake
[1.275s] -- Up-to-date: /home/sti/Documents/Planning-and-Control-based-on-Carla-and-ROS2/install/carla_msgs/share/carla_msgs/cmake/rosidl_cmake_export_typesupport_targets-extras.cmake
[1.275s] -- Up-to-date: /home/sti/Documents/Planning-and-Control-based-on-Carla-and-ROS2/install/carla_msgs/share/carla_msgs/cmake/carla_msgsConfig.cmake
[1.275s] -- Up-to-date: /home/sti/Documents/Planning-and-Control-based-on-Carla-and-ROS2/install/carla_msgs/share/carla_msgs/cmake/carla_msgsConfig-version.cmake
[1.275s] -- Up-to-date: /home/sti/Documents/Planning-and-Control-based-on-Carla-and-ROS2/install/carla_msgs/share/carla_msgs/package.xml
[1.276s] Invoked command in '/home/sti/Documents/Planning-and-Control-based-on-Carla-and-ROS2/build/carla_msgs' returned '0': CMAKE_PREFIX_PATH=${CMAKE_PREFIX_PATH}:/home/sti/Documents/Planning-and-Control-based-on-Carla-and-ROS2/install/carla_waypoint_publisher:/home/sti/Documents/Planning-and-Control-based-on-Carla-and-ROS2/install/carla_ros_bridge:/home/sti/Documents/Planning-and-Control-based-on-Carla-and-ROS2/install/carla_spawn_objects:/home/sti/Documents/Planning-and-Control-based-on-Carla-and-ROS2/install/carla_manual_control:/home/sti/Documents/Planning-and-Control-based-on-Carla-and-ROS2/install/carla_ad_agent:/home/sti/Documents/Planning-and-Control-based-on-Carla-and-ROS2/install/ros_compatibility:/home/sti/Documents/Planning-and-Control-based-on-Carla-and-ROS2/install/carla_walker_agent:/home/sti/Documents/Planning-and-Control-based-on-Carla-and-ROS2/install/carla_twist_to_control:/home/sti/Documents/Planning-and-Control-based-on-Carla-and-ROS2/install/carla_ros_scenario_runner:/home/sti/Documents/Planning-and-Control-based-on-Carla-and-ROS2/install/carla_common:/opt/ros/foxy /usr/local/bin/cmake --install /home/sti/Documents/Planning-and-Control-based-on-Carla-and-ROS2/build/carla_msgs
