[1.533s] Invoking command in '/home/sti/Documents/Planning-and-Control-based-on-Carla-and-ROS2/plus_version/carla_twist_to_control': PYTHONPATH=/home/sti/Documents/Planning-and-Control-based-on-Carla-and-ROS2/build/carla_twist_to_control/prefix_override:/home/sti/Documents/Planning-and-Control-based-on-Carla-and-ROS2/install/carla_twist_to_control/lib/python3.8/site-packages:${PYTHONPATH} /usr/bin/python3 -W ignore:setup.py install is deprecated setup.py egg_info --egg-base ../../build/carla_twist_to_control build --build-base /home/sti/Documents/Planning-and-Control-based-on-Carla-and-ROS2/build/carla_twist_to_control/build install --record /home/sti/Documents/Planning-and-Control-based-on-Carla-and-ROS2/build/carla_twist_to_control/install.log --single-version-externally-managed install_data
[1.804s] running egg_info
[1.804s] writing ../../build/carla_twist_to_control/carla_twist_to_control.egg-info/PKG-INFO
[1.804s] writing dependency_links to ../../build/carla_twist_to_control/carla_twist_to_control.egg-info/dependency_links.txt
[1.804s] writing entry points to ../../build/carla_twist_to_control/carla_twist_to_control.egg-info/entry_points.txt
[1.804s] writing requirements to ../../build/carla_twist_to_control/carla_twist_to_control.egg-info/requires.txt
[1.805s] writing top-level names to ../../build/carla_twist_to_control/carla_twist_to_control.egg-info/top_level.txt
[1.834s] reading manifest file '../../build/carla_twist_to_control/carla_twist_to_control.egg-info/SOURCES.txt'
[1.835s] writing manifest file '../../build/carla_twist_to_control/carla_twist_to_control.egg-info/SOURCES.txt'
[1.835s] running build
[1.836s] running build_py
[1.836s] running install
[1.837s] running install_lib
[1.838s] running install_data
[1.838s] running install_egg_info
[1.840s] removing '/home/sti/Documents/Planning-and-Control-based-on-Carla-and-ROS2/install/carla_twist_to_control/lib/python3.8/site-packages/carla_twist_to_control-0.0.0-py3.8.egg-info' (and everything under it)
[1.840s] Copying ../../build/carla_twist_to_control/carla_twist_to_control.egg-info to /home/sti/Documents/Planning-and-Control-based-on-Carla-and-ROS2/install/carla_twist_to_control/lib/python3.8/site-packages/carla_twist_to_control-0.0.0-py3.8.egg-info
[1.841s] running install_scripts
[1.859s] Installing carla_twist_to_control script to /home/sti/Documents/Planning-and-Control-based-on-Carla-and-ROS2/install/carla_twist_to_control/lib/carla_twist_to_control
[1.859s] writing list of installed files to '/home/sti/Documents/Planning-and-Control-based-on-Carla-and-ROS2/build/carla_twist_to_control/install.log'
[1.916s] Invoked command in '/home/sti/Documents/Planning-and-Control-based-on-Carla-and-ROS2/plus_version/carla_twist_to_control' returned '0': PYTHONPATH=/home/sti/Documents/Planning-and-Control-based-on-Carla-and-ROS2/build/carla_twist_to_control/prefix_override:/home/sti/Documents/Planning-and-Control-based-on-Carla-and-ROS2/install/carla_twist_to_control/lib/python3.8/site-packages:${PYTHONPATH} /usr/bin/python3 -W ignore:setup.py install is deprecated setup.py egg_info --egg-base ../../build/carla_twist_to_control build --build-base /home/sti/Documents/Planning-and-Control-based-on-Carla-and-ROS2/build/carla_twist_to_control/build install --record /home/sti/Documents/Planning-and-Control-based-on-Carla-and-ROS2/build/carla_twist_to_control/install.log --single-version-externally-managed install_data
