running egg_info
writing ../../build/carla_spawn_objects/carla_spawn_objects.egg-info/PKG-INFO
writing dependency_links to ../../build/carla_spawn_objects/carla_spawn_objects.egg-info/dependency_links.txt
writing entry points to ../../build/carla_spawn_objects/carla_spawn_objects.egg-info/entry_points.txt
writing requirements to ../../build/carla_spawn_objects/carla_spawn_objects.egg-info/requires.txt
writing top-level names to ../../build/carla_spawn_objects/carla_spawn_objects.egg-info/top_level.txt
reading manifest file '../../build/carla_spawn_objects/carla_spawn_objects.egg-info/SOURCES.txt'
writing manifest file '../../build/carla_spawn_objects/carla_spawn_objects.egg-info/SOURCES.txt'
running build
running build_py
running install
running install_lib
running install_data
running install_egg_info
removing '/home/sti/Documents/Planning-and-Control-based-on-Carla-and-ROS2/install/carla_spawn_objects/lib/python3.8/site-packages/carla_spawn_objects-0.0.0-py3.8.egg-info' (and everything under it)
Copying ../../build/carla_spawn_objects/carla_spawn_objects.egg-info to /home/sti/Documents/Planning-and-Control-based-on-Carla-and-ROS2/install/carla_spawn_objects/lib/python3.8/site-packages/carla_spawn_objects-0.0.0-py3.8.egg-info
running install_scripts
Installing carla_spawn_objects script to /home/sti/Documents/Planning-and-Control-based-on-Carla-and-ROS2/install/carla_spawn_objects/lib/carla_spawn_objects
Installing set_initial_pose script to /home/sti/Documents/Planning-and-Control-based-on-Carla-and-ROS2/install/carla_spawn_objects/lib/carla_spawn_objects
writing list of installed files to '/home/sti/Documents/Planning-and-Control-based-on-Carla-and-ROS2/build/carla_spawn_objects/install.log'
