running egg_info
creating ../../build/carla_waypoint_publisher/carla_waypoint_publisher.egg-info
writing ../../build/carla_waypoint_publisher/carla_waypoint_publisher.egg-info/PKG-INFO
writing dependency_links to ../../build/carla_waypoint_publisher/carla_waypoint_publisher.egg-info/dependency_links.txt
writing entry points to ../../build/carla_waypoint_publisher/carla_waypoint_publisher.egg-info/entry_points.txt
writing requirements to ../../build/carla_waypoint_publisher/carla_waypoint_publisher.egg-info/requires.txt
writing top-level names to ../../build/carla_waypoint_publisher/carla_waypoint_publisher.egg-info/top_level.txt
writing manifest file '../../build/carla_waypoint_publisher/carla_waypoint_publisher.egg-info/SOURCES.txt'
reading manifest file '../../build/carla_waypoint_publisher/carla_waypoint_publisher.egg-info/SOURCES.txt'
writing manifest file '../../build/carla_waypoint_publisher/carla_waypoint_publisher.egg-info/SOURCES.txt'
running build
running build_py
creating /home/sti/Documents/Planning-and-Control-based-on-Carla-and-ROS2/build/carla_waypoint_publisher/build
creating /home/sti/Documents/Planning-and-Control-based-on-Carla-and-ROS2/build/carla_waypoint_publisher/build/lib
creating /home/sti/Documents/Planning-and-Control-based-on-Carla-and-ROS2/build/carla_waypoint_publisher/build/lib/carla_waypoint_publisher
copying src/carla_waypoint_publisher/__init__.py -> /home/sti/Documents/Planning-and-Control-based-on-Carla-and-ROS2/build/carla_waypoint_publisher/build/lib/carla_waypoint_publisher
copying src/carla_waypoint_publisher/carla_waypoint_publisher.py -> /home/sti/Documents/Planning-and-Control-based-on-Carla-and-ROS2/build/carla_waypoint_publisher/build/lib/carla_waypoint_publisher
running install
running install_lib
creating /home/sti/Documents/Planning-and-Control-based-on-Carla-and-ROS2/install/carla_waypoint_publisher/lib/python3.8/site-packages/carla_waypoint_publisher
copying /home/sti/Documents/Planning-and-Control-based-on-Carla-and-ROS2/build/carla_waypoint_publisher/build/lib/carla_waypoint_publisher/__init__.py -> /home/sti/Documents/Planning-and-Control-based-on-Carla-and-ROS2/install/carla_waypoint_publisher/lib/python3.8/site-packages/carla_waypoint_publisher
copying /home/sti/Documents/Planning-and-Control-based-on-Carla-and-ROS2/build/carla_waypoint_publisher/build/lib/carla_waypoint_publisher/carla_waypoint_publisher.py -> /home/sti/Documents/Planning-and-Control-based-on-Carla-and-ROS2/install/carla_waypoint_publisher/lib/python3.8/site-packages/carla_waypoint_publisher
byte-compiling /home/sti/Documents/Planning-and-Control-based-on-Carla-and-ROS2/install/carla_waypoint_publisher/lib/python3.8/site-packages/carla_waypoint_publisher/__init__.py to __init__.cpython-38.pyc
byte-compiling /home/sti/Documents/Planning-and-Control-based-on-Carla-and-ROS2/install/carla_waypoint_publisher/lib/python3.8/site-packages/carla_waypoint_publisher/carla_waypoint_publisher.py to carla_waypoint_publisher.cpython-38.pyc
running install_data
creating /home/sti/Documents/Planning-and-Control-based-on-Carla-and-ROS2/install/carla_waypoint_publisher/share/ament_index
creating /home/sti/Documents/Planning-and-Control-based-on-Carla-and-ROS2/install/carla_waypoint_publisher/share/ament_index/resource_index
creating /home/sti/Documents/Planning-and-Control-based-on-Carla-and-ROS2/install/carla_waypoint_publisher/share/ament_index/resource_index/packages
copying resource/carla_waypoint_publisher -> /home/sti/Documents/Planning-and-Control-based-on-Carla-and-ROS2/install/carla_waypoint_publisher/share/ament_index/resource_index/packages
copying package.xml -> /home/sti/Documents/Planning-and-Control-based-on-Carla-and-ROS2/install/carla_waypoint_publisher/share/carla_waypoint_publisher
copying launch/carla_waypoint_publisher.launch.py -> /home/sti/Documents/Planning-and-Control-based-on-Carla-and-ROS2/install/carla_waypoint_publisher/share/carla_waypoint_publisher
running install_egg_info
Copying ../../build/carla_waypoint_publisher/carla_waypoint_publisher.egg-info to /home/sti/Documents/Planning-and-Control-based-on-Carla-and-ROS2/install/carla_waypoint_publisher/lib/python3.8/site-packages/carla_waypoint_publisher-0.0.0-py3.8.egg-info
running install_scripts
Installing carla_waypoint_publisher script to /home/sti/Documents/Planning-and-Control-based-on-Carla-and-ROS2/install/carla_waypoint_publisher/lib/carla_waypoint_publisher
writing list of installed files to '/home/sti/Documents/Planning-and-Control-based-on-Carla-and-ROS2/build/carla_waypoint_publisher/install.log'
