[0.753s] Invoking command in '/home/sti/Documents/Planning-and-Control-based-on-Carla-and-ROS2/plus_version/carla_waypoint_publisher': AMENT_PREFIX_PATH=/home/sti/Documents/Planning-and-Control-based-on-Carla-and-ROS2/install/ros_compatibility:/home/sti/Documents/Planning-and-Control-based-on-Carla-and-ROS2/install/carla_waypoint_types:${AMENT_PREFIX_PATH} CMAKE_PREFIX_PATH=/home/sti/Documents/Planning-and-Control-based-on-Carla-and-ROS2/install/carla_waypoint_types LD_LIBRARY_PATH=/home/sti/Documents/Planning-and-Control-based-on-Carla-and-ROS2/install/carla_waypoint_types/lib:${LD_LIBRARY_PATH} PYTHONPATH=/home/sti/Documents/Planning-and-Control-based-on-Carla-and-ROS2/build/carla_waypoint_publisher/prefix_override:/home/sti/Documents/Planning-and-Control-based-on-Carla-and-ROS2/install/carla_waypoint_publisher/lib/python3.8/site-packages:/home/sti/Documents/Planning-and-Control-based-on-Carla-and-ROS2/install/ros_compatibility/lib/python3.8/site-packages:/home/sti/Documents/Planning-and-Control-based-on-Carla-and-ROS2/install/carla_waypoint_types/lib/python3.8/site-packages:/opt/ros/foxy/lib/python3.8/site-packages:/home/sti/Documents/CARLA_0913/PythonAPI/carla/dist/carla-0.9.13-py3.7-linux-x86_64.egg:/home/sti/Documents/CARLA_0913/PythonAPI/carla:/home/sti/Documents/CARLA_0913/PythonAPI/carla/dist/carla-0.9.13-py3.7-linux-x86_64.egg:/home/sti/Documents/CARLA_0913/PythonAPI/carla/agents /usr/bin/python3 -W ignore:setup.py install is deprecated setup.py egg_info --egg-base ../../build/carla_waypoint_publisher build --build-base /home/sti/Documents/Planning-and-Control-based-on-Carla-and-ROS2/build/carla_waypoint_publisher/build install --record /home/sti/Documents/Planning-and-Control-based-on-Carla-and-ROS2/build/carla_waypoint_publisher/install.log --single-version-externally-managed install_data
[0.960s] running egg_info
[0.961s] creating ../../build/carla_waypoint_publisher/carla_waypoint_publisher.egg-info
[0.961s] writing ../../build/carla_waypoint_publisher/carla_waypoint_publisher.egg-info/PKG-INFO
[0.961s] writing dependency_links to ../../build/carla_waypoint_publisher/carla_waypoint_publisher.egg-info/dependency_links.txt
[0.961s] writing entry points to ../../build/carla_waypoint_publisher/carla_waypoint_publisher.egg-info/entry_points.txt
[0.961s] writing requirements to ../../build/carla_waypoint_publisher/carla_waypoint_publisher.egg-info/requires.txt
[0.961s] writing top-level names to ../../build/carla_waypoint_publisher/carla_waypoint_publisher.egg-info/top_level.txt
[0.962s] writing manifest file '../../build/carla_waypoint_publisher/carla_waypoint_publisher.egg-info/SOURCES.txt'
[0.986s] reading manifest file '../../build/carla_waypoint_publisher/carla_waypoint_publisher.egg-info/SOURCES.txt'
[0.987s] writing manifest file '../../build/carla_waypoint_publisher/carla_waypoint_publisher.egg-info/SOURCES.txt'
[0.987s] running build
[0.987s] running build_py
[0.987s] creating /home/sti/Documents/Planning-and-Control-based-on-Carla-and-ROS2/build/carla_waypoint_publisher/build
[0.987s] creating /home/sti/Documents/Planning-and-Control-based-on-Carla-and-ROS2/build/carla_waypoint_publisher/build/lib
[0.987s] creating /home/sti/Documents/Planning-and-Control-based-on-Carla-and-ROS2/build/carla_waypoint_publisher/build/lib/carla_waypoint_publisher
[0.987s] copying src/carla_waypoint_publisher/__init__.py -> /home/sti/Documents/Planning-and-Control-based-on-Carla-and-ROS2/build/carla_waypoint_publisher/build/lib/carla_waypoint_publisher
[0.987s] copying src/carla_waypoint_publisher/carla_waypoint_publisher.py -> /home/sti/Documents/Planning-and-Control-based-on-Carla-and-ROS2/build/carla_waypoint_publisher/build/lib/carla_waypoint_publisher
[0.987s] running install
[0.988s] running install_lib
[0.989s] creating /home/sti/Documents/Planning-and-Control-based-on-Carla-and-ROS2/install/carla_waypoint_publisher/lib/python3.8/site-packages/carla_waypoint_publisher
[0.989s] copying /home/sti/Documents/Planning-and-Control-based-on-Carla-and-ROS2/build/carla_waypoint_publisher/build/lib/carla_waypoint_publisher/__init__.py -> /home/sti/Documents/Planning-and-Control-based-on-Carla-and-ROS2/install/carla_waypoint_publisher/lib/python3.8/site-packages/carla_waypoint_publisher
[0.989s] copying /home/sti/Documents/Planning-and-Control-based-on-Carla-and-ROS2/build/carla_waypoint_publisher/build/lib/carla_waypoint_publisher/carla_waypoint_publisher.py -> /home/sti/Documents/Planning-and-Control-based-on-Carla-and-ROS2/install/carla_waypoint_publisher/lib/python3.8/site-packages/carla_waypoint_publisher
[0.989s] byte-compiling /home/sti/Documents/Planning-and-Control-based-on-Carla-and-ROS2/install/carla_waypoint_publisher/lib/python3.8/site-packages/carla_waypoint_publisher/__init__.py to __init__.cpython-38.pyc
[0.989s] byte-compiling /home/sti/Documents/Planning-and-Control-based-on-Carla-and-ROS2/install/carla_waypoint_publisher/lib/python3.8/site-packages/carla_waypoint_publisher/carla_waypoint_publisher.py to carla_waypoint_publisher.cpython-38.pyc
[0.990s] running install_data
[0.990s] creating /home/sti/Documents/Planning-and-Control-based-on-Carla-and-ROS2/install/carla_waypoint_publisher/share/ament_index
[0.990s] creating /home/sti/Documents/Planning-and-Control-based-on-Carla-and-ROS2/install/carla_waypoint_publisher/share/ament_index/resource_index
[0.991s] creating /home/sti/Documents/Planning-and-Control-based-on-Carla-and-ROS2/install/carla_waypoint_publisher/share/ament_index/resource_index/packages
[0.991s] copying resource/carla_waypoint_publisher -> /home/sti/Documents/Planning-and-Control-based-on-Carla-and-ROS2/install/carla_waypoint_publisher/share/ament_index/resource_index/packages
[0.991s] copying package.xml -> /home/sti/Documents/Planning-and-Control-based-on-Carla-and-ROS2/install/carla_waypoint_publisher/share/carla_waypoint_publisher
[0.991s] copying launch/carla_waypoint_publisher.launch.py -> /home/sti/Documents/Planning-and-Control-based-on-Carla-and-ROS2/install/carla_waypoint_publisher/share/carla_waypoint_publisher
[0.991s] running install_egg_info
[0.992s] Copying ../../build/carla_waypoint_publisher/carla_waypoint_publisher.egg-info to /home/sti/Documents/Planning-and-Control-based-on-Carla-and-ROS2/install/carla_waypoint_publisher/lib/python3.8/site-packages/carla_waypoint_publisher-0.0.0-py3.8.egg-info
[0.992s] running install_scripts
[1.005s] Installing carla_waypoint_publisher script to /home/sti/Documents/Planning-and-Control-based-on-Carla-and-ROS2/install/carla_waypoint_publisher/lib/carla_waypoint_publisher
[1.005s] writing list of installed files to '/home/sti/Documents/Planning-and-Control-based-on-Carla-and-ROS2/build/carla_waypoint_publisher/install.log'
[1.021s] Invoked command in '/home/sti/Documents/Planning-and-Control-based-on-Carla-and-ROS2/plus_version/carla_waypoint_publisher' returned '0': AMENT_PREFIX_PATH=/home/sti/Documents/Planning-and-Control-based-on-Carla-and-ROS2/install/ros_compatibility:/home/sti/Documents/Planning-and-Control-based-on-Carla-and-ROS2/install/carla_waypoint_types:${AMENT_PREFIX_PATH} CMAKE_PREFIX_PATH=/home/sti/Documents/Planning-and-Control-based-on-Carla-and-ROS2/install/carla_waypoint_types LD_LIBRARY_PATH=/home/sti/Documents/Planning-and-Control-based-on-Carla-and-ROS2/install/carla_waypoint_types/lib:${LD_LIBRARY_PATH} PYTHONPATH=/home/sti/Documents/Planning-and-Control-based-on-Carla-and-ROS2/build/carla_waypoint_publisher/prefix_override:/home/sti/Documents/Planning-and-Control-based-on-Carla-and-ROS2/install/carla_waypoint_publisher/lib/python3.8/site-packages:/home/sti/Documents/Planning-and-Control-based-on-Carla-and-ROS2/install/ros_compatibility/lib/python3.8/site-packages:/home/sti/Documents/Planning-and-Control-based-on-Carla-and-ROS2/install/carla_waypoint_types/lib/python3.8/site-packages:/opt/ros/foxy/lib/python3.8/site-packages:/home/sti/Documents/CARLA_0913/PythonAPI/carla/dist/carla-0.9.13-py3.7-linux-x86_64.egg:/home/sti/Documents/CARLA_0913/PythonAPI/carla:/home/sti/Documents/CARLA_0913/PythonAPI/carla/dist/carla-0.9.13-py3.7-linux-x86_64.egg:/home/sti/Documents/CARLA_0913/PythonAPI/carla/agents /usr/bin/python3 -W ignore:setup.py install is deprecated setup.py egg_info --egg-base ../../build/carla_waypoint_publisher build --build-base /home/sti/Documents/Planning-and-Control-based-on-Carla-and-ROS2/build/carla_waypoint_publisher/build install --record /home/sti/Documents/Planning-and-Control-based-on-Carla-and-ROS2/build/carla_waypoint_publisher/install.log --single-version-externally-managed install_data
