[0.656s] Invoking command in '/home/sti/Documents/Planning-and-Control-based-on-Carla-and-ROS2/build/controller_modules': CMAKE_PREFIX_PATH=/opt/ros/foxy /usr/local/bin/cmake --build /home/sti/Documents/Planning-and-Control-based-on-Carla-and-ROS2/build/controller_modules -- -j16 -l16
[0.686s] Invoked command in '/home/sti/Documents/Planning-and-Control-based-on-Carla-and-ROS2/build/controller_modules' returned '0': CMAKE_PREFIX_PATH=/opt/ros/foxy /usr/local/bin/cmake --build /home/sti/Documents/Planning-and-Control-based-on-Carla-and-ROS2/build/controller_modules -- -j16 -l16
[0.706s] Invoking command in '/home/sti/Documents/Planning-and-Control-based-on-Carla-and-ROS2/build/controller_modules': CMAKE_PREFIX_PATH=/opt/ros/foxy /usr/local/bin/cmake --install /home/sti/Documents/Planning-and-Control-based-on-Carla-and-ROS2/build/controller_modules
[0.710s] -- Install configuration: ""
[0.710s] -- Up-to-date: /home/sti/Documents/Planning-and-Control-based-on-Carla-and-ROS2/install/controller_modules/share/ament_index/resource_index/package_run_dependencies/controller_modules
[0.711s] -- Up-to-date: /home/sti/Documents/Planning-and-Control-based-on-Carla-and-ROS2/install/controller_modules/share/ament_index/resource_index/parent_prefix_path/controller_modules
[0.711s] -- Up-to-date: /home/sti/Documents/Planning-and-Control-based-on-Carla-and-ROS2/install/controller_modules/share/controller_modules/environment/ament_prefix_path.sh
[0.713s] -- Up-to-date: /home/sti/Documents/Planning-and-Control-based-on-Carla-and-ROS2/install/controller_modules/share/controller_modules/environment/ament_prefix_path.dsv
[0.714s] -- Up-to-date: /home/sti/Documents/Planning-and-Control-based-on-Carla-and-ROS2/install/controller_modules/share/controller_modules/environment/path.sh
[0.714s] -- Up-to-date: /home/sti/Documents/Planning-and-Control-based-on-Carla-and-ROS2/install/controller_modules/share/controller_modules/environment/path.dsv
[0.714s] -- Up-to-date: /home/sti/Documents/Planning-and-Control-based-on-Carla-and-ROS2/install/controller_modules/share/controller_modules/local_setup.bash
[0.714s] -- Up-to-date: /home/sti/Documents/Planning-and-Control-based-on-Carla-and-ROS2/install/controller_modules/share/controller_modules/local_setup.sh
[0.714s] -- Up-to-date: /home/sti/Documents/Planning-and-Control-based-on-Carla-and-ROS2/install/controller_modules/share/controller_modules/local_setup.zsh
[0.714s] -- Up-to-date: /home/sti/Documents/Planning-and-Control-based-on-Carla-and-ROS2/install/controller_modules/share/controller_modules/local_setup.dsv
[0.714s] -- Installing: /home/sti/Documents/Planning-and-Control-based-on-Carla-and-ROS2/install/controller_modules/share/controller_modules/package.dsv
[0.715s] -- Up-to-date: /home/sti/Documents/Planning-and-Control-based-on-Carla-and-ROS2/install/controller_modules/share/ament_index/resource_index/packages/controller_modules
[0.715s] -- Up-to-date: /home/sti/Documents/Planning-and-Control-based-on-Carla-and-ROS2/install/controller_modules/share/controller_modules/cmake/controller_modulesConfig.cmake
[0.715s] -- Up-to-date: /home/sti/Documents/Planning-and-Control-based-on-Carla-and-ROS2/install/controller_modules/share/controller_modules/cmake/controller_modulesConfig-version.cmake
[0.715s] -- Up-to-date: /home/sti/Documents/Planning-and-Control-based-on-Carla-and-ROS2/install/controller_modules/share/controller_modules/package.xml
[0.719s] Invoked command in '/home/sti/Documents/Planning-and-Control-based-on-Carla-and-ROS2/build/controller_modules' returned '0': CMAKE_PREFIX_PATH=/opt/ros/foxy /usr/local/bin/cmake --install /home/sti/Documents/Planning-and-Control-based-on-Carla-and-ROS2/build/controller_modules
