-- The C compiler identification is GNU 9.4.0
-- The CXX compiler identification is GNU 9.4.0
-- Detecting C compiler ABI info
-- Detecting C compiler ABI info - done
-- Check for working C compiler: /usr/bin/cc - skipped
-- Detecting C compile features
-- Detecting C compile features - done
-- Detecting CXX compiler ABI info
-- Detecting CXX compiler ABI info - done
-- Check for working CXX compiler: /usr/bin/c++ - skipped
-- Detecting CXX compile features
-- Detecting CXX compile features - done
-- Found ament_cmake: 0.9.12 (/opt/ros/foxy/share/ament_cmake/cmake)
-- Found PythonInterp: /usr/bin/python3 (found suitable version "3.8.10", minimum required is "3") 
-- Using PYTHON_EXECUTABLE: /usr/bin/python3
-- Found rosidl_default_generators: 1.0.1 (/opt/ros/foxy/share/rosidl_default_generators/cmake)
-- Using all available rosidl_typesupport_c: rosidl_typesupport_fastrtps_c;rosidl_typesupport_introspection_c
-- Found rosidl_adapter: 1.3.1 (/opt/ros/foxy/share/rosidl_adapter/cmake)
-- Found OpenSSL: /usr/lib/x86_64-linux-gnu/libcrypto.so (found version "1.1.1f")  
-- Found FastRTPS: /opt/ros/foxy/include  
-- Using all available rosidl_typesupport_cpp: rosidl_typesupport_fastrtps_cpp;rosidl_typesupport_introspection_cpp
-- Found PythonInterp: /usr/bin/python3 (found version "3.8.10") 
-- Found ament_cmake_ros: 0.9.2 (/opt/ros/foxy/share/ament_cmake_ros/cmake)
-- Using all available rosidl_typesupport_c: rosidl_typesupport_fastrtps_c;rosidl_typesupport_introspection_c
-- Using all available rosidl_typesupport_cpp: rosidl_typesupport_fastrtps_cpp;rosidl_typesupport_introspection_cpp
-- Found PythonInterp: /usr/bin/python3 (found suitable version "3.8.10", minimum required is "3.5") 
-- Found python_cmake_module: 0.8.1 (/opt/ros/foxy/share/python_cmake_module/cmake)
-- Found PythonLibs: /usr/lib/x86_64-linux-gnu/libpython3.8.so (found suitable version "3.8.10", minimum required is "3.5") 
-- Using PYTHON_EXECUTABLE: /usr/bin/python3
-- Using PYTHON_INCLUDE_DIRS: /usr/include/python3.8
-- Using PYTHON_LIBRARIES: /usr/lib/x86_64-linux-gnu/libpython3.8.so
-- Found PythonExtra: .so  
-- Using numpy include directory: /home/sti/.local/lib/python3.8/site-packages/numpy/core/include
-- Found ament_lint_auto: 0.9.8 (/opt/ros/foxy/share/ament_lint_auto/cmake)
-- Configuring done
-- Generating done
-- Build files have been written to: /home/sti/Documents/Planning-and-Control-based-on-Carla-and-ROS2/build/pnc_msgs
[  2%] [34m[1mGenerating C code for ROS interfaces[0m
[35m[1mScanning dependencies of target pnc_msgs__cpp[0m
[  5%] [34m[1mGenerating C++ code for ROS interfaces[0m
[  5%] Built target pnc_msgs__cpp
[  7%] [34m[1mGenerating C++ type support for eProsima Fast-RTPS[0m
[ 10%] [34m[1mGenerating C++ introspection for ROS interfaces[0m
[ 12%] [34m[1mGenerating C++ type support dispatch for ROS interfaces[0m
[35m[1mScanning dependencies of target pnc_msgs__rosidl_generator_c[0m
[ 15%] [32mBuilding C object CMakeFiles/pnc_msgs__rosidl_generator_c.dir/rosidl_generator_c/pnc_msgs/msg/detail/trajectory_point__functions.c.o[0m
[ 17%] [32mBuilding C object CMakeFiles/pnc_msgs__rosidl_generator_c.dir/rosidl_generator_c/pnc_msgs/msg/detail/trajectory__functions.c.o[0m
[ 20%] [32m[1mLinking C shared library libpnc_msgs__rosidl_generator_c.so[0m
[ 20%] Built target pnc_msgs__rosidl_generator_c
[ 23%] [34m[1mGenerating C type support dispatch for ROS interfaces[0m
[ 25%] [34m[1mGenerating C introspection for ROS interfaces[0m
[35m[1mScanning dependencies of target pnc_msgs__rosidl_typesupport_introspection_cpp[0m
[ 28%] [32mBuilding CXX object CMakeFiles/pnc_msgs__rosidl_typesupport_introspection_cpp.dir/rosidl_typesupport_introspection_cpp/pnc_msgs/msg/detail/trajectory_point__type_support.cpp.o[0m
[ 30%] [32mBuilding CXX object CMakeFiles/pnc_msgs__rosidl_typesupport_introspection_cpp.dir/rosidl_typesupport_introspection_cpp/pnc_msgs/msg/detail/trajectory__type_support.cpp.o[0m
[35m[1mScanning dependencies of target pnc_msgs__rosidl_typesupport_cpp[0m
[ 33%] [32mBuilding CXX object CMakeFiles/pnc_msgs__rosidl_typesupport_cpp.dir/rosidl_typesupport_cpp/pnc_msgs/msg/trajectory_point__type_support.cpp.o[0m
[ 35%] [32mBuilding CXX object CMakeFiles/pnc_msgs__rosidl_typesupport_cpp.dir/rosidl_typesupport_cpp/pnc_msgs/msg/trajectory__type_support.cpp.o[0m
[35m[1mScanning dependencies of target pnc_msgs__rosidl_typesupport_fastrtps_cpp[0m
[ 38%] [32mBuilding CXX object CMakeFiles/pnc_msgs__rosidl_typesupport_fastrtps_cpp.dir/rosidl_typesupport_fastrtps_cpp/pnc_msgs/msg/detail/dds_fastrtps/trajectory__type_support.cpp.o[0m
[ 41%] [32mBuilding CXX object CMakeFiles/pnc_msgs__rosidl_typesupport_fastrtps_cpp.dir/rosidl_typesupport_fastrtps_cpp/pnc_msgs/msg/detail/dds_fastrtps/trajectory_point__type_support.cpp.o[0m
[35m[1mScanning dependencies of target pnc_msgs__rosidl_typesupport_c[0m
[ 43%] [32mBuilding CXX object CMakeFiles/pnc_msgs__rosidl_typesupport_c.dir/rosidl_typesupport_c/pnc_msgs/msg/trajectory_point__type_support.cpp.o[0m
[ 46%] [32mBuilding CXX object CMakeFiles/pnc_msgs__rosidl_typesupport_c.dir/rosidl_typesupport_c/pnc_msgs/msg/trajectory__type_support.cpp.o[0m
[35m[1mScanning dependencies of target pnc_msgs__rosidl_typesupport_introspection_c[0m
[ 48%] [32mBuilding C object CMakeFiles/pnc_msgs__rosidl_typesupport_introspection_c.dir/rosidl_typesupport_introspection_c/pnc_msgs/msg/detail/trajectory_point__type_support.c.o[0m
[ 51%] [32mBuilding C object CMakeFiles/pnc_msgs__rosidl_typesupport_introspection_c.dir/rosidl_typesupport_introspection_c/pnc_msgs/msg/detail/trajectory__type_support.c.o[0m
[ 53%] [32m[1mLinking CXX shared library libpnc_msgs__rosidl_typesupport_c.so[0m
[ 56%] [32m[1mLinking C shared library libpnc_msgs__rosidl_typesupport_introspection_c.so[0m
[ 56%] Built target pnc_msgs__rosidl_typesupport_c
[ 56%] Built target pnc_msgs__rosidl_typesupport_introspection_c
[ 58%] [32m[1mLinking CXX shared library libpnc_msgs__rosidl_typesupport_introspection_cpp.so[0m
[ 61%] [32m[1mLinking CXX shared library libpnc_msgs__rosidl_typesupport_cpp.so[0m
[ 61%] Built target pnc_msgs__rosidl_typesupport_cpp
[ 61%] Built target pnc_msgs__rosidl_typesupport_introspection_cpp
[ 64%] [32m[1mLinking CXX shared library libpnc_msgs__rosidl_typesupport_fastrtps_cpp.so[0m
[ 64%] Built target pnc_msgs__rosidl_typesupport_fastrtps_cpp
[ 66%] [34m[1mGenerating C type support for eProsima Fast-RTPS[0m
[35m[1mScanning dependencies of target pnc_msgs__rosidl_typesupport_fastrtps_c[0m
[ 71%] [32mBuilding CXX object CMakeFiles/pnc_msgs__rosidl_typesupport_fastrtps_c.dir/rosidl_typesupport_fastrtps_c/pnc_msgs/msg/detail/trajectory__type_support_c.cpp.o[0m
[ 71%] [32mBuilding CXX object CMakeFiles/pnc_msgs__rosidl_typesupport_fastrtps_c.dir/rosidl_typesupport_fastrtps_c/pnc_msgs/msg/detail/trajectory_point__type_support_c.cpp.o[0m
[ 74%] [32m[1mLinking CXX shared library libpnc_msgs__rosidl_typesupport_fastrtps_c.so[0m
[ 74%] Built target pnc_msgs__rosidl_typesupport_fastrtps_c
[35m[1mScanning dependencies of target pnc_msgs[0m
[ 74%] Built target pnc_msgs
[35m[1mScanning dependencies of target pnc_msgs__py[0m
[ 76%] [34m[1mGenerating Python code for ROS interfaces[0m
[ 76%] Built target pnc_msgs__py
[35m[1mScanning dependencies of target pnc_msgs__python[0m
[ 79%] [32mBuilding C object CMakeFiles/pnc_msgs__python.dir/rosidl_generator_py/pnc_msgs/msg/_trajectory_s.c.o[0m
[ 82%] [32mBuilding C object CMakeFiles/pnc_msgs__python.dir/rosidl_generator_py/pnc_msgs/msg/_trajectory_point_s.c.o[0m
[ 84%] [32m[1mLinking C shared library rosidl_generator_py/pnc_msgs/libpnc_msgs__python.so[0m
[ 84%] Built target pnc_msgs__python
[35m[1mScanning dependencies of target pnc_msgs__rosidl_typesupport_fastrtps_c__pyext[0m
[35m[1mScanning dependencies of target pnc_msgs__rosidl_typesupport_c__pyext[0m
[35m[1mScanning dependencies of target pnc_msgs__rosidl_typesupport_introspection_c__pyext[0m
[ 87%] [32mBuilding C object CMakeFiles/pnc_msgs__rosidl_typesupport_fastrtps_c__pyext.dir/rosidl_generator_py/pnc_msgs/_pnc_msgs_s.ep.rosidl_typesupport_fastrtps_c.c.o[0m
[ 89%] [32mBuilding C object CMakeFiles/pnc_msgs__rosidl_typesupport_c__pyext.dir/rosidl_generator_py/pnc_msgs/_pnc_msgs_s.ep.rosidl_typesupport_c.c.o[0m
[ 92%] [32mBuilding C object CMakeFiles/pnc_msgs__rosidl_typesupport_introspection_c__pyext.dir/rosidl_generator_py/pnc_msgs/_pnc_msgs_s.ep.rosidl_typesupport_introspection_c.c.o[0m
[ 94%] [32m[1mLinking C shared library rosidl_generator_py/pnc_msgs/pnc_msgs_s__rosidl_typesupport_introspection_c.cpython-38-x86_64-linux-gnu.so[0m
[ 97%] [32m[1mLinking C shared library rosidl_generator_py/pnc_msgs/pnc_msgs_s__rosidl_typesupport_c.cpython-38-x86_64-linux-gnu.so[0m
[ 97%] Built target pnc_msgs__rosidl_typesupport_c__pyext
[ 97%] Built target pnc_msgs__rosidl_typesupport_introspection_c__pyext
[100%] [32m[1mLinking CXX shared library rosidl_generator_py/pnc_msgs/pnc_msgs_s__rosidl_typesupport_fastrtps_c.cpython-38-x86_64-linux-gnu.so[0m
[100%] Built target pnc_msgs__rosidl_typesupport_fastrtps_c__pyext
-- Install configuration: ""
-- Installing: /home/sti/Documents/Planning-and-Control-based-on-Carla-and-ROS2/install/pnc_msgs/share/ament_index/resource_index/rosidl_interfaces/pnc_msgs
-- Up-to-date: /home/sti/Documents/Planning-and-Control-based-on-Carla-and-ROS2/install/pnc_msgs/include/pnc_msgs
-- Up-to-date: /home/sti/Documents/Planning-and-Control-based-on-Carla-and-ROS2/install/pnc_msgs/include/pnc_msgs/msg
-- Installing: /home/sti/Documents/Planning-and-Control-based-on-Carla-and-ROS2/install/pnc_msgs/include/pnc_msgs/msg/trajectory_point.h
-- Installing: /home/sti/Documents/Planning-and-Control-based-on-Carla-and-ROS2/install/pnc_msgs/include/pnc_msgs/msg/rosidl_generator_c__visibility_control.h
-- Installing: /home/sti/Documents/Planning-and-Control-based-on-Carla-and-ROS2/install/pnc_msgs/include/pnc_msgs/msg/trajectory.h
-- Up-to-date: /home/sti/Documents/Planning-and-Control-based-on-Carla-and-ROS2/install/pnc_msgs/include/pnc_msgs/msg/detail
-- Installing: /home/sti/Documents/Planning-and-Control-based-on-Carla-and-ROS2/install/pnc_msgs/include/pnc_msgs/msg/detail/trajectory_point__type_support.h
-- Installing: /home/sti/Documents/Planning-and-Control-based-on-Carla-and-ROS2/install/pnc_msgs/include/pnc_msgs/msg/detail/trajectory_point__functions.c
-- Installing: /home/sti/Documents/Planning-and-Control-based-on-Carla-and-ROS2/install/pnc_msgs/include/pnc_msgs/msg/detail/trajectory__type_support.h
-- Installing: /home/sti/Documents/Planning-and-Control-based-on-Carla-and-ROS2/install/pnc_msgs/include/pnc_msgs/msg/detail/trajectory_point__functions.h
-- Installing: /home/sti/Documents/Planning-and-Control-based-on-Carla-and-ROS2/install/pnc_msgs/include/pnc_msgs/msg/detail/trajectory__functions.h
-- Installing: /home/sti/Documents/Planning-and-Control-based-on-Carla-and-ROS2/install/pnc_msgs/include/pnc_msgs/msg/detail/trajectory_point__struct.h
-- Installing: /home/sti/Documents/Planning-and-Control-based-on-Carla-and-ROS2/install/pnc_msgs/include/pnc_msgs/msg/detail/trajectory__struct.h
-- Installing: /home/sti/Documents/Planning-and-Control-based-on-Carla-and-ROS2/install/pnc_msgs/include/pnc_msgs/msg/detail/trajectory__functions.c
-- Installing: /home/sti/Documents/Planning-and-Control-based-on-Carla-and-ROS2/install/pnc_msgs/share/pnc_msgs/environment/library_path.sh
-- Installing: /home/sti/Documents/Planning-and-Control-based-on-Carla-and-ROS2/install/pnc_msgs/share/pnc_msgs/environment/library_path.dsv
-- Installing: /home/sti/Documents/Planning-and-Control-based-on-Carla-and-ROS2/install/pnc_msgs/lib/libpnc_msgs__rosidl_generator_c.so
-- Set runtime path of "/home/sti/Documents/Planning-and-Control-based-on-Carla-and-ROS2/install/pnc_msgs/lib/libpnc_msgs__rosidl_generator_c.so" to ""
-- Up-to-date: /home/sti/Documents/Planning-and-Control-based-on-Carla-and-ROS2/install/pnc_msgs/include/pnc_msgs
-- Up-to-date: /home/sti/Documents/Planning-and-Control-based-on-Carla-and-ROS2/install/pnc_msgs/include/pnc_msgs/msg
-- Installing: /home/sti/Documents/Planning-and-Control-based-on-Carla-and-ROS2/install/pnc_msgs/include/pnc_msgs/msg/rosidl_typesupport_fastrtps_c__visibility_control.h
-- Up-to-date: /home/sti/Documents/Planning-and-Control-based-on-Carla-and-ROS2/install/pnc_msgs/include/pnc_msgs/msg/detail
-- Installing: /home/sti/Documents/Planning-and-Control-based-on-Carla-and-ROS2/install/pnc_msgs/include/pnc_msgs/msg/detail/trajectory__rosidl_typesupport_fastrtps_c.h
-- Installing: /home/sti/Documents/Planning-and-Control-based-on-Carla-and-ROS2/install/pnc_msgs/include/pnc_msgs/msg/detail/trajectory_point__rosidl_typesupport_fastrtps_c.h
-- Installing: /home/sti/Documents/Planning-and-Control-based-on-Carla-and-ROS2/install/pnc_msgs/lib/libpnc_msgs__rosidl_typesupport_fastrtps_c.so
-- Set runtime path of "/home/sti/Documents/Planning-and-Control-based-on-Carla-and-ROS2/install/pnc_msgs/lib/libpnc_msgs__rosidl_typesupport_fastrtps_c.so" to ""
-- Up-to-date: /home/sti/Documents/Planning-and-Control-based-on-Carla-and-ROS2/install/pnc_msgs/include/pnc_msgs
-- Up-to-date: /home/sti/Documents/Planning-and-Control-based-on-Carla-and-ROS2/install/pnc_msgs/include/pnc_msgs/msg
-- Installing: /home/sti/Documents/Planning-and-Control-based-on-Carla-and-ROS2/install/pnc_msgs/include/pnc_msgs/msg/rosidl_typesupport_fastrtps_cpp__visibility_control.h
-- Up-to-date: /home/sti/Documents/Planning-and-Control-based-on-Carla-and-ROS2/install/pnc_msgs/include/pnc_msgs/msg/detail
-- Up-to-date: /home/sti/Documents/Planning-and-Control-based-on-Carla-and-ROS2/install/pnc_msgs/include/pnc_msgs/msg/detail/dds_fastrtps
-- Installing: /home/sti/Documents/Planning-and-Control-based-on-Carla-and-ROS2/install/pnc_msgs/include/pnc_msgs/msg/detail/trajectory_point__rosidl_typesupport_fastrtps_cpp.hpp
-- Installing: /home/sti/Documents/Planning-and-Control-based-on-Carla-and-ROS2/install/pnc_msgs/include/pnc_msgs/msg/detail/trajectory__rosidl_typesupport_fastrtps_cpp.hpp
-- Installing: /home/sti/Documents/Planning-and-Control-based-on-Carla-and-ROS2/install/pnc_msgs/lib/libpnc_msgs__rosidl_typesupport_fastrtps_cpp.so
-- Set runtime path of "/home/sti/Documents/Planning-and-Control-based-on-Carla-and-ROS2/install/pnc_msgs/lib/libpnc_msgs__rosidl_typesupport_fastrtps_cpp.so" to ""
-- Up-to-date: /home/sti/Documents/Planning-and-Control-based-on-Carla-and-ROS2/install/pnc_msgs/include/pnc_msgs
-- Up-to-date: /home/sti/Documents/Planning-and-Control-based-on-Carla-and-ROS2/install/pnc_msgs/include/pnc_msgs/msg
-- Installing: /home/sti/Documents/Planning-and-Control-based-on-Carla-and-ROS2/install/pnc_msgs/include/pnc_msgs/msg/rosidl_typesupport_introspection_c__visibility_control.h
-- Up-to-date: /home/sti/Documents/Planning-and-Control-based-on-Carla-and-ROS2/install/pnc_msgs/include/pnc_msgs/msg/detail
-- Installing: /home/sti/Documents/Planning-and-Control-based-on-Carla-and-ROS2/install/pnc_msgs/include/pnc_msgs/msg/detail/trajectory__type_support.c
-- Installing: /home/sti/Documents/Planning-and-Control-based-on-Carla-and-ROS2/install/pnc_msgs/include/pnc_msgs/msg/detail/trajectory_point__rosidl_typesupport_introspection_c.h
-- Installing: /home/sti/Documents/Planning-and-Control-based-on-Carla-and-ROS2/install/pnc_msgs/include/pnc_msgs/msg/detail/trajectory__rosidl_typesupport_introspection_c.h
-- Installing: /home/sti/Documents/Planning-and-Control-based-on-Carla-and-ROS2/install/pnc_msgs/include/pnc_msgs/msg/detail/trajectory_point__type_support.c
-- Installing: /home/sti/Documents/Planning-and-Control-based-on-Carla-and-ROS2/install/pnc_msgs/lib/libpnc_msgs__rosidl_typesupport_introspection_c.so
-- Set runtime path of "/home/sti/Documents/Planning-and-Control-based-on-Carla-and-ROS2/install/pnc_msgs/lib/libpnc_msgs__rosidl_typesupport_introspection_c.so" to ""
-- Installing: /home/sti/Documents/Planning-and-Control-based-on-Carla-and-ROS2/install/pnc_msgs/lib/libpnc_msgs__rosidl_typesupport_c.so
-- Set runtime path of "/home/sti/Documents/Planning-and-Control-based-on-Carla-and-ROS2/install/pnc_msgs/lib/libpnc_msgs__rosidl_typesupport_c.so" to ""
-- Up-to-date: /home/sti/Documents/Planning-and-Control-based-on-Carla-and-ROS2/install/pnc_msgs/include/pnc_msgs
-- Up-to-date: /home/sti/Documents/Planning-and-Control-based-on-Carla-and-ROS2/install/pnc_msgs/include/pnc_msgs/msg
-- Installing: /home/sti/Documents/Planning-and-Control-based-on-Carla-and-ROS2/install/pnc_msgs/include/pnc_msgs/msg/trajectory_point.hpp
-- Installing: /home/sti/Documents/Planning-and-Control-based-on-Carla-and-ROS2/install/pnc_msgs/include/pnc_msgs/msg/rosidl_generator_cpp__visibility_control.hpp
-- Installing: /home/sti/Documents/Planning-and-Control-based-on-Carla-and-ROS2/install/pnc_msgs/include/pnc_msgs/msg/trajectory.hpp
-- Up-to-date: /home/sti/Documents/Planning-and-Control-based-on-Carla-and-ROS2/install/pnc_msgs/include/pnc_msgs/msg/detail
-- Installing: /home/sti/Documents/Planning-and-Control-based-on-Carla-and-ROS2/install/pnc_msgs/include/pnc_msgs/msg/detail/trajectory_point__type_support.hpp
-- Installing: /home/sti/Documents/Planning-and-Control-based-on-Carla-and-ROS2/install/pnc_msgs/include/pnc_msgs/msg/detail/trajectory__type_support.hpp
-- Installing: /home/sti/Documents/Planning-and-Control-based-on-Carla-and-ROS2/install/pnc_msgs/include/pnc_msgs/msg/detail/trajectory__builder.hpp
-- Installing: /home/sti/Documents/Planning-and-Control-based-on-Carla-and-ROS2/install/pnc_msgs/include/pnc_msgs/msg/detail/trajectory__traits.hpp
-- Installing: /home/sti/Documents/Planning-and-Control-based-on-Carla-and-ROS2/install/pnc_msgs/include/pnc_msgs/msg/detail/trajectory_point__builder.hpp
-- Installing: /home/sti/Documents/Planning-and-Control-based-on-Carla-and-ROS2/install/pnc_msgs/include/pnc_msgs/msg/detail/trajectory_point__struct.hpp
-- Installing: /home/sti/Documents/Planning-and-Control-based-on-Carla-and-ROS2/install/pnc_msgs/include/pnc_msgs/msg/detail/trajectory_point__traits.hpp
-- Installing: /home/sti/Documents/Planning-and-Control-based-on-Carla-and-ROS2/install/pnc_msgs/include/pnc_msgs/msg/detail/trajectory__struct.hpp
-- Up-to-date: /home/sti/Documents/Planning-and-Control-based-on-Carla-and-ROS2/install/pnc_msgs/include/pnc_msgs
-- Up-to-date: /home/sti/Documents/Planning-and-Control-based-on-Carla-and-ROS2/install/pnc_msgs/include/pnc_msgs/msg
-- Up-to-date: /home/sti/Documents/Planning-and-Control-based-on-Carla-and-ROS2/install/pnc_msgs/include/pnc_msgs/msg/detail
-- Installing: /home/sti/Documents/Planning-and-Control-based-on-Carla-and-ROS2/install/pnc_msgs/include/pnc_msgs/msg/detail/trajectory__rosidl_typesupport_introspection_cpp.hpp
-- Installing: /home/sti/Documents/Planning-and-Control-based-on-Carla-and-ROS2/install/pnc_msgs/include/pnc_msgs/msg/detail/trajectory_point__rosidl_typesupport_introspection_cpp.hpp
-- Installing: /home/sti/Documents/Planning-and-Control-based-on-Carla-and-ROS2/install/pnc_msgs/include/pnc_msgs/msg/detail/trajectory_point__type_support.cpp
-- Installing: /home/sti/Documents/Planning-and-Control-based-on-Carla-and-ROS2/install/pnc_msgs/include/pnc_msgs/msg/detail/trajectory__type_support.cpp
-- Installing: /home/sti/Documents/Planning-and-Control-based-on-Carla-and-ROS2/install/pnc_msgs/lib/libpnc_msgs__rosidl_typesupport_introspection_cpp.so
-- Set runtime path of "/home/sti/Documents/Planning-and-Control-based-on-Carla-and-ROS2/install/pnc_msgs/lib/libpnc_msgs__rosidl_typesupport_introspection_cpp.so" to ""
-- Installing: /home/sti/Documents/Planning-and-Control-based-on-Carla-and-ROS2/install/pnc_msgs/lib/libpnc_msgs__rosidl_typesupport_cpp.so
-- Set runtime path of "/home/sti/Documents/Planning-and-Control-based-on-Carla-and-ROS2/install/pnc_msgs/lib/libpnc_msgs__rosidl_typesupport_cpp.so" to ""
-- Installing: /home/sti/Documents/Planning-and-Control-based-on-Carla-and-ROS2/install/pnc_msgs/share/pnc_msgs/environment/pythonpath.sh
-- Installing: /home/sti/Documents/Planning-and-Control-based-on-Carla-and-ROS2/install/pnc_msgs/share/pnc_msgs/environment/pythonpath.dsv
-- Installing: /home/sti/Documents/Planning-and-Control-based-on-Carla-and-ROS2/install/pnc_msgs/lib/python3.8/site-packages/pnc_msgs/__init__.py
Compiling '/home/sti/Documents/Planning-and-Control-based-on-Carla-and-ROS2/install/pnc_msgs/lib/python3.8/site-packages/pnc_msgs/__init__.py'...
-- Installing: /home/sti/Documents/Planning-and-Control-based-on-Carla-and-ROS2/install/pnc_msgs/lib/python3.8/site-packages/pnc_msgs/msg
-- Installing: /home/sti/Documents/Planning-and-Control-based-on-Carla-and-ROS2/install/pnc_msgs/lib/python3.8/site-packages/pnc_msgs/msg/_trajectory.py
-- Installing: /home/sti/Documents/Planning-and-Control-based-on-Carla-and-ROS2/install/pnc_msgs/lib/python3.8/site-packages/pnc_msgs/msg/_trajectory_point_s.c
-- Installing: /home/sti/Documents/Planning-and-Control-based-on-Carla-and-ROS2/install/pnc_msgs/lib/python3.8/site-packages/pnc_msgs/msg/_trajectory_s.c
-- Installing: /home/sti/Documents/Planning-and-Control-based-on-Carla-and-ROS2/install/pnc_msgs/lib/python3.8/site-packages/pnc_msgs/msg/_trajectory_point.py
-- Installing: /home/sti/Documents/Planning-and-Control-based-on-Carla-and-ROS2/install/pnc_msgs/lib/python3.8/site-packages/pnc_msgs/msg/__init__.py
-- Installing: /home/sti/Documents/Planning-and-Control-based-on-Carla-and-ROS2/install/pnc_msgs/lib/python3.8/site-packages/pnc_msgs/pnc_msgs_s__rosidl_typesupport_fastrtps_c.cpython-38-x86_64-linux-gnu.so
-- Set runtime path of "/home/sti/Documents/Planning-and-Control-based-on-Carla-and-ROS2/install/pnc_msgs/lib/python3.8/site-packages/pnc_msgs/pnc_msgs_s__rosidl_typesupport_fastrtps_c.cpython-38-x86_64-linux-gnu.so" to ""
-- Installing: /home/sti/Documents/Planning-and-Control-based-on-Carla-and-ROS2/install/pnc_msgs/lib/python3.8/site-packages/pnc_msgs/pnc_msgs_s__rosidl_typesupport_introspection_c.cpython-38-x86_64-linux-gnu.so
-- Set runtime path of "/home/sti/Documents/Planning-and-Control-based-on-Carla-and-ROS2/install/pnc_msgs/lib/python3.8/site-packages/pnc_msgs/pnc_msgs_s__rosidl_typesupport_introspection_c.cpython-38-x86_64-linux-gnu.so" to ""
-- Installing: /home/sti/Documents/Planning-and-Control-based-on-Carla-and-ROS2/install/pnc_msgs/lib/python3.8/site-packages/pnc_msgs/pnc_msgs_s__rosidl_typesupport_c.cpython-38-x86_64-linux-gnu.so
-- Set runtime path of "/home/sti/Documents/Planning-and-Control-based-on-Carla-and-ROS2/install/pnc_msgs/lib/python3.8/site-packages/pnc_msgs/pnc_msgs_s__rosidl_typesupport_c.cpython-38-x86_64-linux-gnu.so" to ""
-- Installing: /home/sti/Documents/Planning-and-Control-based-on-Carla-and-ROS2/install/pnc_msgs/lib/libpnc_msgs__python.so
-- Set runtime path of "/home/sti/Documents/Planning-and-Control-based-on-Carla-and-ROS2/install/pnc_msgs/lib/libpnc_msgs__python.so" to ""
-- Installing: /home/sti/Documents/Planning-and-Control-based-on-Carla-and-ROS2/install/pnc_msgs/share/pnc_msgs/msg/TrajectoryPoint.idl
-- Installing: /home/sti/Documents/Planning-and-Control-based-on-Carla-and-ROS2/install/pnc_msgs/share/pnc_msgs/msg/Trajectory.idl
-- Installing: /home/sti/Documents/Planning-and-Control-based-on-Carla-and-ROS2/install/pnc_msgs/share/pnc_msgs/msg/TrajectoryPoint.msg
-- Installing: /home/sti/Documents/Planning-and-Control-based-on-Carla-and-ROS2/install/pnc_msgs/share/pnc_msgs/msg/Trajectory.msg
-- Installing: /home/sti/Documents/Planning-and-Control-based-on-Carla-and-ROS2/install/pnc_msgs/share/ament_index/resource_index/package_run_dependencies/pnc_msgs
-- Installing: /home/sti/Documents/Planning-and-Control-based-on-Carla-and-ROS2/install/pnc_msgs/share/ament_index/resource_index/parent_prefix_path/pnc_msgs
-- Installing: /home/sti/Documents/Planning-and-Control-based-on-Carla-and-ROS2/install/pnc_msgs/share/pnc_msgs/environment/ament_prefix_path.sh
-- Installing: /home/sti/Documents/Planning-and-Control-based-on-Carla-and-ROS2/install/pnc_msgs/share/pnc_msgs/environment/ament_prefix_path.dsv
-- Installing: /home/sti/Documents/Planning-and-Control-based-on-Carla-and-ROS2/install/pnc_msgs/share/pnc_msgs/environment/path.sh
-- Installing: /home/sti/Documents/Planning-and-Control-based-on-Carla-and-ROS2/install/pnc_msgs/share/pnc_msgs/environment/path.dsv
-- Installing: /home/sti/Documents/Planning-and-Control-based-on-Carla-and-ROS2/install/pnc_msgs/share/pnc_msgs/local_setup.bash
-- Installing: /home/sti/Documents/Planning-and-Control-based-on-Carla-and-ROS2/install/pnc_msgs/share/pnc_msgs/local_setup.sh
-- Installing: /home/sti/Documents/Planning-and-Control-based-on-Carla-and-ROS2/install/pnc_msgs/share/pnc_msgs/local_setup.zsh
-- Installing: /home/sti/Documents/Planning-and-Control-based-on-Carla-and-ROS2/install/pnc_msgs/share/pnc_msgs/local_setup.dsv
-- Installing: /home/sti/Documents/Planning-and-Control-based-on-Carla-and-ROS2/install/pnc_msgs/share/pnc_msgs/package.dsv
-- Installing: /home/sti/Documents/Planning-and-Control-based-on-Carla-and-ROS2/install/pnc_msgs/share/ament_index/resource_index/packages/pnc_msgs
-- Installing: /home/sti/Documents/Planning-and-Control-based-on-Carla-and-ROS2/install/pnc_msgs/share/pnc_msgs/cmake/pnc_msgs__rosidl_generator_cExport.cmake
-- Installing: /home/sti/Documents/Planning-and-Control-based-on-Carla-and-ROS2/install/pnc_msgs/share/pnc_msgs/cmake/pnc_msgs__rosidl_generator_cExport-noconfig.cmake
-- Installing: /home/sti/Documents/Planning-and-Control-based-on-Carla-and-ROS2/install/pnc_msgs/share/pnc_msgs/cmake/pnc_msgs__rosidl_typesupport_introspection_cExport.cmake
-- Installing: /home/sti/Documents/Planning-and-Control-based-on-Carla-and-ROS2/install/pnc_msgs/share/pnc_msgs/cmake/pnc_msgs__rosidl_typesupport_introspection_cExport-noconfig.cmake
-- Installing: /home/sti/Documents/Planning-and-Control-based-on-Carla-and-ROS2/install/pnc_msgs/share/pnc_msgs/cmake/pnc_msgs__rosidl_typesupport_cExport.cmake
-- Installing: /home/sti/Documents/Planning-and-Control-based-on-Carla-and-ROS2/install/pnc_msgs/share/pnc_msgs/cmake/pnc_msgs__rosidl_typesupport_cExport-noconfig.cmake
-- Installing: /home/sti/Documents/Planning-and-Control-based-on-Carla-and-ROS2/install/pnc_msgs/share/pnc_msgs/cmake/pnc_msgs__rosidl_generator_cppExport.cmake
-- Installing: /home/sti/Documents/Planning-and-Control-based-on-Carla-and-ROS2/install/pnc_msgs/share/pnc_msgs/cmake/pnc_msgs__rosidl_typesupport_introspection_cppExport.cmake
-- Installing: /home/sti/Documents/Planning-and-Control-based-on-Carla-and-ROS2/install/pnc_msgs/share/pnc_msgs/cmake/pnc_msgs__rosidl_typesupport_introspection_cppExport-noconfig.cmake
-- Installing: /home/sti/Documents/Planning-and-Control-based-on-Carla-and-ROS2/install/pnc_msgs/share/pnc_msgs/cmake/pnc_msgs__rosidl_typesupport_cppExport.cmake
-- Installing: /home/sti/Documents/Planning-and-Control-based-on-Carla-and-ROS2/install/pnc_msgs/share/pnc_msgs/cmake/pnc_msgs__rosidl_typesupport_cppExport-noconfig.cmake
-- Installing: /home/sti/Documents/Planning-and-Control-based-on-Carla-and-ROS2/install/pnc_msgs/share/pnc_msgs/cmake/rosidl_cmake-extras.cmake
-- Installing: /home/sti/Documents/Planning-and-Control-based-on-Carla-and-ROS2/install/pnc_msgs/share/pnc_msgs/cmake/ament_cmake_export_dependencies-extras.cmake
-- Installing: /home/sti/Documents/Planning-and-Control-based-on-Carla-and-ROS2/install/pnc_msgs/share/pnc_msgs/cmake/ament_cmake_export_libraries-extras.cmake
-- Installing: /home/sti/Documents/Planning-and-Control-based-on-Carla-and-ROS2/install/pnc_msgs/share/pnc_msgs/cmake/ament_cmake_export_targets-extras.cmake
-- Installing: /home/sti/Documents/Planning-and-Control-based-on-Carla-and-ROS2/install/pnc_msgs/share/pnc_msgs/cmake/ament_cmake_export_include_directories-extras.cmake
-- Installing: /home/sti/Documents/Planning-and-Control-based-on-Carla-and-ROS2/install/pnc_msgs/share/pnc_msgs/cmake/rosidl_cmake_export_typesupport_libraries-extras.cmake
-- Installing: /home/sti/Documents/Planning-and-Control-based-on-Carla-and-ROS2/install/pnc_msgs/share/pnc_msgs/cmake/rosidl_cmake_export_typesupport_targets-extras.cmake
-- Installing: /home/sti/Documents/Planning-and-Control-based-on-Carla-and-ROS2/install/pnc_msgs/share/pnc_msgs/cmake/pnc_msgsConfig.cmake
-- Installing: /home/sti/Documents/Planning-and-Control-based-on-Carla-and-ROS2/install/pnc_msgs/share/pnc_msgs/cmake/pnc_msgsConfig-version.cmake
-- Installing: /home/sti/Documents/Planning-and-Control-based-on-Carla-and-ROS2/install/pnc_msgs/share/pnc_msgs/package.xml
