[0.241s] Invoking command in '/home/sti/Documents/Planning-and-Control-based-on-Carla-and-ROS2/build/carla_waypoint_types': CMAKE_PREFIX_PATH=/opt/ros/foxy /usr/local/bin/cmake /home/sti/Documents/Planning-and-Control-based-on-Carla-and-ROS2/plus_version/carla_waypoint_types -DCMAKE_INSTALL_PREFIX=/home/sti/Documents/Planning-and-Control-based-on-Carla-and-ROS2/install/carla_waypoint_types
[0.687s] -- The C compiler identification is GNU 9.4.0
[0.688s] -- The CXX compiler identification is GNU 9.4.0
[0.688s] -- Detecting C compiler ABI info
[0.688s] -- Detecting C compiler ABI info - done
[0.688s] -- Check for working C compiler: /usr/bin/cc - skipped
[0.688s] -- Detecting C compile features
[0.689s] -- Detecting C compile features - done
[0.689s] -- Detecting CXX compiler ABI info
[0.689s] -- Detecting CXX compiler ABI info - done
[0.691s] -- Check for working CXX compiler: /usr/bin/c++ - skipped
[0.691s] -- Detecting CXX compile features
[0.691s] -- Detecting CXX compile features - done
[0.692s] -- Found ros_environment: 2.5.1 (/opt/ros/foxy/share/ros_environment/cmake)
[0.693s] -- Found ament_cmake: 0.9.12 (/opt/ros/foxy/share/ament_cmake/cmake)
[0.693s] -- Found PythonInterp: /usr/bin/python3 (found suitable version "3.8.10", minimum required is "3") 
[0.693s] -- Using PYTHON_EXECUTABLE: /usr/bin/python3
[0.694s] -- Found nav_msgs: 2.0.5 (/opt/ros/foxy/share/nav_msgs/cmake)
[0.695s] -- Using all available rosidl_typesupport_c: rosidl_typesupport_fastrtps_c;rosidl_typesupport_introspection_c
[0.695s] -- Found rosidl_adapter: 1.3.1 (/opt/ros/foxy/share/rosidl_adapter/cmake)
[0.714s] -- Found OpenSSL: /usr/lib/x86_64-linux-gnu/libcrypto.so (found version "1.1.1f")  
[0.756s] -- Found FastRTPS: /opt/ros/foxy/include  
[0.844s] -- Using all available rosidl_typesupport_cpp: rosidl_typesupport_fastrtps_cpp;rosidl_typesupport_introspection_cpp
[0.992s] -- Found rosidl_default_generators: 1.0.1 (/opt/ros/foxy/share/rosidl_default_generators/cmake)
[1.022s] -- Found PythonInterp: /usr/bin/python3 (found version "3.8.10") 
[1.173s] -- Found ament_cmake_cppcheck: 0.9.8 (/opt/ros/foxy/share/ament_cmake_cppcheck/cmake)
[1.174s] -- Found ament_cmake_cpplint: 0.9.8 (/opt/ros/foxy/share/ament_cmake_cpplint/cmake)
[1.176s] -- Found ament_cmake_uncrustify: 0.9.8 (/opt/ros/foxy/share/ament_cmake_uncrustify/cmake)
[1.177s] -- Found ament_cmake_ros: 0.9.2 (/opt/ros/foxy/share/ament_cmake_ros/cmake)
[1.405s] -- Using all available rosidl_typesupport_c: rosidl_typesupport_fastrtps_c;rosidl_typesupport_introspection_c
[1.535s] -- Using all available rosidl_typesupport_cpp: rosidl_typesupport_fastrtps_cpp;rosidl_typesupport_introspection_cpp
[1.561s] -- Found PythonInterp: /usr/bin/python3 (found suitable version "3.8.10", minimum required is "3.5") 
[1.562s] -- Found python_cmake_module: 0.8.1 (/opt/ros/foxy/share/python_cmake_module/cmake)
[1.588s] -- Found PythonLibs: /usr/lib/x86_64-linux-gnu/libpython3.8.so (found suitable version "3.8.10", minimum required is "3.5") 
[1.588s] -- Using PYTHON_EXECUTABLE: /usr/bin/python3
[1.588s] -- Using PYTHON_INCLUDE_DIRS: /usr/include/python3.8
[1.588s] -- Using PYTHON_LIBRARIES: /usr/lib/x86_64-linux-gnu/libpython3.8.so
[1.606s] -- Found PythonExtra: .so  
[1.803s] -- Using numpy include directory: /home/sti/.local/lib/python3.8/site-packages/numpy/core/include
[1.818s] -- Found ament_cmake_flake8: 0.9.8 (/opt/ros/foxy/share/ament_cmake_flake8/cmake)
[1.818s] -- Found ament_cmake_pep257: 0.9.8 (/opt/ros/foxy/share/ament_cmake_pep257/cmake)
[1.821s] -- Found ament_lint_auto: 0.9.8 (/opt/ros/foxy/share/ament_lint_auto/cmake)
[1.830s] -- Added test 'copyright' to check source files copyright and LICENSE
[1.830s] -- Added test 'lint_cmake' to check CMake code style
[1.830s] -- Added test 'xmllint' to check XML markup files
[1.832s] -- Configuring done
[1.873s] -- Generating done
[1.875s] -- Build files have been written to: /home/sti/Documents/Planning-and-Control-based-on-Carla-and-ROS2/build/carla_waypoint_types
[1.882s] Invoked command in '/home/sti/Documents/Planning-and-Control-based-on-Carla-and-ROS2/build/carla_waypoint_types' returned '0': CMAKE_PREFIX_PATH=/opt/ros/foxy /usr/local/bin/cmake /home/sti/Documents/Planning-and-Control-based-on-Carla-and-ROS2/plus_version/carla_waypoint_types -DCMAKE_INSTALL_PREFIX=/home/sti/Documents/Planning-and-Control-based-on-Carla-and-ROS2/install/carla_waypoint_types
[1.885s] Invoking command in '/home/sti/Documents/Planning-and-Control-based-on-Carla-and-ROS2/build/carla_waypoint_types': CMAKE_PREFIX_PATH=/opt/ros/foxy /usr/local/bin/cmake --build /home/sti/Documents/Planning-and-Control-based-on-Carla-and-ROS2/build/carla_waypoint_types -- -j16 -l16
[1.895s] [  2%] [34m[1mGenerating C code for ROS interfaces[0m
[1.895s] [35m[1mScanning dependencies of target carla_waypoint_types__cpp[0m
[1.898s] [  4%] [34m[1mGenerating C++ code for ROS interfaces[0m
[2.277s] [  4%] Built target carla_waypoint_types__cpp
[2.280s] [  8%] [34m[1mGenerating C++ type support for eProsima Fast-RTPS[0m
[2.280s] [  8%] [34m[1mGenerating C++ introspection for ROS interfaces[0m
[2.281s] [ 10%] [34m[1mGenerating C++ type support dispatch for ROS interfaces[0m
[2.458s] [35m[1mScanning dependencies of target carla_waypoint_types__rosidl_generator_c[0m
[2.474s] [ 12%] [32mBuilding C object CMakeFiles/carla_waypoint_types__rosidl_generator_c.dir/rosidl_generator_c/carla_waypoint_types/msg/detail/carla_waypoint__functions.c.o[0m
[2.484s] [ 14%] [32mBuilding C object CMakeFiles/carla_waypoint_types__rosidl_generator_c.dir/rosidl_generator_c/carla_waypoint_types/srv/detail/get_waypoint__functions.c.o[0m
[2.501s] [ 17%] [32mBuilding C object CMakeFiles/carla_waypoint_types__rosidl_generator_c.dir/rosidl_generator_c/carla_waypoint_types/srv/detail/get_actor_waypoint__functions.c.o[0m
[2.604s] [ 19%] [32m[1mLinking C shared library libcarla_waypoint_types__rosidl_generator_c.so[0m
[2.659s] [ 19%] Built target carla_waypoint_types__rosidl_generator_c
[2.663s] [ 21%] [34m[1mGenerating C type support dispatch for ROS interfaces[0m
[2.690s] [ 23%] [34m[1mGenerating C introspection for ROS interfaces[0m
[2.693s] [35m[1mScanning dependencies of target carla_waypoint_types__rosidl_typesupport_cpp[0m
[2.707s] [ 25%] [32mBuilding CXX object CMakeFiles/carla_waypoint_types__rosidl_typesupport_cpp.dir/rosidl_typesupport_cpp/carla_waypoint_types/srv/get_waypoint__type_support.cpp.o[0m
[2.707s] [ 27%] [32mBuilding CXX object CMakeFiles/carla_waypoint_types__rosidl_typesupport_cpp.dir/rosidl_typesupport_cpp/carla_waypoint_types/msg/carla_waypoint__type_support.cpp.o[0m
[2.708s] [ 29%] [32mBuilding CXX object CMakeFiles/carla_waypoint_types__rosidl_typesupport_cpp.dir/rosidl_typesupport_cpp/carla_waypoint_types/srv/get_actor_waypoint__type_support.cpp.o[0m
[2.735s] [35m[1mScanning dependencies of target carla_waypoint_types__rosidl_typesupport_introspection_cpp[0m
[2.767s] [ 31%] [32mBuilding CXX object CMakeFiles/carla_waypoint_types__rosidl_typesupport_introspection_cpp.dir/rosidl_typesupport_introspection_cpp/carla_waypoint_types/msg/detail/carla_waypoint__type_support.cpp.o[0m
[2.774s] [ 34%] [32mBuilding CXX object CMakeFiles/carla_waypoint_types__rosidl_typesupport_introspection_cpp.dir/rosidl_typesupport_introspection_cpp/carla_waypoint_types/srv/detail/get_waypoint__type_support.cpp.o[0m
[2.787s] [ 36%] [32mBuilding CXX object CMakeFiles/carla_waypoint_types__rosidl_typesupport_introspection_cpp.dir/rosidl_typesupport_introspection_cpp/carla_waypoint_types/srv/detail/get_actor_waypoint__type_support.cpp.o[0m
[2.789s] [35m[1mScanning dependencies of target carla_waypoint_types__rosidl_typesupport_fastrtps_cpp[0m
[2.809s] [ 38%] [32mBuilding CXX object CMakeFiles/carla_waypoint_types__rosidl_typesupport_fastrtps_cpp.dir/rosidl_typesupport_fastrtps_cpp/carla_waypoint_types/msg/detail/dds_fastrtps/carla_waypoint__type_support.cpp.o[0m
[2.821s] [ 40%] [32mBuilding CXX object CMakeFiles/carla_waypoint_types__rosidl_typesupport_fastrtps_cpp.dir/rosidl_typesupport_fastrtps_cpp/carla_waypoint_types/srv/detail/dds_fastrtps/get_waypoint__type_support.cpp.o[0m
[2.871s] [ 42%] [32mBuilding CXX object CMakeFiles/carla_waypoint_types__rosidl_typesupport_fastrtps_cpp.dir/rosidl_typesupport_fastrtps_cpp/carla_waypoint_types/srv/detail/dds_fastrtps/get_actor_waypoint__type_support.cpp.o[0m
[3.137s] [ 44%] [32m[1mLinking CXX shared library libcarla_waypoint_types__rosidl_typesupport_cpp.so[0m
[3.138s] [35m[1mScanning dependencies of target carla_waypoint_types__rosidl_typesupport_c[0m
[3.146s] [ 46%] [32mBuilding CXX object CMakeFiles/carla_waypoint_types__rosidl_typesupport_c.dir/rosidl_typesupport_c/carla_waypoint_types/srv/get_actor_waypoint__type_support.cpp.o[0m
[3.146s] [ 48%] [32mBuilding CXX object CMakeFiles/carla_waypoint_types__rosidl_typesupport_c.dir/rosidl_typesupport_c/carla_waypoint_types/srv/get_waypoint__type_support.cpp.o[0m
[3.150s] [ 51%] [32mBuilding CXX object CMakeFiles/carla_waypoint_types__rosidl_typesupport_c.dir/rosidl_typesupport_c/carla_waypoint_types/msg/carla_waypoint__type_support.cpp.o[0m
[3.200s] [ 53%] [32m[1mLinking CXX shared library libcarla_waypoint_types__rosidl_typesupport_c.so[0m
[3.235s] [ 53%] Built target carla_waypoint_types__rosidl_typesupport_c
[3.235s] [ 53%] Built target carla_waypoint_types__rosidl_typesupport_cpp
[3.244s] [35m[1mScanning dependencies of target carla_waypoint_types__rosidl_typesupport_introspection_c[0m
[3.256s] [ 57%] [32mBuilding C object CMakeFiles/carla_waypoint_types__rosidl_typesupport_introspection_c.dir/rosidl_typesupport_introspection_c/carla_waypoint_types/msg/detail/carla_waypoint__type_support.c.o[0m
[3.257s] [ 57%] [32mBuilding C object CMakeFiles/carla_waypoint_types__rosidl_typesupport_introspection_c.dir/rosidl_typesupport_introspection_c/carla_waypoint_types/srv/detail/get_waypoint__type_support.c.o[0m
[3.260s] [ 59%] [32mBuilding C object CMakeFiles/carla_waypoint_types__rosidl_typesupport_introspection_c.dir/rosidl_typesupport_introspection_c/carla_waypoint_types/srv/detail/get_actor_waypoint__type_support.c.o[0m
[3.289s] [ 61%] [32m[1mLinking CXX shared library libcarla_waypoint_types__rosidl_typesupport_introspection_cpp.so[0m
[3.375s] [ 63%] [32m[1mLinking C shared library libcarla_waypoint_types__rosidl_typesupport_introspection_c.so[0m
[3.452s] [ 63%] Built target carla_waypoint_types__rosidl_typesupport_introspection_cpp
[3.453s] [ 63%] Built target carla_waypoint_types__rosidl_typesupport_introspection_c
[3.559s] [ 65%] [32m[1mLinking CXX shared library libcarla_waypoint_types__rosidl_typesupport_fastrtps_cpp.so[0m
[3.713s] [ 65%] Built target carla_waypoint_types__rosidl_typesupport_fastrtps_cpp
[3.721s] [ 68%] [34m[1mGenerating C type support for eProsima Fast-RTPS[0m
[4.045s] [35m[1mScanning dependencies of target carla_waypoint_types__rosidl_typesupport_fastrtps_c[0m
[4.054s] [ 70%] [32mBuilding CXX object CMakeFiles/carla_waypoint_types__rosidl_typesupport_fastrtps_c.dir/rosidl_typesupport_fastrtps_c/carla_waypoint_types/msg/detail/carla_waypoint__type_support_c.cpp.o[0m
[4.054s] [ 72%] [32mBuilding CXX object CMakeFiles/carla_waypoint_types__rosidl_typesupport_fastrtps_c.dir/rosidl_typesupport_fastrtps_c/carla_waypoint_types/srv/detail/get_waypoint__type_support_c.cpp.o[0m
[4.054s] [ 74%] [32mBuilding CXX object CMakeFiles/carla_waypoint_types__rosidl_typesupport_fastrtps_c.dir/rosidl_typesupport_fastrtps_c/carla_waypoint_types/srv/detail/get_actor_waypoint__type_support_c.cpp.o[0m
[4.482s] [ 76%] [32m[1mLinking CXX shared library libcarla_waypoint_types__rosidl_typesupport_fastrtps_c.so[0m
[4.566s] [ 76%] Built target carla_waypoint_types__rosidl_typesupport_fastrtps_c
[4.569s] [35m[1mScanning dependencies of target carla_waypoint_types[0m
[4.572s] [ 76%] Built target carla_waypoint_types
[4.575s] [35m[1mScanning dependencies of target carla_waypoint_types__py[0m
[4.578s] [ 78%] [34m[1mGenerating Python code for ROS interfaces[0m
[5.205s] [ 78%] Built target carla_waypoint_types__py
[5.207s] [35m[1mScanning dependencies of target carla_waypoint_types__python[0m
[5.217s] [ 80%] [32mBuilding C object CMakeFiles/carla_waypoint_types__python.dir/rosidl_generator_py/carla_waypoint_types/msg/_carla_waypoint_s.c.o[0m
[5.218s] [ 82%] [32mBuilding C object CMakeFiles/carla_waypoint_types__python.dir/rosidl_generator_py/carla_waypoint_types/srv/_get_actor_waypoint_s.c.o[0m
[5.218s] [ 85%] [32mBuilding C object CMakeFiles/carla_waypoint_types__python.dir/rosidl_generator_py/carla_waypoint_types/srv/_get_waypoint_s.c.o[0m
[5.323s] [ 87%] [32m[1mLinking C shared library rosidl_generator_py/carla_waypoint_types/libcarla_waypoint_types__python.so[0m
[5.356s] [ 87%] Built target carla_waypoint_types__python
[5.375s] [35m[1mScanning dependencies of target carla_waypoint_types__rosidl_typesupport_fastrtps_c__pyext[0m
[5.391s] [35m[1mScanning dependencies of target carla_waypoint_types__rosidl_typesupport_c__pyext[0m
[5.391s] [35m[1mScanning dependencies of target carla_waypoint_types__rosidl_typesupport_introspection_c__pyext[0m
[5.451s] [ 89%] [32mBuilding C object CMakeFiles/carla_waypoint_types__rosidl_typesupport_fastrtps_c__pyext.dir/rosidl_generator_py/carla_waypoint_types/_carla_waypoint_types_s.ep.rosidl_typesupport_fastrtps_c.c.o[0m
[5.467s] [ 91%] [32mBuilding C object CMakeFiles/carla_waypoint_types__rosidl_typesupport_introspection_c__pyext.dir/rosidl_generator_py/carla_waypoint_types/_carla_waypoint_types_s.ep.rosidl_typesupport_introspection_c.c.o[0m
[5.481s] [ 93%] [32mBuilding C object CMakeFiles/carla_waypoint_types__rosidl_typesupport_c__pyext.dir/rosidl_generator_py/carla_waypoint_types/_carla_waypoint_types_s.ep.rosidl_typesupport_c.c.o[0m
[5.623s] [ 95%] [32m[1mLinking C shared library rosidl_generator_py/carla_waypoint_types/carla_waypoint_types_s__rosidl_typesupport_introspection_c.cpython-38-x86_64-linux-gnu.so[0m
[5.623s] [ 97%] [32m[1mLinking C shared library rosidl_generator_py/carla_waypoint_types/carla_waypoint_types_s__rosidl_typesupport_c.cpython-38-x86_64-linux-gnu.so[0m
[5.654s] [ 97%] Built target carla_waypoint_types__rosidl_typesupport_introspection_c__pyext
[5.678s] [ 97%] Built target carla_waypoint_types__rosidl_typesupport_c__pyext
[5.715s] [100%] [32m[1mLinking CXX shared library rosidl_generator_py/carla_waypoint_types/carla_waypoint_types_s__rosidl_typesupport_fastrtps_c.cpython-38-x86_64-linux-gnu.so[0m
[5.871s] [100%] Built target carla_waypoint_types__rosidl_typesupport_fastrtps_c__pyext
[5.894s] Invoked command in '/home/sti/Documents/Planning-and-Control-based-on-Carla-and-ROS2/build/carla_waypoint_types' returned '0': CMAKE_PREFIX_PATH=/opt/ros/foxy /usr/local/bin/cmake --build /home/sti/Documents/Planning-and-Control-based-on-Carla-and-ROS2/build/carla_waypoint_types -- -j16 -l16
[6.497s] Invoking command in '/home/sti/Documents/Planning-and-Control-based-on-Carla-and-ROS2/build/carla_waypoint_types': CMAKE_PREFIX_PATH=/opt/ros/foxy /usr/local/bin/cmake --install /home/sti/Documents/Planning-and-Control-based-on-Carla-and-ROS2/build/carla_waypoint_types
[6.515s] -- Install configuration: ""
[6.515s] -- Installing: /home/sti/Documents/Planning-and-Control-based-on-Carla-and-ROS2/install/carla_waypoint_types/share/ament_index/resource_index/rosidl_interfaces/carla_waypoint_types
[6.515s] -- Up-to-date: /home/sti/Documents/Planning-and-Control-based-on-Carla-and-ROS2/install/carla_waypoint_types/include/carla_waypoint_types
[6.515s] -- Up-to-date: /home/sti/Documents/Planning-and-Control-based-on-Carla-and-ROS2/install/carla_waypoint_types/include/carla_waypoint_types/srv
[6.515s] -- Installing: /home/sti/Documents/Planning-and-Control-based-on-Carla-and-ROS2/install/carla_waypoint_types/include/carla_waypoint_types/srv/get_waypoint.h
[6.515s] -- Installing: /home/sti/Documents/Planning-and-Control-based-on-Carla-and-ROS2/install/carla_waypoint_types/include/carla_waypoint_types/srv/get_actor_waypoint.h
[6.515s] -- Up-to-date: /home/sti/Documents/Planning-and-Control-based-on-Carla-and-ROS2/install/carla_waypoint_types/include/carla_waypoint_types/srv/detail
[6.515s] -- Installing: /home/sti/Documents/Planning-and-Control-based-on-Carla-and-ROS2/install/carla_waypoint_types/include/carla_waypoint_types/srv/detail/get_waypoint__struct.h
[6.516s] -- Installing: /home/sti/Documents/Planning-and-Control-based-on-Carla-and-ROS2/install/carla_waypoint_types/include/carla_waypoint_types/srv/detail/get_waypoint__type_support.h
[6.516s] -- Installing: /home/sti/Documents/Planning-and-Control-based-on-Carla-and-ROS2/install/carla_waypoint_types/include/carla_waypoint_types/srv/detail/get_actor_waypoint__struct.h
[6.516s] -- Installing: /home/sti/Documents/Planning-and-Control-based-on-Carla-and-ROS2/install/carla_waypoint_types/include/carla_waypoint_types/srv/detail/get_actor_waypoint__functions.h
[6.516s] -- Installing: /home/sti/Documents/Planning-and-Control-based-on-Carla-and-ROS2/install/carla_waypoint_types/include/carla_waypoint_types/srv/detail/get_actor_waypoint__functions.c
[6.516s] -- Installing: /home/sti/Documents/Planning-and-Control-based-on-Carla-and-ROS2/install/carla_waypoint_types/include/carla_waypoint_types/srv/detail/get_actor_waypoint__type_support.h
[6.516s] -- Installing: /home/sti/Documents/Planning-and-Control-based-on-Carla-and-ROS2/install/carla_waypoint_types/include/carla_waypoint_types/srv/detail/get_waypoint__functions.h
[6.517s] -- Installing: /home/sti/Documents/Planning-and-Control-based-on-Carla-and-ROS2/install/carla_waypoint_types/include/carla_waypoint_types/srv/detail/get_waypoint__functions.c
[6.517s] -- Up-to-date: /home/sti/Documents/Planning-and-Control-based-on-Carla-and-ROS2/install/carla_waypoint_types/include/carla_waypoint_types/msg
[6.517s] -- Installing: /home/sti/Documents/Planning-and-Control-based-on-Carla-and-ROS2/install/carla_waypoint_types/include/carla_waypoint_types/msg/rosidl_generator_c__visibility_control.h
[6.517s] -- Installing: /home/sti/Documents/Planning-and-Control-based-on-Carla-and-ROS2/install/carla_waypoint_types/include/carla_waypoint_types/msg/carla_waypoint.h
[6.517s] -- Up-to-date: /home/sti/Documents/Planning-and-Control-based-on-Carla-and-ROS2/install/carla_waypoint_types/include/carla_waypoint_types/msg/detail
[6.517s] -- Installing: /home/sti/Documents/Planning-and-Control-based-on-Carla-and-ROS2/install/carla_waypoint_types/include/carla_waypoint_types/msg/detail/carla_waypoint__type_support.h
[6.517s] -- Installing: /home/sti/Documents/Planning-and-Control-based-on-Carla-and-ROS2/install/carla_waypoint_types/include/carla_waypoint_types/msg/detail/carla_waypoint__struct.h
[6.517s] -- Installing: /home/sti/Documents/Planning-and-Control-based-on-Carla-and-ROS2/install/carla_waypoint_types/include/carla_waypoint_types/msg/detail/carla_waypoint__functions.c
[6.517s] -- Installing: /home/sti/Documents/Planning-and-Control-based-on-Carla-and-ROS2/install/carla_waypoint_types/include/carla_waypoint_types/msg/detail/carla_waypoint__functions.h
[6.517s] -- Installing: /home/sti/Documents/Planning-and-Control-based-on-Carla-and-ROS2/install/carla_waypoint_types/share/carla_waypoint_types/environment/library_path.sh
[6.518s] -- Installing: /home/sti/Documents/Planning-and-Control-based-on-Carla-and-ROS2/install/carla_waypoint_types/share/carla_waypoint_types/environment/library_path.dsv
[6.518s] -- Installing: /home/sti/Documents/Planning-and-Control-based-on-Carla-and-ROS2/install/carla_waypoint_types/lib/libcarla_waypoint_types__rosidl_generator_c.so
[6.518s] -- Set runtime path of "/home/sti/Documents/Planning-and-Control-based-on-Carla-and-ROS2/install/carla_waypoint_types/lib/libcarla_waypoint_types__rosidl_generator_c.so" to ""
[6.518s] -- Up-to-date: /home/sti/Documents/Planning-and-Control-based-on-Carla-and-ROS2/install/carla_waypoint_types/include/carla_waypoint_types
[6.518s] -- Up-to-date: /home/sti/Documents/Planning-and-Control-based-on-Carla-and-ROS2/install/carla_waypoint_types/include/carla_waypoint_types/srv
[6.518s] -- Up-to-date: /home/sti/Documents/Planning-and-Control-based-on-Carla-and-ROS2/install/carla_waypoint_types/include/carla_waypoint_types/srv/detail
[6.518s] -- Installing: /home/sti/Documents/Planning-and-Control-based-on-Carla-and-ROS2/install/carla_waypoint_types/include/carla_waypoint_types/srv/detail/get_actor_waypoint__rosidl_typesupport_fastrtps_c.h
[6.518s] -- Installing: /home/sti/Documents/Planning-and-Control-based-on-Carla-and-ROS2/install/carla_waypoint_types/include/carla_waypoint_types/srv/detail/get_waypoint__rosidl_typesupport_fastrtps_c.h
[6.518s] -- Up-to-date: /home/sti/Documents/Planning-and-Control-based-on-Carla-and-ROS2/install/carla_waypoint_types/include/carla_waypoint_types/msg
[6.518s] -- Installing: /home/sti/Documents/Planning-and-Control-based-on-Carla-and-ROS2/install/carla_waypoint_types/include/carla_waypoint_types/msg/rosidl_typesupport_fastrtps_c__visibility_control.h
[6.518s] -- Up-to-date: /home/sti/Documents/Planning-and-Control-based-on-Carla-and-ROS2/install/carla_waypoint_types/include/carla_waypoint_types/msg/detail
[6.519s] -- Installing: /home/sti/Documents/Planning-and-Control-based-on-Carla-and-ROS2/install/carla_waypoint_types/include/carla_waypoint_types/msg/detail/carla_waypoint__rosidl_typesupport_fastrtps_c.h
[6.519s] -- Installing: /home/sti/Documents/Planning-and-Control-based-on-Carla-and-ROS2/install/carla_waypoint_types/lib/libcarla_waypoint_types__rosidl_typesupport_fastrtps_c.so
[6.519s] -- Set runtime path of "/home/sti/Documents/Planning-and-Control-based-on-Carla-and-ROS2/install/carla_waypoint_types/lib/libcarla_waypoint_types__rosidl_typesupport_fastrtps_c.so" to ""
[6.519s] -- Up-to-date: /home/sti/Documents/Planning-and-Control-based-on-Carla-and-ROS2/install/carla_waypoint_types/include/carla_waypoint_types
[6.519s] -- Up-to-date: /home/sti/Documents/Planning-and-Control-based-on-Carla-and-ROS2/install/carla_waypoint_types/include/carla_waypoint_types/srv
[6.519s] -- Up-to-date: /home/sti/Documents/Planning-and-Control-based-on-Carla-and-ROS2/install/carla_waypoint_types/include/carla_waypoint_types/srv/detail
[6.519s] -- Up-to-date: /home/sti/Documents/Planning-and-Control-based-on-Carla-and-ROS2/install/carla_waypoint_types/include/carla_waypoint_types/srv/detail/dds_fastrtps
[6.519s] -- Installing: /home/sti/Documents/Planning-and-Control-based-on-Carla-and-ROS2/install/carla_waypoint_types/include/carla_waypoint_types/srv/detail/get_waypoint__rosidl_typesupport_fastrtps_cpp.hpp
[6.519s] -- Installing: /home/sti/Documents/Planning-and-Control-based-on-Carla-and-ROS2/install/carla_waypoint_types/include/carla_waypoint_types/srv/detail/get_actor_waypoint__rosidl_typesupport_fastrtps_cpp.hpp
[6.519s] -- Up-to-date: /home/sti/Documents/Planning-and-Control-based-on-Carla-and-ROS2/install/carla_waypoint_types/include/carla_waypoint_types/msg
[6.520s] -- Installing: /home/sti/Documents/Planning-and-Control-based-on-Carla-and-ROS2/install/carla_waypoint_types/include/carla_waypoint_types/msg/rosidl_typesupport_fastrtps_cpp__visibility_control.h
[6.520s] -- Up-to-date: /home/sti/Documents/Planning-and-Control-based-on-Carla-and-ROS2/install/carla_waypoint_types/include/carla_waypoint_types/msg/detail
[6.520s] -- Installing: /home/sti/Documents/Planning-and-Control-based-on-Carla-and-ROS2/install/carla_waypoint_types/include/carla_waypoint_types/msg/detail/carla_waypoint__rosidl_typesupport_fastrtps_cpp.hpp
[6.520s] -- Up-to-date: /home/sti/Documents/Planning-and-Control-based-on-Carla-and-ROS2/install/carla_waypoint_types/include/carla_waypoint_types/msg/detail/dds_fastrtps
[6.520s] -- Installing: /home/sti/Documents/Planning-and-Control-based-on-Carla-and-ROS2/install/carla_waypoint_types/lib/libcarla_waypoint_types__rosidl_typesupport_fastrtps_cpp.so
[6.520s] -- Set runtime path of "/home/sti/Documents/Planning-and-Control-based-on-Carla-and-ROS2/install/carla_waypoint_types/lib/libcarla_waypoint_types__rosidl_typesupport_fastrtps_cpp.so" to ""
[6.520s] -- Up-to-date: /home/sti/Documents/Planning-and-Control-based-on-Carla-and-ROS2/install/carla_waypoint_types/include/carla_waypoint_types
[6.520s] -- Up-to-date: /home/sti/Documents/Planning-and-Control-based-on-Carla-and-ROS2/install/carla_waypoint_types/include/carla_waypoint_types/srv
[6.520s] -- Up-to-date: /home/sti/Documents/Planning-and-Control-based-on-Carla-and-ROS2/install/carla_waypoint_types/include/carla_waypoint_types/srv/detail
[6.521s] -- Installing: /home/sti/Documents/Planning-and-Control-based-on-Carla-and-ROS2/install/carla_waypoint_types/include/carla_waypoint_types/srv/detail/get_actor_waypoint__rosidl_typesupport_introspection_c.h
[6.521s] -- Installing: /home/sti/Documents/Planning-and-Control-based-on-Carla-and-ROS2/install/carla_waypoint_types/include/carla_waypoint_types/srv/detail/get_waypoint__rosidl_typesupport_introspection_c.h
[6.521s] -- Installing: /home/sti/Documents/Planning-and-Control-based-on-Carla-and-ROS2/install/carla_waypoint_types/include/carla_waypoint_types/srv/detail/get_waypoint__type_support.c
[6.521s] -- Installing: /home/sti/Documents/Planning-and-Control-based-on-Carla-and-ROS2/install/carla_waypoint_types/include/carla_waypoint_types/srv/detail/get_actor_waypoint__type_support.c
[6.521s] -- Up-to-date: /home/sti/Documents/Planning-and-Control-based-on-Carla-and-ROS2/install/carla_waypoint_types/include/carla_waypoint_types/msg
[6.521s] -- Installing: /home/sti/Documents/Planning-and-Control-based-on-Carla-and-ROS2/install/carla_waypoint_types/include/carla_waypoint_types/msg/rosidl_typesupport_introspection_c__visibility_control.h
[6.521s] -- Up-to-date: /home/sti/Documents/Planning-and-Control-based-on-Carla-and-ROS2/install/carla_waypoint_types/include/carla_waypoint_types/msg/detail
[6.521s] -- Installing: /home/sti/Documents/Planning-and-Control-based-on-Carla-and-ROS2/install/carla_waypoint_types/include/carla_waypoint_types/msg/detail/carla_waypoint__type_support.c
[6.521s] -- Installing: /home/sti/Documents/Planning-and-Control-based-on-Carla-and-ROS2/install/carla_waypoint_types/include/carla_waypoint_types/msg/detail/carla_waypoint__rosidl_typesupport_introspection_c.h
[6.521s] -- Installing: /home/sti/Documents/Planning-and-Control-based-on-Carla-and-ROS2/install/carla_waypoint_types/lib/libcarla_waypoint_types__rosidl_typesupport_introspection_c.so
[6.522s] -- Set runtime path of "/home/sti/Documents/Planning-and-Control-based-on-Carla-and-ROS2/install/carla_waypoint_types/lib/libcarla_waypoint_types__rosidl_typesupport_introspection_c.so" to ""
[6.522s] -- Installing: /home/sti/Documents/Planning-and-Control-based-on-Carla-and-ROS2/install/carla_waypoint_types/lib/libcarla_waypoint_types__rosidl_typesupport_c.so
[6.522s] -- Set runtime path of "/home/sti/Documents/Planning-and-Control-based-on-Carla-and-ROS2/install/carla_waypoint_types/lib/libcarla_waypoint_types__rosidl_typesupport_c.so" to ""
[6.522s] -- Up-to-date: /home/sti/Documents/Planning-and-Control-based-on-Carla-and-ROS2/install/carla_waypoint_types/include/carla_waypoint_types
[6.522s] -- Up-to-date: /home/sti/Documents/Planning-and-Control-based-on-Carla-and-ROS2/install/carla_waypoint_types/include/carla_waypoint_types/srv
[6.522s] -- Installing: /home/sti/Documents/Planning-and-Control-based-on-Carla-and-ROS2/install/carla_waypoint_types/include/carla_waypoint_types/srv/get_actor_waypoint.hpp
[6.522s] -- Installing: /home/sti/Documents/Planning-and-Control-based-on-Carla-and-ROS2/install/carla_waypoint_types/include/carla_waypoint_types/srv/get_waypoint.hpp
[6.522s] -- Up-to-date: /home/sti/Documents/Planning-and-Control-based-on-Carla-and-ROS2/install/carla_waypoint_types/include/carla_waypoint_types/srv/detail
[6.522s] -- Installing: /home/sti/Documents/Planning-and-Control-based-on-Carla-and-ROS2/install/carla_waypoint_types/include/carla_waypoint_types/srv/detail/get_waypoint__builder.hpp
[6.523s] -- Installing: /home/sti/Documents/Planning-and-Control-based-on-Carla-and-ROS2/install/carla_waypoint_types/include/carla_waypoint_types/srv/detail/get_waypoint__traits.hpp
[6.523s] -- Installing: /home/sti/Documents/Planning-and-Control-based-on-Carla-and-ROS2/install/carla_waypoint_types/include/carla_waypoint_types/srv/detail/get_actor_waypoint__type_support.hpp
[6.523s] -- Installing: /home/sti/Documents/Planning-and-Control-based-on-Carla-and-ROS2/install/carla_waypoint_types/include/carla_waypoint_types/srv/detail/get_actor_waypoint__struct.hpp
[6.523s] -- Installing: /home/sti/Documents/Planning-and-Control-based-on-Carla-and-ROS2/install/carla_waypoint_types/include/carla_waypoint_types/srv/detail/get_actor_waypoint__builder.hpp
[6.523s] -- Installing: /home/sti/Documents/Planning-and-Control-based-on-Carla-and-ROS2/install/carla_waypoint_types/include/carla_waypoint_types/srv/detail/get_waypoint__type_support.hpp
[6.523s] -- Installing: /home/sti/Documents/Planning-and-Control-based-on-Carla-and-ROS2/install/carla_waypoint_types/include/carla_waypoint_types/srv/detail/get_actor_waypoint__traits.hpp
[6.523s] -- Installing: /home/sti/Documents/Planning-and-Control-based-on-Carla-and-ROS2/install/carla_waypoint_types/include/carla_waypoint_types/srv/detail/get_waypoint__struct.hpp
[6.523s] -- Up-to-date: /home/sti/Documents/Planning-and-Control-based-on-Carla-and-ROS2/install/carla_waypoint_types/include/carla_waypoint_types/msg
[6.523s] -- Installing: /home/sti/Documents/Planning-and-Control-based-on-Carla-and-ROS2/install/carla_waypoint_types/include/carla_waypoint_types/msg/carla_waypoint.hpp
[6.523s] -- Installing: /home/sti/Documents/Planning-and-Control-based-on-Carla-and-ROS2/install/carla_waypoint_types/include/carla_waypoint_types/msg/rosidl_generator_cpp__visibility_control.hpp
[6.523s] -- Up-to-date: /home/sti/Documents/Planning-and-Control-based-on-Carla-and-ROS2/install/carla_waypoint_types/include/carla_waypoint_types/msg/detail
[6.524s] -- Installing: /home/sti/Documents/Planning-and-Control-based-on-Carla-and-ROS2/install/carla_waypoint_types/include/carla_waypoint_types/msg/detail/carla_waypoint__builder.hpp
[6.524s] -- Installing: /home/sti/Documents/Planning-and-Control-based-on-Carla-and-ROS2/install/carla_waypoint_types/include/carla_waypoint_types/msg/detail/carla_waypoint__traits.hpp
[6.524s] -- Installing: /home/sti/Documents/Planning-and-Control-based-on-Carla-and-ROS2/install/carla_waypoint_types/include/carla_waypoint_types/msg/detail/carla_waypoint__type_support.hpp
[6.524s] -- Installing: /home/sti/Documents/Planning-and-Control-based-on-Carla-and-ROS2/install/carla_waypoint_types/include/carla_waypoint_types/msg/detail/carla_waypoint__struct.hpp
[6.524s] -- Up-to-date: /home/sti/Documents/Planning-and-Control-based-on-Carla-and-ROS2/install/carla_waypoint_types/include/carla_waypoint_types
[6.524s] -- Up-to-date: /home/sti/Documents/Planning-and-Control-based-on-Carla-and-ROS2/install/carla_waypoint_types/include/carla_waypoint_types/srv
[6.525s] -- Up-to-date: /home/sti/Documents/Planning-and-Control-based-on-Carla-and-ROS2/install/carla_waypoint_types/include/carla_waypoint_types/srv/detail
[6.525s] -- Installing: /home/sti/Documents/Planning-and-Control-based-on-Carla-and-ROS2/install/carla_waypoint_types/include/carla_waypoint_types/srv/detail/get_waypoint__rosidl_typesupport_introspection_cpp.hpp
[6.525s] -- Installing: /home/sti/Documents/Planning-and-Control-based-on-Carla-and-ROS2/install/carla_waypoint_types/include/carla_waypoint_types/srv/detail/get_waypoint__type_support.cpp
[6.525s] -- Installing: /home/sti/Documents/Planning-and-Control-based-on-Carla-and-ROS2/install/carla_waypoint_types/include/carla_waypoint_types/srv/detail/get_actor_waypoint__rosidl_typesupport_introspection_cpp.hpp
[6.525s] -- Installing: /home/sti/Documents/Planning-and-Control-based-on-Carla-and-ROS2/install/carla_waypoint_types/include/carla_waypoint_types/srv/detail/get_actor_waypoint__type_support.cpp
[6.525s] -- Up-to-date: /home/sti/Documents/Planning-and-Control-based-on-Carla-and-ROS2/install/carla_waypoint_types/include/carla_waypoint_types/msg
[6.525s] -- Up-to-date: /home/sti/Documents/Planning-and-Control-based-on-Carla-and-ROS2/install/carla_waypoint_types/include/carla_waypoint_types/msg/detail
[6.525s] -- Installing: /home/sti/Documents/Planning-and-Control-based-on-Carla-and-ROS2/install/carla_waypoint_types/include/carla_waypoint_types/msg/detail/carla_waypoint__type_support.cpp
[6.525s] -- Installing: /home/sti/Documents/Planning-and-Control-based-on-Carla-and-ROS2/install/carla_waypoint_types/include/carla_waypoint_types/msg/detail/carla_waypoint__rosidl_typesupport_introspection_cpp.hpp
[6.525s] -- Installing: /home/sti/Documents/Planning-and-Control-based-on-Carla-and-ROS2/install/carla_waypoint_types/lib/libcarla_waypoint_types__rosidl_typesupport_introspection_cpp.so
[6.525s] -- Set runtime path of "/home/sti/Documents/Planning-and-Control-based-on-Carla-and-ROS2/install/carla_waypoint_types/lib/libcarla_waypoint_types__rosidl_typesupport_introspection_cpp.so" to ""
[6.526s] -- Installing: /home/sti/Documents/Planning-and-Control-based-on-Carla-and-ROS2/install/carla_waypoint_types/lib/libcarla_waypoint_types__rosidl_typesupport_cpp.so
[6.526s] -- Set runtime path of "/home/sti/Documents/Planning-and-Control-based-on-Carla-and-ROS2/install/carla_waypoint_types/lib/libcarla_waypoint_types__rosidl_typesupport_cpp.so" to ""
[6.526s] -- Installing: /home/sti/Documents/Planning-and-Control-based-on-Carla-and-ROS2/install/carla_waypoint_types/share/carla_waypoint_types/environment/pythonpath.sh
[6.526s] -- Installing: /home/sti/Documents/Planning-and-Control-based-on-Carla-and-ROS2/install/carla_waypoint_types/share/carla_waypoint_types/environment/pythonpath.dsv
[6.526s] -- Installing: /home/sti/Documents/Planning-and-Control-based-on-Carla-and-ROS2/install/carla_waypoint_types/lib/python3.8/site-packages/carla_waypoint_types/__init__.py
[6.583s] Compiling '/home/sti/Documents/Planning-and-Control-based-on-Carla-and-ROS2/install/carla_waypoint_types/lib/python3.8/site-packages/carla_waypoint_types/__init__.py'...
[6.588s] -- Installing: /home/sti/Documents/Planning-and-Control-based-on-Carla-and-ROS2/install/carla_waypoint_types/lib/python3.8/site-packages/carla_waypoint_types/msg
[6.588s] -- Installing: /home/sti/Documents/Planning-and-Control-based-on-Carla-and-ROS2/install/carla_waypoint_types/lib/python3.8/site-packages/carla_waypoint_types/msg/_carla_waypoint_s.c
[6.588s] -- Installing: /home/sti/Documents/Planning-and-Control-based-on-Carla-and-ROS2/install/carla_waypoint_types/lib/python3.8/site-packages/carla_waypoint_types/msg/__init__.py
[6.589s] -- Installing: /home/sti/Documents/Planning-and-Control-based-on-Carla-and-ROS2/install/carla_waypoint_types/lib/python3.8/site-packages/carla_waypoint_types/msg/_carla_waypoint.py
[6.589s] -- Installing: /home/sti/Documents/Planning-and-Control-based-on-Carla-and-ROS2/install/carla_waypoint_types/lib/python3.8/site-packages/carla_waypoint_types/srv
[6.589s] -- Installing: /home/sti/Documents/Planning-and-Control-based-on-Carla-and-ROS2/install/carla_waypoint_types/lib/python3.8/site-packages/carla_waypoint_types/srv/_get_actor_waypoint.py
[6.589s] -- Installing: /home/sti/Documents/Planning-and-Control-based-on-Carla-and-ROS2/install/carla_waypoint_types/lib/python3.8/site-packages/carla_waypoint_types/srv/_get_waypoint.py
[6.589s] -- Installing: /home/sti/Documents/Planning-and-Control-based-on-Carla-and-ROS2/install/carla_waypoint_types/lib/python3.8/site-packages/carla_waypoint_types/srv/_get_actor_waypoint_s.c
[6.590s] -- Installing: /home/sti/Documents/Planning-and-Control-based-on-Carla-and-ROS2/install/carla_waypoint_types/lib/python3.8/site-packages/carla_waypoint_types/srv/_get_waypoint_s.c
[6.590s] -- Installing: /home/sti/Documents/Planning-and-Control-based-on-Carla-and-ROS2/install/carla_waypoint_types/lib/python3.8/site-packages/carla_waypoint_types/srv/__init__.py
[6.590s] -- Installing: /home/sti/Documents/Planning-and-Control-based-on-Carla-and-ROS2/install/carla_waypoint_types/lib/python3.8/site-packages/carla_waypoint_types/carla_waypoint_types_s__rosidl_typesupport_fastrtps_c.cpython-38-x86_64-linux-gnu.so
[6.591s] -- Set runtime path of "/home/sti/Documents/Planning-and-Control-based-on-Carla-and-ROS2/install/carla_waypoint_types/lib/python3.8/site-packages/carla_waypoint_types/carla_waypoint_types_s__rosidl_typesupport_fastrtps_c.cpython-38-x86_64-linux-gnu.so" to ""
[6.591s] -- Installing: /home/sti/Documents/Planning-and-Control-based-on-Carla-and-ROS2/install/carla_waypoint_types/lib/python3.8/site-packages/carla_waypoint_types/carla_waypoint_types_s__rosidl_typesupport_introspection_c.cpython-38-x86_64-linux-gnu.so
[6.591s] -- Set runtime path of "/home/sti/Documents/Planning-and-Control-based-on-Carla-and-ROS2/install/carla_waypoint_types/lib/python3.8/site-packages/carla_waypoint_types/carla_waypoint_types_s__rosidl_typesupport_introspection_c.cpython-38-x86_64-linux-gnu.so" to ""
[6.592s] -- Installing: /home/sti/Documents/Planning-and-Control-based-on-Carla-and-ROS2/install/carla_waypoint_types/lib/python3.8/site-packages/carla_waypoint_types/carla_waypoint_types_s__rosidl_typesupport_c.cpython-38-x86_64-linux-gnu.so
[6.592s] -- Set runtime path of "/home/sti/Documents/Planning-and-Control-based-on-Carla-and-ROS2/install/carla_waypoint_types/lib/python3.8/site-packages/carla_waypoint_types/carla_waypoint_types_s__rosidl_typesupport_c.cpython-38-x86_64-linux-gnu.so" to ""
[6.592s] -- Installing: /home/sti/Documents/Planning-and-Control-based-on-Carla-and-ROS2/install/carla_waypoint_types/lib/libcarla_waypoint_types__python.so
[6.592s] -- Set runtime path of "/home/sti/Documents/Planning-and-Control-based-on-Carla-and-ROS2/install/carla_waypoint_types/lib/libcarla_waypoint_types__python.so" to ""
[6.593s] -- Installing: /home/sti/Documents/Planning-and-Control-based-on-Carla-and-ROS2/install/carla_waypoint_types/share/carla_waypoint_types/msg/CarlaWaypoint.idl
[6.593s] -- Installing: /home/sti/Documents/Planning-and-Control-based-on-Carla-and-ROS2/install/carla_waypoint_types/share/carla_waypoint_types/srv/GetWaypoint.idl
[6.593s] -- Installing: /home/sti/Documents/Planning-and-Control-based-on-Carla-and-ROS2/install/carla_waypoint_types/share/carla_waypoint_types/srv/GetActorWaypoint.idl
[6.593s] -- Installing: /home/sti/Documents/Planning-and-Control-based-on-Carla-and-ROS2/install/carla_waypoint_types/share/carla_waypoint_types/msg/CarlaWaypoint.msg
[6.593s] -- Installing: /home/sti/Documents/Planning-and-Control-based-on-Carla-and-ROS2/install/carla_waypoint_types/share/carla_waypoint_types/srv/GetWaypoint.srv
[6.593s] -- Installing: /home/sti/Documents/Planning-and-Control-based-on-Carla-and-ROS2/install/carla_waypoint_types/share/carla_waypoint_types/srv/GetWaypoint_Request.msg
[6.593s] -- Installing: /home/sti/Documents/Planning-and-Control-based-on-Carla-and-ROS2/install/carla_waypoint_types/share/carla_waypoint_types/srv/GetWaypoint_Response.msg
[6.593s] -- Installing: /home/sti/Documents/Planning-and-Control-based-on-Carla-and-ROS2/install/carla_waypoint_types/share/carla_waypoint_types/srv/GetActorWaypoint.srv
[6.594s] -- Installing: /home/sti/Documents/Planning-and-Control-based-on-Carla-and-ROS2/install/carla_waypoint_types/share/carla_waypoint_types/srv/GetActorWaypoint_Request.msg
[6.594s] -- Installing: /home/sti/Documents/Planning-and-Control-based-on-Carla-and-ROS2/install/carla_waypoint_types/share/carla_waypoint_types/srv/GetActorWaypoint_Response.msg
[6.594s] -- Installing: /home/sti/Documents/Planning-and-Control-based-on-Carla-and-ROS2/install/carla_waypoint_types/share/ament_index/resource_index/package_run_dependencies/carla_waypoint_types
[6.594s] -- Installing: /home/sti/Documents/Planning-and-Control-based-on-Carla-and-ROS2/install/carla_waypoint_types/share/ament_index/resource_index/parent_prefix_path/carla_waypoint_types
[6.594s] -- Installing: /home/sti/Documents/Planning-and-Control-based-on-Carla-and-ROS2/install/carla_waypoint_types/share/carla_waypoint_types/environment/ament_prefix_path.sh
[6.594s] -- Installing: /home/sti/Documents/Planning-and-Control-based-on-Carla-and-ROS2/install/carla_waypoint_types/share/carla_waypoint_types/environment/ament_prefix_path.dsv
[6.594s] -- Installing: /home/sti/Documents/Planning-and-Control-based-on-Carla-and-ROS2/install/carla_waypoint_types/share/carla_waypoint_types/environment/path.sh
[6.594s] -- Installing: /home/sti/Documents/Planning-and-Control-based-on-Carla-and-ROS2/install/carla_waypoint_types/share/carla_waypoint_types/environment/path.dsv
[6.595s] -- Installing: /home/sti/Documents/Planning-and-Control-based-on-Carla-and-ROS2/install/carla_waypoint_types/share/carla_waypoint_types/local_setup.bash
[6.595s] -- Installing: /home/sti/Documents/Planning-and-Control-based-on-Carla-and-ROS2/install/carla_waypoint_types/share/carla_waypoint_types/local_setup.sh
[6.595s] -- Installing: /home/sti/Documents/Planning-and-Control-based-on-Carla-and-ROS2/install/carla_waypoint_types/share/carla_waypoint_types/local_setup.zsh
[6.595s] -- Installing: /home/sti/Documents/Planning-and-Control-based-on-Carla-and-ROS2/install/carla_waypoint_types/share/carla_waypoint_types/local_setup.dsv
[6.595s] -- Installing: /home/sti/Documents/Planning-and-Control-based-on-Carla-and-ROS2/install/carla_waypoint_types/share/carla_waypoint_types/package.dsv
[6.596s] -- Installing: /home/sti/Documents/Planning-and-Control-based-on-Carla-and-ROS2/install/carla_waypoint_types/share/ament_index/resource_index/packages/carla_waypoint_types
[6.596s] -- Installing: /home/sti/Documents/Planning-and-Control-based-on-Carla-and-ROS2/install/carla_waypoint_types/share/carla_waypoint_types/cmake/carla_waypoint_types__rosidl_generator_cExport.cmake
[6.596s] -- Installing: /home/sti/Documents/Planning-and-Control-based-on-Carla-and-ROS2/install/carla_waypoint_types/share/carla_waypoint_types/cmake/carla_waypoint_types__rosidl_generator_cExport-noconfig.cmake
[6.596s] -- Installing: /home/sti/Documents/Planning-and-Control-based-on-Carla-and-ROS2/install/carla_waypoint_types/share/carla_waypoint_types/cmake/carla_waypoint_types__rosidl_typesupport_introspection_cExport.cmake
[6.597s] -- Installing: /home/sti/Documents/Planning-and-Control-based-on-Carla-and-ROS2/install/carla_waypoint_types/share/carla_waypoint_types/cmake/carla_waypoint_types__rosidl_typesupport_introspection_cExport-noconfig.cmake
[6.597s] -- Installing: /home/sti/Documents/Planning-and-Control-based-on-Carla-and-ROS2/install/carla_waypoint_types/share/carla_waypoint_types/cmake/carla_waypoint_types__rosidl_typesupport_cExport.cmake
[6.597s] -- Installing: /home/sti/Documents/Planning-and-Control-based-on-Carla-and-ROS2/install/carla_waypoint_types/share/carla_waypoint_types/cmake/carla_waypoint_types__rosidl_typesupport_cExport-noconfig.cmake
[6.597s] -- Installing: /home/sti/Documents/Planning-and-Control-based-on-Carla-and-ROS2/install/carla_waypoint_types/share/carla_waypoint_types/cmake/carla_waypoint_types__rosidl_generator_cppExport.cmake
[6.597s] -- Installing: /home/sti/Documents/Planning-and-Control-based-on-Carla-and-ROS2/install/carla_waypoint_types/share/carla_waypoint_types/cmake/carla_waypoint_types__rosidl_typesupport_introspection_cppExport.cmake
[6.597s] -- Installing: /home/sti/Documents/Planning-and-Control-based-on-Carla-and-ROS2/install/carla_waypoint_types/share/carla_waypoint_types/cmake/carla_waypoint_types__rosidl_typesupport_introspection_cppExport-noconfig.cmake
[6.598s] -- Installing: /home/sti/Documents/Planning-and-Control-based-on-Carla-and-ROS2/install/carla_waypoint_types/share/carla_waypoint_types/cmake/carla_waypoint_types__rosidl_typesupport_cppExport.cmake
[6.598s] -- Installing: /home/sti/Documents/Planning-and-Control-based-on-Carla-and-ROS2/install/carla_waypoint_types/share/carla_waypoint_types/cmake/carla_waypoint_types__rosidl_typesupport_cppExport-noconfig.cmake
[6.598s] -- Installing: /home/sti/Documents/Planning-and-Control-based-on-Carla-and-ROS2/install/carla_waypoint_types/share/carla_waypoint_types/cmake/rosidl_cmake-extras.cmake
[6.598s] -- Installing: /home/sti/Documents/Planning-and-Control-based-on-Carla-and-ROS2/install/carla_waypoint_types/share/carla_waypoint_types/cmake/ament_cmake_export_dependencies-extras.cmake
[6.598s] -- Installing: /home/sti/Documents/Planning-and-Control-based-on-Carla-and-ROS2/install/carla_waypoint_types/share/carla_waypoint_types/cmake/ament_cmake_export_libraries-extras.cmake
[6.598s] -- Installing: /home/sti/Documents/Planning-and-Control-based-on-Carla-and-ROS2/install/carla_waypoint_types/share/carla_waypoint_types/cmake/ament_cmake_export_targets-extras.cmake
[6.599s] -- Installing: /home/sti/Documents/Planning-and-Control-based-on-Carla-and-ROS2/install/carla_waypoint_types/share/carla_waypoint_types/cmake/ament_cmake_export_include_directories-extras.cmake
[6.599s] -- Installing: /home/sti/Documents/Planning-and-Control-based-on-Carla-and-ROS2/install/carla_waypoint_types/share/carla_waypoint_types/cmake/rosidl_cmake_export_typesupport_libraries-extras.cmake
[6.599s] -- Installing: /home/sti/Documents/Planning-and-Control-based-on-Carla-and-ROS2/install/carla_waypoint_types/share/carla_waypoint_types/cmake/rosidl_cmake_export_typesupport_targets-extras.cmake
[6.599s] -- Installing: /home/sti/Documents/Planning-and-Control-based-on-Carla-and-ROS2/install/carla_waypoint_types/share/carla_waypoint_types/cmake/carla_waypoint_typesConfig.cmake
[6.599s] -- Installing: /home/sti/Documents/Planning-and-Control-based-on-Carla-and-ROS2/install/carla_waypoint_types/share/carla_waypoint_types/cmake/carla_waypoint_typesConfig-version.cmake
[6.599s] -- Installing: /home/sti/Documents/Planning-and-Control-based-on-Carla-and-ROS2/install/carla_waypoint_types/share/carla_waypoint_types/package.xml
[6.602s] Invoked command in '/home/sti/Documents/Planning-and-Control-based-on-Carla-and-ROS2/build/carla_waypoint_types' returned '0': CMAKE_PREFIX_PATH=/opt/ros/foxy /usr/local/bin/cmake --install /home/sti/Documents/Planning-and-Control-based-on-Carla-and-ROS2/build/carla_waypoint_types
