[1.535s] Invoking command in '/home/sti/Documents/Planning-and-Control-based-on-Carla-and-ROS2/plus_version/carla_manual_control': AMENT_PREFIX_PATH=/home/sti/Documents/Planning-and-Control-based-on-Carla-and-ROS2/install/ros_compatibility:/home/sti/Documents/Planning-and-Control-based-on-Carla-and-ROS2/install/carla_msgs:${AMENT_PREFIX_PATH} CMAKE_PREFIX_PATH=/home/sti/Documents/Planning-and-Control-based-on-Carla-and-ROS2/install/carla_msgs LD_LIBRARY_PATH=/home/sti/Documents/Planning-and-Control-based-on-Carla-and-ROS2/install/carla_msgs/lib:${LD_LIBRARY_PATH} PYTHONPATH=/home/sti/Documents/Planning-and-Control-based-on-Carla-and-ROS2/build/carla_manual_control/prefix_override:/home/sti/Documents/Planning-and-Control-based-on-Carla-and-ROS2/install/carla_manual_control/lib/python3.8/site-packages:/home/sti/Documents/Planning-and-Control-based-on-Carla-and-ROS2/install/ros_compatibility/lib/python3.8/site-packages:/home/sti/Documents/Planning-and-Control-based-on-Carla-and-ROS2/install/carla_msgs/lib/python3.8/site-packages:/opt/ros/foxy/lib/python3.8/site-packages:/home/sti/Documents/CARLA_0913/PythonAPI/carla/dist/carla-0.9.13-py3.7-linux-x86_64.egg:/home/sti/Documents/CARLA_0913/PythonAPI/carla:/home/sti/Documents/CARLA_0913/PythonAPI/carla/dist/carla-0.9.13-py3.7-linux-x86_64.egg:/home/sti/Documents/CARLA_0913/PythonAPI/carla/agents /usr/bin/python3 -W ignore:setup.py install is deprecated setup.py egg_info --egg-base ../../build/carla_manual_control build --build-base /home/sti/Documents/Planning-and-Control-based-on-Carla-and-ROS2/build/carla_manual_control/build install --record /home/sti/Documents/Planning-and-Control-based-on-Carla-and-ROS2/build/carla_manual_control/install.log --single-version-externally-managed install_data
[1.776s] running egg_info
[1.776s] creating ../../build/carla_manual_control/carla_manual_control.egg-info
[1.776s] writing ../../build/carla_manual_control/carla_manual_control.egg-info/PKG-INFO
[1.777s] writing dependency_links to ../../build/carla_manual_control/carla_manual_control.egg-info/dependency_links.txt
[1.777s] writing entry points to ../../build/carla_manual_control/carla_manual_control.egg-info/entry_points.txt
[1.777s] writing requirements to ../../build/carla_manual_control/carla_manual_control.egg-info/requires.txt
[1.777s] writing top-level names to ../../build/carla_manual_control/carla_manual_control.egg-info/top_level.txt
[1.778s] writing manifest file '../../build/carla_manual_control/carla_manual_control.egg-info/SOURCES.txt'
[1.811s] reading manifest file '../../build/carla_manual_control/carla_manual_control.egg-info/SOURCES.txt'
[1.811s] writing manifest file '../../build/carla_manual_control/carla_manual_control.egg-info/SOURCES.txt'
[1.811s] running build
[1.811s] running build_py
[1.812s] creating /home/sti/Documents/Planning-and-Control-based-on-Carla-and-ROS2/build/carla_manual_control/build
[1.812s] creating /home/sti/Documents/Planning-and-Control-based-on-Carla-and-ROS2/build/carla_manual_control/build/lib
[1.812s] creating /home/sti/Documents/Planning-and-Control-based-on-Carla-and-ROS2/build/carla_manual_control/build/lib/carla_manual_control
[1.812s] copying src/carla_manual_control/carla_manual_control.py -> /home/sti/Documents/Planning-and-Control-based-on-Carla-and-ROS2/build/carla_manual_control/build/lib/carla_manual_control
[1.812s] copying src/carla_manual_control/__init__.py -> /home/sti/Documents/Planning-and-Control-based-on-Carla-and-ROS2/build/carla_manual_control/build/lib/carla_manual_control
[1.812s] running install
[1.812s] running install_lib
[1.813s] creating /home/sti/Documents/Planning-and-Control-based-on-Carla-and-ROS2/install/carla_manual_control/lib/python3.8/site-packages/carla_manual_control
[1.813s] copying /home/sti/Documents/Planning-and-Control-based-on-Carla-and-ROS2/build/carla_manual_control/build/lib/carla_manual_control/carla_manual_control.py -> /home/sti/Documents/Planning-and-Control-based-on-Carla-and-ROS2/install/carla_manual_control/lib/python3.8/site-packages/carla_manual_control
[1.813s] copying /home/sti/Documents/Planning-and-Control-based-on-Carla-and-ROS2/build/carla_manual_control/build/lib/carla_manual_control/__init__.py -> /home/sti/Documents/Planning-and-Control-based-on-Carla-and-ROS2/install/carla_manual_control/lib/python3.8/site-packages/carla_manual_control
[1.813s] byte-compiling /home/sti/Documents/Planning-and-Control-based-on-Carla-and-ROS2/install/carla_manual_control/lib/python3.8/site-packages/carla_manual_control/carla_manual_control.py to carla_manual_control.cpython-38.pyc
[1.817s] byte-compiling /home/sti/Documents/Planning-and-Control-based-on-Carla-and-ROS2/install/carla_manual_control/lib/python3.8/site-packages/carla_manual_control/__init__.py to __init__.cpython-38.pyc
[1.818s] running install_data
[1.818s] creating /home/sti/Documents/Planning-and-Control-based-on-Carla-and-ROS2/install/carla_manual_control/share/ament_index
[1.818s] creating /home/sti/Documents/Planning-and-Control-based-on-Carla-and-ROS2/install/carla_manual_control/share/ament_index/resource_index
[1.818s] creating /home/sti/Documents/Planning-and-Control-based-on-Carla-and-ROS2/install/carla_manual_control/share/ament_index/resource_index/packages
[1.818s] copying resource/carla_manual_control -> /home/sti/Documents/Planning-and-Control-based-on-Carla-and-ROS2/install/carla_manual_control/share/ament_index/resource_index/packages
[1.818s] copying package.xml -> /home/sti/Documents/Planning-and-Control-based-on-Carla-and-ROS2/install/carla_manual_control/share/carla_manual_control
[1.818s] copying launch/carla_manual_control.launch.py -> /home/sti/Documents/Planning-and-Control-based-on-Carla-and-ROS2/install/carla_manual_control/share/carla_manual_control
[1.818s] running install_egg_info
[1.819s] Copying ../../build/carla_manual_control/carla_manual_control.egg-info to /home/sti/Documents/Planning-and-Control-based-on-Carla-and-ROS2/install/carla_manual_control/lib/python3.8/site-packages/carla_manual_control-0.0.0-py3.8.egg-info
[1.819s] running install_scripts
[1.832s] Installing carla_manual_control script to /home/sti/Documents/Planning-and-Control-based-on-Carla-and-ROS2/install/carla_manual_control/lib/carla_manual_control
[1.833s] writing list of installed files to '/home/sti/Documents/Planning-and-Control-based-on-Carla-and-ROS2/build/carla_manual_control/install.log'
[1.850s] Invoked command in '/home/sti/Documents/Planning-and-Control-based-on-Carla-and-ROS2/plus_version/carla_manual_control' returned '0': AMENT_PREFIX_PATH=/home/sti/Documents/Planning-and-Control-based-on-Carla-and-ROS2/install/ros_compatibility:/home/sti/Documents/Planning-and-Control-based-on-Carla-and-ROS2/install/carla_msgs:${AMENT_PREFIX_PATH} CMAKE_PREFIX_PATH=/home/sti/Documents/Planning-and-Control-based-on-Carla-and-ROS2/install/carla_msgs LD_LIBRARY_PATH=/home/sti/Documents/Planning-and-Control-based-on-Carla-and-ROS2/install/carla_msgs/lib:${LD_LIBRARY_PATH} PYTHONPATH=/home/sti/Documents/Planning-and-Control-based-on-Carla-and-ROS2/build/carla_manual_control/prefix_override:/home/sti/Documents/Planning-and-Control-based-on-Carla-and-ROS2/install/carla_manual_control/lib/python3.8/site-packages:/home/sti/Documents/Planning-and-Control-based-on-Carla-and-ROS2/install/ros_compatibility/lib/python3.8/site-packages:/home/sti/Documents/Planning-and-Control-based-on-Carla-and-ROS2/install/carla_msgs/lib/python3.8/site-packages:/opt/ros/foxy/lib/python3.8/site-packages:/home/sti/Documents/CARLA_0913/PythonAPI/carla/dist/carla-0.9.13-py3.7-linux-x86_64.egg:/home/sti/Documents/CARLA_0913/PythonAPI/carla:/home/sti/Documents/CARLA_0913/PythonAPI/carla/dist/carla-0.9.13-py3.7-linux-x86_64.egg:/home/sti/Documents/CARLA_0913/PythonAPI/carla/agents /usr/bin/python3 -W ignore:setup.py install is deprecated setup.py egg_info --egg-base ../../build/carla_manual_control build --build-base /home/sti/Documents/Planning-and-Control-based-on-Carla-and-ROS2/build/carla_manual_control/build install --record /home/sti/Documents/Planning-and-Control-based-on-Carla-and-ROS2/build/carla_manual_control/install.log --single-version-externally-managed install_data
