-- Install configuration: ""
-- Up-to-date: /home/sti/Documents/Planning-and-Control-based-on-Carla-and-ROS2/install/carla_ad_demo/share/carla_ad_demo/config
-- Up-to-date: /home/sti/Documents/Planning-and-Control-based-on-Carla-and-ROS2/install/carla_ad_demo/share/carla_ad_demo/config/carla_ad_demo.rviz
-- Up-to-date: /home/sti/Documents/Planning-and-Control-based-on-Carla-and-ROS2/install/carla_ad_demo/share/carla_ad_demo/config/carla_ad_demo_ros2.rviz
-- Up-to-date: /home/sti/Documents/Planning-and-Control-based-on-Carla-and-ROS2/install/carla_ad_demo/share/carla_ad_demo/config/FollowLeadingVehicle.xosc
-- Up-to-date: /home/sti/Documents/Planning-and-Control-based-on-Carla-and-ROS2/install/carla_ad_demo/share/carla_ad_demo
-- Up-to-date: /home/sti/Documents/Planning-and-Control-based-on-Carla-and-ROS2/install/carla_ad_demo/share/carla_ad_demo/carla_ad_demo_with_scenario.launch.py
-- Up-to-date: /home/sti/Documents/Planning-and-Control-based-on-Carla-and-ROS2/install/carla_ad_demo/share/carla_ad_demo/carla_ad_demo.launch.py
-- Up-to-date: /home/sti/Documents/Planning-and-Control-based-on-Carla-and-ROS2/install/carla_ad_demo/share/carla_ad_demo/carla_ad_demo_with_scenario.launch
-- Up-to-date: /home/sti/Documents/Planning-and-Control-based-on-Carla-and-ROS2/install/carla_ad_demo/share/carla_ad_demo/carla_ad_demo.launch
-- Up-to-date: /home/sti/Documents/Planning-and-Control-based-on-Carla-and-ROS2/install/carla_ad_demo/share/ament_index/resource_index/package_run_dependencies/carla_ad_demo
-- Up-to-date: /home/sti/Documents/Planning-and-Control-based-on-Carla-and-ROS2/install/carla_ad_demo/share/ament_index/resource_index/parent_prefix_path/carla_ad_demo
-- Up-to-date: /home/sti/Documents/Planning-and-Control-based-on-Carla-and-ROS2/install/carla_ad_demo/share/carla_ad_demo/environment/ament_prefix_path.sh
-- Up-to-date: /home/sti/Documents/Planning-and-Control-based-on-Carla-and-ROS2/install/carla_ad_demo/share/carla_ad_demo/environment/ament_prefix_path.dsv
-- Up-to-date: /home/sti/Documents/Planning-and-Control-based-on-Carla-and-ROS2/install/carla_ad_demo/share/carla_ad_demo/environment/path.sh
-- Up-to-date: /home/sti/Documents/Planning-and-Control-based-on-Carla-and-ROS2/install/carla_ad_demo/share/carla_ad_demo/environment/path.dsv
-- Up-to-date: /home/sti/Documents/Planning-and-Control-based-on-Carla-and-ROS2/install/carla_ad_demo/share/carla_ad_demo/local_setup.bash
-- Up-to-date: /home/sti/Documents/Planning-and-Control-based-on-Carla-and-ROS2/install/carla_ad_demo/share/carla_ad_demo/local_setup.sh
-- Up-to-date: /home/sti/Documents/Planning-and-Control-based-on-Carla-and-ROS2/install/carla_ad_demo/share/carla_ad_demo/local_setup.zsh
-- Up-to-date: /home/sti/Documents/Planning-and-Control-based-on-Carla-and-ROS2/install/carla_ad_demo/share/carla_ad_demo/local_setup.dsv
-- Installing: /home/sti/Documents/Planning-and-Control-based-on-Carla-and-ROS2/install/carla_ad_demo/share/carla_ad_demo/package.dsv
-- Up-to-date: /home/sti/Documents/Planning-and-Control-based-on-Carla-and-ROS2/install/carla_ad_demo/share/ament_index/resource_index/packages/carla_ad_demo
-- Up-to-date: /home/sti/Documents/Planning-and-Control-based-on-Carla-and-ROS2/install/carla_ad_demo/share/carla_ad_demo/cmake/carla_ad_demoConfig.cmake
-- Up-to-date: /home/sti/Documents/Planning-and-Control-based-on-Carla-and-ROS2/install/carla_ad_demo/share/carla_ad_demo/cmake/carla_ad_demoConfig-version.cmake
-- Up-to-date: /home/sti/Documents/Planning-and-Control-based-on-Carla-and-ROS2/install/carla_ad_demo/share/carla_ad_demo/package.xml
