[1.595s] Invoking command in '/home/sti/Documents/Planning-and-Control-based-on-Carla-and-ROS2/plus_version/carla_waypoint_publisher': AMENT_PREFIX_PATH=/home/sti/Documents/Planning-and-Control-based-on-Carla-and-ROS2/install/ros_compatibility:/home/sti/Documents/Planning-and-Control-based-on-Carla-and-ROS2/install/carla_waypoint_types:${AMENT_PREFIX_PATH} CMAKE_PREFIX_PATH=/home/sti/Documents/Planning-and-Control-based-on-Carla-and-ROS2/install/carla_waypoint_types LD_LIBRARY_PATH=/home/sti/Documents/Planning-and-Control-based-on-Carla-and-ROS2/install/carla_waypoint_types/lib:${LD_LIBRARY_PATH} PYTHONPATH=/home/sti/Documents/Planning-and-Control-based-on-Carla-and-ROS2/build/carla_waypoint_publisher/prefix_override:/home/sti/Documents/Planning-and-Control-based-on-Carla-and-ROS2/install/carla_waypoint_publisher/lib/python3.8/site-packages:/home/sti/Documents/Planning-and-Control-based-on-Carla-and-ROS2/install/ros_compatibility/lib/python3.8/site-packages:/home/sti/Documents/Planning-and-Control-based-on-Carla-and-ROS2/install/carla_waypoint_types/lib/python3.8/site-packages:/opt/ros/foxy/lib/python3.8/site-packages:/home/sti/Documents/CARLA_0913/PythonAPI/carla/dist/carla-0.9.13-py3.7-linux-x86_64.egg:/home/sti/Documents/CARLA_0913/PythonAPI/carla:/home/sti/Documents/CARLA_0913/PythonAPI/carla/dist/carla-0.9.13-py3.7-linux-x86_64.egg:/home/sti/Documents/CARLA_0913/PythonAPI/carla/agents /usr/bin/python3 -W ignore:setup.py install is deprecated setup.py egg_info --egg-base ../../build/carla_waypoint_publisher build --build-base /home/sti/Documents/Planning-and-Control-based-on-Carla-and-ROS2/build/carla_waypoint_publisher/build install --record /home/sti/Documents/Planning-and-Control-based-on-Carla-and-ROS2/build/carla_waypoint_publisher/install.log --single-version-externally-managed install_data
[1.814s] running egg_info
[1.814s] writing ../../build/carla_waypoint_publisher/carla_waypoint_publisher.egg-info/PKG-INFO
[1.815s] writing dependency_links to ../../build/carla_waypoint_publisher/carla_waypoint_publisher.egg-info/dependency_links.txt
[1.815s] writing entry points to ../../build/carla_waypoint_publisher/carla_waypoint_publisher.egg-info/entry_points.txt
[1.815s] writing requirements to ../../build/carla_waypoint_publisher/carla_waypoint_publisher.egg-info/requires.txt
[1.815s] writing top-level names to ../../build/carla_waypoint_publisher/carla_waypoint_publisher.egg-info/top_level.txt
[1.844s] reading manifest file '../../build/carla_waypoint_publisher/carla_waypoint_publisher.egg-info/SOURCES.txt'
[1.844s] writing manifest file '../../build/carla_waypoint_publisher/carla_waypoint_publisher.egg-info/SOURCES.txt'
[1.844s] running build
[1.844s] running build_py
[1.845s] running install
[1.845s] running install_lib
[1.847s] running install_data
[1.847s] running install_egg_info
[1.848s] removing '/home/sti/Documents/Planning-and-Control-based-on-Carla-and-ROS2/install/carla_waypoint_publisher/lib/python3.8/site-packages/carla_waypoint_publisher-0.0.0-py3.8.egg-info' (and everything under it)
[1.848s] Copying ../../build/carla_waypoint_publisher/carla_waypoint_publisher.egg-info to /home/sti/Documents/Planning-and-Control-based-on-Carla-and-ROS2/install/carla_waypoint_publisher/lib/python3.8/site-packages/carla_waypoint_publisher-0.0.0-py3.8.egg-info
[1.850s] running install_scripts
[1.862s] Installing carla_waypoint_publisher script to /home/sti/Documents/Planning-and-Control-based-on-Carla-and-ROS2/install/carla_waypoint_publisher/lib/carla_waypoint_publisher
[1.862s] writing list of installed files to '/home/sti/Documents/Planning-and-Control-based-on-Carla-and-ROS2/build/carla_waypoint_publisher/install.log'
[1.884s] Invoked command in '/home/sti/Documents/Planning-and-Control-based-on-Carla-and-ROS2/plus_version/carla_waypoint_publisher' returned '0': AMENT_PREFIX_PATH=/home/sti/Documents/Planning-and-Control-based-on-Carla-and-ROS2/install/ros_compatibility:/home/sti/Documents/Planning-and-Control-based-on-Carla-and-ROS2/install/carla_waypoint_types:${AMENT_PREFIX_PATH} CMAKE_PREFIX_PATH=/home/sti/Documents/Planning-and-Control-based-on-Carla-and-ROS2/install/carla_waypoint_types LD_LIBRARY_PATH=/home/sti/Documents/Planning-and-Control-based-on-Carla-and-ROS2/install/carla_waypoint_types/lib:${LD_LIBRARY_PATH} PYTHONPATH=/home/sti/Documents/Planning-and-Control-based-on-Carla-and-ROS2/build/carla_waypoint_publisher/prefix_override:/home/sti/Documents/Planning-and-Control-based-on-Carla-and-ROS2/install/carla_waypoint_publisher/lib/python3.8/site-packages:/home/sti/Documents/Planning-and-Control-based-on-Carla-and-ROS2/install/ros_compatibility/lib/python3.8/site-packages:/home/sti/Documents/Planning-and-Control-based-on-Carla-and-ROS2/install/carla_waypoint_types/lib/python3.8/site-packages:/opt/ros/foxy/lib/python3.8/site-packages:/home/sti/Documents/CARLA_0913/PythonAPI/carla/dist/carla-0.9.13-py3.7-linux-x86_64.egg:/home/sti/Documents/CARLA_0913/PythonAPI/carla:/home/sti/Documents/CARLA_0913/PythonAPI/carla/dist/carla-0.9.13-py3.7-linux-x86_64.egg:/home/sti/Documents/CARLA_0913/PythonAPI/carla/agents /usr/bin/python3 -W ignore:setup.py install is deprecated setup.py egg_info --egg-base ../../build/carla_waypoint_publisher build --build-base /home/sti/Documents/Planning-and-Control-based-on-Carla-and-ROS2/build/carla_waypoint_publisher/build install --record /home/sti/Documents/Planning-and-Control-based-on-Carla-and-ROS2/build/carla_waypoint_publisher/install.log --single-version-externally-managed install_data
