[0.036s] Invoking command in '/home/sti/Documents/Planning-and-Control-based-on-Carla-and-ROS2/build/carla_ackermann_msgs': CMAKE_PREFIX_PATH=/home/sti/Documents/Planning-and-Control-based-on-Carla-and-ROS2/install/carla_msgs:/home/sti/Documents/Planning-and-Control-based-on-Carla-and-ROS2/install/carla_ad_demo:/home/sti/Documents/Planning-and-Control-based-on-Carla-and-ROS2/install/my_pnc:/home/sti/Documents/Planning-and-Control-based-on-Carla-and-ROS2/install/pnc_msgs:/home/sti/Documents/Planning-and-Control-based-on-Carla-and-ROS2/install/planner_modules:/home/sti/Documents/Planning-and-Control-based-on-Carla-and-ROS2/install/general_modules:/home/sti/Documents/Planning-and-Control-based-on-Carla-and-ROS2/install/controller_modules:/home/sti/Documents/Planning-and-Control-based-on-Carla-and-ROS2/install/carla_waypoint_types:/home/sti/Documents/Planning-and-Control-based-on-Carla-and-ROS2/install/carla_ros_scenario_runner_types:/home/sti/Documents/Planning-and-Control-based-on-Carla-and-ROS2/install/carla_ad_agent_cpp:/home/sti/Documents/Planning-and-Control-based-on-Carla-and-ROS2/install/carla_ackermann_msgs:/home/sti/Documents/Planning-and-Control-based-on-Carla-and-ROS2/install/carla_waypoint_publisher:/home/sti/Documents/Planning-and-Control-based-on-Carla-and-ROS2/install/carla_ros_bridge:/home/sti/Documents/Planning-and-Control-based-on-Carla-and-ROS2/install/carla_spawn_objects:/home/sti/Documents/Planning-and-Control-based-on-Carla-and-ROS2/install/carla_manual_control:/home/sti/Documents/Planning-and-Control-based-on-Carla-and-ROS2/install/carla_ad_agent:/home/sti/Documents/Planning-and-Control-based-on-Carla-and-ROS2/install/ros_compatibility:/home/sti/Documents/Planning-and-Control-based-on-Carla-and-ROS2/install/carla_walker_agent:/home/sti/Documents/Planning-and-Control-based-on-Carla-and-ROS2/install/carla_twist_to_control:/home/sti/Documents/Planning-and-Control-based-on-Carla-and-ROS2/install/carla_ros_scenario_runner:/home/sti/Documents/Planning-and-Control-based-on-Carla-and-ROS2/install/carla_common:/opt/ros/foxy LD_LIBRARY_PATH=/home/sti/Documents/Planning-and-Control-based-on-Carla-and-ROS2/install/carla_msgs/lib:/home/sti/Documents/Planning-and-Control-based-on-Carla-and-ROS2/install/pnc_msgs/lib:/home/sti/Documents/Planning-and-Control-based-on-Carla-and-ROS2/install/carla_waypoint_types/lib:/home/sti/Documents/Planning-and-Control-based-on-Carla-and-ROS2/install/carla_ros_scenario_runner_types/lib:/home/sti/Documents/Planning-and-Control-based-on-Carla-and-ROS2/install/carla_ackermann_msgs/lib:/opt/ros/foxy/opt/yaml_cpp_vendor/lib:/opt/ros/foxy/opt/rviz_ogre_vendor/lib:/opt/ros/foxy/lib/x86_64-linux-gnu:/opt/ros/foxy/lib:/usr/local/cuda-11.8/lib64:/opt/TensorRT-8.5.1.7/lib:/usr/local/lib PYTHONPATH=/home/sti/Documents/Planning-and-Control-based-on-Carla-and-ROS2/install/carla_msgs/lib/python3.8/site-packages:/home/sti/Documents/Planning-and-Control-based-on-Carla-and-ROS2/install/carla_waypoint_publisher/lib/python3.8/site-packages:/home/sti/Documents/Planning-and-Control-based-on-Carla-and-ROS2/install/carla_ros_bridge/lib/python3.8/site-packages:/home/sti/Documents/Planning-and-Control-based-on-Carla-and-ROS2/install/carla_spawn_objects/lib/python3.8/site-packages:/home/sti/Documents/Planning-and-Control-based-on-Carla-and-ROS2/install/carla_manual_control/lib/python3.8/site-packages:/home/sti/Documents/Planning-and-Control-based-on-Carla-and-ROS2/install/carla_ad_agent/lib/python3.8/site-packages:/home/sti/Documents/Planning-and-Control-based-on-Carla-and-ROS2/install/ros_compatibility/lib/python3.8/site-packages:/home/sti/Documents/Planning-and-Control-based-on-Carla-and-ROS2/install/pnc_msgs/lib/python3.8/site-packages:/home/sti/Documents/Planning-and-Control-based-on-Carla-and-ROS2/install/carla_waypoint_types/lib/python3.8/site-packages:/home/sti/Documents/Planning-and-Control-based-on-Carla-and-ROS2/install/carla_walker_agent/lib/python3.8/site-packages:/home/sti/Documents/Planning-and-Control-based-on-Carla-and-ROS2/install/carla_twist_to_control/lib/python3.8/site-packages:/home/sti/Documents/Planning-and-Control-based-on-Carla-and-ROS2/install/carla_ros_scenario_runner/lib/python3.8/site-packages:/home/sti/Documents/Planning-and-Control-based-on-Carla-and-ROS2/install/carla_ros_scenario_runner_types/lib/python3.8/site-packages:/home/sti/Documents/Planning-and-Control-based-on-Carla-and-ROS2/install/carla_ackermann_msgs/lib/python3.8/site-packages:/home/sti/Documents/Planning-and-Control-based-on-Carla-and-ROS2/install/carla_common/lib/python3.8/site-packages:/opt/ros/foxy/lib/python3.8/site-packages:/home/sti/Documents/CARLA_0913/PythonAPI/carla/dist/carla-0.9.13-py3.7-linux-x86_64.egg:/home/sti/Documents/CARLA_0913/PythonAPI/carla:/home/sti/Documents/CARLA_0913/PythonAPI/carla/dist/carla-0.9.13-py3.7-linux-x86_64.egg:/home/sti/Documents/CARLA_0913/PythonAPI/carla/agents /usr/local/bin/cmake --build /home/sti/Documents/Planning-and-Control-based-on-Carla-and-ROS2/build/carla_ackermann_msgs -- -j16 -l16
[0.349s] [  1%] Built target carla_ackermann_msgs__cpp
[0.349s] [ 12%] Built target carla_ackermann_msgs__rosidl_generator_c
[0.350s] [ 23%] Built target carla_ackermann_msgs__rosidl_typesupport_cpp
[0.350s] [ 41%] Built target carla_ackermann_msgs__rosidl_typesupport_c
[0.351s] [ 55%] Built target carla_ackermann_msgs__rosidl_typesupport_introspection_c
[0.351s] [ 57%] Built target carla_ackermann_msgs__rosidl_typesupport_introspection_cpp
[0.351s] [ 68%] Built target carla_ackermann_msgs__rosidl_typesupport_fastrtps_cpp
[0.351s] [ 79%] Built target carla_ackermann_msgs__rosidl_typesupport_fastrtps_c
[0.351s] [ 79%] Built target carla_ackermann_msgs
[0.351s] [ 80%] Built target carla_ackermann_msgs__py
[0.351s] [ 90%] Built target carla_ackermann_msgs__python
[0.351s] [ 93%] Built target carla_ackermann_msgs__rosidl_typesupport_c__pyext
[0.351s] [ 96%] Built target carla_ackermann_msgs__rosidl_typesupport_fastrtps_c__pyext
[0.351s] [100%] Built target carla_ackermann_msgs__rosidl_typesupport_introspection_c__pyext
[0.352s] Invoked command in '/home/sti/Documents/Planning-and-Control-based-on-Carla-and-ROS2/build/carla_ackermann_msgs' returned '0': CMAKE_PREFIX_PATH=/home/sti/Documents/Planning-and-Control-based-on-Carla-and-ROS2/install/carla_msgs:/home/sti/Documents/Planning-and-Control-based-on-Carla-and-ROS2/install/carla_ad_demo:/home/sti/Documents/Planning-and-Control-based-on-Carla-and-ROS2/install/my_pnc:/home/sti/Documents/Planning-and-Control-based-on-Carla-and-ROS2/install/pnc_msgs:/home/sti/Documents/Planning-and-Control-based-on-Carla-and-ROS2/install/planner_modules:/home/sti/Documents/Planning-and-Control-based-on-Carla-and-ROS2/install/general_modules:/home/sti/Documents/Planning-and-Control-based-on-Carla-and-ROS2/install/controller_modules:/home/sti/Documents/Planning-and-Control-based-on-Carla-and-ROS2/install/carla_waypoint_types:/home/sti/Documents/Planning-and-Control-based-on-Carla-and-ROS2/install/carla_ros_scenario_runner_types:/home/sti/Documents/Planning-and-Control-based-on-Carla-and-ROS2/install/carla_ad_agent_cpp:/home/sti/Documents/Planning-and-Control-based-on-Carla-and-ROS2/install/carla_ackermann_msgs:/home/sti/Documents/Planning-and-Control-based-on-Carla-and-ROS2/install/carla_waypoint_publisher:/home/sti/Documents/Planning-and-Control-based-on-Carla-and-ROS2/install/carla_ros_bridge:/home/sti/Documents/Planning-and-Control-based-on-Carla-and-ROS2/install/carla_spawn_objects:/home/sti/Documents/Planning-and-Control-based-on-Carla-and-ROS2/install/carla_manual_control:/home/sti/Documents/Planning-and-Control-based-on-Carla-and-ROS2/install/carla_ad_agent:/home/sti/Documents/Planning-and-Control-based-on-Carla-and-ROS2/install/ros_compatibility:/home/sti/Documents/Planning-and-Control-based-on-Carla-and-ROS2/install/carla_walker_agent:/home/sti/Documents/Planning-and-Control-based-on-Carla-and-ROS2/install/carla_twist_to_control:/home/sti/Documents/Planning-and-Control-based-on-Carla-and-ROS2/install/carla_ros_scenario_runner:/home/sti/Documents/Planning-and-Control-based-on-Carla-and-ROS2/install/carla_common:/opt/ros/foxy LD_LIBRARY_PATH=/home/sti/Documents/Planning-and-Control-based-on-Carla-and-ROS2/install/carla_msgs/lib:/home/sti/Documents/Planning-and-Control-based-on-Carla-and-ROS2/install/pnc_msgs/lib:/home/sti/Documents/Planning-and-Control-based-on-Carla-and-ROS2/install/carla_waypoint_types/lib:/home/sti/Documents/Planning-and-Control-based-on-Carla-and-ROS2/install/carla_ros_scenario_runner_types/lib:/home/sti/Documents/Planning-and-Control-based-on-Carla-and-ROS2/install/carla_ackermann_msgs/lib:/opt/ros/foxy/opt/yaml_cpp_vendor/lib:/opt/ros/foxy/opt/rviz_ogre_vendor/lib:/opt/ros/foxy/lib/x86_64-linux-gnu:/opt/ros/foxy/lib:/usr/local/cuda-11.8/lib64:/opt/TensorRT-8.5.1.7/lib:/usr/local/lib PYTHONPATH=/home/sti/Documents/Planning-and-Control-based-on-Carla-and-ROS2/install/carla_msgs/lib/python3.8/site-packages:/home/sti/Documents/Planning-and-Control-based-on-Carla-and-ROS2/install/carla_waypoint_publisher/lib/python3.8/site-packages:/home/sti/Documents/Planning-and-Control-based-on-Carla-and-ROS2/install/carla_ros_bridge/lib/python3.8/site-packages:/home/sti/Documents/Planning-and-Control-based-on-Carla-and-ROS2/install/carla_spawn_objects/lib/python3.8/site-packages:/home/sti/Documents/Planning-and-Control-based-on-Carla-and-ROS2/install/carla_manual_control/lib/python3.8/site-packages:/home/sti/Documents/Planning-and-Control-based-on-Carla-and-ROS2/install/carla_ad_agent/lib/python3.8/site-packages:/home/sti/Documents/Planning-and-Control-based-on-Carla-and-ROS2/install/ros_compatibility/lib/python3.8/site-packages:/home/sti/Documents/Planning-and-Control-based-on-Carla-and-ROS2/install/pnc_msgs/lib/python3.8/site-packages:/home/sti/Documents/Planning-and-Control-based-on-Carla-and-ROS2/install/carla_waypoint_types/lib/python3.8/site-packages:/home/sti/Documents/Planning-and-Control-based-on-Carla-and-ROS2/install/carla_walker_agent/lib/python3.8/site-packages:/home/sti/Documents/Planning-and-Control-based-on-Carla-and-ROS2/install/carla_twist_to_control/lib/python3.8/site-packages:/home/sti/Documents/Planning-and-Control-based-on-Carla-and-ROS2/install/carla_ros_scenario_runner/lib/python3.8/site-packages:/home/sti/Documents/Planning-and-Control-based-on-Carla-and-ROS2/install/carla_ros_scenario_runner_types/lib/python3.8/site-packages:/home/sti/Documents/Planning-and-Control-based-on-Carla-and-ROS2/install/carla_ackermann_msgs/lib/python3.8/site-packages:/home/sti/Documents/Planning-and-Control-based-on-Carla-and-ROS2/install/carla_common/lib/python3.8/site-packages:/opt/ros/foxy/lib/python3.8/site-packages:/home/sti/Documents/CARLA_0913/PythonAPI/carla/dist/carla-0.9.13-py3.7-linux-x86_64.egg:/home/sti/Documents/CARLA_0913/PythonAPI/carla:/home/sti/Documents/CARLA_0913/PythonAPI/carla/dist/carla-0.9.13-py3.7-linux-x86_64.egg:/home/sti/Documents/CARLA_0913/PythonAPI/carla/agents /usr/local/bin/cmake --build /home/sti/Documents/Planning-and-Control-based-on-Carla-and-ROS2/build/carla_ackermann_msgs -- -j16 -l16
[0.752s] Invoking command in '/home/sti/Documents/Planning-and-Control-based-on-Carla-and-ROS2/build/carla_ackermann_msgs': CMAKE_PREFIX_PATH=/home/sti/Documents/Planning-and-Control-based-on-Carla-and-ROS2/install/carla_msgs:/home/sti/Documents/Planning-and-Control-based-on-Carla-and-ROS2/install/carla_ad_demo:/home/sti/Documents/Planning-and-Control-based-on-Carla-and-ROS2/install/my_pnc:/home/sti/Documents/Planning-and-Control-based-on-Carla-and-ROS2/install/pnc_msgs:/home/sti/Documents/Planning-and-Control-based-on-Carla-and-ROS2/install/planner_modules:/home/sti/Documents/Planning-and-Control-based-on-Carla-and-ROS2/install/general_modules:/home/sti/Documents/Planning-and-Control-based-on-Carla-and-ROS2/install/controller_modules:/home/sti/Documents/Planning-and-Control-based-on-Carla-and-ROS2/install/carla_waypoint_types:/home/sti/Documents/Planning-and-Control-based-on-Carla-and-ROS2/install/carla_ros_scenario_runner_types:/home/sti/Documents/Planning-and-Control-based-on-Carla-and-ROS2/install/carla_ad_agent_cpp:/home/sti/Documents/Planning-and-Control-based-on-Carla-and-ROS2/install/carla_ackermann_msgs:/home/sti/Documents/Planning-and-Control-based-on-Carla-and-ROS2/install/carla_waypoint_publisher:/home/sti/Documents/Planning-and-Control-based-on-Carla-and-ROS2/install/carla_ros_bridge:/home/sti/Documents/Planning-and-Control-based-on-Carla-and-ROS2/install/carla_spawn_objects:/home/sti/Documents/Planning-and-Control-based-on-Carla-and-ROS2/install/carla_manual_control:/home/sti/Documents/Planning-and-Control-based-on-Carla-and-ROS2/install/carla_ad_agent:/home/sti/Documents/Planning-and-Control-based-on-Carla-and-ROS2/install/ros_compatibility:/home/sti/Documents/Planning-and-Control-based-on-Carla-and-ROS2/install/carla_walker_agent:/home/sti/Documents/Planning-and-Control-based-on-Carla-and-ROS2/install/carla_twist_to_control:/home/sti/Documents/Planning-and-Control-based-on-Carla-and-ROS2/install/carla_ros_scenario_runner:/home/sti/Documents/Planning-and-Control-based-on-Carla-and-ROS2/install/carla_common:/opt/ros/foxy LD_LIBRARY_PATH=/home/sti/Documents/Planning-and-Control-based-on-Carla-and-ROS2/install/carla_msgs/lib:/home/sti/Documents/Planning-and-Control-based-on-Carla-and-ROS2/install/pnc_msgs/lib:/home/sti/Documents/Planning-and-Control-based-on-Carla-and-ROS2/install/carla_waypoint_types/lib:/home/sti/Documents/Planning-and-Control-based-on-Carla-and-ROS2/install/carla_ros_scenario_runner_types/lib:/home/sti/Documents/Planning-and-Control-based-on-Carla-and-ROS2/install/carla_ackermann_msgs/lib:/opt/ros/foxy/opt/yaml_cpp_vendor/lib:/opt/ros/foxy/opt/rviz_ogre_vendor/lib:/opt/ros/foxy/lib/x86_64-linux-gnu:/opt/ros/foxy/lib:/usr/local/cuda-11.8/lib64:/opt/TensorRT-8.5.1.7/lib:/usr/local/lib PYTHONPATH=/home/sti/Documents/Planning-and-Control-based-on-Carla-and-ROS2/install/carla_msgs/lib/python3.8/site-packages:/home/sti/Documents/Planning-and-Control-based-on-Carla-and-ROS2/install/carla_waypoint_publisher/lib/python3.8/site-packages:/home/sti/Documents/Planning-and-Control-based-on-Carla-and-ROS2/install/carla_ros_bridge/lib/python3.8/site-packages:/home/sti/Documents/Planning-and-Control-based-on-Carla-and-ROS2/install/carla_spawn_objects/lib/python3.8/site-packages:/home/sti/Documents/Planning-and-Control-based-on-Carla-and-ROS2/install/carla_manual_control/lib/python3.8/site-packages:/home/sti/Documents/Planning-and-Control-based-on-Carla-and-ROS2/install/carla_ad_agent/lib/python3.8/site-packages:/home/sti/Documents/Planning-and-Control-based-on-Carla-and-ROS2/install/ros_compatibility/lib/python3.8/site-packages:/home/sti/Documents/Planning-and-Control-based-on-Carla-and-ROS2/install/pnc_msgs/lib/python3.8/site-packages:/home/sti/Documents/Planning-and-Control-based-on-Carla-and-ROS2/install/carla_waypoint_types/lib/python3.8/site-packages:/home/sti/Documents/Planning-and-Control-based-on-Carla-and-ROS2/install/carla_walker_agent/lib/python3.8/site-packages:/home/sti/Documents/Planning-and-Control-based-on-Carla-and-ROS2/install/carla_twist_to_control/lib/python3.8/site-packages:/home/sti/Documents/Planning-and-Control-based-on-Carla-and-ROS2/install/carla_ros_scenario_runner/lib/python3.8/site-packages:/home/sti/Documents/Planning-and-Control-based-on-Carla-and-ROS2/install/carla_ros_scenario_runner_types/lib/python3.8/site-packages:/home/sti/Documents/Planning-and-Control-based-on-Carla-and-ROS2/install/carla_ackermann_msgs/lib/python3.8/site-packages:/home/sti/Documents/Planning-and-Control-based-on-Carla-and-ROS2/install/carla_common/lib/python3.8/site-packages:/opt/ros/foxy/lib/python3.8/site-packages:/home/sti/Documents/CARLA_0913/PythonAPI/carla/dist/carla-0.9.13-py3.7-linux-x86_64.egg:/home/sti/Documents/CARLA_0913/PythonAPI/carla:/home/sti/Documents/CARLA_0913/PythonAPI/carla/dist/carla-0.9.13-py3.7-linux-x86_64.egg:/home/sti/Documents/CARLA_0913/PythonAPI/carla/agents /usr/local/bin/cmake --install /home/sti/Documents/Planning-and-Control-based-on-Carla-and-ROS2/build/carla_ackermann_msgs
[1.557s] -- Install configuration: ""
[1.558s] -- Up-to-date: /home/sti/Documents/Planning-and-Control-based-on-Carla-and-ROS2/install/carla_ackermann_msgs/share/ament_index/resource_index/rosidl_interfaces/carla_ackermann_msgs
[1.558s] -- Up-to-date: /home/sti/Documents/Planning-and-Control-based-on-Carla-and-ROS2/install/carla_ackermann_msgs/include/carla_ackermann_msgs
[1.559s] -- Up-to-date: /home/sti/Documents/Planning-and-Control-based-on-Carla-and-ROS2/install/carla_ackermann_msgs/include/carla_ackermann_msgs/msg
[1.560s] -- Up-to-date: /home/sti/Documents/Planning-and-Control-based-on-Carla-and-ROS2/install/carla_ackermann_msgs/include/carla_ackermann_msgs/msg/ego_vehicle_control_status.h
[1.561s] -- Up-to-date: /home/sti/Documents/Planning-and-Control-based-on-Carla-and-ROS2/install/carla_ackermann_msgs/include/carla_ackermann_msgs/msg/ego_vehicle_control_info.h
[1.561s] -- Up-to-date: /home/sti/Documents/Planning-and-Control-based-on-Carla-and-ROS2/install/carla_ackermann_msgs/include/carla_ackermann_msgs/msg/ego_vehicle_control_target.h
[1.561s] -- Up-to-date: /home/sti/Documents/Planning-and-Control-based-on-Carla-and-ROS2/install/carla_ackermann_msgs/include/carla_ackermann_msgs/msg/ego_vehicle_control_current.h
[1.562s] -- Up-to-date: /home/sti/Documents/Planning-and-Control-based-on-Carla-and-ROS2/install/carla_ackermann_msgs/include/carla_ackermann_msgs/msg/rosidl_generator_c__visibility_control.h
[1.562s] -- Up-to-date: /home/sti/Documents/Planning-and-Control-based-on-Carla-and-ROS2/install/carla_ackermann_msgs/include/carla_ackermann_msgs/msg/ego_vehicle_control_maxima.h
[1.562s] -- Up-to-date: /home/sti/Documents/Planning-and-Control-based-on-Carla-and-ROS2/install/carla_ackermann_msgs/include/carla_ackermann_msgs/msg/detail
[1.562s] -- Up-to-date: /home/sti/Documents/Planning-and-Control-based-on-Carla-and-ROS2/install/carla_ackermann_msgs/include/carla_ackermann_msgs/msg/detail/ego_vehicle_control_current__type_support.h
[1.562s] -- Up-to-date: /home/sti/Documents/Planning-and-Control-based-on-Carla-and-ROS2/install/carla_ackermann_msgs/include/carla_ackermann_msgs/msg/detail/ego_vehicle_control_current__struct.h
[1.562s] -- Up-to-date: /home/sti/Documents/Planning-and-Control-based-on-Carla-and-ROS2/install/carla_ackermann_msgs/include/carla_ackermann_msgs/msg/detail/ego_vehicle_control_status__struct.h
[1.562s] -- Up-to-date: /home/sti/Documents/Planning-and-Control-based-on-Carla-and-ROS2/install/carla_ackermann_msgs/include/carla_ackermann_msgs/msg/detail/ego_vehicle_control_target__functions.c
[1.562s] -- Up-to-date: /home/sti/Documents/Planning-and-Control-based-on-Carla-and-ROS2/install/carla_ackermann_msgs/include/carla_ackermann_msgs/msg/detail/ego_vehicle_control_info__struct.h
[1.562s] -- Up-to-date: /home/sti/Documents/Planning-and-Control-based-on-Carla-and-ROS2/install/carla_ackermann_msgs/include/carla_ackermann_msgs/msg/detail/ego_vehicle_control_maxima__struct.h
[1.562s] -- Up-to-date: /home/sti/Documents/Planning-and-Control-based-on-Carla-and-ROS2/install/carla_ackermann_msgs/include/carla_ackermann_msgs/msg/detail/ego_vehicle_control_info__type_support.h
[1.562s] -- Up-to-date: /home/sti/Documents/Planning-and-Control-based-on-Carla-and-ROS2/install/carla_ackermann_msgs/include/carla_ackermann_msgs/msg/detail/ego_vehicle_control_maxima__functions.c
[1.563s] -- Up-to-date: /home/sti/Documents/Planning-and-Control-based-on-Carla-and-ROS2/install/carla_ackermann_msgs/include/carla_ackermann_msgs/msg/detail/ego_vehicle_control_status__type_support.h
[1.563s] -- Up-to-date: /home/sti/Documents/Planning-and-Control-based-on-Carla-and-ROS2/install/carla_ackermann_msgs/include/carla_ackermann_msgs/msg/detail/ego_vehicle_control_current__functions.c
[1.563s] -- Up-to-date: /home/sti/Documents/Planning-and-Control-based-on-Carla-and-ROS2/install/carla_ackermann_msgs/include/carla_ackermann_msgs/msg/detail/ego_vehicle_control_status__functions.h
[1.563s] -- Up-to-date: /home/sti/Documents/Planning-and-Control-based-on-Carla-and-ROS2/install/carla_ackermann_msgs/include/carla_ackermann_msgs/msg/detail/ego_vehicle_control_info__functions.h
[1.563s] -- Up-to-date: /home/sti/Documents/Planning-and-Control-based-on-Carla-and-ROS2/install/carla_ackermann_msgs/include/carla_ackermann_msgs/msg/detail/ego_vehicle_control_target__struct.h
[1.563s] -- Up-to-date: /home/sti/Documents/Planning-and-Control-based-on-Carla-and-ROS2/install/carla_ackermann_msgs/include/carla_ackermann_msgs/msg/detail/ego_vehicle_control_maxima__type_support.h
[1.563s] -- Up-to-date: /home/sti/Documents/Planning-and-Control-based-on-Carla-and-ROS2/install/carla_ackermann_msgs/include/carla_ackermann_msgs/msg/detail/ego_vehicle_control_target__type_support.h
[1.563s] -- Up-to-date: /home/sti/Documents/Planning-and-Control-based-on-Carla-and-ROS2/install/carla_ackermann_msgs/include/carla_ackermann_msgs/msg/detail/ego_vehicle_control_maxima__functions.h
[1.563s] -- Up-to-date: /home/sti/Documents/Planning-and-Control-based-on-Carla-and-ROS2/install/carla_ackermann_msgs/include/carla_ackermann_msgs/msg/detail/ego_vehicle_control_target__functions.h
[1.563s] -- Up-to-date: /home/sti/Documents/Planning-and-Control-based-on-Carla-and-ROS2/install/carla_ackermann_msgs/include/carla_ackermann_msgs/msg/detail/ego_vehicle_control_status__functions.c
[1.563s] -- Up-to-date: /home/sti/Documents/Planning-and-Control-based-on-Carla-and-ROS2/install/carla_ackermann_msgs/include/carla_ackermann_msgs/msg/detail/ego_vehicle_control_current__functions.h
[1.564s] -- Up-to-date: /home/sti/Documents/Planning-and-Control-based-on-Carla-and-ROS2/install/carla_ackermann_msgs/include/carla_ackermann_msgs/msg/detail/ego_vehicle_control_info__functions.c
[1.564s] -- Up-to-date: /home/sti/Documents/Planning-and-Control-based-on-Carla-and-ROS2/install/carla_ackermann_msgs/share/carla_ackermann_msgs/environment/library_path.sh
[1.564s] -- Up-to-date: /home/sti/Documents/Planning-and-Control-based-on-Carla-and-ROS2/install/carla_ackermann_msgs/share/carla_ackermann_msgs/environment/library_path.dsv
[1.564s] -- Up-to-date: /home/sti/Documents/Planning-and-Control-based-on-Carla-and-ROS2/install/carla_ackermann_msgs/lib/libcarla_ackermann_msgs__rosidl_generator_c.so
[1.564s] -- Up-to-date: /home/sti/Documents/Planning-and-Control-based-on-Carla-and-ROS2/install/carla_ackermann_msgs/include/carla_ackermann_msgs
[1.564s] -- Up-to-date: /home/sti/Documents/Planning-and-Control-based-on-Carla-and-ROS2/install/carla_ackermann_msgs/include/carla_ackermann_msgs/msg
[1.564s] -- Up-to-date: /home/sti/Documents/Planning-and-Control-based-on-Carla-and-ROS2/install/carla_ackermann_msgs/include/carla_ackermann_msgs/msg/rosidl_typesupport_fastrtps_c__visibility_control.h
[1.564s] -- Up-to-date: /home/sti/Documents/Planning-and-Control-based-on-Carla-and-ROS2/install/carla_ackermann_msgs/include/carla_ackermann_msgs/msg/detail
[1.564s] -- Up-to-date: /home/sti/Documents/Planning-and-Control-based-on-Carla-and-ROS2/install/carla_ackermann_msgs/include/carla_ackermann_msgs/msg/detail/ego_vehicle_control_target__rosidl_typesupport_fastrtps_c.h
[1.564s] -- Up-to-date: /home/sti/Documents/Planning-and-Control-based-on-Carla-and-ROS2/install/carla_ackermann_msgs/include/carla_ackermann_msgs/msg/detail/ego_vehicle_control_maxima__rosidl_typesupport_fastrtps_c.h
[1.564s] -- Up-to-date: /home/sti/Documents/Planning-and-Control-based-on-Carla-and-ROS2/install/carla_ackermann_msgs/include/carla_ackermann_msgs/msg/detail/ego_vehicle_control_info__rosidl_typesupport_fastrtps_c.h
[1.565s] -- Up-to-date: /home/sti/Documents/Planning-and-Control-based-on-Carla-and-ROS2/install/carla_ackermann_msgs/include/carla_ackermann_msgs/msg/detail/ego_vehicle_control_status__rosidl_typesupport_fastrtps_c.h
[1.565s] -- Up-to-date: /home/sti/Documents/Planning-and-Control-based-on-Carla-and-ROS2/install/carla_ackermann_msgs/include/carla_ackermann_msgs/msg/detail/ego_vehicle_control_current__rosidl_typesupport_fastrtps_c.h
[1.565s] -- Up-to-date: /home/sti/Documents/Planning-and-Control-based-on-Carla-and-ROS2/install/carla_ackermann_msgs/lib/libcarla_ackermann_msgs__rosidl_typesupport_fastrtps_c.so
[1.565s] -- Up-to-date: /home/sti/Documents/Planning-and-Control-based-on-Carla-and-ROS2/install/carla_ackermann_msgs/include/carla_ackermann_msgs
[1.565s] -- Up-to-date: /home/sti/Documents/Planning-and-Control-based-on-Carla-and-ROS2/install/carla_ackermann_msgs/include/carla_ackermann_msgs/msg
[1.565s] -- Up-to-date: /home/sti/Documents/Planning-and-Control-based-on-Carla-and-ROS2/install/carla_ackermann_msgs/include/carla_ackermann_msgs/msg/rosidl_typesupport_fastrtps_cpp__visibility_control.h
[1.565s] -- Up-to-date: /home/sti/Documents/Planning-and-Control-based-on-Carla-and-ROS2/install/carla_ackermann_msgs/include/carla_ackermann_msgs/msg/detail
[1.565s] -- Up-to-date: /home/sti/Documents/Planning-and-Control-based-on-Carla-and-ROS2/install/carla_ackermann_msgs/include/carla_ackermann_msgs/msg/detail/ego_vehicle_control_status__rosidl_typesupport_fastrtps_cpp.hpp
[1.565s] -- Up-to-date: /home/sti/Documents/Planning-and-Control-based-on-Carla-and-ROS2/install/carla_ackermann_msgs/include/carla_ackermann_msgs/msg/detail/dds_fastrtps
[1.565s] -- Up-to-date: /home/sti/Documents/Planning-and-Control-based-on-Carla-and-ROS2/install/carla_ackermann_msgs/include/carla_ackermann_msgs/msg/detail/ego_vehicle_control_current__rosidl_typesupport_fastrtps_cpp.hpp
[1.566s] -- Up-to-date: /home/sti/Documents/Planning-and-Control-based-on-Carla-and-ROS2/install/carla_ackermann_msgs/include/carla_ackermann_msgs/msg/detail/ego_vehicle_control_info__rosidl_typesupport_fastrtps_cpp.hpp
[1.566s] -- Up-to-date: /home/sti/Documents/Planning-and-Control-based-on-Carla-and-ROS2/install/carla_ackermann_msgs/include/carla_ackermann_msgs/msg/detail/ego_vehicle_control_maxima__rosidl_typesupport_fastrtps_cpp.hpp
[1.566s] -- Up-to-date: /home/sti/Documents/Planning-and-Control-based-on-Carla-and-ROS2/install/carla_ackermann_msgs/include/carla_ackermann_msgs/msg/detail/ego_vehicle_control_target__rosidl_typesupport_fastrtps_cpp.hpp
[1.566s] -- Up-to-date: /home/sti/Documents/Planning-and-Control-based-on-Carla-and-ROS2/install/carla_ackermann_msgs/lib/libcarla_ackermann_msgs__rosidl_typesupport_fastrtps_cpp.so
[1.566s] -- Up-to-date: /home/sti/Documents/Planning-and-Control-based-on-Carla-and-ROS2/install/carla_ackermann_msgs/include/carla_ackermann_msgs
[1.566s] -- Up-to-date: /home/sti/Documents/Planning-and-Control-based-on-Carla-and-ROS2/install/carla_ackermann_msgs/include/carla_ackermann_msgs/msg
[1.566s] -- Up-to-date: /home/sti/Documents/Planning-and-Control-based-on-Carla-and-ROS2/install/carla_ackermann_msgs/include/carla_ackermann_msgs/msg/rosidl_typesupport_introspection_c__visibility_control.h
[1.566s] -- Up-to-date: /home/sti/Documents/Planning-and-Control-based-on-Carla-and-ROS2/install/carla_ackermann_msgs/include/carla_ackermann_msgs/msg/detail
[1.566s] -- Up-to-date: /home/sti/Documents/Planning-and-Control-based-on-Carla-and-ROS2/install/carla_ackermann_msgs/include/carla_ackermann_msgs/msg/detail/ego_vehicle_control_target__type_support.c
[1.566s] -- Up-to-date: /home/sti/Documents/Planning-and-Control-based-on-Carla-and-ROS2/install/carla_ackermann_msgs/include/carla_ackermann_msgs/msg/detail/ego_vehicle_control_target__rosidl_typesupport_introspection_c.h
[1.567s] -- Up-to-date: /home/sti/Documents/Planning-and-Control-based-on-Carla-and-ROS2/install/carla_ackermann_msgs/include/carla_ackermann_msgs/msg/detail/ego_vehicle_control_maxima__type_support.c
[1.567s] -- Up-to-date: /home/sti/Documents/Planning-and-Control-based-on-Carla-and-ROS2/install/carla_ackermann_msgs/include/carla_ackermann_msgs/msg/detail/ego_vehicle_control_status__type_support.c
[1.567s] -- Up-to-date: /home/sti/Documents/Planning-and-Control-based-on-Carla-and-ROS2/install/carla_ackermann_msgs/include/carla_ackermann_msgs/msg/detail/ego_vehicle_control_current__rosidl_typesupport_introspection_c.h
[1.567s] -- Up-to-date: /home/sti/Documents/Planning-and-Control-based-on-Carla-and-ROS2/install/carla_ackermann_msgs/include/carla_ackermann_msgs/msg/detail/ego_vehicle_control_current__type_support.c
[1.567s] -- Up-to-date: /home/sti/Documents/Planning-and-Control-based-on-Carla-and-ROS2/install/carla_ackermann_msgs/include/carla_ackermann_msgs/msg/detail/ego_vehicle_control_info__rosidl_typesupport_introspection_c.h
[1.567s] -- Up-to-date: /home/sti/Documents/Planning-and-Control-based-on-Carla-and-ROS2/install/carla_ackermann_msgs/include/carla_ackermann_msgs/msg/detail/ego_vehicle_control_status__rosidl_typesupport_introspection_c.h
[1.567s] -- Up-to-date: /home/sti/Documents/Planning-and-Control-based-on-Carla-and-ROS2/install/carla_ackermann_msgs/include/carla_ackermann_msgs/msg/detail/ego_vehicle_control_maxima__rosidl_typesupport_introspection_c.h
[1.567s] -- Up-to-date: /home/sti/Documents/Planning-and-Control-based-on-Carla-and-ROS2/install/carla_ackermann_msgs/include/carla_ackermann_msgs/msg/detail/ego_vehicle_control_info__type_support.c
[1.567s] -- Up-to-date: /home/sti/Documents/Planning-and-Control-based-on-Carla-and-ROS2/install/carla_ackermann_msgs/lib/libcarla_ackermann_msgs__rosidl_typesupport_introspection_c.so
[1.567s] -- Up-to-date: /home/sti/Documents/Planning-and-Control-based-on-Carla-and-ROS2/install/carla_ackermann_msgs/lib/libcarla_ackermann_msgs__rosidl_typesupport_c.so
[1.568s] -- Up-to-date: /home/sti/Documents/Planning-and-Control-based-on-Carla-and-ROS2/install/carla_ackermann_msgs/include/carla_ackermann_msgs
[1.568s] -- Up-to-date: /home/sti/Documents/Planning-and-Control-based-on-Carla-and-ROS2/install/carla_ackermann_msgs/include/carla_ackermann_msgs/msg
[1.568s] -- Up-to-date: /home/sti/Documents/Planning-and-Control-based-on-Carla-and-ROS2/install/carla_ackermann_msgs/include/carla_ackermann_msgs/msg/ego_vehicle_control_info.hpp
[1.568s] -- Up-to-date: /home/sti/Documents/Planning-and-Control-based-on-Carla-and-ROS2/install/carla_ackermann_msgs/include/carla_ackermann_msgs/msg/ego_vehicle_control_current.hpp
[1.568s] -- Up-to-date: /home/sti/Documents/Planning-and-Control-based-on-Carla-and-ROS2/install/carla_ackermann_msgs/include/carla_ackermann_msgs/msg/ego_vehicle_control_maxima.hpp
[1.568s] -- Up-to-date: /home/sti/Documents/Planning-and-Control-based-on-Carla-and-ROS2/install/carla_ackermann_msgs/include/carla_ackermann_msgs/msg/rosidl_generator_cpp__visibility_control.hpp
[1.568s] -- Up-to-date: /home/sti/Documents/Planning-and-Control-based-on-Carla-and-ROS2/install/carla_ackermann_msgs/include/carla_ackermann_msgs/msg/ego_vehicle_control_status.hpp
[1.568s] -- Up-to-date: /home/sti/Documents/Planning-and-Control-based-on-Carla-and-ROS2/install/carla_ackermann_msgs/include/carla_ackermann_msgs/msg/ego_vehicle_control_target.hpp
[1.568s] -- Up-to-date: /home/sti/Documents/Planning-and-Control-based-on-Carla-and-ROS2/install/carla_ackermann_msgs/include/carla_ackermann_msgs/msg/detail
[1.568s] -- Up-to-date: /home/sti/Documents/Planning-and-Control-based-on-Carla-and-ROS2/install/carla_ackermann_msgs/include/carla_ackermann_msgs/msg/detail/ego_vehicle_control_status__type_support.hpp
[1.568s] -- Up-to-date: /home/sti/Documents/Planning-and-Control-based-on-Carla-and-ROS2/install/carla_ackermann_msgs/include/carla_ackermann_msgs/msg/detail/ego_vehicle_control_current__struct.hpp
[1.569s] -- Up-to-date: /home/sti/Documents/Planning-and-Control-based-on-Carla-and-ROS2/install/carla_ackermann_msgs/include/carla_ackermann_msgs/msg/detail/ego_vehicle_control_target__type_support.hpp
[1.569s] -- Up-to-date: /home/sti/Documents/Planning-and-Control-based-on-Carla-and-ROS2/install/carla_ackermann_msgs/include/carla_ackermann_msgs/msg/detail/ego_vehicle_control_maxima__builder.hpp
[1.569s] -- Up-to-date: /home/sti/Documents/Planning-and-Control-based-on-Carla-and-ROS2/install/carla_ackermann_msgs/include/carla_ackermann_msgs/msg/detail/ego_vehicle_control_maxima__type_support.hpp
[1.569s] -- Up-to-date: /home/sti/Documents/Planning-and-Control-based-on-Carla-and-ROS2/install/carla_ackermann_msgs/include/carla_ackermann_msgs/msg/detail/ego_vehicle_control_current__type_support.hpp
[1.569s] -- Up-to-date: /home/sti/Documents/Planning-and-Control-based-on-Carla-and-ROS2/install/carla_ackermann_msgs/include/carla_ackermann_msgs/msg/detail/ego_vehicle_control_info__traits.hpp
[1.569s] -- Up-to-date: /home/sti/Documents/Planning-and-Control-based-on-Carla-and-ROS2/install/carla_ackermann_msgs/include/carla_ackermann_msgs/msg/detail/ego_vehicle_control_info__builder.hpp
[1.569s] -- Up-to-date: /home/sti/Documents/Planning-and-Control-based-on-Carla-and-ROS2/install/carla_ackermann_msgs/include/carla_ackermann_msgs/msg/detail/ego_vehicle_control_current__builder.hpp
[1.569s] -- Up-to-date: /home/sti/Documents/Planning-and-Control-based-on-Carla-and-ROS2/install/carla_ackermann_msgs/include/carla_ackermann_msgs/msg/detail/ego_vehicle_control_status__traits.hpp
[1.569s] -- Up-to-date: /home/sti/Documents/Planning-and-Control-based-on-Carla-and-ROS2/install/carla_ackermann_msgs/include/carla_ackermann_msgs/msg/detail/ego_vehicle_control_maxima__struct.hpp
[1.569s] -- Up-to-date: /home/sti/Documents/Planning-and-Control-based-on-Carla-and-ROS2/install/carla_ackermann_msgs/include/carla_ackermann_msgs/msg/detail/ego_vehicle_control_target__struct.hpp
[1.569s] -- Up-to-date: /home/sti/Documents/Planning-and-Control-based-on-Carla-and-ROS2/install/carla_ackermann_msgs/include/carla_ackermann_msgs/msg/detail/ego_vehicle_control_info__type_support.hpp
[1.569s] -- Up-to-date: /home/sti/Documents/Planning-and-Control-based-on-Carla-and-ROS2/install/carla_ackermann_msgs/include/carla_ackermann_msgs/msg/detail/ego_vehicle_control_status__builder.hpp
[1.570s] -- Up-to-date: /home/sti/Documents/Planning-and-Control-based-on-Carla-and-ROS2/install/carla_ackermann_msgs/include/carla_ackermann_msgs/msg/detail/ego_vehicle_control_target__traits.hpp
[1.570s] -- Up-to-date: /home/sti/Documents/Planning-and-Control-based-on-Carla-and-ROS2/install/carla_ackermann_msgs/include/carla_ackermann_msgs/msg/detail/ego_vehicle_control_target__builder.hpp
[1.570s] -- Up-to-date: /home/sti/Documents/Planning-and-Control-based-on-Carla-and-ROS2/install/carla_ackermann_msgs/include/carla_ackermann_msgs/msg/detail/ego_vehicle_control_maxima__traits.hpp
[1.570s] -- Up-to-date: /home/sti/Documents/Planning-and-Control-based-on-Carla-and-ROS2/install/carla_ackermann_msgs/include/carla_ackermann_msgs/msg/detail/ego_vehicle_control_info__struct.hpp
[1.570s] -- Up-to-date: /home/sti/Documents/Planning-and-Control-based-on-Carla-and-ROS2/install/carla_ackermann_msgs/include/carla_ackermann_msgs/msg/detail/ego_vehicle_control_status__struct.hpp
[1.570s] -- Up-to-date: /home/sti/Documents/Planning-and-Control-based-on-Carla-and-ROS2/install/carla_ackermann_msgs/include/carla_ackermann_msgs/msg/detail/ego_vehicle_control_current__traits.hpp
[1.570s] -- Up-to-date: /home/sti/Documents/Planning-and-Control-based-on-Carla-and-ROS2/install/carla_ackermann_msgs/include/carla_ackermann_msgs
[1.570s] -- Up-to-date: /home/sti/Documents/Planning-and-Control-based-on-Carla-and-ROS2/install/carla_ackermann_msgs/include/carla_ackermann_msgs/msg
[1.570s] -- Up-to-date: /home/sti/Documents/Planning-and-Control-based-on-Carla-and-ROS2/install/carla_ackermann_msgs/include/carla_ackermann_msgs/msg/detail
[1.570s] -- Up-to-date: /home/sti/Documents/Planning-and-Control-based-on-Carla-and-ROS2/install/carla_ackermann_msgs/include/carla_ackermann_msgs/msg/detail/ego_vehicle_control_current__type_support.cpp
[1.570s] -- Up-to-date: /home/sti/Documents/Planning-and-Control-based-on-Carla-and-ROS2/install/carla_ackermann_msgs/include/carla_ackermann_msgs/msg/detail/ego_vehicle_control_maxima__rosidl_typesupport_introspection_cpp.hpp
[1.571s] -- Up-to-date: /home/sti/Documents/Planning-and-Control-based-on-Carla-and-ROS2/install/carla_ackermann_msgs/include/carla_ackermann_msgs/msg/detail/ego_vehicle_control_target__rosidl_typesupport_introspection_cpp.hpp
[1.571s] -- Up-to-date: /home/sti/Documents/Planning-and-Control-based-on-Carla-and-ROS2/install/carla_ackermann_msgs/include/carla_ackermann_msgs/msg/detail/ego_vehicle_control_target__type_support.cpp
[1.571s] -- Up-to-date: /home/sti/Documents/Planning-and-Control-based-on-Carla-and-ROS2/install/carla_ackermann_msgs/include/carla_ackermann_msgs/msg/detail/ego_vehicle_control_status__type_support.cpp
[1.571s] -- Up-to-date: /home/sti/Documents/Planning-and-Control-based-on-Carla-and-ROS2/install/carla_ackermann_msgs/include/carla_ackermann_msgs/msg/detail/ego_vehicle_control_maxima__type_support.cpp
[1.571s] -- Up-to-date: /home/sti/Documents/Planning-and-Control-based-on-Carla-and-ROS2/install/carla_ackermann_msgs/include/carla_ackermann_msgs/msg/detail/ego_vehicle_control_info__type_support.cpp
[1.571s] -- Up-to-date: /home/sti/Documents/Planning-and-Control-based-on-Carla-and-ROS2/install/carla_ackermann_msgs/include/carla_ackermann_msgs/msg/detail/ego_vehicle_control_current__rosidl_typesupport_introspection_cpp.hpp
[1.571s] -- Up-to-date: /home/sti/Documents/Planning-and-Control-based-on-Carla-and-ROS2/install/carla_ackermann_msgs/include/carla_ackermann_msgs/msg/detail/ego_vehicle_control_info__rosidl_typesupport_introspection_cpp.hpp
[1.571s] -- Up-to-date: /home/sti/Documents/Planning-and-Control-based-on-Carla-and-ROS2/install/carla_ackermann_msgs/include/carla_ackermann_msgs/msg/detail/ego_vehicle_control_status__rosidl_typesupport_introspection_cpp.hpp
[1.571s] -- Up-to-date: /home/sti/Documents/Planning-and-Control-based-on-Carla-and-ROS2/install/carla_ackermann_msgs/lib/libcarla_ackermann_msgs__rosidl_typesupport_introspection_cpp.so
[1.571s] -- Up-to-date: /home/sti/Documents/Planning-and-Control-based-on-Carla-and-ROS2/install/carla_ackermann_msgs/lib/libcarla_ackermann_msgs__rosidl_typesupport_cpp.so
[1.572s] -- Up-to-date: /home/sti/Documents/Planning-and-Control-based-on-Carla-and-ROS2/install/carla_ackermann_msgs/share/carla_ackermann_msgs/environment/pythonpath.sh
[1.572s] -- Up-to-date: /home/sti/Documents/Planning-and-Control-based-on-Carla-and-ROS2/install/carla_ackermann_msgs/share/carla_ackermann_msgs/environment/pythonpath.dsv
[1.572s] -- Up-to-date: /home/sti/Documents/Planning-and-Control-based-on-Carla-and-ROS2/install/carla_ackermann_msgs/lib/python3.8/site-packages/carla_ackermann_msgs/__init__.py
[1.593s] -- Up-to-date: /home/sti/Documents/Planning-and-Control-based-on-Carla-and-ROS2/install/carla_ackermann_msgs/lib/python3.8/site-packages/carla_ackermann_msgs/msg
[1.593s] -- Up-to-date: /home/sti/Documents/Planning-and-Control-based-on-Carla-and-ROS2/install/carla_ackermann_msgs/lib/python3.8/site-packages/carla_ackermann_msgs/msg/_ego_vehicle_control_maxima_s.c
[1.593s] -- Up-to-date: /home/sti/Documents/Planning-and-Control-based-on-Carla-and-ROS2/install/carla_ackermann_msgs/lib/python3.8/site-packages/carla_ackermann_msgs/msg/_ego_vehicle_control_info_s.c
[1.593s] -- Up-to-date: /home/sti/Documents/Planning-and-Control-based-on-Carla-and-ROS2/install/carla_ackermann_msgs/lib/python3.8/site-packages/carla_ackermann_msgs/msg/_ego_vehicle_control_status_s.c
[1.593s] -- Up-to-date: /home/sti/Documents/Planning-and-Control-based-on-Carla-and-ROS2/install/carla_ackermann_msgs/lib/python3.8/site-packages/carla_ackermann_msgs/msg/_ego_vehicle_control_maxima.py
[1.593s] -- Up-to-date: /home/sti/Documents/Planning-and-Control-based-on-Carla-and-ROS2/install/carla_ackermann_msgs/lib/python3.8/site-packages/carla_ackermann_msgs/msg/_ego_vehicle_control_status.py
[1.593s] -- Up-to-date: /home/sti/Documents/Planning-and-Control-based-on-Carla-and-ROS2/install/carla_ackermann_msgs/lib/python3.8/site-packages/carla_ackermann_msgs/msg/_ego_vehicle_control_target_s.c
[1.593s] -- Up-to-date: /home/sti/Documents/Planning-and-Control-based-on-Carla-and-ROS2/install/carla_ackermann_msgs/lib/python3.8/site-packages/carla_ackermann_msgs/msg/_ego_vehicle_control_target.py
[1.593s] -- Up-to-date: /home/sti/Documents/Planning-and-Control-based-on-Carla-and-ROS2/install/carla_ackermann_msgs/lib/python3.8/site-packages/carla_ackermann_msgs/msg/__init__.py
[1.594s] -- Up-to-date: /home/sti/Documents/Planning-and-Control-based-on-Carla-and-ROS2/install/carla_ackermann_msgs/lib/python3.8/site-packages/carla_ackermann_msgs/msg/_ego_vehicle_control_current_s.c
[1.594s] -- Up-to-date: /home/sti/Documents/Planning-and-Control-based-on-Carla-and-ROS2/install/carla_ackermann_msgs/lib/python3.8/site-packages/carla_ackermann_msgs/msg/_ego_vehicle_control_info.py
[1.594s] -- Up-to-date: /home/sti/Documents/Planning-and-Control-based-on-Carla-and-ROS2/install/carla_ackermann_msgs/lib/python3.8/site-packages/carla_ackermann_msgs/msg/_ego_vehicle_control_current.py
[1.594s] -- Up-to-date: /home/sti/Documents/Planning-and-Control-based-on-Carla-and-ROS2/install/carla_ackermann_msgs/lib/python3.8/site-packages/carla_ackermann_msgs/carla_ackermann_msgs_s__rosidl_typesupport_fastrtps_c.cpython-38-x86_64-linux-gnu.so
[1.594s] -- Up-to-date: /home/sti/Documents/Planning-and-Control-based-on-Carla-and-ROS2/install/carla_ackermann_msgs/lib/python3.8/site-packages/carla_ackermann_msgs/carla_ackermann_msgs_s__rosidl_typesupport_introspection_c.cpython-38-x86_64-linux-gnu.so
[1.594s] -- Up-to-date: /home/sti/Documents/Planning-and-Control-based-on-Carla-and-ROS2/install/carla_ackermann_msgs/lib/python3.8/site-packages/carla_ackermann_msgs/carla_ackermann_msgs_s__rosidl_typesupport_c.cpython-38-x86_64-linux-gnu.so
[1.595s] -- Up-to-date: /home/sti/Documents/Planning-and-Control-based-on-Carla-and-ROS2/install/carla_ackermann_msgs/lib/libcarla_ackermann_msgs__python.so
[1.595s] -- Up-to-date: /home/sti/Documents/Planning-and-Control-based-on-Carla-and-ROS2/install/carla_ackermann_msgs/share/carla_ackermann_msgs/msg/EgoVehicleControlInfo.idl
[1.595s] -- Up-to-date: /home/sti/Documents/Planning-and-Control-based-on-Carla-and-ROS2/install/carla_ackermann_msgs/share/carla_ackermann_msgs/msg/EgoVehicleControlCurrent.idl
[1.595s] -- Up-to-date: /home/sti/Documents/Planning-and-Control-based-on-Carla-and-ROS2/install/carla_ackermann_msgs/share/carla_ackermann_msgs/msg/EgoVehicleControlMaxima.idl
[1.595s] -- Up-to-date: /home/sti/Documents/Planning-and-Control-based-on-Carla-and-ROS2/install/carla_ackermann_msgs/share/carla_ackermann_msgs/msg/EgoVehicleControlStatus.idl
[1.595s] -- Up-to-date: /home/sti/Documents/Planning-and-Control-based-on-Carla-and-ROS2/install/carla_ackermann_msgs/share/carla_ackermann_msgs/msg/EgoVehicleControlTarget.idl
[1.595s] -- Up-to-date: /home/sti/Documents/Planning-and-Control-based-on-Carla-and-ROS2/install/carla_ackermann_msgs/share/carla_ackermann_msgs/msg/EgoVehicleControlInfo.msg
[1.596s] -- Up-to-date: /home/sti/Documents/Planning-and-Control-based-on-Carla-and-ROS2/install/carla_ackermann_msgs/share/carla_ackermann_msgs/msg/EgoVehicleControlCurrent.msg
[1.596s] -- Up-to-date: /home/sti/Documents/Planning-and-Control-based-on-Carla-and-ROS2/install/carla_ackermann_msgs/share/carla_ackermann_msgs/msg/EgoVehicleControlMaxima.msg
[1.596s] -- Up-to-date: /home/sti/Documents/Planning-and-Control-based-on-Carla-and-ROS2/install/carla_ackermann_msgs/share/carla_ackermann_msgs/msg/EgoVehicleControlStatus.msg
[1.596s] -- Up-to-date: /home/sti/Documents/Planning-and-Control-based-on-Carla-and-ROS2/install/carla_ackermann_msgs/share/carla_ackermann_msgs/msg/EgoVehicleControlTarget.msg
[1.596s] -- Up-to-date: /home/sti/Documents/Planning-and-Control-based-on-Carla-and-ROS2/install/carla_ackermann_msgs/share/ament_index/resource_index/package_run_dependencies/carla_ackermann_msgs
[1.596s] -- Up-to-date: /home/sti/Documents/Planning-and-Control-based-on-Carla-and-ROS2/install/carla_ackermann_msgs/share/ament_index/resource_index/parent_prefix_path/carla_ackermann_msgs
[1.596s] -- Up-to-date: /home/sti/Documents/Planning-and-Control-based-on-Carla-and-ROS2/install/carla_ackermann_msgs/share/carla_ackermann_msgs/environment/ament_prefix_path.sh
[1.596s] -- Up-to-date: /home/sti/Documents/Planning-and-Control-based-on-Carla-and-ROS2/install/carla_ackermann_msgs/share/carla_ackermann_msgs/environment/ament_prefix_path.dsv
[1.597s] -- Up-to-date: /home/sti/Documents/Planning-and-Control-based-on-Carla-and-ROS2/install/carla_ackermann_msgs/share/carla_ackermann_msgs/environment/path.sh
[1.597s] -- Up-to-date: /home/sti/Documents/Planning-and-Control-based-on-Carla-and-ROS2/install/carla_ackermann_msgs/share/carla_ackermann_msgs/environment/path.dsv
[1.597s] -- Up-to-date: /home/sti/Documents/Planning-and-Control-based-on-Carla-and-ROS2/install/carla_ackermann_msgs/share/carla_ackermann_msgs/local_setup.bash
[1.597s] -- Up-to-date: /home/sti/Documents/Planning-and-Control-based-on-Carla-and-ROS2/install/carla_ackermann_msgs/share/carla_ackermann_msgs/local_setup.sh
[1.597s] -- Up-to-date: /home/sti/Documents/Planning-and-Control-based-on-Carla-and-ROS2/install/carla_ackermann_msgs/share/carla_ackermann_msgs/local_setup.zsh
[1.597s] -- Up-to-date: /home/sti/Documents/Planning-and-Control-based-on-Carla-and-ROS2/install/carla_ackermann_msgs/share/carla_ackermann_msgs/local_setup.dsv
[1.597s] -- Installing: /home/sti/Documents/Planning-and-Control-based-on-Carla-and-ROS2/install/carla_ackermann_msgs/share/carla_ackermann_msgs/package.dsv
[1.597s] -- Up-to-date: /home/sti/Documents/Planning-and-Control-based-on-Carla-and-ROS2/install/carla_ackermann_msgs/share/ament_index/resource_index/packages/carla_ackermann_msgs
[1.598s] -- Up-to-date: /home/sti/Documents/Planning-and-Control-based-on-Carla-and-ROS2/install/carla_ackermann_msgs/share/carla_ackermann_msgs/cmake/carla_ackermann_msgs__rosidl_generator_cExport.cmake
[1.598s] -- Up-to-date: /home/sti/Documents/Planning-and-Control-based-on-Carla-and-ROS2/install/carla_ackermann_msgs/share/carla_ackermann_msgs/cmake/carla_ackermann_msgs__rosidl_generator_cExport-noconfig.cmake
[1.598s] -- Up-to-date: /home/sti/Documents/Planning-and-Control-based-on-Carla-and-ROS2/install/carla_ackermann_msgs/share/carla_ackermann_msgs/cmake/carla_ackermann_msgs__rosidl_typesupport_introspection_cExport.cmake
[1.598s] -- Up-to-date: /home/sti/Documents/Planning-and-Control-based-on-Carla-and-ROS2/install/carla_ackermann_msgs/share/carla_ackermann_msgs/cmake/carla_ackermann_msgs__rosidl_typesupport_introspection_cExport-noconfig.cmake
[1.598s] -- Up-to-date: /home/sti/Documents/Planning-and-Control-based-on-Carla-and-ROS2/install/carla_ackermann_msgs/share/carla_ackermann_msgs/cmake/carla_ackermann_msgs__rosidl_typesupport_cExport.cmake
[1.598s] -- Up-to-date: /home/sti/Documents/Planning-and-Control-based-on-Carla-and-ROS2/install/carla_ackermann_msgs/share/carla_ackermann_msgs/cmake/carla_ackermann_msgs__rosidl_typesupport_cExport-noconfig.cmake
[1.598s] -- Up-to-date: /home/sti/Documents/Planning-and-Control-based-on-Carla-and-ROS2/install/carla_ackermann_msgs/share/carla_ackermann_msgs/cmake/carla_ackermann_msgs__rosidl_generator_cppExport.cmake
[1.598s] -- Up-to-date: /home/sti/Documents/Planning-and-Control-based-on-Carla-and-ROS2/install/carla_ackermann_msgs/share/carla_ackermann_msgs/cmake/carla_ackermann_msgs__rosidl_typesupport_introspection_cppExport.cmake
[1.598s] -- Up-to-date: /home/sti/Documents/Planning-and-Control-based-on-Carla-and-ROS2/install/carla_ackermann_msgs/share/carla_ackermann_msgs/cmake/carla_ackermann_msgs__rosidl_typesupport_introspection_cppExport-noconfig.cmake
[1.598s] -- Up-to-date: /home/sti/Documents/Planning-and-Control-based-on-Carla-and-ROS2/install/carla_ackermann_msgs/share/carla_ackermann_msgs/cmake/carla_ackermann_msgs__rosidl_typesupport_cppExport.cmake
[1.599s] -- Up-to-date: /home/sti/Documents/Planning-and-Control-based-on-Carla-and-ROS2/install/carla_ackermann_msgs/share/carla_ackermann_msgs/cmake/carla_ackermann_msgs__rosidl_typesupport_cppExport-noconfig.cmake
[1.599s] -- Up-to-date: /home/sti/Documents/Planning-and-Control-based-on-Carla-and-ROS2/install/carla_ackermann_msgs/share/carla_ackermann_msgs/cmake/rosidl_cmake-extras.cmake
[1.599s] -- Up-to-date: /home/sti/Documents/Planning-and-Control-based-on-Carla-and-ROS2/install/carla_ackermann_msgs/share/carla_ackermann_msgs/cmake/ament_cmake_export_dependencies-extras.cmake
[1.599s] -- Up-to-date: /home/sti/Documents/Planning-and-Control-based-on-Carla-and-ROS2/install/carla_ackermann_msgs/share/carla_ackermann_msgs/cmake/ament_cmake_export_libraries-extras.cmake
[1.599s] -- Up-to-date: /home/sti/Documents/Planning-and-Control-based-on-Carla-and-ROS2/install/carla_ackermann_msgs/share/carla_ackermann_msgs/cmake/ament_cmake_export_targets-extras.cmake
[1.599s] -- Up-to-date: /home/sti/Documents/Planning-and-Control-based-on-Carla-and-ROS2/install/carla_ackermann_msgs/share/carla_ackermann_msgs/cmake/ament_cmake_export_include_directories-extras.cmake
[1.599s] -- Up-to-date: /home/sti/Documents/Planning-and-Control-based-on-Carla-and-ROS2/install/carla_ackermann_msgs/share/carla_ackermann_msgs/cmake/rosidl_cmake_export_typesupport_libraries-extras.cmake
[1.599s] -- Up-to-date: /home/sti/Documents/Planning-and-Control-based-on-Carla-and-ROS2/install/carla_ackermann_msgs/share/carla_ackermann_msgs/cmake/rosidl_cmake_export_typesupport_targets-extras.cmake
[1.599s] -- Up-to-date: /home/sti/Documents/Planning-and-Control-based-on-Carla-and-ROS2/install/carla_ackermann_msgs/share/carla_ackermann_msgs/cmake/carla_ackermann_msgsConfig.cmake
[1.599s] -- Up-to-date: /home/sti/Documents/Planning-and-Control-based-on-Carla-and-ROS2/install/carla_ackermann_msgs/share/carla_ackermann_msgs/cmake/carla_ackermann_msgsConfig-version.cmake
[1.600s] -- Up-to-date: /home/sti/Documents/Planning-and-Control-based-on-Carla-and-ROS2/install/carla_ackermann_msgs/share/carla_ackermann_msgs/package.xml
[1.854s] Invoked command in '/home/sti/Documents/Planning-and-Control-based-on-Carla-and-ROS2/build/carla_ackermann_msgs' returned '0': CMAKE_PREFIX_PATH=/home/sti/Documents/Planning-and-Control-based-on-Carla-and-ROS2/install/carla_msgs:/home/sti/Documents/Planning-and-Control-based-on-Carla-and-ROS2/install/carla_ad_demo:/home/sti/Documents/Planning-and-Control-based-on-Carla-and-ROS2/install/my_pnc:/home/sti/Documents/Planning-and-Control-based-on-Carla-and-ROS2/install/pnc_msgs:/home/sti/Documents/Planning-and-Control-based-on-Carla-and-ROS2/install/planner_modules:/home/sti/Documents/Planning-and-Control-based-on-Carla-and-ROS2/install/general_modules:/home/sti/Documents/Planning-and-Control-based-on-Carla-and-ROS2/install/controller_modules:/home/sti/Documents/Planning-and-Control-based-on-Carla-and-ROS2/install/carla_waypoint_types:/home/sti/Documents/Planning-and-Control-based-on-Carla-and-ROS2/install/carla_ros_scenario_runner_types:/home/sti/Documents/Planning-and-Control-based-on-Carla-and-ROS2/install/carla_ad_agent_cpp:/home/sti/Documents/Planning-and-Control-based-on-Carla-and-ROS2/install/carla_ackermann_msgs:/home/sti/Documents/Planning-and-Control-based-on-Carla-and-ROS2/install/carla_waypoint_publisher:/home/sti/Documents/Planning-and-Control-based-on-Carla-and-ROS2/install/carla_ros_bridge:/home/sti/Documents/Planning-and-Control-based-on-Carla-and-ROS2/install/carla_spawn_objects:/home/sti/Documents/Planning-and-Control-based-on-Carla-and-ROS2/install/carla_manual_control:/home/sti/Documents/Planning-and-Control-based-on-Carla-and-ROS2/install/carla_ad_agent:/home/sti/Documents/Planning-and-Control-based-on-Carla-and-ROS2/install/ros_compatibility:/home/sti/Documents/Planning-and-Control-based-on-Carla-and-ROS2/install/carla_walker_agent:/home/sti/Documents/Planning-and-Control-based-on-Carla-and-ROS2/install/carla_twist_to_control:/home/sti/Documents/Planning-and-Control-based-on-Carla-and-ROS2/install/carla_ros_scenario_runner:/home/sti/Documents/Planning-and-Control-based-on-Carla-and-ROS2/install/carla_common:/opt/ros/foxy LD_LIBRARY_PATH=/home/sti/Documents/Planning-and-Control-based-on-Carla-and-ROS2/install/carla_msgs/lib:/home/sti/Documents/Planning-and-Control-based-on-Carla-and-ROS2/install/pnc_msgs/lib:/home/sti/Documents/Planning-and-Control-based-on-Carla-and-ROS2/install/carla_waypoint_types/lib:/home/sti/Documents/Planning-and-Control-based-on-Carla-and-ROS2/install/carla_ros_scenario_runner_types/lib:/home/sti/Documents/Planning-and-Control-based-on-Carla-and-ROS2/install/carla_ackermann_msgs/lib:/opt/ros/foxy/opt/yaml_cpp_vendor/lib:/opt/ros/foxy/opt/rviz_ogre_vendor/lib:/opt/ros/foxy/lib/x86_64-linux-gnu:/opt/ros/foxy/lib:/usr/local/cuda-11.8/lib64:/opt/TensorRT-8.5.1.7/lib:/usr/local/lib PYTHONPATH=/home/sti/Documents/Planning-and-Control-based-on-Carla-and-ROS2/install/carla_msgs/lib/python3.8/site-packages:/home/sti/Documents/Planning-and-Control-based-on-Carla-and-ROS2/install/carla_waypoint_publisher/lib/python3.8/site-packages:/home/sti/Documents/Planning-and-Control-based-on-Carla-and-ROS2/install/carla_ros_bridge/lib/python3.8/site-packages:/home/sti/Documents/Planning-and-Control-based-on-Carla-and-ROS2/install/carla_spawn_objects/lib/python3.8/site-packages:/home/sti/Documents/Planning-and-Control-based-on-Carla-and-ROS2/install/carla_manual_control/lib/python3.8/site-packages:/home/sti/Documents/Planning-and-Control-based-on-Carla-and-ROS2/install/carla_ad_agent/lib/python3.8/site-packages:/home/sti/Documents/Planning-and-Control-based-on-Carla-and-ROS2/install/ros_compatibility/lib/python3.8/site-packages:/home/sti/Documents/Planning-and-Control-based-on-Carla-and-ROS2/install/pnc_msgs/lib/python3.8/site-packages:/home/sti/Documents/Planning-and-Control-based-on-Carla-and-ROS2/install/carla_waypoint_types/lib/python3.8/site-packages:/home/sti/Documents/Planning-and-Control-based-on-Carla-and-ROS2/install/carla_walker_agent/lib/python3.8/site-packages:/home/sti/Documents/Planning-and-Control-based-on-Carla-and-ROS2/install/carla_twist_to_control/lib/python3.8/site-packages:/home/sti/Documents/Planning-and-Control-based-on-Carla-and-ROS2/install/carla_ros_scenario_runner/lib/python3.8/site-packages:/home/sti/Documents/Planning-and-Control-based-on-Carla-and-ROS2/install/carla_ros_scenario_runner_types/lib/python3.8/site-packages:/home/sti/Documents/Planning-and-Control-based-on-Carla-and-ROS2/install/carla_ackermann_msgs/lib/python3.8/site-packages:/home/sti/Documents/Planning-and-Control-based-on-Carla-and-ROS2/install/carla_common/lib/python3.8/site-packages:/opt/ros/foxy/lib/python3.8/site-packages:/home/sti/Documents/CARLA_0913/PythonAPI/carla/dist/carla-0.9.13-py3.7-linux-x86_64.egg:/home/sti/Documents/CARLA_0913/PythonAPI/carla:/home/sti/Documents/CARLA_0913/PythonAPI/carla/dist/carla-0.9.13-py3.7-linux-x86_64.egg:/home/sti/Documents/CARLA_0913/PythonAPI/carla/agents /usr/local/bin/cmake --install /home/sti/Documents/Planning-and-Control-based-on-Carla-and-ROS2/build/carla_ackermann_msgs
