[0.656s] Invoking command in '/home/sti/Documents/Planning-and-Control-based-on-Carla-and-ROS2/build/pnc_msgs': CMAKE_PREFIX_PATH=/opt/ros/foxy /usr/local/bin/cmake --build /home/sti/Documents/Planning-and-Control-based-on-Carla-and-ROS2/build/pnc_msgs -- -j16 -l16
[0.673s] [  2%] Built target pnc_msgs__cpp
[0.673s] [ 12%] Built target pnc_msgs__rosidl_generator_c
[0.673s] [ 33%] Built target pnc_msgs__rosidl_typesupport_introspection_cpp
[0.674s] [ 33%] Built target pnc_msgs__rosidl_typesupport_cpp
[0.675s] [ 43%] Built target pnc_msgs__rosidl_typesupport_fastrtps_cpp
[0.676s] [ 61%] Built target pnc_msgs__rosidl_typesupport_c
[0.677s] [ 64%] Built target pnc_msgs__rosidl_typesupport_introspection_c
[0.678s] [ 74%] Built target pnc_msgs__rosidl_typesupport_fastrtps_c
[0.681s] [ 74%] Built target pnc_msgs
[0.685s] [ 76%] Built target pnc_msgs__py
[0.691s] [ 84%] Built target pnc_msgs__python
[0.696s] [ 89%] Built target pnc_msgs__rosidl_typesupport_introspection_c__pyext
[0.698s] [ 94%] Built target pnc_msgs__rosidl_typesupport_fastrtps_c__pyext
[0.698s] [100%] Built target pnc_msgs__rosidl_typesupport_c__pyext
[0.700s] Invoked command in '/home/sti/Documents/Planning-and-Control-based-on-Carla-and-ROS2/build/pnc_msgs' returned '0': CMAKE_PREFIX_PATH=/opt/ros/foxy /usr/local/bin/cmake --build /home/sti/Documents/Planning-and-Control-based-on-Carla-and-ROS2/build/pnc_msgs -- -j16 -l16
[0.778s] Invoking command in '/home/sti/Documents/Planning-and-Control-based-on-Carla-and-ROS2/build/pnc_msgs': CMAKE_PREFIX_PATH=/opt/ros/foxy /usr/local/bin/cmake --install /home/sti/Documents/Planning-and-Control-based-on-Carla-and-ROS2/build/pnc_msgs
[0.803s] -- Install configuration: ""
[0.803s] -- Up-to-date: /home/sti/Documents/Planning-and-Control-based-on-Carla-and-ROS2/install/pnc_msgs/share/ament_index/resource_index/rosidl_interfaces/pnc_msgs
[0.803s] -- Up-to-date: /home/sti/Documents/Planning-and-Control-based-on-Carla-and-ROS2/install/pnc_msgs/include/pnc_msgs
[0.803s] -- Up-to-date: /home/sti/Documents/Planning-and-Control-based-on-Carla-and-ROS2/install/pnc_msgs/include/pnc_msgs/msg
[0.804s] -- Up-to-date: /home/sti/Documents/Planning-and-Control-based-on-Carla-and-ROS2/install/pnc_msgs/include/pnc_msgs/msg/trajectory_point.h
[0.804s] -- Up-to-date: /home/sti/Documents/Planning-and-Control-based-on-Carla-and-ROS2/install/pnc_msgs/include/pnc_msgs/msg/rosidl_generator_c__visibility_control.h
[0.804s] -- Up-to-date: /home/sti/Documents/Planning-and-Control-based-on-Carla-and-ROS2/install/pnc_msgs/include/pnc_msgs/msg/trajectory.h
[0.804s] -- Up-to-date: /home/sti/Documents/Planning-and-Control-based-on-Carla-and-ROS2/install/pnc_msgs/include/pnc_msgs/msg/detail
[0.804s] -- Up-to-date: /home/sti/Documents/Planning-and-Control-based-on-Carla-and-ROS2/install/pnc_msgs/include/pnc_msgs/msg/detail/trajectory_point__type_support.h
[0.804s] -- Up-to-date: /home/sti/Documents/Planning-and-Control-based-on-Carla-and-ROS2/install/pnc_msgs/include/pnc_msgs/msg/detail/trajectory_point__functions.c
[0.804s] -- Up-to-date: /home/sti/Documents/Planning-and-Control-based-on-Carla-and-ROS2/install/pnc_msgs/include/pnc_msgs/msg/detail/trajectory__type_support.h
[0.804s] -- Up-to-date: /home/sti/Documents/Planning-and-Control-based-on-Carla-and-ROS2/install/pnc_msgs/include/pnc_msgs/msg/detail/trajectory_point__functions.h
[0.804s] -- Up-to-date: /home/sti/Documents/Planning-and-Control-based-on-Carla-and-ROS2/install/pnc_msgs/include/pnc_msgs/msg/detail/trajectory__functions.h
[0.804s] -- Up-to-date: /home/sti/Documents/Planning-and-Control-based-on-Carla-and-ROS2/install/pnc_msgs/include/pnc_msgs/msg/detail/trajectory_point__struct.h
[0.804s] -- Up-to-date: /home/sti/Documents/Planning-and-Control-based-on-Carla-and-ROS2/install/pnc_msgs/include/pnc_msgs/msg/detail/trajectory__struct.h
[0.804s] -- Up-to-date: /home/sti/Documents/Planning-and-Control-based-on-Carla-and-ROS2/install/pnc_msgs/include/pnc_msgs/msg/detail/trajectory__functions.c
[0.804s] -- Up-to-date: /home/sti/Documents/Planning-and-Control-based-on-Carla-and-ROS2/install/pnc_msgs/share/pnc_msgs/environment/library_path.sh
[0.804s] -- Up-to-date: /home/sti/Documents/Planning-and-Control-based-on-Carla-and-ROS2/install/pnc_msgs/share/pnc_msgs/environment/library_path.dsv
[0.804s] -- Up-to-date: /home/sti/Documents/Planning-and-Control-based-on-Carla-and-ROS2/install/pnc_msgs/lib/libpnc_msgs__rosidl_generator_c.so
[0.804s] -- Up-to-date: /home/sti/Documents/Planning-and-Control-based-on-Carla-and-ROS2/install/pnc_msgs/include/pnc_msgs
[0.805s] -- Up-to-date: /home/sti/Documents/Planning-and-Control-based-on-Carla-and-ROS2/install/pnc_msgs/include/pnc_msgs/msg
[0.805s] -- Up-to-date: /home/sti/Documents/Planning-and-Control-based-on-Carla-and-ROS2/install/pnc_msgs/include/pnc_msgs/msg/rosidl_typesupport_fastrtps_c__visibility_control.h
[0.805s] -- Up-to-date: /home/sti/Documents/Planning-and-Control-based-on-Carla-and-ROS2/install/pnc_msgs/include/pnc_msgs/msg/detail
[0.805s] -- Up-to-date: /home/sti/Documents/Planning-and-Control-based-on-Carla-and-ROS2/install/pnc_msgs/include/pnc_msgs/msg/detail/trajectory__rosidl_typesupport_fastrtps_c.h
[0.805s] -- Up-to-date: /home/sti/Documents/Planning-and-Control-based-on-Carla-and-ROS2/install/pnc_msgs/include/pnc_msgs/msg/detail/trajectory_point__rosidl_typesupport_fastrtps_c.h
[0.805s] -- Up-to-date: /home/sti/Documents/Planning-and-Control-based-on-Carla-and-ROS2/install/pnc_msgs/lib/libpnc_msgs__rosidl_typesupport_fastrtps_c.so
[0.805s] -- Up-to-date: /home/sti/Documents/Planning-and-Control-based-on-Carla-and-ROS2/install/pnc_msgs/include/pnc_msgs
[0.805s] -- Up-to-date: /home/sti/Documents/Planning-and-Control-based-on-Carla-and-ROS2/install/pnc_msgs/include/pnc_msgs/msg
[0.805s] -- Up-to-date: /home/sti/Documents/Planning-and-Control-based-on-Carla-and-ROS2/install/pnc_msgs/include/pnc_msgs/msg/rosidl_typesupport_fastrtps_cpp__visibility_control.h
[0.805s] -- Up-to-date: /home/sti/Documents/Planning-and-Control-based-on-Carla-and-ROS2/install/pnc_msgs/include/pnc_msgs/msg/detail
[0.805s] -- Up-to-date: /home/sti/Documents/Planning-and-Control-based-on-Carla-and-ROS2/install/pnc_msgs/include/pnc_msgs/msg/detail/dds_fastrtps
[0.805s] -- Up-to-date: /home/sti/Documents/Planning-and-Control-based-on-Carla-and-ROS2/install/pnc_msgs/include/pnc_msgs/msg/detail/trajectory_point__rosidl_typesupport_fastrtps_cpp.hpp
[0.805s] -- Up-to-date: /home/sti/Documents/Planning-and-Control-based-on-Carla-and-ROS2/install/pnc_msgs/include/pnc_msgs/msg/detail/trajectory__rosidl_typesupport_fastrtps_cpp.hpp
[0.806s] -- Up-to-date: /home/sti/Documents/Planning-and-Control-based-on-Carla-and-ROS2/install/pnc_msgs/lib/libpnc_msgs__rosidl_typesupport_fastrtps_cpp.so
[0.806s] -- Up-to-date: /home/sti/Documents/Planning-and-Control-based-on-Carla-and-ROS2/install/pnc_msgs/include/pnc_msgs
[0.806s] -- Up-to-date: /home/sti/Documents/Planning-and-Control-based-on-Carla-and-ROS2/install/pnc_msgs/include/pnc_msgs/msg
[0.806s] -- Up-to-date: /home/sti/Documents/Planning-and-Control-based-on-Carla-and-ROS2/install/pnc_msgs/include/pnc_msgs/msg/rosidl_typesupport_introspection_c__visibility_control.h
[0.806s] -- Up-to-date: /home/sti/Documents/Planning-and-Control-based-on-Carla-and-ROS2/install/pnc_msgs/include/pnc_msgs/msg/detail
[0.806s] -- Up-to-date: /home/sti/Documents/Planning-and-Control-based-on-Carla-and-ROS2/install/pnc_msgs/include/pnc_msgs/msg/detail/trajectory__type_support.c
[0.806s] -- Up-to-date: /home/sti/Documents/Planning-and-Control-based-on-Carla-and-ROS2/install/pnc_msgs/include/pnc_msgs/msg/detail/trajectory_point__rosidl_typesupport_introspection_c.h
[0.806s] -- Up-to-date: /home/sti/Documents/Planning-and-Control-based-on-Carla-and-ROS2/install/pnc_msgs/include/pnc_msgs/msg/detail/trajectory__rosidl_typesupport_introspection_c.h
[0.806s] -- Up-to-date: /home/sti/Documents/Planning-and-Control-based-on-Carla-and-ROS2/install/pnc_msgs/include/pnc_msgs/msg/detail/trajectory_point__type_support.c
[0.806s] -- Up-to-date: /home/sti/Documents/Planning-and-Control-based-on-Carla-and-ROS2/install/pnc_msgs/lib/libpnc_msgs__rosidl_typesupport_introspection_c.so
[0.807s] -- Up-to-date: /home/sti/Documents/Planning-and-Control-based-on-Carla-and-ROS2/install/pnc_msgs/lib/libpnc_msgs__rosidl_typesupport_c.so
[0.807s] -- Up-to-date: /home/sti/Documents/Planning-and-Control-based-on-Carla-and-ROS2/install/pnc_msgs/include/pnc_msgs
[0.807s] -- Up-to-date: /home/sti/Documents/Planning-and-Control-based-on-Carla-and-ROS2/install/pnc_msgs/include/pnc_msgs/msg
[0.808s] -- Up-to-date: /home/sti/Documents/Planning-and-Control-based-on-Carla-and-ROS2/install/pnc_msgs/include/pnc_msgs/msg/trajectory_point.hpp
[0.809s] -- Up-to-date: /home/sti/Documents/Planning-and-Control-based-on-Carla-and-ROS2/install/pnc_msgs/include/pnc_msgs/msg/rosidl_generator_cpp__visibility_control.hpp
[0.809s] -- Up-to-date: /home/sti/Documents/Planning-and-Control-based-on-Carla-and-ROS2/install/pnc_msgs/include/pnc_msgs/msg/trajectory.hpp
[0.809s] -- Up-to-date: /home/sti/Documents/Planning-and-Control-based-on-Carla-and-ROS2/install/pnc_msgs/include/pnc_msgs/msg/detail
[0.809s] -- Up-to-date: /home/sti/Documents/Planning-and-Control-based-on-Carla-and-ROS2/install/pnc_msgs/include/pnc_msgs/msg/detail/trajectory_point__type_support.hpp
[0.809s] -- Up-to-date: /home/sti/Documents/Planning-and-Control-based-on-Carla-and-ROS2/install/pnc_msgs/include/pnc_msgs/msg/detail/trajectory__type_support.hpp
[0.809s] -- Up-to-date: /home/sti/Documents/Planning-and-Control-based-on-Carla-and-ROS2/install/pnc_msgs/include/pnc_msgs/msg/detail/trajectory__builder.hpp
[0.810s] -- Up-to-date: /home/sti/Documents/Planning-and-Control-based-on-Carla-and-ROS2/install/pnc_msgs/include/pnc_msgs/msg/detail/trajectory__traits.hpp
[0.810s] -- Up-to-date: /home/sti/Documents/Planning-and-Control-based-on-Carla-and-ROS2/install/pnc_msgs/include/pnc_msgs/msg/detail/trajectory_point__builder.hpp
[0.810s] -- Up-to-date: /home/sti/Documents/Planning-and-Control-based-on-Carla-and-ROS2/install/pnc_msgs/include/pnc_msgs/msg/detail/trajectory_point__struct.hpp
[0.810s] -- Up-to-date: /home/sti/Documents/Planning-and-Control-based-on-Carla-and-ROS2/install/pnc_msgs/include/pnc_msgs/msg/detail/trajectory_point__traits.hpp
[0.810s] -- Up-to-date: /home/sti/Documents/Planning-and-Control-based-on-Carla-and-ROS2/install/pnc_msgs/include/pnc_msgs/msg/detail/trajectory__struct.hpp
[0.811s] -- Up-to-date: /home/sti/Documents/Planning-and-Control-based-on-Carla-and-ROS2/install/pnc_msgs/include/pnc_msgs
[0.812s] -- Up-to-date: /home/sti/Documents/Planning-and-Control-based-on-Carla-and-ROS2/install/pnc_msgs/include/pnc_msgs/msg
[0.812s] -- Up-to-date: /home/sti/Documents/Planning-and-Control-based-on-Carla-and-ROS2/install/pnc_msgs/include/pnc_msgs/msg/detail
[0.812s] -- Up-to-date: /home/sti/Documents/Planning-and-Control-based-on-Carla-and-ROS2/install/pnc_msgs/include/pnc_msgs/msg/detail/trajectory__rosidl_typesupport_introspection_cpp.hpp
[0.812s] -- Up-to-date: /home/sti/Documents/Planning-and-Control-based-on-Carla-and-ROS2/install/pnc_msgs/include/pnc_msgs/msg/detail/trajectory_point__rosidl_typesupport_introspection_cpp.hpp
[0.812s] -- Up-to-date: /home/sti/Documents/Planning-and-Control-based-on-Carla-and-ROS2/install/pnc_msgs/include/pnc_msgs/msg/detail/trajectory_point__type_support.cpp
[0.812s] -- Up-to-date: /home/sti/Documents/Planning-and-Control-based-on-Carla-and-ROS2/install/pnc_msgs/include/pnc_msgs/msg/detail/trajectory__type_support.cpp
[0.812s] -- Up-to-date: /home/sti/Documents/Planning-and-Control-based-on-Carla-and-ROS2/install/pnc_msgs/lib/libpnc_msgs__rosidl_typesupport_introspection_cpp.so
[0.812s] -- Up-to-date: /home/sti/Documents/Planning-and-Control-based-on-Carla-and-ROS2/install/pnc_msgs/lib/libpnc_msgs__rosidl_typesupport_cpp.so
[0.812s] -- Up-to-date: /home/sti/Documents/Planning-and-Control-based-on-Carla-and-ROS2/install/pnc_msgs/share/pnc_msgs/environment/pythonpath.sh
[0.812s] -- Up-to-date: /home/sti/Documents/Planning-and-Control-based-on-Carla-and-ROS2/install/pnc_msgs/share/pnc_msgs/environment/pythonpath.dsv
[0.812s] -- Up-to-date: /home/sti/Documents/Planning-and-Control-based-on-Carla-and-ROS2/install/pnc_msgs/lib/python3.8/site-packages/pnc_msgs/__init__.py
[0.823s] -- Up-to-date: /home/sti/Documents/Planning-and-Control-based-on-Carla-and-ROS2/install/pnc_msgs/lib/python3.8/site-packages/pnc_msgs/msg
[0.823s] -- Up-to-date: /home/sti/Documents/Planning-and-Control-based-on-Carla-and-ROS2/install/pnc_msgs/lib/python3.8/site-packages/pnc_msgs/msg/_trajectory.py
[0.824s] -- Up-to-date: /home/sti/Documents/Planning-and-Control-based-on-Carla-and-ROS2/install/pnc_msgs/lib/python3.8/site-packages/pnc_msgs/msg/_trajectory_point_s.c
[0.824s] -- Up-to-date: /home/sti/Documents/Planning-and-Control-based-on-Carla-and-ROS2/install/pnc_msgs/lib/python3.8/site-packages/pnc_msgs/msg/_trajectory_s.c
[0.824s] -- Up-to-date: /home/sti/Documents/Planning-and-Control-based-on-Carla-and-ROS2/install/pnc_msgs/lib/python3.8/site-packages/pnc_msgs/msg/_trajectory_point.py
[0.824s] -- Up-to-date: /home/sti/Documents/Planning-and-Control-based-on-Carla-and-ROS2/install/pnc_msgs/lib/python3.8/site-packages/pnc_msgs/msg/__init__.py
[0.826s] -- Up-to-date: /home/sti/Documents/Planning-and-Control-based-on-Carla-and-ROS2/install/pnc_msgs/lib/python3.8/site-packages/pnc_msgs/pnc_msgs_s__rosidl_typesupport_fastrtps_c.cpython-38-x86_64-linux-gnu.so
[0.826s] -- Up-to-date: /home/sti/Documents/Planning-and-Control-based-on-Carla-and-ROS2/install/pnc_msgs/lib/python3.8/site-packages/pnc_msgs/pnc_msgs_s__rosidl_typesupport_introspection_c.cpython-38-x86_64-linux-gnu.so
[0.827s] -- Up-to-date: /home/sti/Documents/Planning-and-Control-based-on-Carla-and-ROS2/install/pnc_msgs/lib/python3.8/site-packages/pnc_msgs/pnc_msgs_s__rosidl_typesupport_c.cpython-38-x86_64-linux-gnu.so
[0.827s] -- Up-to-date: /home/sti/Documents/Planning-and-Control-based-on-Carla-and-ROS2/install/pnc_msgs/lib/libpnc_msgs__python.so
[0.827s] -- Up-to-date: /home/sti/Documents/Planning-and-Control-based-on-Carla-and-ROS2/install/pnc_msgs/share/pnc_msgs/msg/TrajectoryPoint.idl
[0.828s] -- Up-to-date: /home/sti/Documents/Planning-and-Control-based-on-Carla-and-ROS2/install/pnc_msgs/share/pnc_msgs/msg/Trajectory.idl
[0.828s] -- Up-to-date: /home/sti/Documents/Planning-and-Control-based-on-Carla-and-ROS2/install/pnc_msgs/share/pnc_msgs/msg/TrajectoryPoint.msg
[0.828s] -- Up-to-date: /home/sti/Documents/Planning-and-Control-based-on-Carla-and-ROS2/install/pnc_msgs/share/pnc_msgs/msg/Trajectory.msg
[0.829s] -- Up-to-date: /home/sti/Documents/Planning-and-Control-based-on-Carla-and-ROS2/install/pnc_msgs/share/ament_index/resource_index/package_run_dependencies/pnc_msgs
[0.829s] -- Up-to-date: /home/sti/Documents/Planning-and-Control-based-on-Carla-and-ROS2/install/pnc_msgs/share/ament_index/resource_index/parent_prefix_path/pnc_msgs
[0.829s] -- Up-to-date: /home/sti/Documents/Planning-and-Control-based-on-Carla-and-ROS2/install/pnc_msgs/share/pnc_msgs/environment/ament_prefix_path.sh
[0.830s] -- Up-to-date: /home/sti/Documents/Planning-and-Control-based-on-Carla-and-ROS2/install/pnc_msgs/share/pnc_msgs/environment/ament_prefix_path.dsv
[0.830s] -- Up-to-date: /home/sti/Documents/Planning-and-Control-based-on-Carla-and-ROS2/install/pnc_msgs/share/pnc_msgs/environment/path.sh
[0.831s] -- Up-to-date: /home/sti/Documents/Planning-and-Control-based-on-Carla-and-ROS2/install/pnc_msgs/share/pnc_msgs/environment/path.dsv
[0.832s] -- Up-to-date: /home/sti/Documents/Planning-and-Control-based-on-Carla-and-ROS2/install/pnc_msgs/share/pnc_msgs/local_setup.bash
[0.832s] -- Up-to-date: /home/sti/Documents/Planning-and-Control-based-on-Carla-and-ROS2/install/pnc_msgs/share/pnc_msgs/local_setup.sh
[0.832s] -- Up-to-date: /home/sti/Documents/Planning-and-Control-based-on-Carla-and-ROS2/install/pnc_msgs/share/pnc_msgs/local_setup.zsh
[0.833s] -- Up-to-date: /home/sti/Documents/Planning-and-Control-based-on-Carla-and-ROS2/install/pnc_msgs/share/pnc_msgs/local_setup.dsv
[0.833s] -- Installing: /home/sti/Documents/Planning-and-Control-based-on-Carla-and-ROS2/install/pnc_msgs/share/pnc_msgs/package.dsv
[0.833s] -- Up-to-date: /home/sti/Documents/Planning-and-Control-based-on-Carla-and-ROS2/install/pnc_msgs/share/ament_index/resource_index/packages/pnc_msgs
[0.833s] -- Up-to-date: /home/sti/Documents/Planning-and-Control-based-on-Carla-and-ROS2/install/pnc_msgs/share/pnc_msgs/cmake/pnc_msgs__rosidl_generator_cExport.cmake
[0.833s] -- Up-to-date: /home/sti/Documents/Planning-and-Control-based-on-Carla-and-ROS2/install/pnc_msgs/share/pnc_msgs/cmake/pnc_msgs__rosidl_generator_cExport-noconfig.cmake
[0.834s] -- Up-to-date: /home/sti/Documents/Planning-and-Control-based-on-Carla-and-ROS2/install/pnc_msgs/share/pnc_msgs/cmake/pnc_msgs__rosidl_typesupport_introspection_cExport.cmake
[0.834s] -- Up-to-date: /home/sti/Documents/Planning-and-Control-based-on-Carla-and-ROS2/install/pnc_msgs/share/pnc_msgs/cmake/pnc_msgs__rosidl_typesupport_introspection_cExport-noconfig.cmake
[0.834s] -- Up-to-date: /home/sti/Documents/Planning-and-Control-based-on-Carla-and-ROS2/install/pnc_msgs/share/pnc_msgs/cmake/pnc_msgs__rosidl_typesupport_cExport.cmake
[0.836s] -- Up-to-date: /home/sti/Documents/Planning-and-Control-based-on-Carla-and-ROS2/install/pnc_msgs/share/pnc_msgs/cmake/pnc_msgs__rosidl_typesupport_cExport-noconfig.cmake
[0.836s] -- Up-to-date: /home/sti/Documents/Planning-and-Control-based-on-Carla-and-ROS2/install/pnc_msgs/share/pnc_msgs/cmake/pnc_msgs__rosidl_generator_cppExport.cmake
[0.836s] -- Up-to-date: /home/sti/Documents/Planning-and-Control-based-on-Carla-and-ROS2/install/pnc_msgs/share/pnc_msgs/cmake/pnc_msgs__rosidl_typesupport_introspection_cppExport.cmake
[0.836s] -- Up-to-date: /home/sti/Documents/Planning-and-Control-based-on-Carla-and-ROS2/install/pnc_msgs/share/pnc_msgs/cmake/pnc_msgs__rosidl_typesupport_introspection_cppExport-noconfig.cmake
[0.837s] -- Up-to-date: /home/sti/Documents/Planning-and-Control-based-on-Carla-and-ROS2/install/pnc_msgs/share/pnc_msgs/cmake/pnc_msgs__rosidl_typesupport_cppExport.cmake
[0.838s] -- Up-to-date: /home/sti/Documents/Planning-and-Control-based-on-Carla-and-ROS2/install/pnc_msgs/share/pnc_msgs/cmake/pnc_msgs__rosidl_typesupport_cppExport-noconfig.cmake
[0.839s] -- Up-to-date: /home/sti/Documents/Planning-and-Control-based-on-Carla-and-ROS2/install/pnc_msgs/share/pnc_msgs/cmake/rosidl_cmake-extras.cmake
[0.839s] -- Up-to-date: /home/sti/Documents/Planning-and-Control-based-on-Carla-and-ROS2/install/pnc_msgs/share/pnc_msgs/cmake/ament_cmake_export_dependencies-extras.cmake
[0.839s] -- Up-to-date: /home/sti/Documents/Planning-and-Control-based-on-Carla-and-ROS2/install/pnc_msgs/share/pnc_msgs/cmake/ament_cmake_export_libraries-extras.cmake
[0.839s] -- Up-to-date: /home/sti/Documents/Planning-and-Control-based-on-Carla-and-ROS2/install/pnc_msgs/share/pnc_msgs/cmake/ament_cmake_export_targets-extras.cmake
[0.839s] -- Up-to-date: /home/sti/Documents/Planning-and-Control-based-on-Carla-and-ROS2/install/pnc_msgs/share/pnc_msgs/cmake/ament_cmake_export_include_directories-extras.cmake
[0.839s] -- Up-to-date: /home/sti/Documents/Planning-and-Control-based-on-Carla-and-ROS2/install/pnc_msgs/share/pnc_msgs/cmake/rosidl_cmake_export_typesupport_libraries-extras.cmake
[0.839s] -- Up-to-date: /home/sti/Documents/Planning-and-Control-based-on-Carla-and-ROS2/install/pnc_msgs/share/pnc_msgs/cmake/rosidl_cmake_export_typesupport_targets-extras.cmake
[0.839s] -- Up-to-date: /home/sti/Documents/Planning-and-Control-based-on-Carla-and-ROS2/install/pnc_msgs/share/pnc_msgs/cmake/pnc_msgsConfig.cmake
[0.839s] -- Up-to-date: /home/sti/Documents/Planning-and-Control-based-on-Carla-and-ROS2/install/pnc_msgs/share/pnc_msgs/cmake/pnc_msgsConfig-version.cmake
[0.840s] -- Up-to-date: /home/sti/Documents/Planning-and-Control-based-on-Carla-and-ROS2/install/pnc_msgs/share/pnc_msgs/package.xml
[0.840s] Invoked command in '/home/sti/Documents/Planning-and-Control-based-on-Carla-and-ROS2/build/pnc_msgs' returned '0': CMAKE_PREFIX_PATH=/opt/ros/foxy /usr/local/bin/cmake --install /home/sti/Documents/Planning-and-Control-based-on-Carla-and-ROS2/build/pnc_msgs
