running egg_info
creating ../../build/carla_twist_to_control/carla_twist_to_control.egg-info
writing ../../build/carla_twist_to_control/carla_twist_to_control.egg-info/PKG-INFO
writing dependency_links to ../../build/carla_twist_to_control/carla_twist_to_control.egg-info/dependency_links.txt
writing entry points to ../../build/carla_twist_to_control/carla_twist_to_control.egg-info/entry_points.txt
writing requirements to ../../build/carla_twist_to_control/carla_twist_to_control.egg-info/requires.txt
writing top-level names to ../../build/carla_twist_to_control/carla_twist_to_control.egg-info/top_level.txt
writing manifest file '../../build/carla_twist_to_control/carla_twist_to_control.egg-info/SOURCES.txt'
reading manifest file '../../build/carla_twist_to_control/carla_twist_to_control.egg-info/SOURCES.txt'
writing manifest file '../../build/carla_twist_to_control/carla_twist_to_control.egg-info/SOURCES.txt'
running build
running build_py
creating /home/sti/Documents/Planning-and-Control-based-on-Carla-and-ROS2/build/carla_twist_to_control/build
creating /home/sti/Documents/Planning-and-Control-based-on-Carla-and-ROS2/build/carla_twist_to_control/build/lib
creating /home/sti/Documents/Planning-and-Control-based-on-Carla-and-ROS2/build/carla_twist_to_control/build/lib/carla_twist_to_control
copying src/carla_twist_to_control/carla_twist_to_control.py -> /home/sti/Documents/Planning-and-Control-based-on-Carla-and-ROS2/build/carla_twist_to_control/build/lib/carla_twist_to_control
copying src/carla_twist_to_control/__init__.py -> /home/sti/Documents/Planning-and-Control-based-on-Carla-and-ROS2/build/carla_twist_to_control/build/lib/carla_twist_to_control
running install
running install_lib
creating /home/sti/Documents/Planning-and-Control-based-on-Carla-and-ROS2/install/carla_twist_to_control/lib/python3.8/site-packages/carla_twist_to_control
copying /home/sti/Documents/Planning-and-Control-based-on-Carla-and-ROS2/build/carla_twist_to_control/build/lib/carla_twist_to_control/carla_twist_to_control.py -> /home/sti/Documents/Planning-and-Control-based-on-Carla-and-ROS2/install/carla_twist_to_control/lib/python3.8/site-packages/carla_twist_to_control
copying /home/sti/Documents/Planning-and-Control-based-on-Carla-and-ROS2/build/carla_twist_to_control/build/lib/carla_twist_to_control/__init__.py -> /home/sti/Documents/Planning-and-Control-based-on-Carla-and-ROS2/install/carla_twist_to_control/lib/python3.8/site-packages/carla_twist_to_control
byte-compiling /home/sti/Documents/Planning-and-Control-based-on-Carla-and-ROS2/install/carla_twist_to_control/lib/python3.8/site-packages/carla_twist_to_control/carla_twist_to_control.py to carla_twist_to_control.cpython-38.pyc
byte-compiling /home/sti/Documents/Planning-and-Control-based-on-Carla-and-ROS2/install/carla_twist_to_control/lib/python3.8/site-packages/carla_twist_to_control/__init__.py to __init__.cpython-38.pyc
running install_data
creating /home/sti/Documents/Planning-and-Control-based-on-Carla-and-ROS2/install/carla_twist_to_control/share/ament_index
creating /home/sti/Documents/Planning-and-Control-based-on-Carla-and-ROS2/install/carla_twist_to_control/share/ament_index/resource_index
creating /home/sti/Documents/Planning-and-Control-based-on-Carla-and-ROS2/install/carla_twist_to_control/share/ament_index/resource_index/packages
copying resource/carla_twist_to_control -> /home/sti/Documents/Planning-and-Control-based-on-Carla-and-ROS2/install/carla_twist_to_control/share/ament_index/resource_index/packages
copying package.xml -> /home/sti/Documents/Planning-and-Control-based-on-Carla-and-ROS2/install/carla_twist_to_control/share/carla_twist_to_control
copying launch/carla_twist_to_control.launch.py -> /home/sti/Documents/Planning-and-Control-based-on-Carla-and-ROS2/install/carla_twist_to_control/share/carla_twist_to_control
running install_egg_info
Copying ../../build/carla_twist_to_control/carla_twist_to_control.egg-info to /home/sti/Documents/Planning-and-Control-based-on-Carla-and-ROS2/install/carla_twist_to_control/lib/python3.8/site-packages/carla_twist_to_control-0.0.0-py3.8.egg-info
running install_scripts
Installing carla_twist_to_control script to /home/sti/Documents/Planning-and-Control-based-on-Carla-and-ROS2/install/carla_twist_to_control/lib/carla_twist_to_control
writing list of installed files to '/home/sti/Documents/Planning-and-Control-based-on-Carla-and-ROS2/build/carla_twist_to_control/install.log'
