[1.126s] Invoking command in '/home/sti/Documents/Planning-and-Control-based-on-Carla-and-ROS2/plus_version/carla_twist_to_control': PYTHONPATH=/home/sti/Documents/Planning-and-Control-based-on-Carla-and-ROS2/build/carla_twist_to_control/prefix_override:/home/sti/Documents/Planning-and-Control-based-on-Carla-and-ROS2/install/carla_twist_to_control/lib/python3.8/site-packages:${PYTHONPATH} /usr/bin/python3 -W ignore:setup.py install is deprecated setup.py egg_info --egg-base ../../build/carla_twist_to_control build --build-base /home/sti/Documents/Planning-and-Control-based-on-Carla-and-ROS2/build/carla_twist_to_control/build install --record /home/sti/Documents/Planning-and-Control-based-on-Carla-and-ROS2/build/carla_twist_to_control/install.log --single-version-externally-managed install_data
[1.373s] running egg_info
[1.374s] creating ../../build/carla_twist_to_control/carla_twist_to_control.egg-info
[1.374s] writing ../../build/carla_twist_to_control/carla_twist_to_control.egg-info/PKG-INFO
[1.374s] writing dependency_links to ../../build/carla_twist_to_control/carla_twist_to_control.egg-info/dependency_links.txt
[1.374s] writing entry points to ../../build/carla_twist_to_control/carla_twist_to_control.egg-info/entry_points.txt
[1.374s] writing requirements to ../../build/carla_twist_to_control/carla_twist_to_control.egg-info/requires.txt
[1.374s] writing top-level names to ../../build/carla_twist_to_control/carla_twist_to_control.egg-info/top_level.txt
[1.375s] writing manifest file '../../build/carla_twist_to_control/carla_twist_to_control.egg-info/SOURCES.txt'
[1.405s] reading manifest file '../../build/carla_twist_to_control/carla_twist_to_control.egg-info/SOURCES.txt'
[1.405s] writing manifest file '../../build/carla_twist_to_control/carla_twist_to_control.egg-info/SOURCES.txt'
[1.406s] running build
[1.406s] running build_py
[1.406s] creating /home/sti/Documents/Planning-and-Control-based-on-Carla-and-ROS2/build/carla_twist_to_control/build
[1.406s] creating /home/sti/Documents/Planning-and-Control-based-on-Carla-and-ROS2/build/carla_twist_to_control/build/lib
[1.406s] creating /home/sti/Documents/Planning-and-Control-based-on-Carla-and-ROS2/build/carla_twist_to_control/build/lib/carla_twist_to_control
[1.406s] copying src/carla_twist_to_control/carla_twist_to_control.py -> /home/sti/Documents/Planning-and-Control-based-on-Carla-and-ROS2/build/carla_twist_to_control/build/lib/carla_twist_to_control
[1.406s] copying src/carla_twist_to_control/__init__.py -> /home/sti/Documents/Planning-and-Control-based-on-Carla-and-ROS2/build/carla_twist_to_control/build/lib/carla_twist_to_control
[1.406s] running install
[1.406s] running install_lib
[1.407s] creating /home/sti/Documents/Planning-and-Control-based-on-Carla-and-ROS2/install/carla_twist_to_control/lib/python3.8/site-packages/carla_twist_to_control
[1.407s] copying /home/sti/Documents/Planning-and-Control-based-on-Carla-and-ROS2/build/carla_twist_to_control/build/lib/carla_twist_to_control/carla_twist_to_control.py -> /home/sti/Documents/Planning-and-Control-based-on-Carla-and-ROS2/install/carla_twist_to_control/lib/python3.8/site-packages/carla_twist_to_control
[1.407s] copying /home/sti/Documents/Planning-and-Control-based-on-Carla-and-ROS2/build/carla_twist_to_control/build/lib/carla_twist_to_control/__init__.py -> /home/sti/Documents/Planning-and-Control-based-on-Carla-and-ROS2/install/carla_twist_to_control/lib/python3.8/site-packages/carla_twist_to_control
[1.408s] byte-compiling /home/sti/Documents/Planning-and-Control-based-on-Carla-and-ROS2/install/carla_twist_to_control/lib/python3.8/site-packages/carla_twist_to_control/carla_twist_to_control.py to carla_twist_to_control.cpython-38.pyc
[1.408s] byte-compiling /home/sti/Documents/Planning-and-Control-based-on-Carla-and-ROS2/install/carla_twist_to_control/lib/python3.8/site-packages/carla_twist_to_control/__init__.py to __init__.cpython-38.pyc
[1.408s] running install_data
[1.408s] creating /home/sti/Documents/Planning-and-Control-based-on-Carla-and-ROS2/install/carla_twist_to_control/share/ament_index
[1.409s] creating /home/sti/Documents/Planning-and-Control-based-on-Carla-and-ROS2/install/carla_twist_to_control/share/ament_index/resource_index
[1.409s] creating /home/sti/Documents/Planning-and-Control-based-on-Carla-and-ROS2/install/carla_twist_to_control/share/ament_index/resource_index/packages
[1.409s] copying resource/carla_twist_to_control -> /home/sti/Documents/Planning-and-Control-based-on-Carla-and-ROS2/install/carla_twist_to_control/share/ament_index/resource_index/packages
[1.409s] copying package.xml -> /home/sti/Documents/Planning-and-Control-based-on-Carla-and-ROS2/install/carla_twist_to_control/share/carla_twist_to_control
[1.409s] copying launch/carla_twist_to_control.launch.py -> /home/sti/Documents/Planning-and-Control-based-on-Carla-and-ROS2/install/carla_twist_to_control/share/carla_twist_to_control
[1.409s] running install_egg_info
[1.410s] Copying ../../build/carla_twist_to_control/carla_twist_to_control.egg-info to /home/sti/Documents/Planning-and-Control-based-on-Carla-and-ROS2/install/carla_twist_to_control/lib/python3.8/site-packages/carla_twist_to_control-0.0.0-py3.8.egg-info
[1.411s] running install_scripts
[1.424s] Installing carla_twist_to_control script to /home/sti/Documents/Planning-and-Control-based-on-Carla-and-ROS2/install/carla_twist_to_control/lib/carla_twist_to_control
[1.424s] writing list of installed files to '/home/sti/Documents/Planning-and-Control-based-on-Carla-and-ROS2/build/carla_twist_to_control/install.log'
[1.443s] Invoked command in '/home/sti/Documents/Planning-and-Control-based-on-Carla-and-ROS2/plus_version/carla_twist_to_control' returned '0': PYTHONPATH=/home/sti/Documents/Planning-and-Control-based-on-Carla-and-ROS2/build/carla_twist_to_control/prefix_override:/home/sti/Documents/Planning-and-Control-based-on-Carla-and-ROS2/install/carla_twist_to_control/lib/python3.8/site-packages:${PYTHONPATH} /usr/bin/python3 -W ignore:setup.py install is deprecated setup.py egg_info --egg-base ../../build/carla_twist_to_control build --build-base /home/sti/Documents/Planning-and-Control-based-on-Carla-and-ROS2/build/carla_twist_to_control/build install --record /home/sti/Documents/Planning-and-Control-based-on-Carla-and-ROS2/build/carla_twist_to_control/install.log --single-version-externally-managed install_data
