running egg_info
creating ../../build/carla_spawn_objects/carla_spawn_objects.egg-info
writing ../../build/carla_spawn_objects/carla_spawn_objects.egg-info/PKG-INFO
writing dependency_links to ../../build/carla_spawn_objects/carla_spawn_objects.egg-info/dependency_links.txt
writing entry points to ../../build/carla_spawn_objects/carla_spawn_objects.egg-info/entry_points.txt
writing requirements to ../../build/carla_spawn_objects/carla_spawn_objects.egg-info/requires.txt
writing top-level names to ../../build/carla_spawn_objects/carla_spawn_objects.egg-info/top_level.txt
writing manifest file '../../build/carla_spawn_objects/carla_spawn_objects.egg-info/SOURCES.txt'
reading manifest file '../../build/carla_spawn_objects/carla_spawn_objects.egg-info/SOURCES.txt'
writing manifest file '../../build/carla_spawn_objects/carla_spawn_objects.egg-info/SOURCES.txt'
running build
running build_py
creating /home/sti/Documents/Planning-and-Control-based-on-Carla-and-ROS2/build/carla_spawn_objects/build
creating /home/sti/Documents/Planning-and-Control-based-on-Carla-and-ROS2/build/carla_spawn_objects/build/lib
creating /home/sti/Documents/Planning-and-Control-based-on-Carla-and-ROS2/build/carla_spawn_objects/build/lib/src
creating /home/sti/Documents/Planning-and-Control-based-on-Carla-and-ROS2/build/carla_spawn_objects/build/lib/src/carla_spawn_objects
copying src/carla_spawn_objects/set_initial_pose.py -> /home/sti/Documents/Planning-and-Control-based-on-Carla-and-ROS2/build/carla_spawn_objects/build/lib/src/carla_spawn_objects
copying src/carla_spawn_objects/carla_spawn_objects.py -> /home/sti/Documents/Planning-and-Control-based-on-Carla-and-ROS2/build/carla_spawn_objects/build/lib/src/carla_spawn_objects
copying src/carla_spawn_objects/__init__.py -> /home/sti/Documents/Planning-and-Control-based-on-Carla-and-ROS2/build/carla_spawn_objects/build/lib/src/carla_spawn_objects
running install
running install_lib
creating /home/sti/Documents/Planning-and-Control-based-on-Carla-and-ROS2/install/carla_spawn_objects/lib/python3.8/site-packages/src
creating /home/sti/Documents/Planning-and-Control-based-on-Carla-and-ROS2/install/carla_spawn_objects/lib/python3.8/site-packages/src/carla_spawn_objects
copying /home/sti/Documents/Planning-and-Control-based-on-Carla-and-ROS2/build/carla_spawn_objects/build/lib/src/carla_spawn_objects/set_initial_pose.py -> /home/sti/Documents/Planning-and-Control-based-on-Carla-and-ROS2/install/carla_spawn_objects/lib/python3.8/site-packages/src/carla_spawn_objects
copying /home/sti/Documents/Planning-and-Control-based-on-Carla-and-ROS2/build/carla_spawn_objects/build/lib/src/carla_spawn_objects/carla_spawn_objects.py -> /home/sti/Documents/Planning-and-Control-based-on-Carla-and-ROS2/install/carla_spawn_objects/lib/python3.8/site-packages/src/carla_spawn_objects
copying /home/sti/Documents/Planning-and-Control-based-on-Carla-and-ROS2/build/carla_spawn_objects/build/lib/src/carla_spawn_objects/__init__.py -> /home/sti/Documents/Planning-and-Control-based-on-Carla-and-ROS2/install/carla_spawn_objects/lib/python3.8/site-packages/src/carla_spawn_objects
byte-compiling /home/sti/Documents/Planning-and-Control-based-on-Carla-and-ROS2/install/carla_spawn_objects/lib/python3.8/site-packages/src/carla_spawn_objects/set_initial_pose.py to set_initial_pose.cpython-38.pyc
byte-compiling /home/sti/Documents/Planning-and-Control-based-on-Carla-and-ROS2/install/carla_spawn_objects/lib/python3.8/site-packages/src/carla_spawn_objects/carla_spawn_objects.py to carla_spawn_objects.cpython-38.pyc
byte-compiling /home/sti/Documents/Planning-and-Control-based-on-Carla-and-ROS2/install/carla_spawn_objects/lib/python3.8/site-packages/src/carla_spawn_objects/__init__.py to __init__.cpython-38.pyc
running install_data
creating /home/sti/Documents/Planning-and-Control-based-on-Carla-and-ROS2/install/carla_spawn_objects/share/ament_index
creating /home/sti/Documents/Planning-and-Control-based-on-Carla-and-ROS2/install/carla_spawn_objects/share/ament_index/resource_index
creating /home/sti/Documents/Planning-and-Control-based-on-Carla-and-ROS2/install/carla_spawn_objects/share/ament_index/resource_index/packages
copying resource/carla_spawn_objects -> /home/sti/Documents/Planning-and-Control-based-on-Carla-and-ROS2/install/carla_spawn_objects/share/ament_index/resource_index/packages
copying package.xml -> /home/sti/Documents/Planning-and-Control-based-on-Carla-and-ROS2/install/carla_spawn_objects/share/carla_spawn_objects
creating /home/sti/Documents/Planning-and-Control-based-on-Carla-and-ROS2/install/carla_spawn_objects/share/carla_spawn_objects/config
copying config/objects.json -> /home/sti/Documents/Planning-and-Control-based-on-Carla-and-ROS2/install/carla_spawn_objects/share/carla_spawn_objects/config
copying launch/carla_spawn_objects.launch.py -> /home/sti/Documents/Planning-and-Control-based-on-Carla-and-ROS2/install/carla_spawn_objects/share/carla_spawn_objects
copying launch/carla_example_ego_vehicle.launch.py -> /home/sti/Documents/Planning-and-Control-based-on-Carla-and-ROS2/install/carla_spawn_objects/share/carla_spawn_objects
copying launch/set_initial_pose.launch.py -> /home/sti/Documents/Planning-and-Control-based-on-Carla-and-ROS2/install/carla_spawn_objects/share/carla_spawn_objects
running install_egg_info
Copying ../../build/carla_spawn_objects/carla_spawn_objects.egg-info to /home/sti/Documents/Planning-and-Control-based-on-Carla-and-ROS2/install/carla_spawn_objects/lib/python3.8/site-packages/carla_spawn_objects-0.0.0-py3.8.egg-info
running install_scripts
Installing carla_spawn_objects script to /home/sti/Documents/Planning-and-Control-based-on-Carla-and-ROS2/install/carla_spawn_objects/lib/carla_spawn_objects
Installing set_initial_pose script to /home/sti/Documents/Planning-and-Control-based-on-Carla-and-ROS2/install/carla_spawn_objects/lib/carla_spawn_objects
writing list of installed files to '/home/sti/Documents/Planning-and-Control-based-on-Carla-and-ROS2/build/carla_spawn_objects/install.log'
