[1.690s] Invoking command in '/home/sti/Documents/Planning-and-Control-based-on-Carla-and-ROS2/plus_version/carla_spawn_objects': AMENT_PREFIX_PATH=/home/sti/Documents/Planning-and-Control-based-on-Carla-and-ROS2/install/ros_compatibility:/home/sti/Documents/Planning-and-Control-based-on-Carla-and-ROS2/install/carla_msgs:${AMENT_PREFIX_PATH} CMAKE_PREFIX_PATH=/home/sti/Documents/Planning-and-Control-based-on-Carla-and-ROS2/install/carla_msgs LD_LIBRARY_PATH=/home/sti/Documents/Planning-and-Control-based-on-Carla-and-ROS2/install/carla_msgs/lib:${LD_LIBRARY_PATH} PYTHONPATH=/home/sti/Documents/Planning-and-Control-based-on-Carla-and-ROS2/build/carla_spawn_objects/prefix_override:/home/sti/Documents/Planning-and-Control-based-on-Carla-and-ROS2/install/carla_spawn_objects/lib/python3.8/site-packages:/home/sti/Documents/Planning-and-Control-based-on-Carla-and-ROS2/install/ros_compatibility/lib/python3.8/site-packages:/home/sti/Documents/Planning-and-Control-based-on-Carla-and-ROS2/install/carla_msgs/lib/python3.8/site-packages:/opt/ros/foxy/lib/python3.8/site-packages:/home/sti/Documents/CARLA_0913/PythonAPI/carla/dist/carla-0.9.13-py3.7-linux-x86_64.egg:/home/sti/Documents/CARLA_0913/PythonAPI/carla:/home/sti/Documents/CARLA_0913/PythonAPI/carla/dist/carla-0.9.13-py3.7-linux-x86_64.egg:/home/sti/Documents/CARLA_0913/PythonAPI/carla/agents /usr/bin/python3 -W ignore:setup.py install is deprecated setup.py egg_info --egg-base ../../build/carla_spawn_objects build --build-base /home/sti/Documents/Planning-and-Control-based-on-Carla-and-ROS2/build/carla_spawn_objects/build install --record /home/sti/Documents/Planning-and-Control-based-on-Carla-and-ROS2/build/carla_spawn_objects/install.log --single-version-externally-managed install_data
[1.914s] running egg_info
[1.914s] creating ../../build/carla_spawn_objects/carla_spawn_objects.egg-info
[1.914s] writing ../../build/carla_spawn_objects/carla_spawn_objects.egg-info/PKG-INFO
[1.915s] writing dependency_links to ../../build/carla_spawn_objects/carla_spawn_objects.egg-info/dependency_links.txt
[1.915s] writing entry points to ../../build/carla_spawn_objects/carla_spawn_objects.egg-info/entry_points.txt
[1.915s] writing requirements to ../../build/carla_spawn_objects/carla_spawn_objects.egg-info/requires.txt
[1.915s] writing top-level names to ../../build/carla_spawn_objects/carla_spawn_objects.egg-info/top_level.txt
[1.916s] writing manifest file '../../build/carla_spawn_objects/carla_spawn_objects.egg-info/SOURCES.txt'
[1.944s] reading manifest file '../../build/carla_spawn_objects/carla_spawn_objects.egg-info/SOURCES.txt'
[1.944s] writing manifest file '../../build/carla_spawn_objects/carla_spawn_objects.egg-info/SOURCES.txt'
[1.944s] running build
[1.944s] running build_py
[1.944s] creating /home/sti/Documents/Planning-and-Control-based-on-Carla-and-ROS2/build/carla_spawn_objects/build
[1.944s] creating /home/sti/Documents/Planning-and-Control-based-on-Carla-and-ROS2/build/carla_spawn_objects/build/lib
[1.945s] creating /home/sti/Documents/Planning-and-Control-based-on-Carla-and-ROS2/build/carla_spawn_objects/build/lib/src
[1.945s] creating /home/sti/Documents/Planning-and-Control-based-on-Carla-and-ROS2/build/carla_spawn_objects/build/lib/src/carla_spawn_objects
[1.945s] copying src/carla_spawn_objects/set_initial_pose.py -> /home/sti/Documents/Planning-and-Control-based-on-Carla-and-ROS2/build/carla_spawn_objects/build/lib/src/carla_spawn_objects
[1.945s] copying src/carla_spawn_objects/carla_spawn_objects.py -> /home/sti/Documents/Planning-and-Control-based-on-Carla-and-ROS2/build/carla_spawn_objects/build/lib/src/carla_spawn_objects
[1.945s] copying src/carla_spawn_objects/__init__.py -> /home/sti/Documents/Planning-and-Control-based-on-Carla-and-ROS2/build/carla_spawn_objects/build/lib/src/carla_spawn_objects
[1.945s] running install
[1.945s] running install_lib
[1.946s] creating /home/sti/Documents/Planning-and-Control-based-on-Carla-and-ROS2/install/carla_spawn_objects/lib/python3.8/site-packages/src
[1.946s] creating /home/sti/Documents/Planning-and-Control-based-on-Carla-and-ROS2/install/carla_spawn_objects/lib/python3.8/site-packages/src/carla_spawn_objects
[1.946s] copying /home/sti/Documents/Planning-and-Control-based-on-Carla-and-ROS2/build/carla_spawn_objects/build/lib/src/carla_spawn_objects/set_initial_pose.py -> /home/sti/Documents/Planning-and-Control-based-on-Carla-and-ROS2/install/carla_spawn_objects/lib/python3.8/site-packages/src/carla_spawn_objects
[1.946s] copying /home/sti/Documents/Planning-and-Control-based-on-Carla-and-ROS2/build/carla_spawn_objects/build/lib/src/carla_spawn_objects/carla_spawn_objects.py -> /home/sti/Documents/Planning-and-Control-based-on-Carla-and-ROS2/install/carla_spawn_objects/lib/python3.8/site-packages/src/carla_spawn_objects
[1.946s] copying /home/sti/Documents/Planning-and-Control-based-on-Carla-and-ROS2/build/carla_spawn_objects/build/lib/src/carla_spawn_objects/__init__.py -> /home/sti/Documents/Planning-and-Control-based-on-Carla-and-ROS2/install/carla_spawn_objects/lib/python3.8/site-packages/src/carla_spawn_objects
[1.947s] byte-compiling /home/sti/Documents/Planning-and-Control-based-on-Carla-and-ROS2/install/carla_spawn_objects/lib/python3.8/site-packages/src/carla_spawn_objects/set_initial_pose.py to set_initial_pose.cpython-38.pyc
[1.947s] byte-compiling /home/sti/Documents/Planning-and-Control-based-on-Carla-and-ROS2/install/carla_spawn_objects/lib/python3.8/site-packages/src/carla_spawn_objects/carla_spawn_objects.py to carla_spawn_objects.cpython-38.pyc
[1.948s] byte-compiling /home/sti/Documents/Planning-and-Control-based-on-Carla-and-ROS2/install/carla_spawn_objects/lib/python3.8/site-packages/src/carla_spawn_objects/__init__.py to __init__.cpython-38.pyc
[1.949s] running install_data
[1.949s] creating /home/sti/Documents/Planning-and-Control-based-on-Carla-and-ROS2/install/carla_spawn_objects/share/ament_index
[1.949s] creating /home/sti/Documents/Planning-and-Control-based-on-Carla-and-ROS2/install/carla_spawn_objects/share/ament_index/resource_index
[1.949s] creating /home/sti/Documents/Planning-and-Control-based-on-Carla-and-ROS2/install/carla_spawn_objects/share/ament_index/resource_index/packages
[1.949s] copying resource/carla_spawn_objects -> /home/sti/Documents/Planning-and-Control-based-on-Carla-and-ROS2/install/carla_spawn_objects/share/ament_index/resource_index/packages
[1.949s] copying package.xml -> /home/sti/Documents/Planning-and-Control-based-on-Carla-and-ROS2/install/carla_spawn_objects/share/carla_spawn_objects
[1.949s] creating /home/sti/Documents/Planning-and-Control-based-on-Carla-and-ROS2/install/carla_spawn_objects/share/carla_spawn_objects/config
[1.949s] copying config/objects.json -> /home/sti/Documents/Planning-and-Control-based-on-Carla-and-ROS2/install/carla_spawn_objects/share/carla_spawn_objects/config
[1.949s] copying launch/carla_spawn_objects.launch.py -> /home/sti/Documents/Planning-and-Control-based-on-Carla-and-ROS2/install/carla_spawn_objects/share/carla_spawn_objects
[1.950s] copying launch/carla_example_ego_vehicle.launch.py -> /home/sti/Documents/Planning-and-Control-based-on-Carla-and-ROS2/install/carla_spawn_objects/share/carla_spawn_objects
[1.950s] copying launch/set_initial_pose.launch.py -> /home/sti/Documents/Planning-and-Control-based-on-Carla-and-ROS2/install/carla_spawn_objects/share/carla_spawn_objects
[1.950s] running install_egg_info
[1.951s] Copying ../../build/carla_spawn_objects/carla_spawn_objects.egg-info to /home/sti/Documents/Planning-and-Control-based-on-Carla-and-ROS2/install/carla_spawn_objects/lib/python3.8/site-packages/carla_spawn_objects-0.0.0-py3.8.egg-info
[1.951s] running install_scripts
[1.964s] Installing carla_spawn_objects script to /home/sti/Documents/Planning-and-Control-based-on-Carla-and-ROS2/install/carla_spawn_objects/lib/carla_spawn_objects
[1.964s] Installing set_initial_pose script to /home/sti/Documents/Planning-and-Control-based-on-Carla-and-ROS2/install/carla_spawn_objects/lib/carla_spawn_objects
[1.964s] writing list of installed files to '/home/sti/Documents/Planning-and-Control-based-on-Carla-and-ROS2/build/carla_spawn_objects/install.log'
[1.982s] Invoked command in '/home/sti/Documents/Planning-and-Control-based-on-Carla-and-ROS2/plus_version/carla_spawn_objects' returned '0': AMENT_PREFIX_PATH=/home/sti/Documents/Planning-and-Control-based-on-Carla-and-ROS2/install/ros_compatibility:/home/sti/Documents/Planning-and-Control-based-on-Carla-and-ROS2/install/carla_msgs:${AMENT_PREFIX_PATH} CMAKE_PREFIX_PATH=/home/sti/Documents/Planning-and-Control-based-on-Carla-and-ROS2/install/carla_msgs LD_LIBRARY_PATH=/home/sti/Documents/Planning-and-Control-based-on-Carla-and-ROS2/install/carla_msgs/lib:${LD_LIBRARY_PATH} PYTHONPATH=/home/sti/Documents/Planning-and-Control-based-on-Carla-and-ROS2/build/carla_spawn_objects/prefix_override:/home/sti/Documents/Planning-and-Control-based-on-Carla-and-ROS2/install/carla_spawn_objects/lib/python3.8/site-packages:/home/sti/Documents/Planning-and-Control-based-on-Carla-and-ROS2/install/ros_compatibility/lib/python3.8/site-packages:/home/sti/Documents/Planning-and-Control-based-on-Carla-and-ROS2/install/carla_msgs/lib/python3.8/site-packages:/opt/ros/foxy/lib/python3.8/site-packages:/home/sti/Documents/CARLA_0913/PythonAPI/carla/dist/carla-0.9.13-py3.7-linux-x86_64.egg:/home/sti/Documents/CARLA_0913/PythonAPI/carla:/home/sti/Documents/CARLA_0913/PythonAPI/carla/dist/carla-0.9.13-py3.7-linux-x86_64.egg:/home/sti/Documents/CARLA_0913/PythonAPI/carla/agents /usr/bin/python3 -W ignore:setup.py install is deprecated setup.py egg_info --egg-base ../../build/carla_spawn_objects build --build-base /home/sti/Documents/Planning-and-Control-based-on-Carla-and-ROS2/build/carla_spawn_objects/build install --record /home/sti/Documents/Planning-and-Control-based-on-Carla-and-ROS2/build/carla_spawn_objects/install.log --single-version-externally-managed install_data
