[0.263s] Invoking command in '/home/sti/Documents/Planning-and-Control-based-on-Carla-and-ROS2/build/my_pnc': AMENT_PREFIX_PATH=/home/sti/Documents/Planning-and-Control-based-on-Carla-and-ROS2/install/pnc_msgs:/home/sti/Documents/Planning-and-Control-based-on-Carla-and-ROS2/install/carla_waypoint_types:/home/sti/Documents/Planning-and-Control-based-on-Carla-and-ROS2/install/carla_msgs:${AMENT_PREFIX_PATH} CMAKE_PREFIX_PATH=/home/sti/Documents/Planning-and-Control-based-on-Carla-and-ROS2/install/pnc_msgs:/home/sti/Documents/Planning-and-Control-based-on-Carla-and-ROS2/install/carla_waypoint_types:/home/sti/Documents/Planning-and-Control-based-on-Carla-and-ROS2/install/carla_msgs:/opt/ros/foxy LD_LIBRARY_PATH=/home/sti/Documents/Planning-and-Control-based-on-Carla-and-ROS2/install/pnc_msgs/lib:/home/sti/Documents/Planning-and-Control-based-on-Carla-and-ROS2/install/carla_waypoint_types/lib:/home/sti/Documents/Planning-and-Control-based-on-Carla-and-ROS2/install/carla_msgs/lib:${LD_LIBRARY_PATH} PYTHONPATH=/home/sti/Documents/Planning-and-Control-based-on-Carla-and-ROS2/install/pnc_msgs/lib/python3.8/site-packages:/home/sti/Documents/Planning-and-Control-based-on-Carla-and-ROS2/install/carla_waypoint_types/lib/python3.8/site-packages:/home/sti/Documents/Planning-and-Control-based-on-Carla-and-ROS2/install/carla_msgs/lib/python3.8/site-packages:/opt/ros/foxy/lib/python3.8/site-packages:/home/sti/Documents/CARLA_0913/PythonAPI/carla/dist/carla-0.9.13-py3.7-linux-x86_64.egg:/home/sti/Documents/CARLA_0913/PythonAPI/carla:/home/sti/Documents/CARLA_0913/PythonAPI/carla/dist/carla-0.9.13-py3.7-linux-x86_64.egg:/home/sti/Documents/CARLA_0913/PythonAPI/carla/agents /usr/local/bin/cmake --build /home/sti/Documents/Planning-and-Control-based-on-Carla-and-ROS2/build/my_pnc -- -j16 -l16
[0.296s] -- Found ament_cmake: 0.9.12 (/opt/ros/foxy/share/ament_cmake/cmake)
[0.296s] -- Using PYTHON_EXECUTABLE: /usr/bin/python3
[0.465s] -- Found rclcpp: 2.4.3 (/opt/ros/foxy/share/rclcpp/cmake)
[0.492s] -- Using all available rosidl_typesupport_c: rosidl_typesupport_fastrtps_c;rosidl_typesupport_introspection_c
[0.495s] -- Found rosidl_adapter: 1.3.1 (/opt/ros/foxy/share/rosidl_adapter/cmake)
[0.592s] -- Using all available rosidl_typesupport_cpp: rosidl_typesupport_fastrtps_cpp;rosidl_typesupport_introspection_cpp
[0.633s] -- Found rmw_implementation_cmake: 1.0.4 (/opt/ros/foxy/share/rmw_implementation_cmake/cmake)
[0.634s] -- Using RMW implementation 'rmw_fastrtps_cpp' as default
[0.751s] -- Found carla_msgs: 1.3.0 (/home/sti/Documents/Planning-and-Control-based-on-Carla-and-ROS2/install/carla_msgs/share/carla_msgs/cmake)
[0.899s] -- Found derived_object_msgs: 4.0.0 (/opt/ros/foxy/share/derived_object_msgs/cmake)
[1.060s] -- Found nav_msgs: 2.0.5 (/opt/ros/foxy/share/nav_msgs/cmake)
[1.117s] -- Found visualization_msgs: 2.0.5 (/opt/ros/foxy/share/visualization_msgs/cmake)
[1.173s] -- Found sensor_msgs: 2.0.5 (/opt/ros/foxy/share/sensor_msgs/cmake)
[1.230s] -- Found pnc_msgs: 0.0.0 (/home/sti/Documents/Planning-and-Control-based-on-Carla-and-ROS2/install/pnc_msgs/share/pnc_msgs/cmake)
[1.237s] -- Found tf2: 0.13.14 (/opt/ros/foxy/share/tf2/cmake)
[1.244s] -- Found tf2_geometry_msgs: 0.13.14 (/opt/ros/foxy/share/tf2_geometry_msgs/cmake)
[1.249s] -- Found eigen3_cmake_module: 0.1.1 (/opt/ros/foxy/share/eigen3_cmake_module/cmake)
[1.564s] -- Found carla_waypoint_types: 0.1.0 (/home/sti/Documents/Planning-and-Control-based-on-Carla-and-ROS2/install/carla_waypoint_types/share/carla_waypoint_types/cmake)
[1.661s] -- Found ament_lint_auto: 0.9.8 (/opt/ros/foxy/share/ament_lint_auto/cmake)
[1.712s] -- Configuring done
[1.740s] -- Generating done
[1.743s] -- Build files have been written to: /home/sti/Documents/Planning-and-Control-based-on-Carla-and-ROS2/build/my_pnc
[1.778s] [  4%] [32mBuilding CXX object CMakeFiles/control_agent.dir/src/control_agent.cpp.o[0m
[1.779s] [  8%] [32mBuilding CXX object CMakeFiles/control_agent.dir/home/sti/Documents/Planning-and-Control-based-on-Carla-and-ROS2/plus_version/my_planning_and_control/controller_modules/src/lateral_lqr_controller.cpp.o[0m
[1.780s] [ 13%] [32mBuilding CXX object CMakeFiles/control_agent.dir/home/sti/Documents/Planning-and-Control-based-on-Carla-and-ROS2/plus_version/my_planning_and_control/controller_modules/src/lon_cascade_pid_controller.cpp.o[0m
[1.780s] [ 21%] [32mBuilding CXX object CMakeFiles/control_agent.dir/home/sti/Documents/Planning-and-Control-based-on-Carla-and-ROS2/plus_version/my_planning_and_control/controller_modules/src/mpc_controller.cpp.o[0m
[1.780s] [ 21%] [32mBuilding CXX object CMakeFiles/control_agent.dir/home/sti/Documents/Planning-and-Control-based-on-Carla-and-ROS2/plus_version/my_planning_and_control/controller_modules/src/pid_controller.cpp.o[0m
[1.781s] [ 26%] [32mBuilding CXX object CMakeFiles/control_agent.dir/home/sti/Documents/Planning-and-Control-based-on-Carla-and-ROS2/plus_version/my_planning_and_control/general_modules/src/common.cpp.o[0m
[1.781s] [ 30%] [32mBuilding CXX object CMakeFiles/control_agent.dir/home/sti/Documents/Planning-and-Control-based-on-Carla-and-ROS2/plus_version/my_planning_and_control/general_modules/src/tool.cpp.o[0m
[1.783s] [ 34%] [32mBuilding CXX object CMakeFiles/control_agent.dir/home/sti/Documents/Planning-and-Control-based-on-Carla-and-ROS2/plus_version/my_planning_and_control/general_modules/src/polynomial_curve.cpp.o[0m
[1.821s] [ 39%] [32mBuilding CXX object CMakeFiles/planning_agent.dir/home/sti/Documents/Planning-and-Control-based-on-Carla-and-ROS2/plus_version/my_planning_and_control/controller_modules/src/mpc_controller.cpp.o[0m
[1.824s] [ 43%] [32mBuilding CXX object CMakeFiles/planning_agent.dir/home/sti/Documents/Planning-and-Control-based-on-Carla-and-ROS2/plus_version/my_planning_and_control/planner_modules/src/emplanner.cpp.o[0m
[1.827s] [ 47%] [32mBuilding CXX object CMakeFiles/planning_agent.dir/home/sti/Documents/Planning-and-Control-based-on-Carla-and-ROS2/plus_version/my_planning_and_control/controller_modules/src/pid_controller.cpp.o[0m
[1.836s] [ 52%] [32mBuilding CXX object CMakeFiles/planning_agent.dir/home/sti/Documents/Planning-and-Control-based-on-Carla-and-ROS2/plus_version/my_planning_and_control/controller_modules/src/lateral_lqr_controller.cpp.o[0m
[1.847s] [ 56%] [32mBuilding CXX object CMakeFiles/planning_agent.dir/src/planning_agent.cpp.o[0m
[1.847s] [ 60%] [32mBuilding CXX object CMakeFiles/planning_agent.dir/home/sti/Documents/Planning-and-Control-based-on-Carla-and-ROS2/plus_version/my_planning_and_control/controller_modules/src/lon_cascade_pid_controller.cpp.o[0m
[1.848s] [ 65%] [32mBuilding CXX object CMakeFiles/planning_agent.dir/home/sti/Documents/Planning-and-Control-based-on-Carla-and-ROS2/plus_version/my_planning_and_control/planner_modules/src/emplanner_node.cpp.o[0m
[1.924s] [ 69%] [32mBuilding CXX object CMakeFiles/planning_agent.dir/home/sti/Documents/Planning-and-Control-based-on-Carla-and-ROS2/plus_version/my_planning_and_control/planner_modules/src/emplanner_path_planning.cpp.o[0m
[2.285s] [ 73%] [32mBuilding CXX object CMakeFiles/planning_agent.dir/home/sti/Documents/Planning-and-Control-based-on-Carla-and-ROS2/plus_version/my_planning_and_control/planner_modules/src/emplanner_speed_planning.cpp.o[0m
[2.455s] [ 78%] [32mBuilding CXX object CMakeFiles/planning_agent.dir/home/sti/Documents/Planning-and-Control-based-on-Carla-and-ROS2/plus_version/my_planning_and_control/planner_modules/src/reference_line.cpp.o[0m
[2.480s] [ 82%] [32mBuilding CXX object CMakeFiles/planning_agent.dir/home/sti/Documents/Planning-and-Control-based-on-Carla-and-ROS2/plus_version/my_planning_and_control/general_modules/src/common.cpp.o[0m
[9.156s] [ 86%] [32mBuilding CXX object CMakeFiles/planning_agent.dir/home/sti/Documents/Planning-and-Control-based-on-Carla-and-ROS2/plus_version/my_planning_and_control/general_modules/src/polynomial_curve.cpp.o[0m
[10.708s] [ 91%] [32mBuilding CXX object CMakeFiles/planning_agent.dir/home/sti/Documents/Planning-and-Control-based-on-Carla-and-ROS2/plus_version/my_planning_and_control/general_modules/src/tool.cpp.o[0m
[30.757s] [ 95%] [32m[1mLinking CXX executable control_agent[0m
[31.744s] [ 95%] Built target control_agent
[34.814s] [100%] [32m[1mLinking CXX executable planning_agent[0m
[37.497s] [100%] Built target planning_agent
[37.499s] Invoked command in '/home/sti/Documents/Planning-and-Control-based-on-Carla-and-ROS2/build/my_pnc' returned '0': AMENT_PREFIX_PATH=/home/sti/Documents/Planning-and-Control-based-on-Carla-and-ROS2/install/pnc_msgs:/home/sti/Documents/Planning-and-Control-based-on-Carla-and-ROS2/install/carla_waypoint_types:/home/sti/Documents/Planning-and-Control-based-on-Carla-and-ROS2/install/carla_msgs:${AMENT_PREFIX_PATH} CMAKE_PREFIX_PATH=/home/sti/Documents/Planning-and-Control-based-on-Carla-and-ROS2/install/pnc_msgs:/home/sti/Documents/Planning-and-Control-based-on-Carla-and-ROS2/install/carla_waypoint_types:/home/sti/Documents/Planning-and-Control-based-on-Carla-and-ROS2/install/carla_msgs:/opt/ros/foxy LD_LIBRARY_PATH=/home/sti/Documents/Planning-and-Control-based-on-Carla-and-ROS2/install/pnc_msgs/lib:/home/sti/Documents/Planning-and-Control-based-on-Carla-and-ROS2/install/carla_waypoint_types/lib:/home/sti/Documents/Planning-and-Control-based-on-Carla-and-ROS2/install/carla_msgs/lib:${LD_LIBRARY_PATH} PYTHONPATH=/home/sti/Documents/Planning-and-Control-based-on-Carla-and-ROS2/install/pnc_msgs/lib/python3.8/site-packages:/home/sti/Documents/Planning-and-Control-based-on-Carla-and-ROS2/install/carla_waypoint_types/lib/python3.8/site-packages:/home/sti/Documents/Planning-and-Control-based-on-Carla-and-ROS2/install/carla_msgs/lib/python3.8/site-packages:/opt/ros/foxy/lib/python3.8/site-packages:/home/sti/Documents/CARLA_0913/PythonAPI/carla/dist/carla-0.9.13-py3.7-linux-x86_64.egg:/home/sti/Documents/CARLA_0913/PythonAPI/carla:/home/sti/Documents/CARLA_0913/PythonAPI/carla/dist/carla-0.9.13-py3.7-linux-x86_64.egg:/home/sti/Documents/CARLA_0913/PythonAPI/carla/agents /usr/local/bin/cmake --build /home/sti/Documents/Planning-and-Control-based-on-Carla-and-ROS2/build/my_pnc -- -j16 -l16
[37.525s] Invoking command in '/home/sti/Documents/Planning-and-Control-based-on-Carla-and-ROS2/build/my_pnc': AMENT_PREFIX_PATH=/home/sti/Documents/Planning-and-Control-based-on-Carla-and-ROS2/install/pnc_msgs:/home/sti/Documents/Planning-and-Control-based-on-Carla-and-ROS2/install/carla_waypoint_types:/home/sti/Documents/Planning-and-Control-based-on-Carla-and-ROS2/install/carla_msgs:${AMENT_PREFIX_PATH} CMAKE_PREFIX_PATH=/home/sti/Documents/Planning-and-Control-based-on-Carla-and-ROS2/install/pnc_msgs:/home/sti/Documents/Planning-and-Control-based-on-Carla-and-ROS2/install/carla_waypoint_types:/home/sti/Documents/Planning-and-Control-based-on-Carla-and-ROS2/install/carla_msgs:/opt/ros/foxy LD_LIBRARY_PATH=/home/sti/Documents/Planning-and-Control-based-on-Carla-and-ROS2/install/pnc_msgs/lib:/home/sti/Documents/Planning-and-Control-based-on-Carla-and-ROS2/install/carla_waypoint_types/lib:/home/sti/Documents/Planning-and-Control-based-on-Carla-and-ROS2/install/carla_msgs/lib:${LD_LIBRARY_PATH} PYTHONPATH=/home/sti/Documents/Planning-and-Control-based-on-Carla-and-ROS2/install/pnc_msgs/lib/python3.8/site-packages:/home/sti/Documents/Planning-and-Control-based-on-Carla-and-ROS2/install/carla_waypoint_types/lib/python3.8/site-packages:/home/sti/Documents/Planning-and-Control-based-on-Carla-and-ROS2/install/carla_msgs/lib/python3.8/site-packages:/opt/ros/foxy/lib/python3.8/site-packages:/home/sti/Documents/CARLA_0913/PythonAPI/carla/dist/carla-0.9.13-py3.7-linux-x86_64.egg:/home/sti/Documents/CARLA_0913/PythonAPI/carla:/home/sti/Documents/CARLA_0913/PythonAPI/carla/dist/carla-0.9.13-py3.7-linux-x86_64.egg:/home/sti/Documents/CARLA_0913/PythonAPI/carla/agents /usr/local/bin/cmake --install /home/sti/Documents/Planning-and-Control-based-on-Carla-and-ROS2/build/my_pnc
[37.527s] -- Install configuration: "Debug"
[37.527s] -- Installing: /home/sti/Documents/Planning-and-Control-based-on-Carla-and-ROS2/install/my_pnc/lib/my_pnc/planning_agent
[37.641s] -- Set runtime path of "/home/sti/Documents/Planning-and-Control-based-on-Carla-and-ROS2/install/my_pnc/lib/my_pnc/planning_agent" to ""
[37.641s] -- Installing: /home/sti/Documents/Planning-and-Control-based-on-Carla-and-ROS2/install/my_pnc/lib/my_pnc/control_agent
[37.682s] -- Set runtime path of "/home/sti/Documents/Planning-and-Control-based-on-Carla-and-ROS2/install/my_pnc/lib/my_pnc/control_agent" to ""
[37.682s] -- Installing: /home/sti/Documents/Planning-and-Control-based-on-Carla-and-ROS2/install/my_pnc/share/my_pnc/launch
[37.683s] -- Installing: /home/sti/Documents/Planning-and-Control-based-on-Carla-and-ROS2/install/my_pnc/share/my_pnc/launch/my_pnc_launch.py
[37.683s] -- Installing: /home/sti/Documents/Planning-and-Control-based-on-Carla-and-ROS2/install/my_pnc/share/ament_index/resource_index/package_run_dependencies/my_pnc
[37.683s] -- Installing: /home/sti/Documents/Planning-and-Control-based-on-Carla-and-ROS2/install/my_pnc/share/ament_index/resource_index/parent_prefix_path/my_pnc
[37.683s] -- Installing: /home/sti/Documents/Planning-and-Control-based-on-Carla-and-ROS2/install/my_pnc/share/my_pnc/environment/ament_prefix_path.sh
[37.683s] -- Installing: /home/sti/Documents/Planning-and-Control-based-on-Carla-and-ROS2/install/my_pnc/share/my_pnc/environment/ament_prefix_path.dsv
[37.683s] -- Installing: /home/sti/Documents/Planning-and-Control-based-on-Carla-and-ROS2/install/my_pnc/share/my_pnc/environment/path.sh
[37.683s] -- Installing: /home/sti/Documents/Planning-and-Control-based-on-Carla-and-ROS2/install/my_pnc/share/my_pnc/environment/path.dsv
[37.683s] -- Installing: /home/sti/Documents/Planning-and-Control-based-on-Carla-and-ROS2/install/my_pnc/share/my_pnc/local_setup.bash
[37.683s] -- Installing: /home/sti/Documents/Planning-and-Control-based-on-Carla-and-ROS2/install/my_pnc/share/my_pnc/local_setup.sh
[37.683s] -- Installing: /home/sti/Documents/Planning-and-Control-based-on-Carla-and-ROS2/install/my_pnc/share/my_pnc/local_setup.zsh
[37.683s] -- Installing: /home/sti/Documents/Planning-and-Control-based-on-Carla-and-ROS2/install/my_pnc/share/my_pnc/local_setup.dsv
[37.683s] -- Installing: /home/sti/Documents/Planning-and-Control-based-on-Carla-and-ROS2/install/my_pnc/share/my_pnc/package.dsv
[37.683s] -- Installing: /home/sti/Documents/Planning-and-Control-based-on-Carla-and-ROS2/install/my_pnc/share/ament_index/resource_index/packages/my_pnc
[37.684s] -- Installing: /home/sti/Documents/Planning-and-Control-based-on-Carla-and-ROS2/install/my_pnc/share/my_pnc/cmake/my_pncConfig.cmake
[37.684s] -- Installing: /home/sti/Documents/Planning-and-Control-based-on-Carla-and-ROS2/install/my_pnc/share/my_pnc/cmake/my_pncConfig-version.cmake
[37.684s] -- Installing: /home/sti/Documents/Planning-and-Control-based-on-Carla-and-ROS2/install/my_pnc/share/my_pnc/package.xml
[37.685s] Invoked command in '/home/sti/Documents/Planning-and-Control-based-on-Carla-and-ROS2/build/my_pnc' returned '0': AMENT_PREFIX_PATH=/home/sti/Documents/Planning-and-Control-based-on-Carla-and-ROS2/install/pnc_msgs:/home/sti/Documents/Planning-and-Control-based-on-Carla-and-ROS2/install/carla_waypoint_types:/home/sti/Documents/Planning-and-Control-based-on-Carla-and-ROS2/install/carla_msgs:${AMENT_PREFIX_PATH} CMAKE_PREFIX_PATH=/home/sti/Documents/Planning-and-Control-based-on-Carla-and-ROS2/install/pnc_msgs:/home/sti/Documents/Planning-and-Control-based-on-Carla-and-ROS2/install/carla_waypoint_types:/home/sti/Documents/Planning-and-Control-based-on-Carla-and-ROS2/install/carla_msgs:/opt/ros/foxy LD_LIBRARY_PATH=/home/sti/Documents/Planning-and-Control-based-on-Carla-and-ROS2/install/pnc_msgs/lib:/home/sti/Documents/Planning-and-Control-based-on-Carla-and-ROS2/install/carla_waypoint_types/lib:/home/sti/Documents/Planning-and-Control-based-on-Carla-and-ROS2/install/carla_msgs/lib:${LD_LIBRARY_PATH} PYTHONPATH=/home/sti/Documents/Planning-and-Control-based-on-Carla-and-ROS2/install/pnc_msgs/lib/python3.8/site-packages:/home/sti/Documents/Planning-and-Control-based-on-Carla-and-ROS2/install/carla_waypoint_types/lib/python3.8/site-packages:/home/sti/Documents/Planning-and-Control-based-on-Carla-and-ROS2/install/carla_msgs/lib/python3.8/site-packages:/opt/ros/foxy/lib/python3.8/site-packages:/home/sti/Documents/CARLA_0913/PythonAPI/carla/dist/carla-0.9.13-py3.7-linux-x86_64.egg:/home/sti/Documents/CARLA_0913/PythonAPI/carla:/home/sti/Documents/CARLA_0913/PythonAPI/carla/dist/carla-0.9.13-py3.7-linux-x86_64.egg:/home/sti/Documents/CARLA_0913/PythonAPI/carla/agents /usr/local/bin/cmake --install /home/sti/Documents/Planning-and-Control-based-on-Carla-and-ROS2/build/my_pnc
