-- The C compiler identification is GNU 9.4.0
-- The CXX compiler identification is GNU 9.4.0
-- Detecting C compiler ABI info
-- Detecting C compiler ABI info - done
-- Check for working C compiler: /usr/bin/cc - skipped
-- Detecting C compile features
-- Detecting C compile features - done
-- Detecting CXX compiler ABI info
-- Detecting CXX compiler ABI info - done
-- Check for working CXX compiler: /usr/bin/c++ - skipped
-- Detecting CXX compile features
-- Detecting CXX compile features - done
-- Found ament_cmake: 0.9.12 (/opt/ros/foxy/share/ament_cmake/cmake)
-- Found PythonInterp: /usr/bin/python3 (found suitable version "3.8.10", minimum required is "3") 
-- Using PYTHON_EXECUTABLE: /usr/bin/python3
-- Found rclcpp: 2.4.3 (/opt/ros/foxy/share/rclcpp/cmake)
-- Using all available rosidl_typesupport_c: rosidl_typesupport_fastrtps_c;rosidl_typesupport_introspection_c
-- Found rosidl_adapter: 1.3.1 (/opt/ros/foxy/share/rosidl_adapter/cmake)
-- Found OpenSSL: /usr/lib/x86_64-linux-gnu/libcrypto.so (found version "1.1.1f")  
-- Found FastRTPS: /opt/ros/foxy/include  
-- Using all available rosidl_typesupport_cpp: rosidl_typesupport_fastrtps_cpp;rosidl_typesupport_introspection_cpp
-- Found rmw_implementation_cmake: 1.0.4 (/opt/ros/foxy/share/rmw_implementation_cmake/cmake)
-- Using RMW implementation 'rmw_fastrtps_cpp' as default
-- Looking for pthread.h
-- Looking for pthread.h - found
-- Performing Test CMAKE_HAVE_LIBC_PTHREAD
-- Performing Test CMAKE_HAVE_LIBC_PTHREAD - Failed
-- Looking for pthread_create in pthreads
-- Looking for pthread_create in pthreads - not found
-- Looking for pthread_create in pthread
-- Looking for pthread_create in pthread - found
-- Found Threads: TRUE  
-- Found carla_msgs: 1.3.0 (/home/sti/Documents/Planning-and-Control-based-on-Carla-and-ROS2/install/carla_msgs/share/carla_msgs/cmake)
-- Found derived_object_msgs: 4.0.0 (/opt/ros/foxy/share/derived_object_msgs/cmake)
-- Found nav_msgs: 2.0.5 (/opt/ros/foxy/share/nav_msgs/cmake)
-- Found visualization_msgs: 2.0.5 (/opt/ros/foxy/share/visualization_msgs/cmake)
-- Found sensor_msgs: 2.0.5 (/opt/ros/foxy/share/sensor_msgs/cmake)
-- Found pnc_msgs: 0.0.0 (/home/sti/Documents/Planning-and-Control-based-on-Carla-and-ROS2/install/pnc_msgs/share/pnc_msgs/cmake)
-- Found tf2: 0.13.14 (/opt/ros/foxy/share/tf2/cmake)
-- Found tf2_geometry_msgs: 0.13.14 (/opt/ros/foxy/share/tf2_geometry_msgs/cmake)
-- Found eigen3_cmake_module: 0.1.1 (/opt/ros/foxy/share/eigen3_cmake_module/cmake)
-- Found Eigen3: TRUE (found version "3.3.7") 
-- Found carla_waypoint_types: 0.1.0 (/home/sti/Documents/Planning-and-Control-based-on-Carla-and-ROS2/install/carla_waypoint_types/share/carla_waypoint_types/cmake)
-- Found ament_lint_auto: 0.9.8 (/opt/ros/foxy/share/ament_lint_auto/cmake)
-- Configuring done
-- Generating done
-- Build files have been written to: /home/sti/Documents/Planning-and-Control-based-on-Carla-and-ROS2/build/my_pnc
[35m[1mScanning dependencies of target control_agent[0m
[35m[1mScanning dependencies of target planning_agent[0m
[  4%] [32mBuilding CXX object CMakeFiles/control_agent.dir/src/control_agent.cpp.o[0m
[  8%] [32mBuilding CXX object CMakeFiles/control_agent.dir/home/sti/Documents/Planning-and-Control-based-on-Carla-and-ROS2/plus_version/my_planning_and_control/controller_modules/src/lateral_lqr_controller.cpp.o[0m
[ 13%] [32mBuilding CXX object CMakeFiles/control_agent.dir/home/sti/Documents/Planning-and-Control-based-on-Carla-and-ROS2/plus_version/my_planning_and_control/controller_modules/src/lon_cascade_pid_controller.cpp.o[0m
[ 17%] [32mBuilding CXX object CMakeFiles/control_agent.dir/home/sti/Documents/Planning-and-Control-based-on-Carla-and-ROS2/plus_version/my_planning_and_control/controller_modules/src/mpc_controller.cpp.o[0m
[ 21%] [32mBuilding CXX object CMakeFiles/control_agent.dir/home/sti/Documents/Planning-and-Control-based-on-Carla-and-ROS2/plus_version/my_planning_and_control/controller_modules/src/pid_controller.cpp.o[0m
[ 26%] [32mBuilding CXX object CMakeFiles/control_agent.dir/home/sti/Documents/Planning-and-Control-based-on-Carla-and-ROS2/plus_version/my_planning_and_control/general_modules/src/polynomial_curve.cpp.o[0m
[ 30%] [32mBuilding CXX object CMakeFiles/control_agent.dir/home/sti/Documents/Planning-and-Control-based-on-Carla-and-ROS2/plus_version/my_planning_and_control/general_modules/src/common.cpp.o[0m
[ 34%] [32mBuilding CXX object CMakeFiles/control_agent.dir/home/sti/Documents/Planning-and-Control-based-on-Carla-and-ROS2/plus_version/my_planning_and_control/general_modules/src/tool.cpp.o[0m
[ 39%] [32mBuilding CXX object CMakeFiles/planning_agent.dir/src/planning_agent.cpp.o[0m
[ 43%] [32mBuilding CXX object CMakeFiles/planning_agent.dir/home/sti/Documents/Planning-and-Control-based-on-Carla-and-ROS2/plus_version/my_planning_and_control/controller_modules/src/lateral_lqr_controller.cpp.o[0m
[ 47%] [32mBuilding CXX object CMakeFiles/planning_agent.dir/home/sti/Documents/Planning-and-Control-based-on-Carla-and-ROS2/plus_version/my_planning_and_control/controller_modules/src/lon_cascade_pid_controller.cpp.o[0m
[ 52%] [32mBuilding CXX object CMakeFiles/planning_agent.dir/home/sti/Documents/Planning-and-Control-based-on-Carla-and-ROS2/plus_version/my_planning_and_control/controller_modules/src/mpc_controller.cpp.o[0m
[ 56%] [32mBuilding CXX object CMakeFiles/planning_agent.dir/home/sti/Documents/Planning-and-Control-based-on-Carla-and-ROS2/plus_version/my_planning_and_control/controller_modules/src/pid_controller.cpp.o[0m
[ 60%] [32mBuilding CXX object CMakeFiles/planning_agent.dir/home/sti/Documents/Planning-and-Control-based-on-Carla-and-ROS2/plus_version/my_planning_and_control/planner_modules/src/emplanner.cpp.o[0m
[ 65%] [32mBuilding CXX object CMakeFiles/planning_agent.dir/home/sti/Documents/Planning-and-Control-based-on-Carla-and-ROS2/plus_version/my_planning_and_control/planner_modules/src/emplanner_node.cpp.o[0m
[ 69%] [32mBuilding CXX object CMakeFiles/planning_agent.dir/home/sti/Documents/Planning-and-Control-based-on-Carla-and-ROS2/plus_version/my_planning_and_control/planner_modules/src/emplanner_path_planning.cpp.o[0m
[ 73%] [32mBuilding CXX object CMakeFiles/planning_agent.dir/home/sti/Documents/Planning-and-Control-based-on-Carla-and-ROS2/plus_version/my_planning_and_control/planner_modules/src/emplanner_speed_planning.cpp.o[0m
[ 78%] [32mBuilding CXX object CMakeFiles/planning_agent.dir/home/sti/Documents/Planning-and-Control-based-on-Carla-and-ROS2/plus_version/my_planning_and_control/planner_modules/src/reference_line.cpp.o[0m
[ 82%] [32mBuilding CXX object CMakeFiles/planning_agent.dir/home/sti/Documents/Planning-and-Control-based-on-Carla-and-ROS2/plus_version/my_planning_and_control/general_modules/src/common.cpp.o[0m
[ 86%] [32mBuilding CXX object CMakeFiles/planning_agent.dir/home/sti/Documents/Planning-and-Control-based-on-Carla-and-ROS2/plus_version/my_planning_and_control/general_modules/src/polynomial_curve.cpp.o[0m
[ 91%] [32mBuilding CXX object CMakeFiles/planning_agent.dir/home/sti/Documents/Planning-and-Control-based-on-Carla-and-ROS2/plus_version/my_planning_and_control/general_modules/src/tool.cpp.o[0m
[ 95%] [32m[1mLinking CXX executable control_agent[0m
[ 95%] Built target control_agent
[100%] [32m[1mLinking CXX executable planning_agent[0m
