[  5%] Built target pnc_msgs__cpp
[ 12%] Built target pnc_msgs__rosidl_generator_c
[ 35%] Built target pnc_msgs__rosidl_typesupport_cpp
[ 43%] Built target pnc_msgs__rosidl_typesupport_introspection_cpp
[ 43%] Built target pnc_msgs__rosidl_typesupport_fastrtps_cpp
[ 53%] Built target pnc_msgs__rosidl_typesupport_c
[ 64%] Built target pnc_msgs__rosidl_typesupport_introspection_c
[ 74%] Built target pnc_msgs__rosidl_typesupport_fastrtps_c
[ 74%] Built target pnc_msgs
[ 76%] Built target pnc_msgs__py
[ 84%] Built target pnc_msgs__python
[ 89%] Built target pnc_msgs__rosidl_typesupport_fastrtps_c__pyext
[ 94%] Built target pnc_msgs__rosidl_typesupport_c__pyext
[100%] Built target pnc_msgs__rosidl_typesupport_introspection_c__pyext
-- Install configuration: ""
-- Up-to-date: /home/sti/Documents/Planning-and-Control-based-on-Carla-and-ROS2/install/pnc_msgs/share/ament_index/resource_index/rosidl_interfaces/pnc_msgs
-- Up-to-date: /home/sti/Documents/Planning-and-Control-based-on-Carla-and-ROS2/install/pnc_msgs/include/pnc_msgs
-- Up-to-date: /home/sti/Documents/Planning-and-Control-based-on-Carla-and-ROS2/install/pnc_msgs/include/pnc_msgs/msg
-- Up-to-date: /home/sti/Documents/Planning-and-Control-based-on-Carla-and-ROS2/install/pnc_msgs/include/pnc_msgs/msg/trajectory_point.h
-- Up-to-date: /home/sti/Documents/Planning-and-Control-based-on-Carla-and-ROS2/install/pnc_msgs/include/pnc_msgs/msg/rosidl_generator_c__visibility_control.h
-- Up-to-date: /home/sti/Documents/Planning-and-Control-based-on-Carla-and-ROS2/install/pnc_msgs/include/pnc_msgs/msg/trajectory.h
-- Up-to-date: /home/sti/Documents/Planning-and-Control-based-on-Carla-and-ROS2/install/pnc_msgs/include/pnc_msgs/msg/detail
-- Up-to-date: /home/sti/Documents/Planning-and-Control-based-on-Carla-and-ROS2/install/pnc_msgs/include/pnc_msgs/msg/detail/trajectory_point__type_support.h
-- Up-to-date: /home/sti/Documents/Planning-and-Control-based-on-Carla-and-ROS2/install/pnc_msgs/include/pnc_msgs/msg/detail/trajectory_point__functions.c
-- Up-to-date: /home/sti/Documents/Planning-and-Control-based-on-Carla-and-ROS2/install/pnc_msgs/include/pnc_msgs/msg/detail/trajectory__type_support.h
-- Up-to-date: /home/sti/Documents/Planning-and-Control-based-on-Carla-and-ROS2/install/pnc_msgs/include/pnc_msgs/msg/detail/trajectory_point__functions.h
-- Up-to-date: /home/sti/Documents/Planning-and-Control-based-on-Carla-and-ROS2/install/pnc_msgs/include/pnc_msgs/msg/detail/trajectory__functions.h
-- Up-to-date: /home/sti/Documents/Planning-and-Control-based-on-Carla-and-ROS2/install/pnc_msgs/include/pnc_msgs/msg/detail/trajectory_point__struct.h
-- Up-to-date: /home/sti/Documents/Planning-and-Control-based-on-Carla-and-ROS2/install/pnc_msgs/include/pnc_msgs/msg/detail/trajectory__struct.h
-- Up-to-date: /home/sti/Documents/Planning-and-Control-based-on-Carla-and-ROS2/install/pnc_msgs/include/pnc_msgs/msg/detail/trajectory__functions.c
-- Up-to-date: /home/sti/Documents/Planning-and-Control-based-on-Carla-and-ROS2/install/pnc_msgs/share/pnc_msgs/environment/library_path.sh
-- Up-to-date: /home/sti/Documents/Planning-and-Control-based-on-Carla-and-ROS2/install/pnc_msgs/share/pnc_msgs/environment/library_path.dsv
-- Up-to-date: /home/sti/Documents/Planning-and-Control-based-on-Carla-and-ROS2/install/pnc_msgs/lib/libpnc_msgs__rosidl_generator_c.so
-- Up-to-date: /home/sti/Documents/Planning-and-Control-based-on-Carla-and-ROS2/install/pnc_msgs/include/pnc_msgs
-- Up-to-date: /home/sti/Documents/Planning-and-Control-based-on-Carla-and-ROS2/install/pnc_msgs/include/pnc_msgs/msg
-- Up-to-date: /home/sti/Documents/Planning-and-Control-based-on-Carla-and-ROS2/install/pnc_msgs/include/pnc_msgs/msg/rosidl_typesupport_fastrtps_c__visibility_control.h
-- Up-to-date: /home/sti/Documents/Planning-and-Control-based-on-Carla-and-ROS2/install/pnc_msgs/include/pnc_msgs/msg/detail
-- Up-to-date: /home/sti/Documents/Planning-and-Control-based-on-Carla-and-ROS2/install/pnc_msgs/include/pnc_msgs/msg/detail/trajectory__rosidl_typesupport_fastrtps_c.h
-- Up-to-date: /home/sti/Documents/Planning-and-Control-based-on-Carla-and-ROS2/install/pnc_msgs/include/pnc_msgs/msg/detail/trajectory_point__rosidl_typesupport_fastrtps_c.h
-- Up-to-date: /home/sti/Documents/Planning-and-Control-based-on-Carla-and-ROS2/install/pnc_msgs/lib/libpnc_msgs__rosidl_typesupport_fastrtps_c.so
-- Up-to-date: /home/sti/Documents/Planning-and-Control-based-on-Carla-and-ROS2/install/pnc_msgs/include/pnc_msgs
-- Up-to-date: /home/sti/Documents/Planning-and-Control-based-on-Carla-and-ROS2/install/pnc_msgs/include/pnc_msgs/msg
-- Up-to-date: /home/sti/Documents/Planning-and-Control-based-on-Carla-and-ROS2/install/pnc_msgs/include/pnc_msgs/msg/rosidl_typesupport_fastrtps_cpp__visibility_control.h
-- Up-to-date: /home/sti/Documents/Planning-and-Control-based-on-Carla-and-ROS2/install/pnc_msgs/include/pnc_msgs/msg/detail
-- Up-to-date: /home/sti/Documents/Planning-and-Control-based-on-Carla-and-ROS2/install/pnc_msgs/include/pnc_msgs/msg/detail/dds_fastrtps
-- Up-to-date: /home/sti/Documents/Planning-and-Control-based-on-Carla-and-ROS2/install/pnc_msgs/include/pnc_msgs/msg/detail/trajectory_point__rosidl_typesupport_fastrtps_cpp.hpp
-- Up-to-date: /home/sti/Documents/Planning-and-Control-based-on-Carla-and-ROS2/install/pnc_msgs/include/pnc_msgs/msg/detail/trajectory__rosidl_typesupport_fastrtps_cpp.hpp
-- Up-to-date: /home/sti/Documents/Planning-and-Control-based-on-Carla-and-ROS2/install/pnc_msgs/lib/libpnc_msgs__rosidl_typesupport_fastrtps_cpp.so
-- Up-to-date: /home/sti/Documents/Planning-and-Control-based-on-Carla-and-ROS2/install/pnc_msgs/include/pnc_msgs
-- Up-to-date: /home/sti/Documents/Planning-and-Control-based-on-Carla-and-ROS2/install/pnc_msgs/include/pnc_msgs/msg
-- Up-to-date: /home/sti/Documents/Planning-and-Control-based-on-Carla-and-ROS2/install/pnc_msgs/include/pnc_msgs/msg/rosidl_typesupport_introspection_c__visibility_control.h
-- Up-to-date: /home/sti/Documents/Planning-and-Control-based-on-Carla-and-ROS2/install/pnc_msgs/include/pnc_msgs/msg/detail
-- Up-to-date: /home/sti/Documents/Planning-and-Control-based-on-Carla-and-ROS2/install/pnc_msgs/include/pnc_msgs/msg/detail/trajectory__type_support.c
-- Up-to-date: /home/sti/Documents/Planning-and-Control-based-on-Carla-and-ROS2/install/pnc_msgs/include/pnc_msgs/msg/detail/trajectory_point__rosidl_typesupport_introspection_c.h
-- Up-to-date: /home/sti/Documents/Planning-and-Control-based-on-Carla-and-ROS2/install/pnc_msgs/include/pnc_msgs/msg/detail/trajectory__rosidl_typesupport_introspection_c.h
-- Up-to-date: /home/sti/Documents/Planning-and-Control-based-on-Carla-and-ROS2/install/pnc_msgs/include/pnc_msgs/msg/detail/trajectory_point__type_support.c
-- Up-to-date: /home/sti/Documents/Planning-and-Control-based-on-Carla-and-ROS2/install/pnc_msgs/lib/libpnc_msgs__rosidl_typesupport_introspection_c.so
-- Up-to-date: /home/sti/Documents/Planning-and-Control-based-on-Carla-and-ROS2/install/pnc_msgs/lib/libpnc_msgs__rosidl_typesupport_c.so
-- Up-to-date: /home/sti/Documents/Planning-and-Control-based-on-Carla-and-ROS2/install/pnc_msgs/include/pnc_msgs
-- Up-to-date: /home/sti/Documents/Planning-and-Control-based-on-Carla-and-ROS2/install/pnc_msgs/include/pnc_msgs/msg
-- Up-to-date: /home/sti/Documents/Planning-and-Control-based-on-Carla-and-ROS2/install/pnc_msgs/include/pnc_msgs/msg/trajectory_point.hpp
-- Up-to-date: /home/sti/Documents/Planning-and-Control-based-on-Carla-and-ROS2/install/pnc_msgs/include/pnc_msgs/msg/rosidl_generator_cpp__visibility_control.hpp
-- Up-to-date: /home/sti/Documents/Planning-and-Control-based-on-Carla-and-ROS2/install/pnc_msgs/include/pnc_msgs/msg/trajectory.hpp
-- Up-to-date: /home/sti/Documents/Planning-and-Control-based-on-Carla-and-ROS2/install/pnc_msgs/include/pnc_msgs/msg/detail
-- Up-to-date: /home/sti/Documents/Planning-and-Control-based-on-Carla-and-ROS2/install/pnc_msgs/include/pnc_msgs/msg/detail/trajectory_point__type_support.hpp
-- Up-to-date: /home/sti/Documents/Planning-and-Control-based-on-Carla-and-ROS2/install/pnc_msgs/include/pnc_msgs/msg/detail/trajectory__type_support.hpp
-- Up-to-date: /home/sti/Documents/Planning-and-Control-based-on-Carla-and-ROS2/install/pnc_msgs/include/pnc_msgs/msg/detail/trajectory__builder.hpp
-- Up-to-date: /home/sti/Documents/Planning-and-Control-based-on-Carla-and-ROS2/install/pnc_msgs/include/pnc_msgs/msg/detail/trajectory__traits.hpp
-- Up-to-date: /home/sti/Documents/Planning-and-Control-based-on-Carla-and-ROS2/install/pnc_msgs/include/pnc_msgs/msg/detail/trajectory_point__builder.hpp
-- Up-to-date: /home/sti/Documents/Planning-and-Control-based-on-Carla-and-ROS2/install/pnc_msgs/include/pnc_msgs/msg/detail/trajectory_point__struct.hpp
-- Up-to-date: /home/sti/Documents/Planning-and-Control-based-on-Carla-and-ROS2/install/pnc_msgs/include/pnc_msgs/msg/detail/trajectory_point__traits.hpp
-- Up-to-date: /home/sti/Documents/Planning-and-Control-based-on-Carla-and-ROS2/install/pnc_msgs/include/pnc_msgs/msg/detail/trajectory__struct.hpp
-- Up-to-date: /home/sti/Documents/Planning-and-Control-based-on-Carla-and-ROS2/install/pnc_msgs/include/pnc_msgs
-- Up-to-date: /home/sti/Documents/Planning-and-Control-based-on-Carla-and-ROS2/install/pnc_msgs/include/pnc_msgs/msg
-- Up-to-date: /home/sti/Documents/Planning-and-Control-based-on-Carla-and-ROS2/install/pnc_msgs/include/pnc_msgs/msg/detail
-- Up-to-date: /home/sti/Documents/Planning-and-Control-based-on-Carla-and-ROS2/install/pnc_msgs/include/pnc_msgs/msg/detail/trajectory__rosidl_typesupport_introspection_cpp.hpp
-- Up-to-date: /home/sti/Documents/Planning-and-Control-based-on-Carla-and-ROS2/install/pnc_msgs/include/pnc_msgs/msg/detail/trajectory_point__rosidl_typesupport_introspection_cpp.hpp
-- Up-to-date: /home/sti/Documents/Planning-and-Control-based-on-Carla-and-ROS2/install/pnc_msgs/include/pnc_msgs/msg/detail/trajectory_point__type_support.cpp
-- Up-to-date: /home/sti/Documents/Planning-and-Control-based-on-Carla-and-ROS2/install/pnc_msgs/include/pnc_msgs/msg/detail/trajectory__type_support.cpp
-- Up-to-date: /home/sti/Documents/Planning-and-Control-based-on-Carla-and-ROS2/install/pnc_msgs/lib/libpnc_msgs__rosidl_typesupport_introspection_cpp.so
-- Up-to-date: /home/sti/Documents/Planning-and-Control-based-on-Carla-and-ROS2/install/pnc_msgs/lib/libpnc_msgs__rosidl_typesupport_cpp.so
-- Up-to-date: /home/sti/Documents/Planning-and-Control-based-on-Carla-and-ROS2/install/pnc_msgs/share/pnc_msgs/environment/pythonpath.sh
-- Up-to-date: /home/sti/Documents/Planning-and-Control-based-on-Carla-and-ROS2/install/pnc_msgs/share/pnc_msgs/environment/pythonpath.dsv
-- Up-to-date: /home/sti/Documents/Planning-and-Control-based-on-Carla-and-ROS2/install/pnc_msgs/lib/python3.8/site-packages/pnc_msgs/__init__.py
-- Up-to-date: /home/sti/Documents/Planning-and-Control-based-on-Carla-and-ROS2/install/pnc_msgs/lib/python3.8/site-packages/pnc_msgs/msg
-- Up-to-date: /home/sti/Documents/Planning-and-Control-based-on-Carla-and-ROS2/install/pnc_msgs/lib/python3.8/site-packages/pnc_msgs/msg/_trajectory.py
-- Up-to-date: /home/sti/Documents/Planning-and-Control-based-on-Carla-and-ROS2/install/pnc_msgs/lib/python3.8/site-packages/pnc_msgs/msg/_trajectory_point_s.c
-- Up-to-date: /home/sti/Documents/Planning-and-Control-based-on-Carla-and-ROS2/install/pnc_msgs/lib/python3.8/site-packages/pnc_msgs/msg/_trajectory_s.c
-- Up-to-date: /home/sti/Documents/Planning-and-Control-based-on-Carla-and-ROS2/install/pnc_msgs/lib/python3.8/site-packages/pnc_msgs/msg/_trajectory_point.py
-- Up-to-date: /home/sti/Documents/Planning-and-Control-based-on-Carla-and-ROS2/install/pnc_msgs/lib/python3.8/site-packages/pnc_msgs/msg/__init__.py
-- Up-to-date: /home/sti/Documents/Planning-and-Control-based-on-Carla-and-ROS2/install/pnc_msgs/lib/python3.8/site-packages/pnc_msgs/pnc_msgs_s__rosidl_typesupport_fastrtps_c.cpython-38-x86_64-linux-gnu.so
-- Up-to-date: /home/sti/Documents/Planning-and-Control-based-on-Carla-and-ROS2/install/pnc_msgs/lib/python3.8/site-packages/pnc_msgs/pnc_msgs_s__rosidl_typesupport_introspection_c.cpython-38-x86_64-linux-gnu.so
-- Up-to-date: /home/sti/Documents/Planning-and-Control-based-on-Carla-and-ROS2/install/pnc_msgs/lib/python3.8/site-packages/pnc_msgs/pnc_msgs_s__rosidl_typesupport_c.cpython-38-x86_64-linux-gnu.so
-- Up-to-date: /home/sti/Documents/Planning-and-Control-based-on-Carla-and-ROS2/install/pnc_msgs/lib/libpnc_msgs__python.so
-- Up-to-date: /home/sti/Documents/Planning-and-Control-based-on-Carla-and-ROS2/install/pnc_msgs/share/pnc_msgs/msg/TrajectoryPoint.idl
-- Up-to-date: /home/sti/Documents/Planning-and-Control-based-on-Carla-and-ROS2/install/pnc_msgs/share/pnc_msgs/msg/Trajectory.idl
-- Up-to-date: /home/sti/Documents/Planning-and-Control-based-on-Carla-and-ROS2/install/pnc_msgs/share/pnc_msgs/msg/TrajectoryPoint.msg
-- Up-to-date: /home/sti/Documents/Planning-and-Control-based-on-Carla-and-ROS2/install/pnc_msgs/share/pnc_msgs/msg/Trajectory.msg
-- Up-to-date: /home/sti/Documents/Planning-and-Control-based-on-Carla-and-ROS2/install/pnc_msgs/share/ament_index/resource_index/package_run_dependencies/pnc_msgs
-- Up-to-date: /home/sti/Documents/Planning-and-Control-based-on-Carla-and-ROS2/install/pnc_msgs/share/ament_index/resource_index/parent_prefix_path/pnc_msgs
-- Up-to-date: /home/sti/Documents/Planning-and-Control-based-on-Carla-and-ROS2/install/pnc_msgs/share/pnc_msgs/environment/ament_prefix_path.sh
-- Up-to-date: /home/sti/Documents/Planning-and-Control-based-on-Carla-and-ROS2/install/pnc_msgs/share/pnc_msgs/environment/ament_prefix_path.dsv
-- Up-to-date: /home/sti/Documents/Planning-and-Control-based-on-Carla-and-ROS2/install/pnc_msgs/share/pnc_msgs/environment/path.sh
-- Up-to-date: /home/sti/Documents/Planning-and-Control-based-on-Carla-and-ROS2/install/pnc_msgs/share/pnc_msgs/environment/path.dsv
-- Up-to-date: /home/sti/Documents/Planning-and-Control-based-on-Carla-and-ROS2/install/pnc_msgs/share/pnc_msgs/local_setup.bash
-- Up-to-date: /home/sti/Documents/Planning-and-Control-based-on-Carla-and-ROS2/install/pnc_msgs/share/pnc_msgs/local_setup.sh
-- Up-to-date: /home/sti/Documents/Planning-and-Control-based-on-Carla-and-ROS2/install/pnc_msgs/share/pnc_msgs/local_setup.zsh
-- Up-to-date: /home/sti/Documents/Planning-and-Control-based-on-Carla-and-ROS2/install/pnc_msgs/share/pnc_msgs/local_setup.dsv
-- Installing: /home/sti/Documents/Planning-and-Control-based-on-Carla-and-ROS2/install/pnc_msgs/share/pnc_msgs/package.dsv
-- Up-to-date: /home/sti/Documents/Planning-and-Control-based-on-Carla-and-ROS2/install/pnc_msgs/share/ament_index/resource_index/packages/pnc_msgs
-- Up-to-date: /home/sti/Documents/Planning-and-Control-based-on-Carla-and-ROS2/install/pnc_msgs/share/pnc_msgs/cmake/pnc_msgs__rosidl_generator_cExport.cmake
-- Up-to-date: /home/sti/Documents/Planning-and-Control-based-on-Carla-and-ROS2/install/pnc_msgs/share/pnc_msgs/cmake/pnc_msgs__rosidl_generator_cExport-noconfig.cmake
-- Up-to-date: /home/sti/Documents/Planning-and-Control-based-on-Carla-and-ROS2/install/pnc_msgs/share/pnc_msgs/cmake/pnc_msgs__rosidl_typesupport_introspection_cExport.cmake
-- Up-to-date: /home/sti/Documents/Planning-and-Control-based-on-Carla-and-ROS2/install/pnc_msgs/share/pnc_msgs/cmake/pnc_msgs__rosidl_typesupport_introspection_cExport-noconfig.cmake
-- Up-to-date: /home/sti/Documents/Planning-and-Control-based-on-Carla-and-ROS2/install/pnc_msgs/share/pnc_msgs/cmake/pnc_msgs__rosidl_typesupport_cExport.cmake
-- Up-to-date: /home/sti/Documents/Planning-and-Control-based-on-Carla-and-ROS2/install/pnc_msgs/share/pnc_msgs/cmake/pnc_msgs__rosidl_typesupport_cExport-noconfig.cmake
-- Up-to-date: /home/sti/Documents/Planning-and-Control-based-on-Carla-and-ROS2/install/pnc_msgs/share/pnc_msgs/cmake/pnc_msgs__rosidl_generator_cppExport.cmake
-- Up-to-date: /home/sti/Documents/Planning-and-Control-based-on-Carla-and-ROS2/install/pnc_msgs/share/pnc_msgs/cmake/pnc_msgs__rosidl_typesupport_introspection_cppExport.cmake
-- Up-to-date: /home/sti/Documents/Planning-and-Control-based-on-Carla-and-ROS2/install/pnc_msgs/share/pnc_msgs/cmake/pnc_msgs__rosidl_typesupport_introspection_cppExport-noconfig.cmake
-- Up-to-date: /home/sti/Documents/Planning-and-Control-based-on-Carla-and-ROS2/install/pnc_msgs/share/pnc_msgs/cmake/pnc_msgs__rosidl_typesupport_cppExport.cmake
-- Up-to-date: /home/sti/Documents/Planning-and-Control-based-on-Carla-and-ROS2/install/pnc_msgs/share/pnc_msgs/cmake/pnc_msgs__rosidl_typesupport_cppExport-noconfig.cmake
-- Up-to-date: /home/sti/Documents/Planning-and-Control-based-on-Carla-and-ROS2/install/pnc_msgs/share/pnc_msgs/cmake/rosidl_cmake-extras.cmake
-- Up-to-date: /home/sti/Documents/Planning-and-Control-based-on-Carla-and-ROS2/install/pnc_msgs/share/pnc_msgs/cmake/ament_cmake_export_dependencies-extras.cmake
-- Up-to-date: /home/sti/Documents/Planning-and-Control-based-on-Carla-and-ROS2/install/pnc_msgs/share/pnc_msgs/cmake/ament_cmake_export_libraries-extras.cmake
-- Up-to-date: /home/sti/Documents/Planning-and-Control-based-on-Carla-and-ROS2/install/pnc_msgs/share/pnc_msgs/cmake/ament_cmake_export_targets-extras.cmake
-- Up-to-date: /home/sti/Documents/Planning-and-Control-based-on-Carla-and-ROS2/install/pnc_msgs/share/pnc_msgs/cmake/ament_cmake_export_include_directories-extras.cmake
-- Up-to-date: /home/sti/Documents/Planning-and-Control-based-on-Carla-and-ROS2/install/pnc_msgs/share/pnc_msgs/cmake/rosidl_cmake_export_typesupport_libraries-extras.cmake
-- Up-to-date: /home/sti/Documents/Planning-and-Control-based-on-Carla-and-ROS2/install/pnc_msgs/share/pnc_msgs/cmake/rosidl_cmake_export_typesupport_targets-extras.cmake
-- Up-to-date: /home/sti/Documents/Planning-and-Control-based-on-Carla-and-ROS2/install/pnc_msgs/share/pnc_msgs/cmake/pnc_msgsConfig.cmake
-- Up-to-date: /home/sti/Documents/Planning-and-Control-based-on-Carla-and-ROS2/install/pnc_msgs/share/pnc_msgs/cmake/pnc_msgsConfig-version.cmake
-- Up-to-date: /home/sti/Documents/Planning-and-Control-based-on-Carla-and-ROS2/install/pnc_msgs/share/pnc_msgs/package.xml
