[1.626s] Invoking command in '/home/sti/Documents/Planning-and-Control-based-on-Carla-and-ROS2/plus_version/carla_spawn_objects': AMENT_PREFIX_PATH=/home/sti/Documents/Planning-and-Control-based-on-Carla-and-ROS2/install/ros_compatibility:/home/sti/Documents/Planning-and-Control-based-on-Carla-and-ROS2/install/carla_msgs:${AMENT_PREFIX_PATH} CMAKE_PREFIX_PATH=/home/sti/Documents/Planning-and-Control-based-on-Carla-and-ROS2/install/carla_msgs LD_LIBRARY_PATH=/home/sti/Documents/Planning-and-Control-based-on-Carla-and-ROS2/install/carla_msgs/lib:${LD_LIBRARY_PATH} PYTHONPATH=/home/sti/Documents/Planning-and-Control-based-on-Carla-and-ROS2/build/carla_spawn_objects/prefix_override:/home/sti/Documents/Planning-and-Control-based-on-Carla-and-ROS2/install/carla_spawn_objects/lib/python3.8/site-packages:/home/sti/Documents/Planning-and-Control-based-on-Carla-and-ROS2/install/ros_compatibility/lib/python3.8/site-packages:/home/sti/Documents/Planning-and-Control-based-on-Carla-and-ROS2/install/carla_msgs/lib/python3.8/site-packages:/opt/ros/foxy/lib/python3.8/site-packages:/home/sti/Documents/CARLA_0913/PythonAPI/carla/dist/carla-0.9.13-py3.7-linux-x86_64.egg:/home/sti/Documents/CARLA_0913/PythonAPI/carla:/home/sti/Documents/CARLA_0913/PythonAPI/carla/dist/carla-0.9.13-py3.7-linux-x86_64.egg:/home/sti/Documents/CARLA_0913/PythonAPI/carla/agents /usr/bin/python3 -W ignore:setup.py install is deprecated setup.py egg_info --egg-base ../../build/carla_spawn_objects build --build-base /home/sti/Documents/Planning-and-Control-based-on-Carla-and-ROS2/build/carla_spawn_objects/build install --record /home/sti/Documents/Planning-and-Control-based-on-Carla-and-ROS2/build/carla_spawn_objects/install.log --single-version-externally-managed install_data
[1.838s] running egg_info
[1.839s] writing ../../build/carla_spawn_objects/carla_spawn_objects.egg-info/PKG-INFO
[1.839s] writing dependency_links to ../../build/carla_spawn_objects/carla_spawn_objects.egg-info/dependency_links.txt
[1.839s] writing entry points to ../../build/carla_spawn_objects/carla_spawn_objects.egg-info/entry_points.txt
[1.839s] writing requirements to ../../build/carla_spawn_objects/carla_spawn_objects.egg-info/requires.txt
[1.839s] writing top-level names to ../../build/carla_spawn_objects/carla_spawn_objects.egg-info/top_level.txt
[1.868s] reading manifest file '../../build/carla_spawn_objects/carla_spawn_objects.egg-info/SOURCES.txt'
[1.868s] writing manifest file '../../build/carla_spawn_objects/carla_spawn_objects.egg-info/SOURCES.txt'
[1.868s] running build
[1.868s] running build_py
[1.868s] running install
[1.869s] running install_lib
[1.869s] running install_data
[1.870s] running install_egg_info
[1.871s] removing '/home/sti/Documents/Planning-and-Control-based-on-Carla-and-ROS2/install/carla_spawn_objects/lib/python3.8/site-packages/carla_spawn_objects-0.0.0-py3.8.egg-info' (and everything under it)
[1.871s] Copying ../../build/carla_spawn_objects/carla_spawn_objects.egg-info to /home/sti/Documents/Planning-and-Control-based-on-Carla-and-ROS2/install/carla_spawn_objects/lib/python3.8/site-packages/carla_spawn_objects-0.0.0-py3.8.egg-info
[1.871s] running install_scripts
[1.885s] Installing carla_spawn_objects script to /home/sti/Documents/Planning-and-Control-based-on-Carla-and-ROS2/install/carla_spawn_objects/lib/carla_spawn_objects
[1.886s] Installing set_initial_pose script to /home/sti/Documents/Planning-and-Control-based-on-Carla-and-ROS2/install/carla_spawn_objects/lib/carla_spawn_objects
[1.886s] writing list of installed files to '/home/sti/Documents/Planning-and-Control-based-on-Carla-and-ROS2/build/carla_spawn_objects/install.log'
[1.915s] Invoked command in '/home/sti/Documents/Planning-and-Control-based-on-Carla-and-ROS2/plus_version/carla_spawn_objects' returned '0': AMENT_PREFIX_PATH=/home/sti/Documents/Planning-and-Control-based-on-Carla-and-ROS2/install/ros_compatibility:/home/sti/Documents/Planning-and-Control-based-on-Carla-and-ROS2/install/carla_msgs:${AMENT_PREFIX_PATH} CMAKE_PREFIX_PATH=/home/sti/Documents/Planning-and-Control-based-on-Carla-and-ROS2/install/carla_msgs LD_LIBRARY_PATH=/home/sti/Documents/Planning-and-Control-based-on-Carla-and-ROS2/install/carla_msgs/lib:${LD_LIBRARY_PATH} PYTHONPATH=/home/sti/Documents/Planning-and-Control-based-on-Carla-and-ROS2/build/carla_spawn_objects/prefix_override:/home/sti/Documents/Planning-and-Control-based-on-Carla-and-ROS2/install/carla_spawn_objects/lib/python3.8/site-packages:/home/sti/Documents/Planning-and-Control-based-on-Carla-and-ROS2/install/ros_compatibility/lib/python3.8/site-packages:/home/sti/Documents/Planning-and-Control-based-on-Carla-and-ROS2/install/carla_msgs/lib/python3.8/site-packages:/opt/ros/foxy/lib/python3.8/site-packages:/home/sti/Documents/CARLA_0913/PythonAPI/carla/dist/carla-0.9.13-py3.7-linux-x86_64.egg:/home/sti/Documents/CARLA_0913/PythonAPI/carla:/home/sti/Documents/CARLA_0913/PythonAPI/carla/dist/carla-0.9.13-py3.7-linux-x86_64.egg:/home/sti/Documents/CARLA_0913/PythonAPI/carla/agents /usr/bin/python3 -W ignore:setup.py install is deprecated setup.py egg_info --egg-base ../../build/carla_spawn_objects build --build-base /home/sti/Documents/Planning-and-Control-based-on-Carla-and-ROS2/build/carla_spawn_objects/build install --record /home/sti/Documents/Planning-and-Control-based-on-Carla-and-ROS2/build/carla_spawn_objects/install.log --single-version-externally-managed install_data
